[ 2017-09-22T21:30:28+08:00 ] ::1 /php34_12/
INFO: [ app_init ] --START--
INFO: Run Behavior\BuildLiteBehavior [ RunTime:0.000030s ]
INFO: [ app_init ] --END-- [ RunTime:0.001919s ]
INFO: [ app_begin ] --START--
INFO: Run Behavior\ReadHtmlCacheBehavior [ RunTime:0.002369s ]
INFO: [ app_begin ] --END-- [ RunTime:0.002532s ]
SQL: SHOW COLUMNS FROM `php34_goods` [ RunTime:0.007176s ]
SQL: SELECT `id`,`goods_name`,`promote_price`,`sm_logo` FROM `php34_goods` WHERE ( `is_on_sale` = 1 ) AND ( `is_delete` = 0 ) AND ( `is_promote` = 1 ) AND ( `promote_start_time` <= 1506087028 ) AND ( `promote_end_time` >= 1506087028 ) ORDER BY sort_num ASC LIMIT 5   [ RunTime:0.002482s ]
SQL: SELECT `id`,`goods_name`,`shop_price`,`sm_logo` FROM `php34_goods` WHERE ( `is_on_sale` = 1 ) AND ( `is_delete` = 0 ) AND ( `is_hot` = 1 ) ORDER BY sort_num ASC LIMIT 5   [ RunTime:0.000833s ]
SQL: SELECT `id`,`goods_name`,`shop_price`,`sm_logo` FROM `php34_goods` WHERE ( `is_on_sale` = 1 ) AND ( `is_delete` = 0 ) AND ( `is_best` = 1 ) ORDER BY sort_num ASC LIMIT 5   [ RunTime:0.000391s ]
SQL: SELECT `id`,`goods_name`,`shop_price`,`sm_logo` FROM `php34_goods` WHERE ( `is_on_sale` = 1 ) AND ( `is_delete` = 0 ) AND ( `is_new` = 1 ) ORDER BY sort_num ASC LIMIT 5   [ RunTime:0.000507s ]
INFO: [ view_parse ] --START--
INFO: [ template_filter ] --START--
INFO: Run Behavior\ContentReplaceBehavior [ RunTime:0.000323s ]
INFO: [ template_filter ] --END-- [ RunTime:0.000444s ]
SQL: SHOW COLUMNS FROM `php34_category` [ RunTime:0.007350s ]
SQL: SELECT * FROM `php34_category`  [ RunTime:0.000455s ]
NOTIC: [8] Undefined index: children D:\Software\wamp\www\php34_12\Application\Runtime\Cache\Home\2a94b8bda04ff446dcedd42276fc99ee.php 第 155 行.
NOTIC: [2] Invalid argument supplied for foreach() D:\Software\wamp\www\php34_12\Application\Runtime\Cache\Home\2a94b8bda04ff446dcedd42276fc99ee.php 第 155 行.
NOTIC: [2] Invalid argument supplied for foreach() D:\Software\wamp\www\php34_12\Application\Runtime\Cache\Home\2a94b8bda04ff446dcedd42276fc99ee.php 第 350 行.
NOTIC: [2] Invalid argument supplied for foreach() D:\Software\wamp\www\php34_12\Application\Runtime\Cache\Home\2a94b8bda04ff446dcedd42276fc99ee.php 第 366 行.
NOTIC: [2] Invalid argument supplied for foreach() D:\Software\wamp\www\php34_12\Application\Runtime\Cache\Home\2a94b8bda04ff446dcedd42276fc99ee.php 第 382 行.
NOTIC: [2] Invalid argument supplied for foreach() D:\Software\wamp\www\php34_12\Application\Runtime\Cache\Home\2a94b8bda04ff446dcedd42276fc99ee.php 第 398 行.
INFO: Run Behavior\ParseTemplateBehavior [ RunTime:0.055254s ]
INFO: [ view_parse ] --END-- [ RunTime:0.055442s ]
INFO: [ view_filter ] --START--
INFO: Run Behavior\WriteHtmlCacheBehavior [ RunTime:0.002778s ]
INFO: [ view_filter ] --END-- [ RunTime:0.002989s ]
INFO: [ app_end ] --START--
INFO: Run Behavior\ShowPageTraceBehavior [ RunTime:0.002652s ]
INFO: [ app_end ] --END-- [ RunTime:0.002781s ]

[ 2017-09-22T21:30:28+08:00 ] ::1 /php34_12/index.php/Home/Index/ajaxGetRecentDisGoods.html
INFO: [ app_init ] --START--
INFO: Run Behavior\BuildLiteBehavior [ RunTime:0.000049s ]
INFO: [ app_init ] --END-- [ RunTime:0.001284s ]
INFO: [ app_begin ] --START--
INFO: Run Behavior\ReadHtmlCacheBehavior [ RunTime:0.002271s ]
INFO: [ app_begin ] --END-- [ RunTime:0.002395s ]
INFO: [ app_end ] --START--
INFO: Run Behavior\ShowPageTraceBehavior [ RunTime:0.002720s ]
INFO: [ app_end ] --END-- [ RunTime:0.002893s ]

[ 2017-09-22T21:30:28+08:00 ] ::1 /php34_12/index.php/Home/Member/ajaxChkLogin.html
INFO: [ app_init ] --START--
INFO: Run Behavior\BuildLiteBehavior [ RunTime:0.000047s ]
INFO: [ app_init ] --END-- [ RunTime:0.001157s ]
INFO: [ app_begin ] --START--
INFO: Run Behavior\ReadHtmlCacheBehavior [ RunTime:0.002545s ]
INFO: [ app_begin ] --END-- [ RunTime:0.002678s ]
INFO: [ app_end ] --START--
INFO: Run Behavior\ShowPageTraceBehavior [ RunTime:0.001922s ]
INFO: [ app_end ] --END-- [ RunTime:0.002087s ]

[ 2017-09-22T21:42:33+08:00 ] ::1 /php34_12/
INFO: [ app_init ] --START--
INFO: Run Behavior\BuildLiteBehavior [ RunTime:0.000054s ]
INFO: [ app_init ] --END-- [ RunTime:0.001877s ]
INFO: [ app_begin ] --START--
INFO: Run Behavior\ReadHtmlCacheBehavior [ RunTime:0.001418s ]
INFO: [ app_begin ] --END-- [ RunTime:0.001593s ]
SQL: SHOW COLUMNS FROM `php34_goods` [ RunTime:0.009056s ]
SQL: SELECT `id`,`goods_name`,`promote_price`,`sm_logo` FROM `php34_goods` WHERE ( `is_on_sale` = 1 ) AND ( `is_delete` = 0 ) AND ( `is_promote` = 1 ) AND ( `promote_start_time` <= 1506087753 ) AND ( `promote_end_time` >= 1506087753 ) ORDER BY sort_num ASC LIMIT 5   [ RunTime:0.000570s ]
SQL: SELECT `id`,`goods_name`,`shop_price`,`sm_logo` FROM `php34_goods` WHERE ( `is_on_sale` = 1 ) AND ( `is_delete` = 0 ) AND ( `is_hot` = 1 ) ORDER BY sort_num ASC LIMIT 5   [ RunTime:0.000403s ]
SQL: SELECT `id`,`goods_name`,`shop_price`,`sm_logo` FROM `php34_goods` WHERE ( `is_on_sale` = 1 ) AND ( `is_delete` = 0 ) AND ( `is_best` = 1 ) ORDER BY sort_num ASC LIMIT 5   [ RunTime:0.000331s ]
SQL: SELECT `id`,`goods_name`,`shop_price`,`sm_logo` FROM `php34_goods` WHERE ( `is_on_sale` = 1 ) AND ( `is_delete` = 0 ) AND ( `is_new` = 1 ) ORDER BY sort_num ASC LIMIT 5   [ RunTime:0.000295s ]
INFO: [ view_parse ] --START--
INFO: [ template_filter ] --START--
INFO: Run Behavior\ContentReplaceBehavior [ RunTime:0.000462s ]
INFO: [ template_filter ] --END-- [ RunTime:0.000653s ]
SQL: SHOW COLUMNS FROM `php34_category` [ RunTime:0.009556s ]
SQL: SELECT * FROM `php34_category`  [ RunTime:0.000535s ]
NOTIC: [8] Undefined index: children D:\Software\wamp\www\php34_12\Application\Runtime\Cache\Home\2a94b8bda04ff446dcedd42276fc99ee.php 第 155 行.
NOTIC: [2] Invalid argument supplied for foreach() D:\Software\wamp\www\php34_12\Application\Runtime\Cache\Home\2a94b8bda04ff446dcedd42276fc99ee.php 第 155 行.
NOTIC: [8] Undefined index: children D:\Software\wamp\www\php34_12\Application\Runtime\Cache\Home\2a94b8bda04ff446dcedd42276fc99ee.php 第 155 行.
NOTIC: [2] Invalid argument supplied for foreach() D:\Software\wamp\www\php34_12\Application\Runtime\Cache\Home\2a94b8bda04ff446dcedd42276fc99ee.php 第 155 行.
NOTIC: [8] Undefined index: children D:\Software\wamp\www\php34_12\Application\Runtime\Cache\Home\2a94b8bda04ff446dcedd42276fc99ee.php 第 150 行.
NOTIC: [2] Invalid argument supplied for foreach() D:\Software\wamp\www\php34_12\Application\Runtime\Cache\Home\2a94b8bda04ff446dcedd42276fc99ee.php 第 150 行.
NOTIC: [8] Undefined index: children D:\Software\wamp\www\php34_12\Application\Runtime\Cache\Home\2a94b8bda04ff446dcedd42276fc99ee.php 第 150 行.
NOTIC: [2] Invalid argument supplied for foreach() D:\Software\wamp\www\php34_12\Application\Runtime\Cache\Home\2a94b8bda04ff446dcedd42276fc99ee.php 第 150 行.
NOTIC: [2] Invalid argument supplied for foreach() D:\Software\wamp\www\php34_12\Application\Runtime\Cache\Home\2a94b8bda04ff446dcedd42276fc99ee.php 第 350 行.
NOTIC: [2] Invalid argument supplied for foreach() D:\Software\wamp\www\php34_12\Application\Runtime\Cache\Home\2a94b8bda04ff446dcedd42276fc99ee.php 第 398 行.
INFO: Run Behavior\ParseTemplateBehavior [ RunTime:0.057055s ]
INFO: [ view_parse ] --END-- [ RunTime:0.057244s ]
INFO: [ view_filter ] --START--
INFO: Run Behavior\WriteHtmlCacheBehavior [ RunTime:0.001497s ]
INFO: [ view_filter ] --END-- [ RunTime:0.001670s ]
INFO: [ app_end ] --START--
INFO: Run Behavior\ShowPageTraceBehavior [ RunTime:0.001867s ]
INFO: [ app_end ] --END-- [ RunTime:0.002047s ]

[ 2017-09-22T21:42:34+08:00 ] ::1 /php34_12/index.php/Home/Index/ajaxGetRecentDisGoods.html
INFO: [ app_init ] --START--
INFO: Run Behavior\BuildLiteBehavior [ RunTime:0.000051s ]
INFO: [ app_init ] --END-- [ RunTime:0.001166s ]
INFO: [ app_begin ] --START--
INFO: Run Behavior\ReadHtmlCacheBehavior [ RunTime:0.003096s ]
INFO: [ app_begin ] --END-- [ RunTime:0.003322s ]
INFO: [ app_end ] --START--
INFO: Run Behavior\ShowPageTraceBehavior [ RunTime:0.001835s ]
INFO: [ app_end ] --END-- [ RunTime:0.002024s ]

[ 2017-09-22T21:42:34+08:00 ] ::1 /php34_12/index.php/Home/Member/ajaxChkLogin.html
INFO: [ app_init ] --START--
INFO: Run Behavior\BuildLiteBehavior [ RunTime:0.000035s ]
INFO: [ app_init ] --END-- [ RunTime:0.000837s ]
INFO: [ app_begin ] --START--
INFO: Run Behavior\ReadHtmlCacheBehavior [ RunTime:0.005685s ]
INFO: [ app_begin ] --END-- [ RunTime:0.005878s ]
INFO: [ app_end ] --START--
INFO: Run Behavior\ShowPageTraceBehavior [ RunTime:0.001464s ]
INFO: [ app_end ] --END-- [ RunTime:0.001623s ]

[ 2017-09-22T21:44:15+08:00 ] ::1 /php34/index.php/Admin/index/index
INFO: [ app_init ] --START--
INFO: Run Behavior\BuildLiteBehavior [ RunTime:0.000029s ]
INFO: [ app_init ] --END-- [ RunTime:0.000787s ]
INFO: [ app_begin ] --START--
INFO: Run Behavior\ReadHtmlCacheBehavior [ RunTime:0.001402s ]
INFO: [ app_begin ] --END-- [ RunTime:0.001549s ]

[ 2017-09-22T21:44:15+08:00 ] ::1 /php34/index.php/Admin/Login/login.html
INFO: [ app_init ] --START--
INFO: Run Behavior\BuildLiteBehavior [ RunTime:0.000030s ]
INFO: [ app_init ] --END-- [ RunTime:0.000872s ]
INFO: [ app_begin ] --START--
INFO: Run Behavior\ReadHtmlCacheBehavior [ RunTime:0.001204s ]
INFO: [ app_begin ] --END-- [ RunTime:0.001334s ]
INFO: [ view_parse ] --START--
INFO: [ template_filter ] --START--
INFO: Run Behavior\ContentReplaceBehavior [ RunTime:0.000136s ]
INFO: [ template_filter ] --END-- [ RunTime:0.000365s ]
INFO: Run Behavior\ParseTemplateBehavior [ RunTime:0.013561s ]
INFO: [ view_parse ] --END-- [ RunTime:0.013798s ]
INFO: [ view_filter ] --START--
INFO: Run Behavior\WriteHtmlCacheBehavior [ RunTime:0.000860s ]
INFO: [ view_filter ] --END-- [ RunTime:0.000972s ]
INFO: [ app_end ] --START--
INFO: Run Behavior\ShowPageTraceBehavior [ RunTime:0.001148s ]
INFO: [ app_end ] --END-- [ RunTime:0.001267s ]

[ 2017-09-22T21:44:16+08:00 ] ::1 /php34/index.php/Admin/Login/chkcode.html
INFO: [ app_init ] --START--
INFO: Run Behavior\BuildLiteBehavior [ RunTime:0.000071s ]
INFO: [ app_init ] --END-- [ RunTime:0.001702s ]
INFO: [ app_begin ] --START--
INFO: Run Behavior\ReadHtmlCacheBehavior [ RunTime:0.001691s ]
INFO: [ app_begin ] --END-- [ RunTime:0.001937s ]
INFO: [ app_end ] --START--
INFO: Run Behavior\ShowPageTraceBehavior [ RunTime:0.001715s ]
INFO: [ app_end ] --END-- [ RunTime:0.001969s ]

[ 2017-09-22T21:44:25+08:00 ] ::1 /php34/index.php/Admin/Login/login.html
INFO: [ app_init ] --START--
INFO: Run Behavior\BuildLiteBehavior [ RunTime:0.000031s ]
INFO: [ app_init ] --END-- [ RunTime:0.000840s ]
INFO: [ app_begin ] --START--
INFO: Run Behavior\ReadHtmlCacheBehavior [ RunTime:0.001152s ]
INFO: [ app_begin ] --END-- [ RunTime:0.001280s ]
SQL: SHOW COLUMNS FROM `php34_admin` [ RunTime:0.005984s ]
INFO: [ view_parse ] --START--
INFO: [ template_filter ] --START--
INFO: Run Behavior\ContentReplaceBehavior [ RunTime:0.000081s ]
INFO: [ template_filter ] --END-- [ RunTime:0.000453s ]
INFO: Run Behavior\ParseTemplateBehavior [ RunTime:0.011823s ]
INFO: [ view_parse ] --END-- [ RunTime:0.012007s ]
INFO: [ view_filter ] --START--
INFO: Run Behavior\WriteHtmlCacheBehavior [ RunTime:0.000789s ]
INFO: [ view_filter ] --END-- [ RunTime:0.000984s ]

[ 2017-09-22T21:44:28+08:00 ] ::1 /php34/index.php/Admin/Login/login.html
INFO: [ app_init ] --START--
INFO: Run Behavior\BuildLiteBehavior [ RunTime:0.000031s ]
INFO: [ app_init ] --END-- [ RunTime:0.000762s ]
INFO: [ app_begin ] --START--
INFO: Run Behavior\ReadHtmlCacheBehavior [ RunTime:0.001141s ]
INFO: [ app_begin ] --END-- [ RunTime:0.001272s ]
INFO: [ view_parse ] --START--
INFO: [ template_filter ] --START--
INFO: Run Behavior\ContentReplaceBehavior [ RunTime:0.000088s ]
INFO: [ template_filter ] --END-- [ RunTime:0.000223s ]
INFO: Run Behavior\ParseTemplateBehavior [ RunTime:0.012032s ]
INFO: [ view_parse ] --END-- [ RunTime:0.012186s ]
INFO: [ view_filter ] --START--
INFO: Run Behavior\WriteHtmlCacheBehavior [ RunTime:0.000819s ]
INFO: [ view_filter ] --END-- [ RunTime:0.000932s ]
INFO: [ app_end ] --START--
INFO: Run Behavior\ShowPageTraceBehavior [ RunTime:0.001127s ]
INFO: [ app_end ] --END-- [ RunTime:0.001241s ]

[ 2017-09-22T21:44:30+08:00 ] ::1 /php34/index.php/Admin/Login/chkcode.html
INFO: [ app_init ] --START--
INFO: Run Behavior\BuildLiteBehavior [ RunTime:0.000030s ]
INFO: [ app_init ] --END-- [ RunTime:0.000736s ]
INFO: [ app_begin ] --START--
INFO: Run Behavior\ReadHtmlCacheBehavior [ RunTime:0.001114s ]
INFO: [ app_begin ] --END-- [ RunTime:0.001247s ]
INFO: [ app_end ] --START--
INFO: Run Behavior\ShowPageTraceBehavior [ RunTime:0.001248s ]
INFO: [ app_end ] --END-- [ RunTime:0.001391s ]

[ 2017-09-22T21:44:31+08:00 ] ::1 /php34/index.php/Admin/Login/chkcode.html
INFO: [ app_init ] --START--
INFO: Run Behavior\BuildLiteBehavior [ RunTime:0.000030s ]
INFO: [ app_init ] --END-- [ RunTime:0.000817s ]
INFO: [ app_begin ] --START--
INFO: Run Behavior\ReadHtmlCacheBehavior [ RunTime:0.001138s ]
INFO: [ app_begin ] --END-- [ RunTime:0.001258s ]
INFO: [ app_end ] --START--
INFO: Run Behavior\ShowPageTraceBehavior [ RunTime:0.001227s ]
INFO: [ app_end ] --END-- [ RunTime:0.001367s ]

[ 2017-09-22T21:44:36+08:00 ] ::1 /php34/index.php/Admin/Login/login.html
INFO: [ app_init ] --START--
INFO: Run Behavior\BuildLiteBehavior [ RunTime:0.000037s ]
INFO: [ app_init ] --END-- [ RunTime:0.000912s ]
INFO: [ app_begin ] --START--
INFO: Run Behavior\ReadHtmlCacheBehavior [ RunTime:0.001222s ]
INFO: [ app_begin ] --END-- [ RunTime:0.001354s ]
SQL: SHOW COLUMNS FROM `php34_admin` [ RunTime:0.006350s ]
SQL: SELECT * FROM `php34_admin` WHERE ( `username` = 'root' ) LIMIT 1   [ RunTime:0.000486s ]
INFO: [ view_parse ] --START--
INFO: [ template_filter ] --START--
INFO: Run Behavior\ContentReplaceBehavior [ RunTime:0.000084s ]
INFO: [ template_filter ] --END-- [ RunTime:0.000241s ]
INFO: Run Behavior\ParseTemplateBehavior [ RunTime:0.010712s ]
INFO: [ view_parse ] --END-- [ RunTime:0.010883s ]
INFO: [ view_filter ] --START--
INFO: Run Behavior\WriteHtmlCacheBehavior [ RunTime:0.000940s ]
INFO: [ view_filter ] --END-- [ RunTime:0.001063s ]

[ 2017-09-22T21:44:39+08:00 ] ::1 /php34/index.php/Admin/Login/login.html
INFO: [ app_init ] --START--
INFO: Run Behavior\BuildLiteBehavior [ RunTime:0.000044s ]
INFO: [ app_init ] --END-- [ RunTime:0.000824s ]
INFO: [ app_begin ] --START--
INFO: Run Behavior\ReadHtmlCacheBehavior [ RunTime:0.001309s ]
INFO: [ app_begin ] --END-- [ RunTime:0.001468s ]
INFO: [ view_parse ] --START--
INFO: [ template_filter ] --START--
INFO: Run Behavior\ContentReplaceBehavior [ RunTime:0.000088s ]
INFO: [ template_filter ] --END-- [ RunTime:0.000228s ]
INFO: Run Behavior\ParseTemplateBehavior [ RunTime:0.011841s ]
INFO: [ view_parse ] --END-- [ RunTime:0.011979s ]
INFO: [ view_filter ] --START--
INFO: Run Behavior\WriteHtmlCacheBehavior [ RunTime:0.000753s ]
INFO: [ view_filter ] --END-- [ RunTime:0.000878s ]
INFO: [ app_end ] --START--
INFO: Run Behavior\ShowPageTraceBehavior [ RunTime:0.001057s ]
INFO: [ app_end ] --END-- [ RunTime:0.001174s ]

[ 2017-09-22T21:44:43+08:00 ] ::1 /php34/index.php/Admin/Login/chkcode.html
INFO: [ app_init ] --START--
INFO: Run Behavior\BuildLiteBehavior [ RunTime:0.000028s ]
INFO: [ app_init ] --END-- [ RunTime:0.000721s ]
INFO: [ app_begin ] --START--
INFO: Run Behavior\ReadHtmlCacheBehavior [ RunTime:0.001184s ]
INFO: [ app_begin ] --END-- [ RunTime:0.001335s ]
INFO: [ app_end ] --START--
INFO: Run Behavior\ShowPageTraceBehavior [ RunTime:0.001158s ]
INFO: [ app_end ] --END-- [ RunTime:0.001290s ]

[ 2017-09-22T21:44:43+08:00 ] ::1 /php34/index.php/Admin/Login/chkcode.html
INFO: [ app_init ] --START--
INFO: Run Behavior\BuildLiteBehavior [ RunTime:0.000030s ]
INFO: [ app_init ] --END-- [ RunTime:0.000762s ]
INFO: [ app_begin ] --START--
INFO: Run Behavior\ReadHtmlCacheBehavior [ RunTime:0.001113s ]
INFO: [ app_begin ] --END-- [ RunTime:0.001227s ]
INFO: [ app_end ] --START--
INFO: Run Behavior\ShowPageTraceBehavior [ RunTime:0.001924s ]
INFO: [ app_end ] --END-- [ RunTime:0.002171s ]

[ 2017-09-22T21:44:44+08:00 ] ::1 /php34/index.php/Admin/Login/chkcode.html
INFO: [ app_init ] --START--
INFO: Run Behavior\BuildLiteBehavior [ RunTime:0.000030s ]
INFO: [ app_init ] --END-- [ RunTime:0.000789s ]
INFO: [ app_begin ] --START--
INFO: Run Behavior\ReadHtmlCacheBehavior [ RunTime:0.001131s ]
INFO: [ app_begin ] --END-- [ RunTime:0.001252s ]
INFO: [ app_end ] --START--
INFO: Run Behavior\ShowPageTraceBehavior [ RunTime:0.001190s ]
INFO: [ app_end ] --END-- [ RunTime:0.001322s ]

[ 2017-09-22T21:44:45+08:00 ] ::1 /php34/index.php/Admin/Login/chkcode.html
INFO: [ app_init ] --START--
INFO: Run Behavior\BuildLiteBehavior [ RunTime:0.000029s ]
INFO: [ app_init ] --END-- [ RunTime:0.000770s ]
INFO: [ app_begin ] --START--
INFO: Run Behavior\ReadHtmlCacheBehavior [ RunTime:0.001127s ]
INFO: [ app_begin ] --END-- [ RunTime:0.001245s ]
INFO: [ app_end ] --START--
INFO: Run Behavior\ShowPageTraceBehavior [ RunTime:0.001126s ]
INFO: [ app_end ] --END-- [ RunTime:0.001259s ]

[ 2017-09-22T21:44:45+08:00 ] ::1 /php34/index.php/Admin/Login/chkcode.html
INFO: [ app_init ] --START--
INFO: Run Behavior\BuildLiteBehavior [ RunTime:0.000030s ]
INFO: [ app_init ] --END-- [ RunTime:0.000769s ]
INFO: [ app_begin ] --START--
INFO: Run Behavior\ReadHtmlCacheBehavior [ RunTime:0.001147s ]
INFO: [ app_begin ] --END-- [ RunTime:0.001263s ]
INFO: [ app_end ] --START--
INFO: Run Behavior\ShowPageTraceBehavior [ RunTime:0.001439s ]
INFO: [ app_end ] --END-- [ RunTime:0.001948s ]

[ 2017-09-22T21:44:48+08:00 ] ::1 /php34/index.php/Admin/Login/login.html
INFO: [ app_init ] --START--
INFO: Run Behavior\BuildLiteBehavior [ RunTime:0.000037s ]
INFO: [ app_init ] --END-- [ RunTime:0.000892s ]
INFO: [ app_begin ] --START--
INFO: Run Behavior\ReadHtmlCacheBehavior [ RunTime:0.001140s ]
INFO: [ app_begin ] --END-- [ RunTime:0.001277s ]
SQL: SHOW COLUMNS FROM `php34_admin` [ RunTime:0.006292s ]
SQL: SELECT * FROM `php34_admin` WHERE ( `username` = 'root' ) LIMIT 1   [ RunTime:0.000533s ]

[ 2017-09-22T21:44:48+08:00 ] ::1 /php34/index.php/Admin/Index/index.html
INFO: [ app_init ] --START--
INFO: Run Behavior\BuildLiteBehavior [ RunTime:0.000031s ]
INFO: [ app_init ] --END-- [ RunTime:0.000750s ]
INFO: [ app_begin ] --START--
INFO: Run Behavior\ReadHtmlCacheBehavior [ RunTime:0.001293s ]
INFO: [ app_begin ] --END-- [ RunTime:0.001440s ]
INFO: [ view_parse ] --START--
INFO: [ template_filter ] --START--
INFO: Run Behavior\ContentReplaceBehavior [ RunTime:0.000088s ]
INFO: [ template_filter ] --END-- [ RunTime:0.000259s ]
INFO: Run Behavior\ParseTemplateBehavior [ RunTime:0.011343s ]
INFO: [ view_parse ] --END-- [ RunTime:0.011477s ]
INFO: [ view_filter ] --START--
INFO: Run Behavior\WriteHtmlCacheBehavior [ RunTime:0.000753s ]
INFO: [ view_filter ] --END-- [ RunTime:0.000862s ]
INFO: [ app_end ] --START--
INFO: Run Behavior\ShowPageTraceBehavior [ RunTime:0.001072s ]
INFO: [ app_end ] --END-- [ RunTime:0.001190s ]

[ 2017-09-22T21:44:48+08:00 ] ::1 /php34/index.php/Admin/Index/top.html
INFO: [ app_init ] --START--
INFO: Run Behavior\BuildLiteBehavior [ RunTime:0.000052s ]
INFO: [ app_init ] --END-- [ RunTime:0.001082s ]
INFO: [ app_begin ] --START--
INFO: Run Behavior\ReadHtmlCacheBehavior [ RunTime:0.002801s ]
INFO: [ app_begin ] --END-- [ RunTime:0.003064s ]
INFO: [ view_parse ] --START--
INFO: [ template_filter ] --START--
INFO: Run Behavior\ContentReplaceBehavior [ RunTime:0.000675s ]
INFO: [ template_filter ] --END-- [ RunTime:0.001013s ]
INFO: Run Behavior\ParseTemplateBehavior [ RunTime:0.018165s ]
INFO: [ view_parse ] --END-- [ RunTime:0.018394s ]
INFO: [ view_filter ] --START--
INFO: Run Behavior\WriteHtmlCacheBehavior [ RunTime:0.001181s ]
INFO: [ view_filter ] --END-- [ RunTime:0.001391s ]
INFO: [ app_end ] --START--
INFO: Run Behavior\ShowPageTraceBehavior [ RunTime:0.002731s ]
INFO: [ app_end ] --END-- [ RunTime:0.002935s ]

[ 2017-09-22T21:44:48+08:00 ] ::1 /php34/index.php/Admin/Index/main.html
INFO: [ app_init ] --START--
INFO: Run Behavior\BuildLiteBehavior [ RunTime:0.000050s ]
INFO: [ app_init ] --END-- [ RunTime:0.001662s ]
INFO: [ app_begin ] --START--
INFO: Run Behavior\ReadHtmlCacheBehavior [ RunTime:0.004659s ]
INFO: [ app_begin ] --END-- [ RunTime:0.004918s ]
INFO: [ view_parse ] --START--
NOTIC: [2] file_get_contents(./Application/Admin/View/Index/footer.html): failed to open stream: No such file or directory D:\Software\wamp\www\php34\ThinkPHP\Library\Think\Template.class.php 第 696 行.
INFO: [ template_filter ] --START--
INFO: Run Behavior\ContentReplaceBehavior [ RunTime:0.000164s ]
INFO: [ template_filter ] --END-- [ RunTime:0.000395s ]
INFO: Run Behavior\ParseTemplateBehavior [ RunTime:0.021014s ]
INFO: [ view_parse ] --END-- [ RunTime:0.021218s ]
INFO: [ view_filter ] --START--
INFO: Run Behavior\WriteHtmlCacheBehavior [ RunTime:0.000719s ]
INFO: [ view_filter ] --END-- [ RunTime:0.000824s ]
INFO: [ app_end ] --START--
INFO: Run Behavior\ShowPageTraceBehavior [ RunTime:0.001018s ]
INFO: [ app_end ] --END-- [ RunTime:0.001130s ]

[ 2017-09-22T21:44:48+08:00 ] ::1 /php34/index.php/Admin/Index/menu.html
INFO: [ app_init ] --START--
INFO: Run Behavior\BuildLiteBehavior [ RunTime:0.001171s ]
INFO: [ app_init ] --END-- [ RunTime:0.007239s ]
INFO: [ app_begin ] --START--
INFO: Run Behavior\ReadHtmlCacheBehavior [ RunTime:0.002878s ]
INFO: [ app_begin ] --END-- [ RunTime:0.003110s ]
SQL: SELECT * FROM php34_privilege [ RunTime:0.000677s ]
INFO: [ view_parse ] --START--
INFO: [ template_filter ] --START--
INFO: Run Behavior\ContentReplaceBehavior [ RunTime:0.000235s ]
INFO: [ template_filter ] --END-- [ RunTime:0.000470s ]
INFO: Run Behavior\ParseTemplateBehavior [ RunTime:0.018651s ]
INFO: [ view_parse ] --END-- [ RunTime:0.018854s ]
INFO: [ view_filter ] --START--
INFO: Run Behavior\WriteHtmlCacheBehavior [ RunTime:0.001114s ]
INFO: [ view_filter ] --END-- [ RunTime:0.001291s ]
INFO: [ app_end ] --START--
INFO: Run Behavior\ShowPageTraceBehavior [ RunTime:0.001741s ]
INFO: [ app_end ] --END-- [ RunTime:0.001935s ]

[ 2017-09-22T21:44:51+08:00 ] ::1 /php34/index.php/Admin/Brand/lst.html
INFO: [ app_init ] --START--
INFO: Run Behavior\BuildLiteBehavior [ RunTime:0.000029s ]
INFO: [ app_init ] --END-- [ RunTime:0.000744s ]
INFO: [ app_begin ] --START--
INFO: Run Behavior\ReadHtmlCacheBehavior [ RunTime:0.001235s ]
INFO: [ app_begin ] --END-- [ RunTime:0.001382s ]
SQL: SELECT COUNT(*) has FROM php34_privilege WHERE module_name="Admin" AND controller_name="Brand" AND action_name="lst" [ RunTime:0.000387s ]
SQL: SHOW COLUMNS FROM `php34_brand` [ RunTime:0.006724s ]
SQL: SELECT COUNT(*) AS tp_count FROM php34_brand a LIMIT 1   [ RunTime:0.000315s ]
SQL: SELECT * FROM php34_brand a GROUP BY a.id LIMIT 0,20   [ RunTime:0.000721s ]
INFO: [ view_parse ] --START--
INFO: [ template_filter ] --START--
INFO: Run Behavior\ContentReplaceBehavior [ RunTime:0.000098s ]
INFO: [ template_filter ] --END-- [ RunTime:0.000238s ]
INFO: Run Behavior\ParseTemplateBehavior [ RunTime:0.015071s ]
INFO: [ view_parse ] --END-- [ RunTime:0.015277s ]
INFO: [ view_filter ] --START--
INFO: Run Behavior\WriteHtmlCacheBehavior [ RunTime:0.001220s ]
INFO: [ view_filter ] --END-- [ RunTime:0.001427s ]
INFO: [ app_end ] --START--
INFO: Run Behavior\ShowPageTraceBehavior [ RunTime:0.001637s ]
INFO: [ app_end ] --END-- [ RunTime:0.001801s ]

[ 2017-09-22T21:44:55+08:00 ] ::1 /php34/index.php/Admin/Brand/lst.html
INFO: [ app_init ] --START--
INFO: Run Behavior\BuildLiteBehavior [ RunTime:0.000030s ]
INFO: [ app_init ] --END-- [ RunTime:0.000830s ]
INFO: [ app_begin ] --START--
INFO: Run Behavior\ReadHtmlCacheBehavior [ RunTime:0.001415s ]
INFO: [ app_begin ] --END-- [ RunTime:0.001615s ]
SQL: SELECT COUNT(*) has FROM php34_privilege WHERE module_name="Admin" AND controller_name="Brand" AND action_name="lst" [ RunTime:0.000400s ]
SQL: SHOW COLUMNS FROM `php34_brand` [ RunTime:0.006626s ]
SQL: SELECT COUNT(*) AS tp_count FROM php34_brand a LIMIT 1   [ RunTime:0.000320s ]
SQL: SELECT * FROM php34_brand a GROUP BY a.id LIMIT 0,20   [ RunTime:0.000457s ]
INFO: [ view_parse ] --START--
INFO: [ template_filter ] --START--
INFO: Run Behavior\ContentReplaceBehavior [ RunTime:0.000095s ]
INFO: [ template_filter ] --END-- [ RunTime:0.000234s ]
INFO: Run Behavior\ParseTemplateBehavior [ RunTime:0.014341s ]
INFO: [ view_parse ] --END-- [ RunTime:0.014481s ]
INFO: [ view_filter ] --START--
INFO: Run Behavior\WriteHtmlCacheBehavior [ RunTime:0.000834s ]
INFO: [ view_filter ] --END-- [ RunTime:0.000969s ]
INFO: [ app_end ] --START--
INFO: Run Behavior\ShowPageTraceBehavior [ RunTime:0.001083s ]
INFO: [ app_end ] --END-- [ RunTime:0.001189s ]

[ 2017-09-22T21:46:08+08:00 ] ::1 /php34/index.php/Admin/Index/index.html
INFO: [ app_init ] --START--
INFO: Run Behavior\BuildLiteBehavior [ RunTime:0.000031s ]
INFO: [ app_init ] --END-- [ RunTime:0.001009s ]
INFO: [ app_begin ] --START--
INFO: Run Behavior\ReadHtmlCacheBehavior [ RunTime:0.001819s ]
INFO: [ app_begin ] --END-- [ RunTime:0.001969s ]
INFO: [ view_parse ] --START--
INFO: [ template_filter ] --START--
INFO: Run Behavior\ContentReplaceBehavior [ RunTime:0.000075s ]
INFO: [ template_filter ] --END-- [ RunTime:0.000223s ]
INFO: Run Behavior\ParseTemplateBehavior [ RunTime:0.011742s ]
INFO: [ view_parse ] --END-- [ RunTime:0.011891s ]
INFO: [ view_filter ] --START--
INFO: Run Behavior\WriteHtmlCacheBehavior [ RunTime:0.001067s ]
INFO: [ view_filter ] --END-- [ RunTime:0.001216s ]
INFO: [ app_end ] --START--
INFO: Run Behavior\ShowPageTraceBehavior [ RunTime:0.002064s ]
INFO: [ app_end ] --END-- [ RunTime:0.002219s ]

[ 2017-09-22T21:46:08+08:00 ] ::1 /php34/index.php/Admin/Index/top.html
INFO: [ app_init ] --START--
INFO: Run Behavior\BuildLiteBehavior [ RunTime:0.000052s ]
INFO: [ app_init ] --END-- [ RunTime:0.001046s ]
INFO: [ app_begin ] --START--
INFO: Run Behavior\ReadHtmlCacheBehavior [ RunTime:0.001816s ]
INFO: [ app_begin ] --END-- [ RunTime:0.002116s ]
INFO: [ view_parse ] --START--
INFO: [ template_filter ] --START--
INFO: Run Behavior\ContentReplaceBehavior [ RunTime:0.000165s ]
INFO: [ template_filter ] --END-- [ RunTime:0.000410s ]
INFO: Run Behavior\ParseTemplateBehavior [ RunTime:0.016942s ]
INFO: [ view_parse ] --END-- [ RunTime:0.017186s ]
INFO: [ view_filter ] --START--
INFO: Run Behavior\WriteHtmlCacheBehavior [ RunTime:0.001195s ]
INFO: [ view_filter ] --END-- [ RunTime:0.001481s ]
INFO: [ app_end ] --START--
INFO: Run Behavior\ShowPageTraceBehavior [ RunTime:0.001652s ]
INFO: [ app_end ] --END-- [ RunTime:0.001859s ]

[ 2017-09-22T21:46:08+08:00 ] ::1 /php34/index.php/Admin/Index/menu.html
INFO: [ app_init ] --START--
INFO: Run Behavior\BuildLiteBehavior [ RunTime:0.000048s ]
INFO: [ app_init ] --END-- [ RunTime:0.001032s ]
INFO: [ app_begin ] --START--
INFO: Run Behavior\ReadHtmlCacheBehavior [ RunTime:0.013928s ]
INFO: [ app_begin ] --END-- [ RunTime:0.014244s ]
SQL: SELECT * FROM php34_privilege [ RunTime:0.000787s ]
INFO: [ view_parse ] --START--
INFO: [ template_filter ] --START--
INFO: Run Behavior\ContentReplaceBehavior [ RunTime:0.000195s ]
INFO: [ template_filter ] --END-- [ RunTime:0.000419s ]
INFO: Run Behavior\ParseTemplateBehavior [ RunTime:0.018921s ]
INFO: [ view_parse ] --END-- [ RunTime:0.019141s ]
INFO: [ view_filter ] --START--
INFO: Run Behavior\WriteHtmlCacheBehavior [ RunTime:0.001419s ]
INFO: [ view_filter ] --END-- [ RunTime:0.001664s ]
INFO: [ app_end ] --START--
INFO: Run Behavior\ShowPageTraceBehavior [ RunTime:0.002659s ]
INFO: [ app_end ] --END-- [ RunTime:0.002879s ]

[ 2017-09-22T21:46:08+08:00 ] ::1 /php34/index.php/Admin/Index/main.html
INFO: [ app_init ] --START--
INFO: Run Behavior\BuildLiteBehavior [ RunTime:0.000046s ]
INFO: [ app_init ] --END-- [ RunTime:0.009899s ]
INFO: [ app_begin ] --START--
INFO: Run Behavior\ReadHtmlCacheBehavior [ RunTime:0.001471s ]
INFO: [ app_begin ] --END-- [ RunTime:0.001734s ]
INFO: [ view_parse ] --START--
NOTIC: [2] file_get_contents(./Application/Admin/View/Index/footer.html): failed to open stream: No such file or directory D:\Software\wamp\www\php34\ThinkPHP\Library\Think\Template.class.php 第 696 行.
INFO: [ template_filter ] --START--
INFO: Run Behavior\ContentReplaceBehavior [ RunTime:0.000145s ]
INFO: [ template_filter ] --END-- [ RunTime:0.000335s ]
INFO: Run Behavior\ParseTemplateBehavior [ RunTime:0.014608s ]
INFO: [ view_parse ] --END-- [ RunTime:0.014844s ]
INFO: [ view_filter ] --START--
INFO: Run Behavior\WriteHtmlCacheBehavior [ RunTime:0.000988s ]
INFO: [ view_filter ] --END-- [ RunTime:0.001145s ]
INFO: [ app_end ] --START--
INFO: Run Behavior\ShowPageTraceBehavior [ RunTime:0.001207s ]
INFO: [ app_end ] --END-- [ RunTime:0.001350s ]

[ 2017-09-22T21:48:29+08:00 ] ::1 /php34/index.php/Admin/Index/index.html
INFO: [ app_init ] --START--
INFO: Run Behavior\BuildLiteBehavior [ RunTime:0.000029s ]
INFO: [ app_init ] --END-- [ RunTime:0.000769s ]
INFO: [ app_begin ] --START--
INFO: Run Behavior\ReadHtmlCacheBehavior [ RunTime:0.001240s ]
INFO: [ app_begin ] --END-- [ RunTime:0.001385s ]
INFO: [ view_parse ] --START--
INFO: [ template_filter ] --START--
INFO: Run Behavior\ContentReplaceBehavior [ RunTime:0.000070s ]
INFO: [ template_filter ] --END-- [ RunTime:0.000203s ]
INFO: Run Behavior\ParseTemplateBehavior [ RunTime:0.012479s ]
INFO: [ view_parse ] --END-- [ RunTime:0.012669s ]
INFO: [ view_filter ] --START--
INFO: Run Behavior\WriteHtmlCacheBehavior [ RunTime:0.000807s ]
INFO: [ view_filter ] --END-- [ RunTime:0.000923s ]
INFO: [ app_end ] --START--
INFO: Run Behavior\ShowPageTraceBehavior [ RunTime:0.001873s ]
INFO: [ app_end ] --END-- [ RunTime:0.002076s ]

[ 2017-09-22T21:48:29+08:00 ] ::1 /php34/index.php/Admin/Index/top.html
INFO: [ app_init ] --START--
INFO: Run Behavior\BuildLiteBehavior [ RunTime:0.000049s ]
INFO: [ app_init ] --END-- [ RunTime:0.001090s ]
INFO: [ app_begin ] --START--
INFO: Run Behavior\ReadHtmlCacheBehavior [ RunTime:0.001635s ]
INFO: [ app_begin ] --END-- [ RunTime:0.001878s ]
INFO: [ view_parse ] --START--
INFO: [ template_filter ] --START--
INFO: Run Behavior\ContentReplaceBehavior [ RunTime:0.000146s ]
INFO: [ template_filter ] --END-- [ RunTime:0.000373s ]
INFO: Run Behavior\ParseTemplateBehavior [ RunTime:0.017440s ]
INFO: [ view_parse ] --END-- [ RunTime:0.017676s ]
INFO: [ view_filter ] --START--
INFO: Run Behavior\WriteHtmlCacheBehavior [ RunTime:0.001303s ]
INFO: [ view_filter ] --END-- [ RunTime:0.001515s ]
INFO: [ app_end ] --START--
INFO: Run Behavior\ShowPageTraceBehavior [ RunTime:0.001672s ]
INFO: [ app_end ] --END-- [ RunTime:0.001872s ]

[ 2017-09-22T21:48:29+08:00 ] ::1 /php34/index.php/Admin/Index/main.html
INFO: [ app_init ] --START--
INFO: Run Behavior\BuildLiteBehavior [ RunTime:0.000043s ]
INFO: [ app_init ] --END-- [ RunTime:0.001416s ]
INFO: [ app_begin ] --START--
INFO: Run Behavior\ReadHtmlCacheBehavior [ RunTime:0.001833s ]
INFO: [ app_begin ] --END-- [ RunTime:0.002051s ]
INFO: [ view_parse ] --START--
NOTIC: [2] file_get_contents(./Application/Admin/View/Index/footer.html): failed to open stream: No such file or directory D:\Software\wamp\www\php34\ThinkPHP\Library\Think\Template.class.php 第 696 行.
INFO: [ template_filter ] --START--
INFO: Run Behavior\ContentReplaceBehavior [ RunTime:0.000133s ]
INFO: [ template_filter ] --END-- [ RunTime:0.000295s ]
INFO: Run Behavior\ParseTemplateBehavior [ RunTime:0.018046s ]
INFO: [ view_parse ] --END-- [ RunTime:0.018231s ]
INFO: [ view_filter ] --START--
INFO: Run Behavior\WriteHtmlCacheBehavior [ RunTime:0.000805s ]
INFO: [ view_filter ] --END-- [ RunTime:0.000913s ]
INFO: [ app_end ] --START--
INFO: Run Behavior\ShowPageTraceBehavior [ RunTime:0.001076s ]
INFO: [ app_end ] --END-- [ RunTime:0.001188s ]

[ 2017-09-22T21:48:29+08:00 ] ::1 /php34/index.php/Admin/Index/menu.html
INFO: [ app_init ] --START--
INFO: Run Behavior\BuildLiteBehavior [ RunTime:0.000048s ]
INFO: [ app_init ] --END-- [ RunTime:0.005940s ]
INFO: [ app_begin ] --START--
INFO: Run Behavior\ReadHtmlCacheBehavior [ RunTime:0.001629s ]
INFO: [ app_begin ] --END-- [ RunTime:0.001861s ]
SQL: SELECT * FROM php34_privilege [ RunTime:0.000671s ]
INFO: [ view_parse ] --START--
INFO: [ template_filter ] --START--
INFO: Run Behavior\ContentReplaceBehavior [ RunTime:0.000151s ]
INFO: [ template_filter ] --END-- [ RunTime:0.000275s ]
INFO: Run Behavior\ParseTemplateBehavior [ RunTime:0.016393s ]
INFO: [ view_parse ] --END-- [ RunTime:0.016641s ]
INFO: [ view_filter ] --START--
INFO: Run Behavior\WriteHtmlCacheBehavior [ RunTime:0.001309s ]
INFO: [ view_filter ] --END-- [ RunTime:0.001544s ]
INFO: [ app_end ] --START--
INFO: Run Behavior\ShowPageTraceBehavior [ RunTime:0.001682s ]
INFO: [ app_end ] --END-- [ RunTime:0.001919s ]

[ 2017-09-22T21:48:42+08:00 ] ::1 /php34/index.php/Admin/Login/login.html
INFO: [ app_init ] --START--
INFO: Run Behavior\BuildLiteBehavior [ RunTime:0.000029s ]
INFO: [ app_init ] --END-- [ RunTime:0.000773s ]
INFO: [ app_begin ] --START--
INFO: Run Behavior\ReadHtmlCacheBehavior [ RunTime:0.001101s ]
INFO: [ app_begin ] --END-- [ RunTime:0.001235s ]
INFO: [ view_parse ] --START--
INFO: [ template_filter ] --START--
INFO: Run Behavior\ContentReplaceBehavior [ RunTime:0.000091s ]
INFO: [ template_filter ] --END-- [ RunTime:0.000231s ]
INFO: Run Behavior\ParseTemplateBehavior [ RunTime:0.011268s ]
INFO: [ view_parse ] --END-- [ RunTime:0.011398s ]
INFO: [ view_filter ] --START--
INFO: Run Behavior\WriteHtmlCacheBehavior [ RunTime:0.000824s ]
INFO: [ view_filter ] --END-- [ RunTime:0.000932s ]
INFO: [ app_end ] --START--
INFO: Run Behavior\ShowPageTraceBehavior [ RunTime:0.001050s ]
INFO: [ app_end ] --END-- [ RunTime:0.001166s ]

[ 2017-09-22T21:48:42+08:00 ] ::1 /php34/index.php/Admin/Login/chkcode.html
INFO: [ app_init ] --START--
INFO: Run Behavior\BuildLiteBehavior [ RunTime:0.000030s ]
INFO: [ app_init ] --END-- [ RunTime:0.000777s ]
INFO: [ app_begin ] --START--
INFO: Run Behavior\ReadHtmlCacheBehavior [ RunTime:0.001356s ]
INFO: [ app_begin ] --END-- [ RunTime:0.001614s ]
INFO: [ app_end ] --START--
INFO: Run Behavior\ShowPageTraceBehavior [ RunTime:0.001462s ]
INFO: [ app_end ] --END-- [ RunTime:0.001655s ]

[ 2017-09-22T21:48:49+08:00 ] ::1 /php34/index.php/Home/index/index
INFO: [ app_init ] --START--
INFO: Run Behavior\BuildLiteBehavior [ RunTime:0.000029s ]
INFO: [ app_init ] --END-- [ RunTime:0.000740s ]
INFO: [ app_begin ] --START--
INFO: Run Behavior\ReadHtmlCacheBehavior [ RunTime:0.001131s ]
INFO: [ app_begin ] --END-- [ RunTime:0.001478s ]
SQL: SHOW COLUMNS FROM `php34_goods` [ RunTime:0.007645s ]
SQL: SELECT `id`,`goods_name`,`promote_price`,`sm_logo` FROM `php34_goods` WHERE ( `is_on_sale` = 1 ) AND ( `is_delete` = 0 ) AND ( `is_promote` = 1 ) AND ( `promote_start_time` <= 1506088129 ) AND ( `promote_end_time` >= 1506088129 ) ORDER BY sort_num ASC LIMIT 5   [ RunTime:0.000558s ]
SQL: SELECT `id`,`goods_name`,`shop_price`,`sm_logo` FROM `php34_goods` WHERE ( `is_on_sale` = 1 ) AND ( `is_delete` = 0 ) AND ( `is_hot` = 1 ) ORDER BY sort_num ASC LIMIT 5   [ RunTime:0.000460s ]
SQL: SELECT `id`,`goods_name`,`shop_price`,`sm_logo` FROM `php34_goods` WHERE ( `is_on_sale` = 1 ) AND ( `is_delete` = 0 ) AND ( `is_best` = 1 ) ORDER BY sort_num ASC LIMIT 5   [ RunTime:0.000384s ]
SQL: SELECT `id`,`goods_name`,`shop_price`,`sm_logo` FROM `php34_goods` WHERE ( `is_on_sale` = 1 ) AND ( `is_delete` = 0 ) AND ( `is_new` = 1 ) ORDER BY sort_num ASC LIMIT 5   [ RunTime:0.000362s ]
INFO: [ view_parse ] --START--
INFO: [ template_filter ] --START--
INFO: Run Behavior\ContentReplaceBehavior [ RunTime:0.000342s ]
INFO: [ template_filter ] --END-- [ RunTime:0.000483s ]
SQL: SHOW COLUMNS FROM `php34_category` [ RunTime:0.006576s ]
SQL: SELECT * FROM `php34_category`  [ RunTime:0.000408s ]
NOTIC: [8] Undefined index: children D:\Software\wamp\www\php34\Application\Runtime\Cache\Home\2a94b8bda04ff446dcedd42276fc99ee.php 第 155 行.
NOTIC: [2] Invalid argument supplied for foreach() D:\Software\wamp\www\php34\Application\Runtime\Cache\Home\2a94b8bda04ff446dcedd42276fc99ee.php 第 155 行.
NOTIC: [8] Undefined index: children D:\Software\wamp\www\php34\Application\Runtime\Cache\Home\2a94b8bda04ff446dcedd42276fc99ee.php 第 155 行.
NOTIC: [2] Invalid argument supplied for foreach() D:\Software\wamp\www\php34\Application\Runtime\Cache\Home\2a94b8bda04ff446dcedd42276fc99ee.php 第 155 行.
NOTIC: [8] Undefined index: children D:\Software\wamp\www\php34\Application\Runtime\Cache\Home\2a94b8bda04ff446dcedd42276fc99ee.php 第 150 行.
NOTIC: [2] Invalid argument supplied for foreach() D:\Software\wamp\www\php34\Application\Runtime\Cache\Home\2a94b8bda04ff446dcedd42276fc99ee.php 第 150 行.
NOTIC: [8] Undefined index: children D:\Software\wamp\www\php34\Application\Runtime\Cache\Home\2a94b8bda04ff446dcedd42276fc99ee.php 第 150 行.
NOTIC: [2] Invalid argument supplied for foreach() D:\Software\wamp\www\php34\Application\Runtime\Cache\Home\2a94b8bda04ff446dcedd42276fc99ee.php 第 150 行.
NOTIC: [2] Invalid argument supplied for foreach() D:\Software\wamp\www\php34\Application\Runtime\Cache\Home\2a94b8bda04ff446dcedd42276fc99ee.php 第 350 行.
NOTIC: [2] Invalid argument supplied for foreach() D:\Software\wamp\www\php34\Application\Runtime\Cache\Home\2a94b8bda04ff446dcedd42276fc99ee.php 第 398 行.
INFO: Run Behavior\ParseTemplateBehavior [ RunTime:0.043866s ]
INFO: [ view_parse ] --END-- [ RunTime:0.043997s ]
INFO: [ view_filter ] --START--
INFO: Run Behavior\WriteHtmlCacheBehavior [ RunTime:0.000894s ]
INFO: [ view_filter ] --END-- [ RunTime:0.001000s ]
INFO: [ app_end ] --START--
INFO: Run Behavior\ShowPageTraceBehavior [ RunTime:0.001725s ]
INFO: [ app_end ] --END-- [ RunTime:0.001852s ]

[ 2017-09-22T21:48:49+08:00 ] ::1 /php34/index.php/Home/Index/ajaxGetRecentDisGoods.html
INFO: [ app_init ] --START--
INFO: Run Behavior\BuildLiteBehavior [ RunTime:0.000049s ]
INFO: [ app_init ] --END-- [ RunTime:0.001074s ]
INFO: [ app_begin ] --START--
INFO: Run Behavior\ReadHtmlCacheBehavior [ RunTime:0.001793s ]
INFO: [ app_begin ] --END-- [ RunTime:0.002031s ]
INFO: [ app_end ] --START--
INFO: Run Behavior\ShowPageTraceBehavior [ RunTime:0.001060s ]
INFO: [ app_end ] --END-- [ RunTime:0.001177s ]

[ 2017-09-22T21:48:50+08:00 ] ::1 /php34/index.php/Home/Member/ajaxChkLogin.html
INFO: [ app_init ] --START--
INFO: Run Behavior\BuildLiteBehavior [ RunTime:0.000050s ]
INFO: [ app_init ] --END-- [ RunTime:0.001229s ]
INFO: [ app_begin ] --START--
INFO: Run Behavior\ReadHtmlCacheBehavior [ RunTime:0.000948s ]
INFO: [ app_begin ] --END-- [ RunTime:0.001065s ]
INFO: [ app_end ] --START--
INFO: Run Behavior\ShowPageTraceBehavior [ RunTime:0.001025s ]
INFO: [ app_end ] --END-- [ RunTime:0.001145s ]

[ 2017-09-22T21:49:02+08:00 ] ::1 /php34/index.php/Home/index/index
INFO: [ app_init ] --START--
INFO: Run Behavior\BuildLiteBehavior [ RunTime:0.000031s ]
INFO: [ app_init ] --END-- [ RunTime:0.000836s ]
INFO: [ app_begin ] --START--
INFO: Run Behavior\ReadHtmlCacheBehavior [ RunTime:0.001036s ]
INFO: [ app_begin ] --END-- [ RunTime:0.001176s ]
SQL: SHOW COLUMNS FROM `php34_goods` [ RunTime:0.006703s ]
SQL: SELECT `id`,`goods_name`,`promote_price`,`sm_logo` FROM `php34_goods` WHERE ( `is_on_sale` = 1 ) AND ( `is_delete` = 0 ) AND ( `is_promote` = 1 ) AND ( `promote_start_time` <= 1506088142 ) AND ( `promote_end_time` >= 1506088142 ) ORDER BY sort_num ASC LIMIT 5   [ RunTime:0.000566s ]
SQL: SELECT `id`,`goods_name`,`shop_price`,`sm_logo` FROM `php34_goods` WHERE ( `is_on_sale` = 1 ) AND ( `is_delete` = 0 ) AND ( `is_hot` = 1 ) ORDER BY sort_num ASC LIMIT 5   [ RunTime:0.000673s ]
SQL: SELECT `id`,`goods_name`,`shop_price`,`sm_logo` FROM `php34_goods` WHERE ( `is_on_sale` = 1 ) AND ( `is_delete` = 0 ) AND ( `is_best` = 1 ) ORDER BY sort_num ASC LIMIT 5   [ RunTime:0.000552s ]
SQL: SELECT `id`,`goods_name`,`shop_price`,`sm_logo` FROM `php34_goods` WHERE ( `is_on_sale` = 1 ) AND ( `is_delete` = 0 ) AND ( `is_new` = 1 ) ORDER BY sort_num ASC LIMIT 5   [ RunTime:0.000550s ]
INFO: [ view_parse ] --START--
INFO: [ template_filter ] --START--
INFO: Run Behavior\ContentReplaceBehavior [ RunTime:0.000331s ]
INFO: [ template_filter ] --END-- [ RunTime:0.000461s ]
SQL: SHOW COLUMNS FROM `php34_category` [ RunTime:0.006458s ]
SQL: SELECT * FROM `php34_category`  [ RunTime:0.000486s ]
NOTIC: [8] Undefined index: children D:\Software\wamp\www\php34\Application\Runtime\Cache\Home\2a94b8bda04ff446dcedd42276fc99ee.php 第 155 行.
NOTIC: [2] Invalid argument supplied for foreach() D:\Software\wamp\www\php34\Application\Runtime\Cache\Home\2a94b8bda04ff446dcedd42276fc99ee.php 第 155 行.
NOTIC: [8] Undefined index: children D:\Software\wamp\www\php34\Application\Runtime\Cache\Home\2a94b8bda04ff446dcedd42276fc99ee.php 第 155 行.
NOTIC: [2] Invalid argument supplied for foreach() D:\Software\wamp\www\php34\Application\Runtime\Cache\Home\2a94b8bda04ff446dcedd42276fc99ee.php 第 155 行.
NOTIC: [8] Undefined index: children D:\Software\wamp\www\php34\Application\Runtime\Cache\Home\2a94b8bda04ff446dcedd42276fc99ee.php 第 150 行.
NOTIC: [2] Invalid argument supplied for foreach() D:\Software\wamp\www\php34\Application\Runtime\Cache\Home\2a94b8bda04ff446dcedd42276fc99ee.php 第 150 行.
NOTIC: [8] Undefined index: children D:\Software\wamp\www\php34\Application\Runtime\Cache\Home\2a94b8bda04ff446dcedd42276fc99ee.php 第 150 行.
NOTIC: [2] Invalid argument supplied for foreach() D:\Software\wamp\www\php34\Application\Runtime\Cache\Home\2a94b8bda04ff446dcedd42276fc99ee.php 第 150 行.
NOTIC: [2] Invalid argument supplied for foreach() D:\Software\wamp\www\php34\Application\Runtime\Cache\Home\2a94b8bda04ff446dcedd42276fc99ee.php 第 350 行.
NOTIC: [2] Invalid argument supplied for foreach() D:\Software\wamp\www\php34\Application\Runtime\Cache\Home\2a94b8bda04ff446dcedd42276fc99ee.php 第 398 行.
INFO: Run Behavior\ParseTemplateBehavior [ RunTime:0.042681s ]
INFO: [ view_parse ] --END-- [ RunTime:0.042800s ]
INFO: [ view_filter ] --START--
INFO: Run Behavior\WriteHtmlCacheBehavior [ RunTime:0.000983s ]
INFO: [ view_filter ] --END-- [ RunTime:0.001089s ]
INFO: [ app_end ] --START--
INFO: Run Behavior\ShowPageTraceBehavior [ RunTime:0.001086s ]
INFO: [ app_end ] --END-- [ RunTime:0.001195s ]

[ 2017-09-22T21:49:02+08:00 ] ::1 /php34/index.php/Home/Index/ajaxGetRecentDisGoods.html
INFO: [ app_init ] --START--
INFO: Run Behavior\BuildLiteBehavior [ RunTime:0.000031s ]
INFO: [ app_init ] --END-- [ RunTime:0.000720s ]
INFO: [ app_begin ] --START--
INFO: Run Behavior\ReadHtmlCacheBehavior [ RunTime:0.001422s ]
INFO: [ app_begin ] --END-- [ RunTime:0.001620s ]
INFO: [ app_end ] --START--
INFO: Run Behavior\ShowPageTraceBehavior [ RunTime:0.004483s ]
INFO: [ app_end ] --END-- [ RunTime:0.004749s ]

[ 2017-09-22T21:49:02+08:00 ] ::1 /php34/index.php/Home/Member/ajaxChkLogin.html
INFO: [ app_init ] --START--
INFO: Run Behavior\BuildLiteBehavior [ RunTime:0.000050s ]
INFO: [ app_init ] --END-- [ RunTime:0.001206s ]
INFO: [ app_begin ] --START--
INFO: Run Behavior\ReadHtmlCacheBehavior [ RunTime:0.002359s ]
INFO: [ app_begin ] --END-- [ RunTime:0.002562s ]
INFO: [ app_end ] --START--
INFO: Run Behavior\ShowPageTraceBehavior [ RunTime:0.001038s ]
INFO: [ app_end ] --END-- [ RunTime:0.001155s ]

[ 2017-09-22T21:49:03+08:00 ] ::1 /php34/index.php/Home/index/index
INFO: [ app_init ] --START--
INFO: Run Behavior\BuildLiteBehavior [ RunTime:0.000030s ]
INFO: [ app_init ] --END-- [ RunTime:0.000742s ]
INFO: [ app_begin ] --START--
INFO: Run Behavior\ReadHtmlCacheBehavior [ RunTime:0.001690s ]
INFO: [ app_begin ] --END-- [ RunTime:0.001883s ]
SQL: SHOW COLUMNS FROM `php34_goods` [ RunTime:0.006383s ]
SQL: SELECT `id`,`goods_name`,`promote_price`,`sm_logo` FROM `php34_goods` WHERE ( `is_on_sale` = 1 ) AND ( `is_delete` = 0 ) AND ( `is_promote` = 1 ) AND ( `promote_start_time` <= 1506088143 ) AND ( `promote_end_time` >= 1506088143 ) ORDER BY sort_num ASC LIMIT 5   [ RunTime:0.000566s ]
SQL: SELECT `id`,`goods_name`,`shop_price`,`sm_logo` FROM `php34_goods` WHERE ( `is_on_sale` = 1 ) AND ( `is_delete` = 0 ) AND ( `is_hot` = 1 ) ORDER BY sort_num ASC LIMIT 5   [ RunTime:0.000949s ]
SQL: SELECT `id`,`goods_name`,`shop_price`,`sm_logo` FROM `php34_goods` WHERE ( `is_on_sale` = 1 ) AND ( `is_delete` = 0 ) AND ( `is_best` = 1 ) ORDER BY sort_num ASC LIMIT 5   [ RunTime:0.000639s ]
SQL: SELECT `id`,`goods_name`,`shop_price`,`sm_logo` FROM `php34_goods` WHERE ( `is_on_sale` = 1 ) AND ( `is_delete` = 0 ) AND ( `is_new` = 1 ) ORDER BY sort_num ASC LIMIT 5   [ RunTime:0.000478s ]
INFO: [ view_parse ] --START--
INFO: [ template_filter ] --START--
INFO: Run Behavior\ContentReplaceBehavior [ RunTime:0.000342s ]
INFO: [ template_filter ] --END-- [ RunTime:0.000475s ]
SQL: SHOW COLUMNS FROM `php34_category` [ RunTime:0.006241s ]
SQL: SELECT * FROM `php34_category`  [ RunTime:0.000386s ]
NOTIC: [8] Undefined index: children D:\Software\wamp\www\php34\Application\Runtime\Cache\Home\2a94b8bda04ff446dcedd42276fc99ee.php 第 155 行.
NOTIC: [2] Invalid argument supplied for foreach() D:\Software\wamp\www\php34\Application\Runtime\Cache\Home\2a94b8bda04ff446dcedd42276fc99ee.php 第 155 行.
NOTIC: [8] Undefined index: children D:\Software\wamp\www\php34\Application\Runtime\Cache\Home\2a94b8bda04ff446dcedd42276fc99ee.php 第 155 行.
NOTIC: [2] Invalid argument supplied for foreach() D:\Software\wamp\www\php34\Application\Runtime\Cache\Home\2a94b8bda04ff446dcedd42276fc99ee.php 第 155 行.
NOTIC: [8] Undefined index: children D:\Software\wamp\www\php34\Application\Runtime\Cache\Home\2a94b8bda04ff446dcedd42276fc99ee.php 第 150 行.
NOTIC: [2] Invalid argument supplied for foreach() D:\Software\wamp\www\php34\Application\Runtime\Cache\Home\2a94b8bda04ff446dcedd42276fc99ee.php 第 150 行.
NOTIC: [8] Undefined index: children D:\Software\wamp\www\php34\Application\Runtime\Cache\Home\2a94b8bda04ff446dcedd42276fc99ee.php 第 150 行.
NOTIC: [2] Invalid argument supplied for foreach() D:\Software\wamp\www\php34\Application\Runtime\Cache\Home\2a94b8bda04ff446dcedd42276fc99ee.php 第 150 行.
NOTIC: [2] Invalid argument supplied for foreach() D:\Software\wamp\www\php34\Application\Runtime\Cache\Home\2a94b8bda04ff446dcedd42276fc99ee.php 第 350 行.
NOTIC: [2] Invalid argument supplied for foreach() D:\Software\wamp\www\php34\Application\Runtime\Cache\Home\2a94b8bda04ff446dcedd42276fc99ee.php 第 398 行.
INFO: Run Behavior\ParseTemplateBehavior [ RunTime:0.043367s ]
INFO: [ view_parse ] --END-- [ RunTime:0.043528s ]
INFO: [ view_filter ] --START--
INFO: Run Behavior\WriteHtmlCacheBehavior [ RunTime:0.000840s ]
INFO: [ view_filter ] --END-- [ RunTime:0.000950s ]
INFO: [ app_end ] --START--
INFO: Run Behavior\ShowPageTraceBehavior [ RunTime:0.000978s ]
INFO: [ app_end ] --END-- [ RunTime:0.001083s ]

[ 2017-09-22T21:49:03+08:00 ] ::1 /php34/index.php/Home/Index/ajaxGetRecentDisGoods.html
INFO: [ app_init ] --START--
INFO: Run Behavior\BuildLiteBehavior [ RunTime:0.000052s ]
INFO: [ app_init ] --END-- [ RunTime:0.001131s ]
INFO: [ app_begin ] --START--
INFO: Run Behavior\ReadHtmlCacheBehavior [ RunTime:0.001666s ]
INFO: [ app_begin ] --END-- [ RunTime:0.001883s ]
INFO: [ app_end ] --START--
INFO: Run Behavior\ShowPageTraceBehavior [ RunTime:0.001597s ]
INFO: [ app_end ] --END-- [ RunTime:0.001794s ]

[ 2017-09-22T21:49:03+08:00 ] ::1 /php34/index.php/Home/Member/ajaxChkLogin.html
INFO: [ app_init ] --START--
INFO: Run Behavior\BuildLiteBehavior [ RunTime:0.000028s ]
INFO: [ app_init ] --END-- [ RunTime:0.000672s ]
INFO: [ app_begin ] --START--
INFO: Run Behavior\ReadHtmlCacheBehavior [ RunTime:0.002214s ]
INFO: [ app_begin ] --END-- [ RunTime:0.002423s ]
INFO: [ app_end ] --START--
INFO: Run Behavior\ShowPageTraceBehavior [ RunTime:0.001330s ]
INFO: [ app_end ] --END-- [ RunTime:0.001569s ]

[ 2017-09-22T21:49:05+08:00 ] ::1 /php34/index.php/Home/Index/goods/id/22.html
INFO: [ app_init ] --START--
INFO: Run Behavior\BuildLiteBehavior [ RunTime:0.000048s ]
INFO: [ app_init ] --END-- [ RunTime:0.000991s ]
INFO: [ app_begin ] --START--
INFO: Run Behavior\ReadHtmlCacheBehavior [ RunTime:0.001046s ]
INFO: [ app_begin ] --END-- [ RunTime:0.001222s ]
SQL: SHOW COLUMNS FROM `php34_goods` [ RunTime:0.008300s ]
SQL: SELECT * FROM `php34_goods` WHERE ( `id` = 22 ) LIMIT 1   [ RunTime:0.000611s ]
SQL: SHOW COLUMNS FROM `php34_goods_pics` [ RunTime:0.006961s ]
SQL: SELECT * FROM `php34_goods_pics` WHERE ( `goods_id` = '22' )  [ RunTime:0.000749s ]
SQL: SHOW COLUMNS FROM `php34_goods_attr` [ RunTime:0.008028s ]
SQL: SELECT a.*,b.attr_name FROM php34_goods_attr a LEFT JOIN php34_attribute b ON a.attr_id=b.id  WHERE ( a.goods_id = '22' ) AND ( b.attr_type = 1 )  [ RunTime:0.001339s ]
SQL: SELECT a.*,b.attr_name FROM php34_goods_attr a LEFT JOIN php34_attribute b ON a.attr_id=b.id  WHERE ( a.goods_id = '22' ) AND ( b.attr_type = 0 )  [ RunTime:0.000522s ]
INFO: [ view_parse ] --START--
INFO: [ template_filter ] --START--
INFO: Run Behavior\ContentReplaceBehavior [ RunTime:0.000416s ]
INFO: [ template_filter ] --END-- [ RunTime:0.000595s ]
SQL: SHOW COLUMNS FROM `php34_category` [ RunTime:0.008375s ]
SQL: SELECT * FROM `php34_category`  [ RunTime:0.000429s ]
NOTIC: [8] Undefined index: children D:\Software\wamp\www\php34\Application\Runtime\Cache\Home\862a52d698112494831f0f0bc6d3727d.php 第 155 行.
NOTIC: [2] Invalid argument supplied for foreach() D:\Software\wamp\www\php34\Application\Runtime\Cache\Home\862a52d698112494831f0f0bc6d3727d.php 第 155 行.
NOTIC: [8] Undefined index: children D:\Software\wamp\www\php34\Application\Runtime\Cache\Home\862a52d698112494831f0f0bc6d3727d.php 第 155 行.
NOTIC: [2] Invalid argument supplied for foreach() D:\Software\wamp\www\php34\Application\Runtime\Cache\Home\862a52d698112494831f0f0bc6d3727d.php 第 155 行.
NOTIC: [8] Undefined index: children D:\Software\wamp\www\php34\Application\Runtime\Cache\Home\862a52d698112494831f0f0bc6d3727d.php 第 150 行.
NOTIC: [2] Invalid argument supplied for foreach() D:\Software\wamp\www\php34\Application\Runtime\Cache\Home\862a52d698112494831f0f0bc6d3727d.php 第 150 行.
NOTIC: [8] Undefined index: children D:\Software\wamp\www\php34\Application\Runtime\Cache\Home\862a52d698112494831f0f0bc6d3727d.php 第 150 行.
NOTIC: [2] Invalid argument supplied for foreach() D:\Software\wamp\www\php34\Application\Runtime\Cache\Home\862a52d698112494831f0f0bc6d3727d.php 第 150 行.
NOTIC: [2] Invalid argument supplied for foreach() D:\Software\wamp\www\php34\Application\Runtime\Cache\Home\862a52d698112494831f0f0bc6d3727d.php 第 364 行.
NOTIC: [2] Invalid argument supplied for foreach() D:\Software\wamp\www\php34\Application\Runtime\Cache\Home\862a52d698112494831f0f0bc6d3727d.php 第 445 行.
INFO: Run Behavior\ParseTemplateBehavior [ RunTime:0.051096s ]
INFO: [ view_parse ] --END-- [ RunTime:0.051266s ]
INFO: [ view_filter ] --START--
INFO: Run Behavior\WriteHtmlCacheBehavior [ RunTime:0.000920s ]
INFO: [ view_filter ] --END-- [ RunTime:0.001042s ]
INFO: [ app_end ] --START--
INFO: Run Behavior\ShowPageTraceBehavior [ RunTime:0.001424s ]
INFO: [ app_end ] --END-- [ RunTime:0.001550s ]

[ 2017-09-22T21:49:05+08:00 ] ::1 /php34/index.php/Home/Index/ajaxGetRecentDisGoods.html
INFO: [ app_init ] --START--
INFO: Run Behavior\BuildLiteBehavior [ RunTime:0.000046s ]
INFO: [ app_init ] --END-- [ RunTime:0.000879s ]
INFO: [ app_begin ] --START--
INFO: Run Behavior\ReadHtmlCacheBehavior [ RunTime:0.001263s ]
INFO: [ app_begin ] --END-- [ RunTime:0.001415s ]
INFO: [ app_end ] --START--
INFO: Run Behavior\ShowPageTraceBehavior [ RunTime:0.001422s ]
INFO: [ app_end ] --END-- [ RunTime:0.001619s ]

[ 2017-09-22T21:49:05+08:00 ] ::1 /php34/index.php/Home/Index/ajaxGetComment/goods_id/22
INFO: [ app_init ] --START--
INFO: Run Behavior\BuildLiteBehavior [ RunTime:0.000058s ]
INFO: [ app_init ] --END-- [ RunTime:0.001261s ]
INFO: [ app_begin ] --START--
INFO: Run Behavior\ReadHtmlCacheBehavior [ RunTime:0.001718s ]
INFO: [ app_begin ] --END-- [ RunTime:0.001917s ]
INFO: [ app_end ] --START--
INFO: Run Behavior\ShowPageTraceBehavior [ RunTime:0.001691s ]
INFO: [ app_end ] --END-- [ RunTime:0.001913s ]

[ 2017-09-22T21:49:05+08:00 ] ::1 /php34/index.php/Home/Member/ajaxChkLogin.html
INFO: [ app_init ] --START--
INFO: Run Behavior\BuildLiteBehavior [ RunTime:0.000049s ]
INFO: [ app_init ] --END-- [ RunTime:0.002430s ]
INFO: [ app_begin ] --START--
INFO: Run Behavior\ReadHtmlCacheBehavior [ RunTime:0.001644s ]
INFO: [ app_begin ] --END-- [ RunTime:0.001865s ]
INFO: [ app_end ] --START--
INFO: Run Behavior\ShowPageTraceBehavior [ RunTime:0.001618s ]
INFO: [ app_end ] --END-- [ RunTime:0.001809s ]

[ 2017-09-22T21:49:05+08:00 ] ::1 /php34/index.php/Home/Index/ajaxGetPrice/goods_id/22
INFO: [ app_init ] --START--
INFO: Run Behavior\BuildLiteBehavior [ RunTime:0.000049s ]
INFO: [ app_init ] --END-- [ RunTime:0.001136s ]
INFO: [ app_begin ] --START--
INFO: Run Behavior\ReadHtmlCacheBehavior [ RunTime:0.001470s ]
INFO: [ app_begin ] --END-- [ RunTime:0.001628s ]
SQL: SHOW COLUMNS FROM `php34_goods` [ RunTime:0.006600s ]
SQL: SELECT `shop_price`,`is_promote`,`promote_price`,`promote_start_time`,`promote_end_time` FROM `php34_goods` WHERE ( `id` = 22 ) LIMIT 1   [ RunTime:0.000389s ]
INFO: [ app_end ] --START--
INFO: Run Behavior\ShowPageTraceBehavior [ RunTime:0.001270s ]
INFO: [ app_end ] --END-- [ RunTime:0.001413s ]

[ 2017-09-22T21:49:10+08:00 ] ::1 /php34/index.php/Home/Comment/ajaxGetComment/p/1/goods_id/22
INFO: [ app_init ] --START--
INFO: Run Behavior\BuildLiteBehavior [ RunTime:0.000031s ]
INFO: [ app_init ] --END-- [ RunTime:0.000904s ]
INFO: [ app_begin ] --START--
INFO: Run Behavior\ReadHtmlCacheBehavior [ RunTime:0.001454s ]
INFO: [ app_begin ] --END-- [ RunTime:0.001603s ]
SQL: SHOW COLUMNS FROM `php34_comment` [ RunTime:0.007733s ]
SQL: SELECT a.*,b.email,b.face,COUNT(c.id) reply_count FROM php34_comment a LEFT JOIN php34_member b ON a.member_id=b.id LEFT JOIN php34_reply c ON a.id=c.comment_id  WHERE ( a.goods_id = '22' ) GROUP BY a.id ORDER BY a.id DESC LIMIT 0,5   [ RunTime:0.003785s ]
INFO: [ app_end ] --START--
INFO: Run Behavior\ShowPageTraceBehavior [ RunTime:0.001240s ]
INFO: [ app_end ] --END-- [ RunTime:0.001343s ]

[ 2017-09-22T21:49:11+08:00 ] ::1 /php34/index.php/Home/Comment/ajaxGetComment/p/2/goods_id/22
INFO: [ app_init ] --START--
INFO: Run Behavior\BuildLiteBehavior [ RunTime:0.000029s ]
INFO: [ app_init ] --END-- [ RunTime:0.000764s ]
INFO: [ app_begin ] --START--
INFO: Run Behavior\ReadHtmlCacheBehavior [ RunTime:0.000880s ]
INFO: [ app_begin ] --END-- [ RunTime:0.000986s ]
SQL: SHOW COLUMNS FROM `php34_comment` [ RunTime:0.006646s ]
SQL: SELECT a.*,b.email,b.face,COUNT(c.id) reply_count FROM php34_comment a LEFT JOIN php34_member b ON a.member_id=b.id LEFT JOIN php34_reply c ON a.id=c.comment_id  WHERE ( a.goods_id = '22' ) GROUP BY a.id ORDER BY a.id DESC LIMIT 5,5   [ RunTime:0.000797s ]
NOTIC: [2] Invalid argument supplied for foreach() D:\Software\wamp\www\php34\Application\Home\Controller\CommentController.class.php 第 57 行.
INFO: [ app_end ] --START--
INFO: Run Behavior\ShowPageTraceBehavior [ RunTime:0.000991s ]
INFO: [ app_end ] --END-- [ RunTime:0.001091s ]

[ 2017-09-22T21:49:25+08:00 ] ::1 /php34/index.php/Admin/Goods/lst.html
INFO: [ app_init ] --START--
INFO: Run Behavior\BuildLiteBehavior [ RunTime:0.000030s ]
INFO: [ app_init ] --END-- [ RunTime:0.000688s ]
INFO: [ app_begin ] --START--
INFO: Run Behavior\ReadHtmlCacheBehavior [ RunTime:0.000972s ]
INFO: [ app_begin ] --END-- [ RunTime:0.001098s ]
SQL: SELECT COUNT(*) has FROM php34_privilege WHERE module_name="Admin" AND controller_name="Goods" AND action_name="lst" [ RunTime:0.000696s ]
SQL: SHOW COLUMNS FROM `php34_goods` [ RunTime:0.006443s ]
SQL: SELECT COUNT(*) AS tp_count FROM php34_goods a WHERE ( `is_delete` = 0 ) LIMIT 1   [ RunTime:0.000424s ]
SQL: SELECT a.*,IFNULL(SUM(b.goods_number),0) gn FROM php34_goods a LEFT JOIN php34_goods_number b ON a.id=b.goods_id  WHERE ( `is_delete` = 0 ) GROUP BY a.id ORDER BY id DESC LIMIT 0,20   [ RunTime:0.012617s ]
INFO: [ view_parse ] --START--
INFO: [ template_filter ] --START--
INFO: Run Behavior\ContentReplaceBehavior [ RunTime:0.000142s ]
INFO: [ template_filter ] --END-- [ RunTime:0.000308s ]
INFO: Run Behavior\ParseTemplateBehavior [ RunTime:0.031510s ]
INFO: [ view_parse ] --END-- [ RunTime:0.031638s ]
INFO: [ view_filter ] --START--
INFO: Run Behavior\WriteHtmlCacheBehavior [ RunTime:0.000884s ]
INFO: [ view_filter ] --END-- [ RunTime:0.001021s ]
INFO: [ app_end ] --START--
INFO: Run Behavior\ShowPageTraceBehavior [ RunTime:0.000961s ]
INFO: [ app_end ] --END-- [ RunTime:0.001075s ]

[ 2017-09-22T23:34:36+08:00 ] ::1 /php34/index.php/Home/Member/regist.html
INFO: [ app_init ] --START--
INFO: Run Behavior\BuildLiteBehavior [ RunTime:0.000033s ]
INFO: [ app_init ] --END-- [ RunTime:0.000997s ]
INFO: [ app_begin ] --START--
INFO: Run Behavior\ReadHtmlCacheBehavior [ RunTime:0.001173s ]
INFO: [ app_begin ] --END-- [ RunTime:0.001309s ]
INFO: [ view_parse ] --START--
INFO: [ template_filter ] --START--
INFO: Run Behavior\ContentReplaceBehavior [ RunTime:0.000123s ]
INFO: [ template_filter ] --END-- [ RunTime:0.000266s ]
INFO: Run Behavior\ParseTemplateBehavior [ RunTime:0.017233s ]
INFO: [ view_parse ] --END-- [ RunTime:0.017363s ]
INFO: [ view_filter ] --START--
INFO: Run Behavior\WriteHtmlCacheBehavior [ RunTime:0.000709s ]
INFO: [ view_filter ] --END-- [ RunTime:0.000811s ]
INFO: [ app_end ] --START--
INFO: Run Behavior\ShowPageTraceBehavior [ RunTime:0.001104s ]
INFO: [ app_end ] --END-- [ RunTime:0.001271s ]

[ 2017-09-22T23:34:36+08:00 ] ::1 /php34/index.php/Home/Member/chkcode.html
INFO: [ app_init ] --START--
INFO: Run Behavior\BuildLiteBehavior [ RunTime:0.000124s ]
INFO: [ app_init ] --END-- [ RunTime:0.001839s ]
INFO: [ app_begin ] --START--
INFO: Run Behavior\ReadHtmlCacheBehavior [ RunTime:0.001594s ]
INFO: [ app_begin ] --END-- [ RunTime:0.001799s ]
INFO: [ app_end ] --START--
INFO: Run Behavior\ShowPageTraceBehavior [ RunTime:0.003535s ]
INFO: [ app_end ] --END-- [ RunTime:0.003770s ]

[ 2017-09-22T23:34:36+08:00 ] ::1 /php34/index.php/Home/Member/ajaxChkLogin.html
INFO: [ app_init ] --START--
INFO: Run Behavior\BuildLiteBehavior [ RunTime:0.000067s ]
INFO: [ app_init ] --END-- [ RunTime:0.001354s ]
INFO: [ app_begin ] --START--
INFO: Run Behavior\ReadHtmlCacheBehavior [ RunTime:0.001774s ]
INFO: [ app_begin ] --END-- [ RunTime:0.001981s ]
INFO: [ app_end ] --START--
INFO: Run Behavior\ShowPageTraceBehavior [ RunTime:0.001325s ]
INFO: [ app_end ] --END-- [ RunTime:0.001524s ]

[ 2017-09-22T23:34:54+08:00 ] ::1 /php34/index.php/Home/Member/regist.html
INFO: [ app_init ] --START--
INFO: Run Behavior\BuildLiteBehavior [ RunTime:0.000041s ]
INFO: [ app_init ] --END-- [ RunTime:0.001625s ]
INFO: [ app_begin ] --START--
INFO: Run Behavior\ReadHtmlCacheBehavior [ RunTime:0.001007s ]
INFO: [ app_begin ] --END-- [ RunTime:0.001153s ]
SQL: SHOW COLUMNS FROM `php34_member` [ RunTime:0.009560s ]
SQL: SELECT * FROM `php34_member` WHERE ( `email` = '806111717@qq.com' ) LIMIT 1   [ RunTime:0.000834s ]
SQL: INSERT INTO `php34_member` (`email`,`password`,`addtime`,`email_code`) VALUES ('806111717@qq.com','93ae0f266ca479b4c782ca7eda9b1d49',1506094493,'b5eb0f969a5a2185d0803db355343fe5') [ RunTime:0.001505s ]
INFO: [ view_parse ] --START--
INFO: [ template_filter ] --START--
INFO: Run Behavior\ContentReplaceBehavior [ RunTime:0.000070s ]
INFO: [ template_filter ] --END-- [ RunTime:0.000197s ]
INFO: Run Behavior\ParseTemplateBehavior [ RunTime:0.011553s ]
INFO: [ view_parse ] --END-- [ RunTime:0.011749s ]
INFO: [ view_filter ] --START--
INFO: Run Behavior\WriteHtmlCacheBehavior [ RunTime:0.000751s ]
INFO: [ view_filter ] --END-- [ RunTime:0.000874s ]

[ 2017-09-22T23:34:55+08:00 ] ::1 /php34/index.php/Home/Member/regist.html
INFO: [ app_init ] --START--
INFO: Run Behavior\BuildLiteBehavior [ RunTime:0.000032s ]
INFO: [ app_init ] --END-- [ RunTime:0.000900s ]
INFO: [ app_begin ] --START--
INFO: Run Behavior\ReadHtmlCacheBehavior [ RunTime:0.000872s ]
INFO: [ app_begin ] --END-- [ RunTime:0.001003s ]
INFO: [ view_parse ] --START--
INFO: [ template_filter ] --START--
INFO: Run Behavior\ContentReplaceBehavior [ RunTime:0.000116s ]
INFO: [ template_filter ] --END-- [ RunTime:0.000249s ]
INFO: Run Behavior\ParseTemplateBehavior [ RunTime:0.020082s ]
INFO: [ view_parse ] --END-- [ RunTime:0.020270s ]
INFO: [ view_filter ] --START--
INFO: Run Behavior\WriteHtmlCacheBehavior [ RunTime:0.001097s ]
INFO: [ view_filter ] --END-- [ RunTime:0.001313s ]
INFO: [ app_end ] --START--
INFO: Run Behavior\ShowPageTraceBehavior [ RunTime:0.001270s ]
INFO: [ app_end ] --END-- [ RunTime:0.001474s ]

[ 2017-09-22T23:34:55+08:00 ] ::1 /php34/index.php/Home/Member/chkcode.html
INFO: [ app_init ] --START--
INFO: Run Behavior\BuildLiteBehavior [ RunTime:0.000053s ]
INFO: [ app_init ] --END-- [ RunTime:0.001172s ]
INFO: [ app_begin ] --START--
INFO: Run Behavior\ReadHtmlCacheBehavior [ RunTime:0.001257s ]
INFO: [ app_begin ] --END-- [ RunTime:0.001481s ]
INFO: [ app_end ] --START--
INFO: Run Behavior\ShowPageTraceBehavior [ RunTime:0.001543s ]
INFO: [ app_end ] --END-- [ RunTime:0.001792s ]

[ 2017-09-22T23:34:56+08:00 ] ::1 /php34/index.php/Home/Member/ajaxChkLogin.html
INFO: [ app_init ] --START--
INFO: Run Behavior\BuildLiteBehavior [ RunTime:0.000049s ]
INFO: [ app_init ] --END-- [ RunTime:0.001082s ]
INFO: [ app_begin ] --START--
INFO: Run Behavior\ReadHtmlCacheBehavior [ RunTime:0.001926s ]
INFO: [ app_begin ] --END-- [ RunTime:0.002127s ]
INFO: [ app_end ] --START--
INFO: Run Behavior\ShowPageTraceBehavior [ RunTime:0.001407s ]
INFO: [ app_end ] --END-- [ RunTime:0.001613s ]

[ 2017-09-22T23:46:01+08:00 ] ::1 /php34/index.php/Home/Member/regist.html
INFO: [ app_init ] --START--
INFO: Run Behavior\BuildLiteBehavior [ RunTime:0.000062s ]
INFO: [ app_init ] --END-- [ RunTime:0.001462s ]
INFO: [ app_begin ] --START--
INFO: Run Behavior\ReadHtmlCacheBehavior [ RunTime:0.001292s ]
INFO: [ app_begin ] --END-- [ RunTime:0.001464s ]
INFO: [ view_parse ] --START--
INFO: [ template_filter ] --START--
INFO: Run Behavior\ContentReplaceBehavior [ RunTime:0.000115s ]
INFO: [ template_filter ] --END-- [ RunTime:0.000273s ]
INFO: Run Behavior\ParseTemplateBehavior [ RunTime:0.016826s ]
INFO: [ view_parse ] --END-- [ RunTime:0.017003s ]
INFO: [ view_filter ] --START--
INFO: Run Behavior\WriteHtmlCacheBehavior [ RunTime:0.000882s ]
INFO: [ view_filter ] --END-- [ RunTime:0.000995s ]
INFO: [ app_end ] --START--
INFO: Run Behavior\ShowPageTraceBehavior [ RunTime:0.001192s ]
INFO: [ app_end ] --END-- [ RunTime:0.001353s ]

[ 2017-09-22T23:46:01+08:00 ] ::1 /php34/index.php/Home/Member/chkcode.html
INFO: [ app_init ] --START--
INFO: Run Behavior\BuildLiteBehavior [ RunTime:0.000031s ]
INFO: [ app_init ] --END-- [ RunTime:0.000873s ]
INFO: [ app_begin ] --START--
INFO: Run Behavior\ReadHtmlCacheBehavior [ RunTime:0.002016s ]
INFO: [ app_begin ] --END-- [ RunTime:0.002277s ]
INFO: [ app_end ] --START--
INFO: Run Behavior\ShowPageTraceBehavior [ RunTime:0.002838s ]
INFO: [ app_end ] --END-- [ RunTime:0.003066s ]

[ 2017-09-22T23:46:01+08:00 ] ::1 /php34/index.php/Home/Member/ajaxChkLogin.html
INFO: [ app_init ] --START--
INFO: Run Behavior\BuildLiteBehavior [ RunTime:0.000034s ]
INFO: [ app_init ] --END-- [ RunTime:0.001048s ]
INFO: [ app_begin ] --START--
INFO: Run Behavior\ReadHtmlCacheBehavior [ RunTime:0.001397s ]
INFO: [ app_begin ] --END-- [ RunTime:0.001590s ]
INFO: [ app_end ] --START--
INFO: Run Behavior\ShowPageTraceBehavior [ RunTime:0.002692s ]
INFO: [ app_end ] --END-- [ RunTime:0.002925s ]

[ 2017-09-22T23:46:39+08:00 ] ::1 /php34/index.php/Home/Member/regist.html
INFO: [ app_init ] --START--
INFO: Run Behavior\BuildLiteBehavior [ RunTime:0.000033s ]
INFO: [ app_init ] --END-- [ RunTime:0.000976s ]
INFO: [ app_begin ] --START--
INFO: Run Behavior\ReadHtmlCacheBehavior [ RunTime:0.001780s ]
INFO: [ app_begin ] --END-- [ RunTime:0.001920s ]
INFO: [ view_parse ] --START--
INFO: [ template_filter ] --START--
INFO: Run Behavior\ContentReplaceBehavior [ RunTime:0.000114s ]
INFO: [ template_filter ] --END-- [ RunTime:0.000246s ]
INFO: Run Behavior\ParseTemplateBehavior [ RunTime:0.016892s ]
INFO: [ view_parse ] --END-- [ RunTime:0.017045s ]
INFO: [ view_filter ] --START--
INFO: Run Behavior\WriteHtmlCacheBehavior [ RunTime:0.001091s ]
INFO: [ view_filter ] --END-- [ RunTime:0.001206s ]
INFO: [ app_end ] --START--
INFO: Run Behavior\ShowPageTraceBehavior [ RunTime:0.001484s ]
INFO: [ app_end ] --END-- [ RunTime:0.001597s ]

[ 2017-09-22T23:46:39+08:00 ] ::1 /php34/index.php/Home/Member/chkcode.html
INFO: [ app_init ] --START--
INFO: Run Behavior\BuildLiteBehavior [ RunTime:0.000032s ]
INFO: [ app_init ] --END-- [ RunTime:0.000781s ]
INFO: [ app_begin ] --START--
INFO: Run Behavior\ReadHtmlCacheBehavior [ RunTime:0.003649s ]
INFO: [ app_begin ] --END-- [ RunTime:0.003928s ]
INFO: [ app_end ] --START--
INFO: Run Behavior\ShowPageTraceBehavior [ RunTime:0.001878s ]
INFO: [ app_end ] --END-- [ RunTime:0.002041s ]

[ 2017-09-22T23:46:39+08:00 ] ::1 /php34/index.php/Home/Member/ajaxChkLogin.html
INFO: [ app_init ] --START--
INFO: Run Behavior\BuildLiteBehavior [ RunTime:0.000054s ]
INFO: [ app_init ] --END-- [ RunTime:0.001516s ]
INFO: [ app_begin ] --START--
INFO: Run Behavior\ReadHtmlCacheBehavior [ RunTime:0.002486s ]
INFO: [ app_begin ] --END-- [ RunTime:0.002709s ]
INFO: [ app_end ] --START--
INFO: Run Behavior\ShowPageTraceBehavior [ RunTime:0.001202s ]
INFO: [ app_end ] --END-- [ RunTime:0.001316s ]

[ 2017-09-22T23:46:52+08:00 ] ::1 /php34/index.php/Home/Member/chkcode.html
INFO: [ app_init ] --START--
INFO: Run Behavior\BuildLiteBehavior [ RunTime:0.000031s ]
INFO: [ app_init ] --END-- [ RunTime:0.000852s ]
INFO: [ app_begin ] --START--
INFO: Run Behavior\ReadHtmlCacheBehavior [ RunTime:0.001063s ]
INFO: [ app_begin ] --END-- [ RunTime:0.001193s ]
INFO: [ app_end ] --START--
INFO: Run Behavior\ShowPageTraceBehavior [ RunTime:0.001167s ]
INFO: [ app_end ] --END-- [ RunTime:0.001303s ]

[ 2017-09-22T23:46:59+08:00 ] ::1 /php34/index.php/Home/Member/regist.html
INFO: [ app_init ] --START--
INFO: Run Behavior\BuildLiteBehavior [ RunTime:0.000037s ]
INFO: [ app_init ] --END-- [ RunTime:0.000728s ]
INFO: [ app_begin ] --START--
INFO: Run Behavior\ReadHtmlCacheBehavior [ RunTime:0.002032s ]
INFO: [ app_begin ] --END-- [ RunTime:0.002368s ]
SQL: SHOW COLUMNS FROM `php34_member` [ RunTime:0.008873s ]
SQL: SELECT * FROM `php34_member` WHERE ( `email` = '1972814286@qq.com' ) LIMIT 1   [ RunTime:0.000582s ]
SQL: INSERT INTO `php34_member` (`email`,`password`,`addtime`,`email_code`) VALUES ('1972814286@qq.com','48a01a00a93653ac751c9387bb127da5',1506095217,'4a502910876fb976aa65624629c27261') [ RunTime:0.000428s ]
INFO: [ view_parse ] --START--
INFO: [ template_filter ] --START--
INFO: Run Behavior\ContentReplaceBehavior [ RunTime:0.000073s ]
INFO: [ template_filter ] --END-- [ RunTime:0.000202s ]
INFO: Run Behavior\ParseTemplateBehavior [ RunTime:0.011566s ]
INFO: [ view_parse ] --END-- [ RunTime:0.011717s ]
INFO: [ view_filter ] --START--
INFO: Run Behavior\WriteHtmlCacheBehavior [ RunTime:0.000862s ]
INFO: [ view_filter ] --END-- [ RunTime:0.000969s ]

[ 2017-09-22T23:47:00+08:00 ] ::1 /php34/index.php/Home/Member/regist.html
INFO: [ app_init ] --START--
INFO: Run Behavior\BuildLiteBehavior [ RunTime:0.000055s ]
INFO: [ app_init ] --END-- [ RunTime:0.001210s ]
INFO: [ app_begin ] --START--
INFO: Run Behavior\ReadHtmlCacheBehavior [ RunTime:0.001833s ]
INFO: [ app_begin ] --END-- [ RunTime:0.002101s ]
INFO: [ view_parse ] --START--
INFO: [ template_filter ] --START--
INFO: Run Behavior\ContentReplaceBehavior [ RunTime:0.000173s ]
INFO: [ template_filter ] --END-- [ RunTime:0.000417s ]
INFO: Run Behavior\ParseTemplateBehavior [ RunTime:0.019253s ]
INFO: [ view_parse ] --END-- [ RunTime:0.019429s ]
INFO: [ view_filter ] --START--
INFO: Run Behavior\WriteHtmlCacheBehavior [ RunTime:0.001873s ]
INFO: [ view_filter ] --END-- [ RunTime:0.002098s ]
INFO: [ app_end ] --START--
INFO: Run Behavior\ShowPageTraceBehavior [ RunTime:0.001773s ]
INFO: [ app_end ] --END-- [ RunTime:0.001999s ]

[ 2017-09-22T23:47:00+08:00 ] ::1 /php34/index.php/Home/Member/chkcode.html
INFO: [ app_init ] --START--
INFO: Run Behavior\BuildLiteBehavior [ RunTime:0.000049s ]
INFO: [ app_init ] --END-- [ RunTime:0.001186s ]
INFO: [ app_begin ] --START--
INFO: Run Behavior\ReadHtmlCacheBehavior [ RunTime:0.001189s ]
INFO: [ app_begin ] --END-- [ RunTime:0.001407s ]
INFO: [ app_end ] --START--
INFO: Run Behavior\ShowPageTraceBehavior [ RunTime:0.001596s ]
INFO: [ app_end ] --END-- [ RunTime:0.001846s ]

[ 2017-09-22T23:47:01+08:00 ] ::1 /php34/index.php/Home/Member/ajaxChkLogin.html
INFO: [ app_init ] --START--
INFO: Run Behavior\BuildLiteBehavior [ RunTime:0.000050s ]
INFO: [ app_init ] --END-- [ RunTime:0.001327s ]
INFO: [ app_begin ] --START--
INFO: Run Behavior\ReadHtmlCacheBehavior [ RunTime:0.001747s ]
INFO: [ app_begin ] --END-- [ RunTime:0.001947s ]
INFO: [ app_end ] --START--
INFO: Run Behavior\ShowPageTraceBehavior [ RunTime:0.001854s ]
INFO: [ app_end ] --END-- [ RunTime:0.002052s ]

