[ 2017-09-20T17:36:49+08:00 ] ::1 /php34_12/index.php/
INFO: [ app_init ] --START--
INFO: Run Behavior\BuildLiteBehavior [ RunTime:0.000035s ]
INFO: [ app_init ] --END-- [ RunTime:0.002864s ]
INFO: [ app_begin ] --START--
INFO: Run Behavior\ReadHtmlCacheBehavior [ RunTime:0.001394s ]
INFO: [ app_begin ] --END-- [ RunTime:0.001535s ]
SQL: SHOW COLUMNS FROM `php34_goods` [ RunTime:0.013088s ]
SQL: SELECT `id`,`goods_name`,`promote_price`,`sm_logo` FROM `php34_goods` WHERE ( `is_on_sale` = 1 ) AND ( `is_delete` = 0 ) AND ( `is_promote` = 1 ) AND ( `promote_start_time` <= 1505900209 ) AND ( `promote_end_time` >= 1505900209 ) ORDER BY sort_num ASC LIMIT 5   [ RunTime:0.001197s ]
SQL: SELECT `id`,`goods_name`,`shop_price`,`sm_logo` FROM `php34_goods` WHERE ( `is_on_sale` = 1 ) AND ( `is_delete` = 0 ) AND ( `is_hot` = 1 ) ORDER BY sort_num ASC LIMIT 5   [ RunTime:0.000579s ]
SQL: SELECT `id`,`goods_name`,`shop_price`,`sm_logo` FROM `php34_goods` WHERE ( `is_on_sale` = 1 ) AND ( `is_delete` = 0 ) AND ( `is_best` = 1 ) ORDER BY sort_num ASC LIMIT 5   [ RunTime:0.000469s ]
SQL: SELECT `id`,`goods_name`,`shop_price`,`sm_logo` FROM `php34_goods` WHERE ( `is_on_sale` = 1 ) AND ( `is_delete` = 0 ) AND ( `is_new` = 1 ) ORDER BY sort_num ASC LIMIT 5   [ RunTime:0.000362s ]
INFO: [ view_parse ] --START--
INFO: [ template_filter ] --START--
INFO: Run Behavior\ContentReplaceBehavior [ RunTime:0.000376s ]
INFO: [ template_filter ] --END-- [ RunTime:0.000511s ]
SQL: SHOW COLUMNS FROM `php34_category` [ RunTime:0.009191s ]
SQL: SELECT * FROM `php34_category`  [ RunTime:0.000631s ]
NOTIC: [8] Undefined index: children D:\Software\wamp\www\php34_12\Application\Runtime\Cache\Home\2a94b8bda04ff446dcedd42276fc99ee.php 第 155 行.
NOTIC: [2] Invalid argument supplied for foreach() D:\Software\wamp\www\php34_12\Application\Runtime\Cache\Home\2a94b8bda04ff446dcedd42276fc99ee.php 第 155 行.
NOTIC: [2] Invalid argument supplied for foreach() D:\Software\wamp\www\php34_12\Application\Runtime\Cache\Home\2a94b8bda04ff446dcedd42276fc99ee.php 第 350 行.
NOTIC: [2] Invalid argument supplied for foreach() D:\Software\wamp\www\php34_12\Application\Runtime\Cache\Home\2a94b8bda04ff446dcedd42276fc99ee.php 第 366 行.
NOTIC: [2] Invalid argument supplied for foreach() D:\Software\wamp\www\php34_12\Application\Runtime\Cache\Home\2a94b8bda04ff446dcedd42276fc99ee.php 第 382 行.
NOTIC: [2] Invalid argument supplied for foreach() D:\Software\wamp\www\php34_12\Application\Runtime\Cache\Home\2a94b8bda04ff446dcedd42276fc99ee.php 第 398 行.
INFO: Run Behavior\ParseTemplateBehavior [ RunTime:0.055159s ]
INFO: [ view_parse ] --END-- [ RunTime:0.055552s ]
INFO: [ view_filter ] --START--
INFO: Run Behavior\WriteHtmlCacheBehavior [ RunTime:0.002492s ]
INFO: [ view_filter ] --END-- [ RunTime:0.002906s ]
INFO: [ app_end ] --START--
INFO: Run Behavior\ShowPageTraceBehavior [ RunTime:0.001853s ]
INFO: [ app_end ] --END-- [ RunTime:0.002051s ]

[ 2017-09-20T17:36:49+08:00 ] ::1 /php34_12/index.php/Home/Index/ajaxGetRecentDisGoods.html
INFO: [ app_init ] --START--
INFO: Run Behavior\BuildLiteBehavior [ RunTime:0.000032s ]
INFO: [ app_init ] --END-- [ RunTime:0.000918s ]
INFO: [ app_begin ] --START--
INFO: Run Behavior\ReadHtmlCacheBehavior [ RunTime:0.001219s ]
INFO: [ app_begin ] --END-- [ RunTime:0.001434s ]
INFO: [ app_end ] --START--
INFO: Run Behavior\ShowPageTraceBehavior [ RunTime:0.001113s ]
INFO: [ app_end ] --END-- [ RunTime:0.001294s ]

[ 2017-09-20T17:36:50+08:00 ] ::1 /php34_12/index.php/Home/Member/ajaxChkLogin.html
INFO: [ app_init ] --START--
INFO: Run Behavior\BuildLiteBehavior [ RunTime:0.000049s ]
INFO: [ app_init ] --END-- [ RunTime:0.001210s ]
INFO: [ app_begin ] --START--
INFO: Run Behavior\ReadHtmlCacheBehavior [ RunTime:0.001662s ]
INFO: [ app_begin ] --END-- [ RunTime:0.002022s ]
INFO: [ app_end ] --START--
INFO: Run Behavior\ShowPageTraceBehavior [ RunTime:0.001483s ]
INFO: [ app_end ] --END-- [ RunTime:0.001694s ]

[ 2017-09-20T17:36:54+08:00 ] ::1 /php34_12/index.php/Home/Search/search/cid/14.html
INFO: [ app_init ] --START--
INFO: Run Behavior\BuildLiteBehavior [ RunTime:0.000030s ]
INFO: [ app_init ] --END-- [ RunTime:0.000779s ]
INFO: [ app_begin ] --START--
INFO: Run Behavior\ReadHtmlCacheBehavior [ RunTime:0.002144s ]
INFO: [ app_begin ] --END-- [ RunTime:0.002518s ]
SQL: SHOW COLUMNS FROM `php34_goods` [ RunTime:0.006013s ]
SQL: SHOW COLUMNS FROM `php34_goods_cat` [ RunTime:0.006857s ]
SQL: SELECT GROUP_CONCAT(DISTINCT goods_id) goods_id FROM `php34_goods_cat` WHERE ( `cat_id` = '14' ) LIMIT 1   [ RunTime:0.000960s ]
SQL: SELECT MIN(shop_price) minprice,MAX(shop_price) maxprice FROM `php34_goods` WHERE (  (`cat_id` =14  OR id IN(1))  ) LIMIT 1   [ RunTime:0.001493s ]
SQL: SELECT COUNT(*) AS tp_count FROM `php34_goods` WHERE (  (`shop_price` BETWEEN 0 AND -1 ) ) AND (  (`cat_id` =14  OR id IN(1))  ) AND ( `is_on_sale` = 1 ) AND ( `is_delete` = 0 ) LIMIT 1   [ RunTime:0.000478s ]
SQL: SELECT COUNT(*) AS tp_count FROM `php34_goods` WHERE (  (`shop_price` BETWEEN 0 AND -1 ) ) AND (  (`cat_id` =14  OR id IN(1))  ) AND ( `is_on_sale` = 1 ) AND ( `is_delete` = 0 ) LIMIT 1   [ RunTime:0.000305s ]
SQL: SELECT COUNT(*) AS tp_count FROM `php34_goods` WHERE (  (`shop_price` BETWEEN 0 AND -1 ) ) AND (  (`cat_id` =14  OR id IN(1))  ) AND ( `is_on_sale` = 1 ) AND ( `is_delete` = 0 ) LIMIT 1   [ RunTime:0.000295s ]
SQL: SELECT COUNT(*) AS tp_count FROM `php34_goods` WHERE (  (`shop_price` BETWEEN 0 AND -1 ) ) AND (  (`cat_id` =14  OR id IN(1))  ) AND ( `is_on_sale` = 1 ) AND ( `is_delete` = 0 ) LIMIT 1   [ RunTime:0.000447s ]
SQL: SELECT COUNT(*) AS tp_count FROM `php34_goods` WHERE (  (`shop_price` BETWEEN 0 AND -1 ) ) AND (  (`cat_id` =14  OR id IN(1))  ) AND ( `is_on_sale` = 1 ) AND ( `is_delete` = 0 ) LIMIT 1   [ RunTime:0.000625s ]
SQL: SELECT COUNT(*) AS tp_count FROM `php34_goods` WHERE (  (`shop_price` BETWEEN 0 AND -1 ) ) AND (  (`cat_id` =14  OR id IN(1))  ) AND ( `is_on_sale` = 1 ) AND ( `is_delete` = 0 ) LIMIT 1   [ RunTime:0.000461s ]
SQL: SELECT COUNT(*) AS tp_count FROM `php34_goods` WHERE (  (`shop_price` BETWEEN 0 AND 0 ) ) AND ( `cat_id` = '14' ) AND ( `is_on_sale` = 1 ) AND ( `is_delete` = 0 ) LIMIT 1   [ RunTime:0.000511s ]
SQL: SHOW COLUMNS FROM `php34_category` [ RunTime:0.006538s ]
SQL: SELECT `search_attr_id` FROM `php34_category` WHERE ( `id` = 14 ) LIMIT 1   [ RunTime:0.000571s ]
SQL: SHOW COLUMNS FROM `php34_attribute` [ RunTime:0.008750s ]
SQL: SELECT `id`,`attr_name` FROM `php34_attribute` WHERE ( `id` IN ('') )  [ RunTime:0.000532s ]
SQL: SHOW COLUMNS FROM `php34_goods_attr` [ RunTime:0.007641s ]
NOTIC: [2] Invalid argument supplied for foreach() D:\Software\wamp\www\php34_12\Application\Home\Controller\SearchController.class.php 第 83 行.
NOTIC: [2] unlink(./Application/Runtime/Temp/dd3ec28a8579ab27da949392ca2f86dc.php): No such file or directory D:\Software\wamp\www\php34_12\ThinkPHP\Library\Think\Cache\Driver\File.class.php 第 157 行.
SQL: SELECT GROUP_CONCAT(DISTINCT goods_id) goods_id FROM `php34_goods_cat` WHERE ( `cat_id` = '14' ) LIMIT 1   [ RunTime:0.000751s ]
SQL: SELECT COUNT(*) AS tp_count FROM php34_goods a WHERE ( a.is_on_sale = 1 ) AND ( a.is_delete = 0 ) AND (  (a.cat_id =14  OR a.id IN(1))  ) LIMIT 1   [ RunTime:0.000534s ]
SQL: SELECT a.id,a.goods_name,`sm_logo`,`shop_price`,IFNULL(SUM(b.goods_number),0) xl,(SELECT count(id) FROM php34_comment c WHERE c.goods_id=a.id) pl FROM php34_goods a LEFT JOIN php34_order_goods b ON (a.id=b.goods_id AND b.order_id IN(SELECT id FROM php34_order WHERE pay_status=1))  WHERE ( a.is_on_sale = 1 ) AND ( a.is_delete = 0 ) AND (  (a.cat_id =14  OR a.id IN(1))  ) GROUP BY a.id ORDER BY xl DESC LIMIT 0,24   [ RunTime:0.014345s ]
INFO: [ view_parse ] --START--
INFO: [ template_filter ] --START--
INFO: Run Behavior\ContentReplaceBehavior [ RunTime:0.000264s ]
INFO: [ template_filter ] --END-- [ RunTime:0.000388s ]
SQL: SHOW COLUMNS FROM `php34_category` [ RunTime:0.006000s ]
SQL: SELECT * FROM `php34_category`  [ RunTime:0.000401s ]
NOTIC: [8] Undefined index: children D:\Software\wamp\www\php34_12\Application\Runtime\Cache\Home\dc21e6da2e1dbcec494898213c16ba46.php 第 155 行.
NOTIC: [2] Invalid argument supplied for foreach() D:\Software\wamp\www\php34_12\Application\Runtime\Cache\Home\dc21e6da2e1dbcec494898213c16ba46.php 第 155 行.
NOTIC: [2] array_fill(): Number of elements must be positive D:\Software\wamp\www\php34_12\Application\Runtime\Cache\Home\dc21e6da2e1dbcec494898213c16ba46.php 第 421 行.
NOTIC: [2] Invalid argument supplied for foreach() D:\Software\wamp\www\php34_12\Application\Runtime\Cache\Home\dc21e6da2e1dbcec494898213c16ba46.php 第 421 行.
NOTIC: [8] Undefined variable: data D:\Software\wamp\www\php34_12\Application\Runtime\Cache\Home\dc21e6da2e1dbcec494898213c16ba46.php 第 468 行.
INFO: Run Behavior\ParseTemplateBehavior [ RunTime:0.055379s ]
INFO: [ view_parse ] --END-- [ RunTime:0.055501s ]
INFO: [ view_filter ] --START--
INFO: Run Behavior\WriteHtmlCacheBehavior [ RunTime:0.000982s ]
INFO: [ view_filter ] --END-- [ RunTime:0.001151s ]
INFO: [ app_end ] --START--
INFO: Run Behavior\ShowPageTraceBehavior [ RunTime:0.001332s ]
INFO: [ app_end ] --END-- [ RunTime:0.001494s ]

[ 2017-09-20T17:36:54+08:00 ] ::1 /php34_12/index.php/Home/Index/ajaxGetRecentDisGoods.html
INFO: [ app_init ] --START--
INFO: Run Behavior\BuildLiteBehavior [ RunTime:0.000042s ]
INFO: [ app_init ] --END-- [ RunTime:0.000788s ]
INFO: [ app_begin ] --START--
INFO: Run Behavior\ReadHtmlCacheBehavior [ RunTime:0.000965s ]
INFO: [ app_begin ] --END-- [ RunTime:0.001125s ]
INFO: [ app_end ] --START--
INFO: Run Behavior\ShowPageTraceBehavior [ RunTime:0.001542s ]
INFO: [ app_end ] --END-- [ RunTime:0.001748s ]

[ 2017-09-20T17:36:54+08:00 ] ::1 /php34_12/index.php/Home/Member/ajaxChkLogin.html
INFO: [ app_init ] --START--
INFO: Run Behavior\BuildLiteBehavior [ RunTime:0.000058s ]
INFO: [ app_init ] --END-- [ RunTime:0.001385s ]
INFO: [ app_begin ] --START--
INFO: Run Behavior\ReadHtmlCacheBehavior [ RunTime:0.001342s ]
INFO: [ app_begin ] --END-- [ RunTime:0.001603s ]
INFO: [ app_end ] --START--
INFO: Run Behavior\ShowPageTraceBehavior [ RunTime:0.001428s ]
INFO: [ app_end ] --END-- [ RunTime:0.001643s ]

[ 2017-09-20T17:36:59+08:00 ] ::1 /php34_12/index.php/Home/Search/search/cid/14.html
INFO: [ app_init ] --START--
INFO: Run Behavior\BuildLiteBehavior [ RunTime:0.000034s ]
INFO: [ app_init ] --END-- [ RunTime:0.001186s ]
INFO: [ app_begin ] --START--
INFO: Run Behavior\ReadHtmlCacheBehavior [ RunTime:0.001119s ]
INFO: [ app_begin ] --END-- [ RunTime:0.001344s ]
SQL: SHOW COLUMNS FROM `php34_goods` [ RunTime:0.006195s ]
SQL: SHOW COLUMNS FROM `php34_category` [ RunTime:0.005730s ]
SQL: SELECT `search_attr_id` FROM `php34_category` WHERE ( `id` = 14 ) LIMIT 1   [ RunTime:0.000418s ]
SQL: SHOW COLUMNS FROM `php34_attribute` [ RunTime:0.006278s ]
SQL: SELECT `id`,`attr_name` FROM `php34_attribute` WHERE ( `id` IN ('') )  [ RunTime:0.000424s ]
SQL: SHOW COLUMNS FROM `php34_goods_attr` [ RunTime:0.005443s ]
NOTIC: [2] Invalid argument supplied for foreach() D:\Software\wamp\www\php34_12\Application\Home\Controller\SearchController.class.php 第 83 行.
NOTIC: [2] unlink(./Application/Runtime/Temp/dd3ec28a8579ab27da949392ca2f86dc.php): No such file or directory D:\Software\wamp\www\php34_12\ThinkPHP\Library\Think\Cache\Driver\File.class.php 第 157 行.
SQL: SHOW COLUMNS FROM `php34_goods_cat` [ RunTime:0.006389s ]
SQL: SELECT GROUP_CONCAT(DISTINCT goods_id) goods_id FROM `php34_goods_cat` WHERE ( `cat_id` = '14' ) LIMIT 1   [ RunTime:0.001164s ]
SQL: SELECT COUNT(*) AS tp_count FROM php34_goods a WHERE ( a.is_on_sale = 1 ) AND ( a.is_delete = 0 ) AND (  (a.cat_id =14  OR a.id IN(1))  ) LIMIT 1   [ RunTime:0.000802s ]
SQL: SELECT a.id,a.goods_name,`sm_logo`,`shop_price`,IFNULL(SUM(b.goods_number),0) xl,(SELECT count(id) FROM php34_comment c WHERE c.goods_id=a.id) pl FROM php34_goods a LEFT JOIN php34_order_goods b ON (a.id=b.goods_id AND b.order_id IN(SELECT id FROM php34_order WHERE pay_status=1))  WHERE ( a.is_on_sale = 1 ) AND ( a.is_delete = 0 ) AND (  (a.cat_id =14  OR a.id IN(1))  ) GROUP BY a.id ORDER BY xl DESC LIMIT 0,24   [ RunTime:0.001185s ]
INFO: [ view_parse ] --START--
INFO: [ template_filter ] --START--
INFO: Run Behavior\ContentReplaceBehavior [ RunTime:0.000273s ]
INFO: [ template_filter ] --END-- [ RunTime:0.000398s ]
SQL: SHOW COLUMNS FROM `php34_category` [ RunTime:0.008923s ]
SQL: SELECT * FROM `php34_category`  [ RunTime:0.000391s ]
NOTIC: [8] Undefined index: children D:\Software\wamp\www\php34_12\Application\Runtime\Cache\Home\dc21e6da2e1dbcec494898213c16ba46.php 第 155 行.
NOTIC: [2] Invalid argument supplied for foreach() D:\Software\wamp\www\php34_12\Application\Runtime\Cache\Home\dc21e6da2e1dbcec494898213c16ba46.php 第 155 行.
NOTIC: [2] array_fill(): Number of elements must be positive D:\Software\wamp\www\php34_12\Application\Runtime\Cache\Home\dc21e6da2e1dbcec494898213c16ba46.php 第 421 行.
NOTIC: [2] Invalid argument supplied for foreach() D:\Software\wamp\www\php34_12\Application\Runtime\Cache\Home\dc21e6da2e1dbcec494898213c16ba46.php 第 421 行.
NOTIC: [8] Undefined variable: data D:\Software\wamp\www\php34_12\Application\Runtime\Cache\Home\dc21e6da2e1dbcec494898213c16ba46.php 第 468 行.
INFO: Run Behavior\ParseTemplateBehavior [ RunTime:0.056882s ]
INFO: [ view_parse ] --END-- [ RunTime:0.057009s ]
INFO: [ view_filter ] --START--
INFO: Run Behavior\WriteHtmlCacheBehavior [ RunTime:0.000896s ]
INFO: [ view_filter ] --END-- [ RunTime:0.001004s ]
INFO: [ app_end ] --START--
INFO: Run Behavior\ShowPageTraceBehavior [ RunTime:0.001399s ]
INFO: [ app_end ] --END-- [ RunTime:0.001524s ]

[ 2017-09-20T17:36:59+08:00 ] ::1 /php34_12/index.php/Home/Index/ajaxGetRecentDisGoods.html
INFO: [ app_init ] --START--
INFO: Run Behavior\BuildLiteBehavior [ RunTime:0.000055s ]
INFO: [ app_init ] --END-- [ RunTime:0.001236s ]
INFO: [ app_begin ] --START--
INFO: Run Behavior\ReadHtmlCacheBehavior [ RunTime:0.001699s ]
INFO: [ app_begin ] --END-- [ RunTime:0.001953s ]
INFO: [ app_end ] --START--
INFO: Run Behavior\ShowPageTraceBehavior [ RunTime:0.001542s ]
INFO: [ app_end ] --END-- [ RunTime:0.001826s ]

[ 2017-09-20T17:36:59+08:00 ] ::1 /php34_12/index.php/Home/Member/ajaxChkLogin.html
INFO: [ app_init ] --START--
INFO: Run Behavior\BuildLiteBehavior [ RunTime:0.000054s ]
INFO: [ app_init ] --END-- [ RunTime:0.001129s ]
INFO: [ app_begin ] --START--
INFO: Run Behavior\ReadHtmlCacheBehavior [ RunTime:0.001466s ]
INFO: [ app_begin ] --END-- [ RunTime:0.001650s ]
INFO: [ app_end ] --START--
INFO: Run Behavior\ShowPageTraceBehavior [ RunTime:0.001253s ]
INFO: [ app_end ] --END-- [ RunTime:0.001382s ]

[ 2017-09-20T17:37:01+08:00 ] ::1 /php34_12/index.php/Home/Search/search/cid/14.html
INFO: [ app_init ] --START--
INFO: Run Behavior\BuildLiteBehavior [ RunTime:0.000049s ]
INFO: [ app_init ] --END-- [ RunTime:0.001252s ]
INFO: [ app_begin ] --START--
INFO: Run Behavior\ReadHtmlCacheBehavior [ RunTime:0.001384s ]
INFO: [ app_begin ] --END-- [ RunTime:0.001599s ]
SQL: SHOW COLUMNS FROM `php34_goods` [ RunTime:0.007172s ]
SQL: SHOW COLUMNS FROM `php34_category` [ RunTime:0.007112s ]
SQL: SELECT `search_attr_id` FROM `php34_category` WHERE ( `id` = 14 ) LIMIT 1   [ RunTime:0.000465s ]
SQL: SHOW COLUMNS FROM `php34_attribute` [ RunTime:0.006803s ]
SQL: SELECT `id`,`attr_name` FROM `php34_attribute` WHERE ( `id` IN ('') )  [ RunTime:0.000426s ]
SQL: SHOW COLUMNS FROM `php34_goods_attr` [ RunTime:0.007208s ]
NOTIC: [2] Invalid argument supplied for foreach() D:\Software\wamp\www\php34_12\Application\Home\Controller\SearchController.class.php 第 83 行.
NOTIC: [2] unlink(./Application/Runtime/Temp/dd3ec28a8579ab27da949392ca2f86dc.php): No such file or directory D:\Software\wamp\www\php34_12\ThinkPHP\Library\Think\Cache\Driver\File.class.php 第 157 行.
SQL: SHOW COLUMNS FROM `php34_goods_cat` [ RunTime:0.005783s ]
SQL: SELECT GROUP_CONCAT(DISTINCT goods_id) goods_id FROM `php34_goods_cat` WHERE ( `cat_id` = '14' ) LIMIT 1   [ RunTime:0.001020s ]
SQL: SELECT COUNT(*) AS tp_count FROM php34_goods a WHERE ( a.is_on_sale = 1 ) AND ( a.is_delete = 0 ) AND (  (a.cat_id =14  OR a.id IN(1))  ) LIMIT 1   [ RunTime:0.000865s ]
SQL: SELECT a.id,a.goods_name,`sm_logo`,`shop_price`,IFNULL(SUM(b.goods_number),0) xl,(SELECT count(id) FROM php34_comment c WHERE c.goods_id=a.id) pl FROM php34_goods a LEFT JOIN php34_order_goods b ON (a.id=b.goods_id AND b.order_id IN(SELECT id FROM php34_order WHERE pay_status=1))  WHERE ( a.is_on_sale = 1 ) AND ( a.is_delete = 0 ) AND (  (a.cat_id =14  OR a.id IN(1))  ) GROUP BY a.id ORDER BY xl DESC LIMIT 0,24   [ RunTime:0.002358s ]
INFO: [ view_parse ] --START--
INFO: [ template_filter ] --START--
INFO: Run Behavior\ContentReplaceBehavior [ RunTime:0.000268s ]
INFO: [ template_filter ] --END-- [ RunTime:0.000392s ]
SQL: SHOW COLUMNS FROM `php34_category` [ RunTime:0.006189s ]
SQL: SELECT * FROM `php34_category`  [ RunTime:0.000364s ]
NOTIC: [8] Undefined index: children D:\Software\wamp\www\php34_12\Application\Runtime\Cache\Home\dc21e6da2e1dbcec494898213c16ba46.php 第 155 行.
NOTIC: [2] Invalid argument supplied for foreach() D:\Software\wamp\www\php34_12\Application\Runtime\Cache\Home\dc21e6da2e1dbcec494898213c16ba46.php 第 155 行.
NOTIC: [2] array_fill(): Number of elements must be positive D:\Software\wamp\www\php34_12\Application\Runtime\Cache\Home\dc21e6da2e1dbcec494898213c16ba46.php 第 421 行.
NOTIC: [2] Invalid argument supplied for foreach() D:\Software\wamp\www\php34_12\Application\Runtime\Cache\Home\dc21e6da2e1dbcec494898213c16ba46.php 第 421 行.
NOTIC: [8] Undefined variable: data D:\Software\wamp\www\php34_12\Application\Runtime\Cache\Home\dc21e6da2e1dbcec494898213c16ba46.php 第 468 行.
INFO: Run Behavior\ParseTemplateBehavior [ RunTime:0.058862s ]
INFO: [ view_parse ] --END-- [ RunTime:0.058993s ]
INFO: [ view_filter ] --START--
INFO: Run Behavior\WriteHtmlCacheBehavior [ RunTime:0.000879s ]
INFO: [ view_filter ] --END-- [ RunTime:0.000993s ]
INFO: [ app_end ] --START--
INFO: Run Behavior\ShowPageTraceBehavior [ RunTime:0.000858s ]
INFO: [ app_end ] --END-- [ RunTime:0.000970s ]

[ 2017-09-20T17:37:01+08:00 ] ::1 /php34_12/index.php/Home/Index/ajaxGetRecentDisGoods.html
INFO: [ app_init ] --START--
INFO: Run Behavior\BuildLiteBehavior [ RunTime:0.000124s ]
INFO: [ app_init ] --END-- [ RunTime:0.002295s ]
INFO: [ app_begin ] --START--
INFO: Run Behavior\ReadHtmlCacheBehavior [ RunTime:0.002017s ]
INFO: [ app_begin ] --END-- [ RunTime:0.002224s ]
INFO: [ app_end ] --START--
INFO: Run Behavior\ShowPageTraceBehavior [ RunTime:0.002362s ]
INFO: [ app_end ] --END-- [ RunTime:0.002724s ]

[ 2017-09-20T17:37:01+08:00 ] ::1 /php34_12/index.php/Home/Member/ajaxChkLogin.html
INFO: [ app_init ] --START--
INFO: Run Behavior\BuildLiteBehavior [ RunTime:0.000056s ]
INFO: [ app_init ] --END-- [ RunTime:0.001025s ]
INFO: [ app_begin ] --START--
INFO: Run Behavior\ReadHtmlCacheBehavior [ RunTime:0.001297s ]
INFO: [ app_begin ] --END-- [ RunTime:0.001475s ]
INFO: [ app_end ] --START--
INFO: Run Behavior\ShowPageTraceBehavior [ RunTime:0.001139s ]
INFO: [ app_end ] --END-- [ RunTime:0.001314s ]

[ 2017-09-20T17:37:03+08:00 ] ::1 /php34_12/index.php/Home/Search/search/cid/14.html
INFO: [ app_init ] --START--
INFO: Run Behavior\BuildLiteBehavior [ RunTime:0.000073s ]
INFO: [ app_init ] --END-- [ RunTime:0.002069s ]
INFO: [ app_begin ] --START--
INFO: Run Behavior\ReadHtmlCacheBehavior [ RunTime:0.000982s ]
INFO: [ app_begin ] --END-- [ RunTime:0.001197s ]
SQL: SHOW COLUMNS FROM `php34_goods` [ RunTime:0.009128s ]
SQL: SHOW COLUMNS FROM `php34_category` [ RunTime:0.007802s ]
SQL: SELECT `search_attr_id` FROM `php34_category` WHERE ( `id` = 14 ) LIMIT 1   [ RunTime:0.000483s ]
SQL: SHOW COLUMNS FROM `php34_attribute` [ RunTime:0.006437s ]
SQL: SELECT `id`,`attr_name` FROM `php34_attribute` WHERE ( `id` IN ('') )  [ RunTime:0.000406s ]
SQL: SHOW COLUMNS FROM `php34_goods_attr` [ RunTime:0.006204s ]
NOTIC: [2] Invalid argument supplied for foreach() D:\Software\wamp\www\php34_12\Application\Home\Controller\SearchController.class.php 第 83 行.
NOTIC: [2] unlink(./Application/Runtime/Temp/dd3ec28a8579ab27da949392ca2f86dc.php): No such file or directory D:\Software\wamp\www\php34_12\ThinkPHP\Library\Think\Cache\Driver\File.class.php 第 157 行.
SQL: SHOW COLUMNS FROM `php34_goods_cat` [ RunTime:0.006849s ]
SQL: SELECT GROUP_CONCAT(DISTINCT goods_id) goods_id FROM `php34_goods_cat` WHERE ( `cat_id` = '14' ) LIMIT 1   [ RunTime:0.000674s ]
SQL: SELECT COUNT(*) AS tp_count FROM php34_goods a WHERE ( a.is_on_sale = 1 ) AND ( a.is_delete = 0 ) AND (  (a.cat_id =14  OR a.id IN(1))  ) LIMIT 1   [ RunTime:0.000611s ]
SQL: SELECT a.id,a.goods_name,`sm_logo`,`shop_price`,IFNULL(SUM(b.goods_number),0) xl,(SELECT count(id) FROM php34_comment c WHERE c.goods_id=a.id) pl FROM php34_goods a LEFT JOIN php34_order_goods b ON (a.id=b.goods_id AND b.order_id IN(SELECT id FROM php34_order WHERE pay_status=1))  WHERE ( a.is_on_sale = 1 ) AND ( a.is_delete = 0 ) AND (  (a.cat_id =14  OR a.id IN(1))  ) GROUP BY a.id ORDER BY xl DESC LIMIT 0,24   [ RunTime:0.001393s ]
INFO: [ view_parse ] --START--
INFO: [ template_filter ] --START--
INFO: Run Behavior\ContentReplaceBehavior [ RunTime:0.000265s ]
INFO: [ template_filter ] --END-- [ RunTime:0.000410s ]
SQL: SHOW COLUMNS FROM `php34_category` [ RunTime:0.007693s ]
SQL: SELECT * FROM `php34_category`  [ RunTime:0.000677s ]
NOTIC: [8] Undefined index: children D:\Software\wamp\www\php34_12\Application\Runtime\Cache\Home\dc21e6da2e1dbcec494898213c16ba46.php 第 155 行.
NOTIC: [2] Invalid argument supplied for foreach() D:\Software\wamp\www\php34_12\Application\Runtime\Cache\Home\dc21e6da2e1dbcec494898213c16ba46.php 第 155 行.
NOTIC: [2] array_fill(): Number of elements must be positive D:\Software\wamp\www\php34_12\Application\Runtime\Cache\Home\dc21e6da2e1dbcec494898213c16ba46.php 第 421 行.
NOTIC: [2] Invalid argument supplied for foreach() D:\Software\wamp\www\php34_12\Application\Runtime\Cache\Home\dc21e6da2e1dbcec494898213c16ba46.php 第 421 行.
NOTIC: [8] Undefined variable: data D:\Software\wamp\www\php34_12\Application\Runtime\Cache\Home\dc21e6da2e1dbcec494898213c16ba46.php 第 468 行.
INFO: Run Behavior\ParseTemplateBehavior [ RunTime:0.070641s ]
INFO: [ view_parse ] --END-- [ RunTime:0.070797s ]
INFO: [ view_filter ] --START--
INFO: Run Behavior\WriteHtmlCacheBehavior [ RunTime:0.000886s ]
INFO: [ view_filter ] --END-- [ RunTime:0.001005s ]
INFO: [ app_end ] --START--
INFO: Run Behavior\ShowPageTraceBehavior [ RunTime:0.001358s ]
INFO: [ app_end ] --END-- [ RunTime:0.001545s ]

[ 2017-09-20T17:37:03+08:00 ] ::1 /php34_12/index.php/Home/Index/ajaxGetRecentDisGoods.html
INFO: [ app_init ] --START--
INFO: Run Behavior\BuildLiteBehavior [ RunTime:0.000049s ]
INFO: [ app_init ] --END-- [ RunTime:0.001096s ]
INFO: [ app_begin ] --START--
INFO: Run Behavior\ReadHtmlCacheBehavior [ RunTime:0.003733s ]
INFO: [ app_begin ] --END-- [ RunTime:0.003994s ]
INFO: [ app_end ] --START--
INFO: Run Behavior\ShowPageTraceBehavior [ RunTime:0.002488s ]
INFO: [ app_end ] --END-- [ RunTime:0.002811s ]

[ 2017-09-20T17:37:03+08:00 ] ::1 /php34_12/index.php/Home/Member/ajaxChkLogin.html
INFO: [ app_init ] --START--
INFO: Run Behavior\BuildLiteBehavior [ RunTime:0.000054s ]
INFO: [ app_init ] --END-- [ RunTime:0.002093s ]
INFO: [ app_begin ] --START--
INFO: Run Behavior\ReadHtmlCacheBehavior [ RunTime:0.001610s ]
INFO: [ app_begin ] --END-- [ RunTime:0.001837s ]
INFO: [ app_end ] --START--
INFO: Run Behavior\ShowPageTraceBehavior [ RunTime:0.001402s ]
INFO: [ app_end ] --END-- [ RunTime:0.001555s ]

[ 2017-09-20T17:37:04+08:00 ] ::1 /php34_12/index.php/Home/Search/search/cid/14.html
INFO: [ app_init ] --START--
INFO: Run Behavior\BuildLiteBehavior [ RunTime:0.000035s ]
INFO: [ app_init ] --END-- [ RunTime:0.001047s ]
INFO: [ app_begin ] --START--
INFO: Run Behavior\ReadHtmlCacheBehavior [ RunTime:0.000944s ]
INFO: [ app_begin ] --END-- [ RunTime:0.001078s ]
SQL: SHOW COLUMNS FROM `php34_goods` [ RunTime:0.007920s ]
SQL: SHOW COLUMNS FROM `php34_category` [ RunTime:0.006599s ]
SQL: SELECT `search_attr_id` FROM `php34_category` WHERE ( `id` = 14 ) LIMIT 1   [ RunTime:0.000490s ]
SQL: SHOW COLUMNS FROM `php34_attribute` [ RunTime:0.008588s ]
SQL: SELECT `id`,`attr_name` FROM `php34_attribute` WHERE ( `id` IN ('') )  [ RunTime:0.000693s ]
SQL: SHOW COLUMNS FROM `php34_goods_attr` [ RunTime:0.006907s ]
NOTIC: [2] Invalid argument supplied for foreach() D:\Software\wamp\www\php34_12\Application\Home\Controller\SearchController.class.php 第 83 行.
NOTIC: [2] unlink(./Application/Runtime/Temp/dd3ec28a8579ab27da949392ca2f86dc.php): No such file or directory D:\Software\wamp\www\php34_12\ThinkPHP\Library\Think\Cache\Driver\File.class.php 第 157 行.
SQL: SHOW COLUMNS FROM `php34_goods_cat` [ RunTime:0.006911s ]
SQL: SELECT GROUP_CONCAT(DISTINCT goods_id) goods_id FROM `php34_goods_cat` WHERE ( `cat_id` = '14' ) LIMIT 1   [ RunTime:0.000725s ]
SQL: SELECT COUNT(*) AS tp_count FROM php34_goods a WHERE ( a.is_on_sale = 1 ) AND ( a.is_delete = 0 ) AND (  (a.cat_id =14  OR a.id IN(1))  ) LIMIT 1   [ RunTime:0.000744s ]
SQL: SELECT a.id,a.goods_name,`sm_logo`,`shop_price`,IFNULL(SUM(b.goods_number),0) xl,(SELECT count(id) FROM php34_comment c WHERE c.goods_id=a.id) pl FROM php34_goods a LEFT JOIN php34_order_goods b ON (a.id=b.goods_id AND b.order_id IN(SELECT id FROM php34_order WHERE pay_status=1))  WHERE ( a.is_on_sale = 1 ) AND ( a.is_delete = 0 ) AND (  (a.cat_id =14  OR a.id IN(1))  ) GROUP BY a.id ORDER BY xl DESC LIMIT 0,24   [ RunTime:0.001305s ]
INFO: [ view_parse ] --START--
INFO: [ template_filter ] --START--
INFO: Run Behavior\ContentReplaceBehavior [ RunTime:0.000275s ]
INFO: [ template_filter ] --END-- [ RunTime:0.000402s ]
SQL: SHOW COLUMNS FROM `php34_category` [ RunTime:0.007430s ]
SQL: SELECT * FROM `php34_category`  [ RunTime:0.000434s ]
NOTIC: [8] Undefined index: children D:\Software\wamp\www\php34_12\Application\Runtime\Cache\Home\dc21e6da2e1dbcec494898213c16ba46.php 第 155 行.
NOTIC: [2] Invalid argument supplied for foreach() D:\Software\wamp\www\php34_12\Application\Runtime\Cache\Home\dc21e6da2e1dbcec494898213c16ba46.php 第 155 行.
NOTIC: [2] array_fill(): Number of elements must be positive D:\Software\wamp\www\php34_12\Application\Runtime\Cache\Home\dc21e6da2e1dbcec494898213c16ba46.php 第 421 行.
NOTIC: [2] Invalid argument supplied for foreach() D:\Software\wamp\www\php34_12\Application\Runtime\Cache\Home\dc21e6da2e1dbcec494898213c16ba46.php 第 421 行.
NOTIC: [8] Undefined variable: data D:\Software\wamp\www\php34_12\Application\Runtime\Cache\Home\dc21e6da2e1dbcec494898213c16ba46.php 第 468 行.
INFO: Run Behavior\ParseTemplateBehavior [ RunTime:0.067385s ]
INFO: [ view_parse ] --END-- [ RunTime:0.067604s ]
INFO: [ view_filter ] --START--
INFO: Run Behavior\WriteHtmlCacheBehavior [ RunTime:0.001242s ]
INFO: [ view_filter ] --END-- [ RunTime:0.001451s ]
INFO: [ app_end ] --START--
INFO: Run Behavior\ShowPageTraceBehavior [ RunTime:0.001536s ]
INFO: [ app_end ] --END-- [ RunTime:0.001749s ]

[ 2017-09-20T17:37:05+08:00 ] ::1 /php34_12/index.php/Home/Index/ajaxGetRecentDisGoods.html
INFO: [ app_init ] --START--
INFO: Run Behavior\BuildLiteBehavior [ RunTime:0.000056s ]
INFO: [ app_init ] --END-- [ RunTime:0.001262s ]
INFO: [ app_begin ] --START--
INFO: Run Behavior\ReadHtmlCacheBehavior [ RunTime:0.001536s ]
INFO: [ app_begin ] --END-- [ RunTime:0.001753s ]
INFO: [ app_end ] --START--
INFO: Run Behavior\ShowPageTraceBehavior [ RunTime:0.001335s ]
INFO: [ app_end ] --END-- [ RunTime:0.001564s ]

[ 2017-09-20T17:37:05+08:00 ] ::1 /php34_12/index.php/Home/Member/ajaxChkLogin.html
INFO: [ app_init ] --START--
INFO: Run Behavior\BuildLiteBehavior [ RunTime:0.000061s ]
INFO: [ app_init ] --END-- [ RunTime:0.001433s ]
INFO: [ app_begin ] --START--
INFO: Run Behavior\ReadHtmlCacheBehavior [ RunTime:0.001253s ]
INFO: [ app_begin ] --END-- [ RunTime:0.001446s ]
INFO: [ app_end ] --START--
INFO: Run Behavior\ShowPageTraceBehavior [ RunTime:0.001409s ]
INFO: [ app_end ] --END-- [ RunTime:0.001617s ]

[ 2017-09-20T17:37:06+08:00 ] ::1 /php34_12/index.php/Home/Search/search/cid/14.html
INFO: [ app_init ] --START--
INFO: Run Behavior\BuildLiteBehavior [ RunTime:0.000031s ]
INFO: [ app_init ] --END-- [ RunTime:0.000726s ]
INFO: [ app_begin ] --START--
INFO: Run Behavior\ReadHtmlCacheBehavior [ RunTime:0.000902s ]
INFO: [ app_begin ] --END-- [ RunTime:0.001040s ]
SQL: SHOW COLUMNS FROM `php34_goods` [ RunTime:0.006499s ]
SQL: SHOW COLUMNS FROM `php34_category` [ RunTime:0.006256s ]
SQL: SELECT `search_attr_id` FROM `php34_category` WHERE ( `id` = 14 ) LIMIT 1   [ RunTime:0.000419s ]
SQL: SHOW COLUMNS FROM `php34_attribute` [ RunTime:0.005908s ]
SQL: SELECT `id`,`attr_name` FROM `php34_attribute` WHERE ( `id` IN ('') )  [ RunTime:0.000393s ]
SQL: SHOW COLUMNS FROM `php34_goods_attr` [ RunTime:0.006615s ]
NOTIC: [2] Invalid argument supplied for foreach() D:\Software\wamp\www\php34_12\Application\Home\Controller\SearchController.class.php 第 83 行.
NOTIC: [2] unlink(./Application/Runtime/Temp/dd3ec28a8579ab27da949392ca2f86dc.php): No such file or directory D:\Software\wamp\www\php34_12\ThinkPHP\Library\Think\Cache\Driver\File.class.php 第 157 行.
SQL: SHOW COLUMNS FROM `php34_goods_cat` [ RunTime:0.005475s ]
SQL: SELECT GROUP_CONCAT(DISTINCT goods_id) goods_id FROM `php34_goods_cat` WHERE ( `cat_id` = '14' ) LIMIT 1   [ RunTime:0.000651s ]
SQL: SELECT COUNT(*) AS tp_count FROM php34_goods a WHERE ( a.is_on_sale = 1 ) AND ( a.is_delete = 0 ) AND (  (a.cat_id =14  OR a.id IN(1))  ) LIMIT 1   [ RunTime:0.000520s ]
SQL: SELECT a.id,a.goods_name,`sm_logo`,`shop_price`,IFNULL(SUM(b.goods_number),0) xl,(SELECT count(id) FROM php34_comment c WHERE c.goods_id=a.id) pl FROM php34_goods a LEFT JOIN php34_order_goods b ON (a.id=b.goods_id AND b.order_id IN(SELECT id FROM php34_order WHERE pay_status=1))  WHERE ( a.is_on_sale = 1 ) AND ( a.is_delete = 0 ) AND (  (a.cat_id =14  OR a.id IN(1))  ) GROUP BY a.id ORDER BY xl DESC LIMIT 0,24   [ RunTime:0.002036s ]
INFO: [ view_parse ] --START--
INFO: [ template_filter ] --START--
INFO: Run Behavior\ContentReplaceBehavior [ RunTime:0.000271s ]
INFO: [ template_filter ] --END-- [ RunTime:0.000397s ]
SQL: SHOW COLUMNS FROM `php34_category` [ RunTime:0.006632s ]
SQL: SELECT * FROM `php34_category`  [ RunTime:0.000613s ]
NOTIC: [8] Undefined index: children D:\Software\wamp\www\php34_12\Application\Runtime\Cache\Home\dc21e6da2e1dbcec494898213c16ba46.php 第 155 行.
NOTIC: [2] Invalid argument supplied for foreach() D:\Software\wamp\www\php34_12\Application\Runtime\Cache\Home\dc21e6da2e1dbcec494898213c16ba46.php 第 155 行.
NOTIC: [2] array_fill(): Number of elements must be positive D:\Software\wamp\www\php34_12\Application\Runtime\Cache\Home\dc21e6da2e1dbcec494898213c16ba46.php 第 421 行.
NOTIC: [2] Invalid argument supplied for foreach() D:\Software\wamp\www\php34_12\Application\Runtime\Cache\Home\dc21e6da2e1dbcec494898213c16ba46.php 第 421 行.
NOTIC: [8] Undefined variable: data D:\Software\wamp\www\php34_12\Application\Runtime\Cache\Home\dc21e6da2e1dbcec494898213c16ba46.php 第 468 行.
INFO: Run Behavior\ParseTemplateBehavior [ RunTime:0.066595s ]
INFO: [ view_parse ] --END-- [ RunTime:0.066730s ]
INFO: [ view_filter ] --START--
INFO: Run Behavior\WriteHtmlCacheBehavior [ RunTime:0.000865s ]
INFO: [ view_filter ] --END-- [ RunTime:0.000977s ]
INFO: [ app_end ] --START--
INFO: Run Behavior\ShowPageTraceBehavior [ RunTime:0.000888s ]
INFO: [ app_end ] --END-- [ RunTime:0.001004s ]

[ 2017-09-20T17:37:06+08:00 ] ::1 /php34_12/index.php/Home/Index/ajaxGetRecentDisGoods.html
INFO: [ app_init ] --START--
INFO: Run Behavior\BuildLiteBehavior [ RunTime:0.000057s ]
INFO: [ app_init ] --END-- [ RunTime:0.001174s ]
INFO: [ app_begin ] --START--
INFO: Run Behavior\ReadHtmlCacheBehavior [ RunTime:0.001557s ]
INFO: [ app_begin ] --END-- [ RunTime:0.001775s ]
INFO: [ app_end ] --START--
INFO: Run Behavior\ShowPageTraceBehavior [ RunTime:0.001148s ]
INFO: [ app_end ] --END-- [ RunTime:0.001319s ]

[ 2017-09-20T17:37:06+08:00 ] ::1 /php34_12/index.php/Home/Member/ajaxChkLogin.html
INFO: [ app_init ] --START--
INFO: Run Behavior\BuildLiteBehavior [ RunTime:0.000051s ]
INFO: [ app_init ] --END-- [ RunTime:0.001550s ]
INFO: [ app_begin ] --START--
INFO: Run Behavior\ReadHtmlCacheBehavior [ RunTime:0.001267s ]
INFO: [ app_begin ] --END-- [ RunTime:0.001493s ]
INFO: [ app_end ] --START--
INFO: Run Behavior\ShowPageTraceBehavior [ RunTime:0.000890s ]
INFO: [ app_end ] --END-- [ RunTime:0.001022s ]

[ 2017-09-20T17:37:07+08:00 ] ::1 /php34_12/index.php/Home/Search/search/cid/14.html
INFO: [ app_init ] --START--
INFO: Run Behavior\BuildLiteBehavior [ RunTime:0.000031s ]
INFO: [ app_init ] --END-- [ RunTime:0.000750s ]
INFO: [ app_begin ] --START--
INFO: Run Behavior\ReadHtmlCacheBehavior [ RunTime:0.001670s ]
INFO: [ app_begin ] --END-- [ RunTime:0.001941s ]
SQL: SHOW COLUMNS FROM `php34_goods` [ RunTime:0.007661s ]
SQL: SHOW COLUMNS FROM `php34_category` [ RunTime:0.006609s ]
SQL: SELECT `search_attr_id` FROM `php34_category` WHERE ( `id` = 14 ) LIMIT 1   [ RunTime:0.000546s ]
SQL: SHOW COLUMNS FROM `php34_attribute` [ RunTime:0.006074s ]
SQL: SELECT `id`,`attr_name` FROM `php34_attribute` WHERE ( `id` IN ('') )  [ RunTime:0.000360s ]
SQL: SHOW COLUMNS FROM `php34_goods_attr` [ RunTime:0.005914s ]
NOTIC: [2] Invalid argument supplied for foreach() D:\Software\wamp\www\php34_12\Application\Home\Controller\SearchController.class.php 第 83 行.
NOTIC: [2] unlink(./Application/Runtime/Temp/dd3ec28a8579ab27da949392ca2f86dc.php): No such file or directory D:\Software\wamp\www\php34_12\ThinkPHP\Library\Think\Cache\Driver\File.class.php 第 157 行.
SQL: SHOW COLUMNS FROM `php34_goods_cat` [ RunTime:0.005493s ]
SQL: SELECT GROUP_CONCAT(DISTINCT goods_id) goods_id FROM `php34_goods_cat` WHERE ( `cat_id` = '14' ) LIMIT 1   [ RunTime:0.000626s ]
SQL: SELECT COUNT(*) AS tp_count FROM php34_goods a WHERE ( a.is_on_sale = 1 ) AND ( a.is_delete = 0 ) AND (  (a.cat_id =14  OR a.id IN(1))  ) LIMIT 1   [ RunTime:0.000588s ]
SQL: SELECT a.id,a.goods_name,`sm_logo`,`shop_price`,IFNULL(SUM(b.goods_number),0) xl,(SELECT count(id) FROM php34_comment c WHERE c.goods_id=a.id) pl FROM php34_goods a LEFT JOIN php34_order_goods b ON (a.id=b.goods_id AND b.order_id IN(SELECT id FROM php34_order WHERE pay_status=1))  WHERE ( a.is_on_sale = 1 ) AND ( a.is_delete = 0 ) AND (  (a.cat_id =14  OR a.id IN(1))  ) GROUP BY a.id ORDER BY xl DESC LIMIT 0,24   [ RunTime:0.001998s ]
INFO: [ view_parse ] --START--
INFO: [ template_filter ] --START--
INFO: Run Behavior\ContentReplaceBehavior [ RunTime:0.000265s ]
INFO: [ template_filter ] --END-- [ RunTime:0.000421s ]
SQL: SHOW COLUMNS FROM `php34_category` [ RunTime:0.005576s ]
SQL: SELECT * FROM `php34_category`  [ RunTime:0.000503s ]
NOTIC: [8] Undefined index: children D:\Software\wamp\www\php34_12\Application\Runtime\Cache\Home\dc21e6da2e1dbcec494898213c16ba46.php 第 155 行.
NOTIC: [2] Invalid argument supplied for foreach() D:\Software\wamp\www\php34_12\Application\Runtime\Cache\Home\dc21e6da2e1dbcec494898213c16ba46.php 第 155 行.
NOTIC: [2] array_fill(): Number of elements must be positive D:\Software\wamp\www\php34_12\Application\Runtime\Cache\Home\dc21e6da2e1dbcec494898213c16ba46.php 第 421 行.
NOTIC: [2] Invalid argument supplied for foreach() D:\Software\wamp\www\php34_12\Application\Runtime\Cache\Home\dc21e6da2e1dbcec494898213c16ba46.php 第 421 行.
NOTIC: [8] Undefined variable: data D:\Software\wamp\www\php34_12\Application\Runtime\Cache\Home\dc21e6da2e1dbcec494898213c16ba46.php 第 468 行.
INFO: Run Behavior\ParseTemplateBehavior [ RunTime:0.055991s ]
INFO: [ view_parse ] --END-- [ RunTime:0.056171s ]
INFO: [ view_filter ] --START--
INFO: Run Behavior\WriteHtmlCacheBehavior [ RunTime:0.000894s ]
INFO: [ view_filter ] --END-- [ RunTime:0.001009s ]
INFO: [ app_end ] --START--
INFO: Run Behavior\ShowPageTraceBehavior [ RunTime:0.000936s ]
INFO: [ app_end ] --END-- [ RunTime:0.001057s ]

[ 2017-09-20T17:37:07+08:00 ] ::1 /php34_12/index.php/Home/Index/ajaxGetRecentDisGoods.html
INFO: [ app_init ] --START--
INFO: Run Behavior\BuildLiteBehavior [ RunTime:0.000067s ]
INFO: [ app_init ] --END-- [ RunTime:0.001114s ]
INFO: [ app_begin ] --START--
INFO: Run Behavior\ReadHtmlCacheBehavior [ RunTime:0.001764s ]
INFO: [ app_begin ] --END-- [ RunTime:0.001976s ]
INFO: [ app_end ] --START--
INFO: Run Behavior\ShowPageTraceBehavior [ RunTime:0.001663s ]
INFO: [ app_end ] --END-- [ RunTime:0.001886s ]

[ 2017-09-20T17:37:07+08:00 ] ::1 /php34_12/index.php/Home/Member/ajaxChkLogin.html
INFO: [ app_init ] --START--
INFO: Run Behavior\BuildLiteBehavior [ RunTime:0.000035s ]
INFO: [ app_init ] --END-- [ RunTime:0.001000s ]
INFO: [ app_begin ] --START--
INFO: Run Behavior\ReadHtmlCacheBehavior [ RunTime:0.001576s ]
INFO: [ app_begin ] --END-- [ RunTime:0.001828s ]
INFO: [ app_end ] --START--
INFO: Run Behavior\ShowPageTraceBehavior [ RunTime:0.001518s ]
INFO: [ app_end ] --END-- [ RunTime:0.001681s ]

[ 2017-09-20T17:37:08+08:00 ] ::1 /php34_12/index.php/Home/Search/search/cid/14.html
INFO: [ app_init ] --START--
INFO: Run Behavior\BuildLiteBehavior [ RunTime:0.000032s ]
INFO: [ app_init ] --END-- [ RunTime:0.000786s ]
INFO: [ app_begin ] --START--
INFO: Run Behavior\ReadHtmlCacheBehavior [ RunTime:0.001496s ]
INFO: [ app_begin ] --END-- [ RunTime:0.001802s ]
SQL: SHOW COLUMNS FROM `php34_goods` [ RunTime:0.006223s ]
SQL: SHOW COLUMNS FROM `php34_category` [ RunTime:0.006312s ]
SQL: SELECT `search_attr_id` FROM `php34_category` WHERE ( `id` = 14 ) LIMIT 1   [ RunTime:0.000396s ]
SQL: SHOW COLUMNS FROM `php34_attribute` [ RunTime:0.006473s ]
SQL: SELECT `id`,`attr_name` FROM `php34_attribute` WHERE ( `id` IN ('') )  [ RunTime:0.000606s ]
SQL: SHOW COLUMNS FROM `php34_goods_attr` [ RunTime:0.005739s ]
NOTIC: [2] Invalid argument supplied for foreach() D:\Software\wamp\www\php34_12\Application\Home\Controller\SearchController.class.php 第 83 行.
NOTIC: [2] unlink(./Application/Runtime/Temp/dd3ec28a8579ab27da949392ca2f86dc.php): No such file or directory D:\Software\wamp\www\php34_12\ThinkPHP\Library\Think\Cache\Driver\File.class.php 第 157 行.
SQL: SHOW COLUMNS FROM `php34_goods_cat` [ RunTime:0.005863s ]
SQL: SELECT GROUP_CONCAT(DISTINCT goods_id) goods_id FROM `php34_goods_cat` WHERE ( `cat_id` = '14' ) LIMIT 1   [ RunTime:0.000654s ]
SQL: SELECT COUNT(*) AS tp_count FROM php34_goods a WHERE ( a.is_on_sale = 1 ) AND ( a.is_delete = 0 ) AND (  (a.cat_id =14  OR a.id IN(1))  ) LIMIT 1   [ RunTime:0.000465s ]
SQL: SELECT a.id,a.goods_name,`sm_logo`,`shop_price`,IFNULL(SUM(b.goods_number),0) xl,(SELECT count(id) FROM php34_comment c WHERE c.goods_id=a.id) pl FROM php34_goods a LEFT JOIN php34_order_goods b ON (a.id=b.goods_id AND b.order_id IN(SELECT id FROM php34_order WHERE pay_status=1))  WHERE ( a.is_on_sale = 1 ) AND ( a.is_delete = 0 ) AND (  (a.cat_id =14  OR a.id IN(1))  ) GROUP BY a.id ORDER BY xl DESC LIMIT 0,24   [ RunTime:0.001125s ]
INFO: [ view_parse ] --START--
INFO: [ template_filter ] --START--
INFO: Run Behavior\ContentReplaceBehavior [ RunTime:0.000268s ]
INFO: [ template_filter ] --END-- [ RunTime:0.000394s ]
SQL: SHOW COLUMNS FROM `php34_category` [ RunTime:0.009114s ]
SQL: SELECT * FROM `php34_category`  [ RunTime:0.000638s ]
NOTIC: [8] Undefined index: children D:\Software\wamp\www\php34_12\Application\Runtime\Cache\Home\dc21e6da2e1dbcec494898213c16ba46.php 第 155 行.
NOTIC: [2] Invalid argument supplied for foreach() D:\Software\wamp\www\php34_12\Application\Runtime\Cache\Home\dc21e6da2e1dbcec494898213c16ba46.php 第 155 行.
NOTIC: [2] array_fill(): Number of elements must be positive D:\Software\wamp\www\php34_12\Application\Runtime\Cache\Home\dc21e6da2e1dbcec494898213c16ba46.php 第 421 行.
NOTIC: [2] Invalid argument supplied for foreach() D:\Software\wamp\www\php34_12\Application\Runtime\Cache\Home\dc21e6da2e1dbcec494898213c16ba46.php 第 421 行.
NOTIC: [8] Undefined variable: data D:\Software\wamp\www\php34_12\Application\Runtime\Cache\Home\dc21e6da2e1dbcec494898213c16ba46.php 第 468 行.
INFO: Run Behavior\ParseTemplateBehavior [ RunTime:0.059242s ]
INFO: [ view_parse ] --END-- [ RunTime:0.059360s ]
INFO: [ view_filter ] --START--
INFO: Run Behavior\WriteHtmlCacheBehavior [ RunTime:0.000905s ]
INFO: [ view_filter ] --END-- [ RunTime:0.001025s ]
INFO: [ app_end ] --START--
INFO: Run Behavior\ShowPageTraceBehavior [ RunTime:0.000926s ]
INFO: [ app_end ] --END-- [ RunTime:0.001041s ]

[ 2017-09-20T17:37:08+08:00 ] ::1 /php34_12/index.php/Home/Index/ajaxGetRecentDisGoods.html
INFO: [ app_init ] --START--
INFO: Run Behavior\BuildLiteBehavior [ RunTime:0.000036s ]
INFO: [ app_init ] --END-- [ RunTime:0.001330s ]
INFO: [ app_begin ] --START--
INFO: Run Behavior\ReadHtmlCacheBehavior [ RunTime:0.001177s ]
INFO: [ app_begin ] --END-- [ RunTime:0.001413s ]
INFO: [ app_end ] --START--
INFO: Run Behavior\ShowPageTraceBehavior [ RunTime:0.004978s ]
INFO: [ app_end ] --END-- [ RunTime:0.005230s ]

[ 2017-09-20T17:37:08+08:00 ] ::1 /php34_12/index.php/Home/Member/ajaxChkLogin.html
INFO: [ app_init ] --START--
INFO: Run Behavior\BuildLiteBehavior [ RunTime:0.000068s ]
INFO: [ app_init ] --END-- [ RunTime:0.001331s ]
INFO: [ app_begin ] --START--
INFO: Run Behavior\ReadHtmlCacheBehavior [ RunTime:0.001342s ]
INFO: [ app_begin ] --END-- [ RunTime:0.001567s ]
INFO: [ app_end ] --START--
INFO: Run Behavior\ShowPageTraceBehavior [ RunTime:0.001073s ]
INFO: [ app_end ] --END-- [ RunTime:0.001241s ]

[ 2017-09-20T17:37:09+08:00 ] ::1 /php34_12/index.php/Home/Search/search/cid/14.html
INFO: [ app_init ] --START--
INFO: Run Behavior\BuildLiteBehavior [ RunTime:0.000034s ]
INFO: [ app_init ] --END-- [ RunTime:0.000955s ]
INFO: [ app_begin ] --START--
INFO: Run Behavior\ReadHtmlCacheBehavior [ RunTime:0.001372s ]
INFO: [ app_begin ] --END-- [ RunTime:0.001518s ]
SQL: SHOW COLUMNS FROM `php34_goods` [ RunTime:0.007848s ]
SQL: SHOW COLUMNS FROM `php34_category` [ RunTime:0.006592s ]
SQL: SELECT `search_attr_id` FROM `php34_category` WHERE ( `id` = 14 ) LIMIT 1   [ RunTime:0.000396s ]
SQL: SHOW COLUMNS FROM `php34_attribute` [ RunTime:0.005457s ]
SQL: SELECT `id`,`attr_name` FROM `php34_attribute` WHERE ( `id` IN ('') )  [ RunTime:0.000416s ]
SQL: SHOW COLUMNS FROM `php34_goods_attr` [ RunTime:0.005915s ]
NOTIC: [2] Invalid argument supplied for foreach() D:\Software\wamp\www\php34_12\Application\Home\Controller\SearchController.class.php 第 83 行.
NOTIC: [2] unlink(./Application/Runtime/Temp/dd3ec28a8579ab27da949392ca2f86dc.php): No such file or directory D:\Software\wamp\www\php34_12\ThinkPHP\Library\Think\Cache\Driver\File.class.php 第 157 行.
SQL: SHOW COLUMNS FROM `php34_goods_cat` [ RunTime:0.005596s ]
SQL: SELECT GROUP_CONCAT(DISTINCT goods_id) goods_id FROM `php34_goods_cat` WHERE ( `cat_id` = '14' ) LIMIT 1   [ RunTime:0.000639s ]
SQL: SELECT COUNT(*) AS tp_count FROM php34_goods a WHERE ( a.is_on_sale = 1 ) AND ( a.is_delete = 0 ) AND (  (a.cat_id =14  OR a.id IN(1))  ) LIMIT 1   [ RunTime:0.001163s ]
SQL: SELECT a.id,a.goods_name,`sm_logo`,`shop_price`,IFNULL(SUM(b.goods_number),0) xl,(SELECT count(id) FROM php34_comment c WHERE c.goods_id=a.id) pl FROM php34_goods a LEFT JOIN php34_order_goods b ON (a.id=b.goods_id AND b.order_id IN(SELECT id FROM php34_order WHERE pay_status=1))  WHERE ( a.is_on_sale = 1 ) AND ( a.is_delete = 0 ) AND (  (a.cat_id =14  OR a.id IN(1))  ) GROUP BY a.id ORDER BY xl DESC LIMIT 0,24   [ RunTime:0.001637s ]
INFO: [ view_parse ] --START--
INFO: [ template_filter ] --START--
INFO: Run Behavior\ContentReplaceBehavior [ RunTime:0.000277s ]
INFO: [ template_filter ] --END-- [ RunTime:0.000401s ]
SQL: SHOW COLUMNS FROM `php34_category` [ RunTime:0.006503s ]
SQL: SELECT * FROM `php34_category`  [ RunTime:0.000374s ]
NOTIC: [8] Undefined index: children D:\Software\wamp\www\php34_12\Application\Runtime\Cache\Home\dc21e6da2e1dbcec494898213c16ba46.php 第 155 行.
NOTIC: [2] Invalid argument supplied for foreach() D:\Software\wamp\www\php34_12\Application\Runtime\Cache\Home\dc21e6da2e1dbcec494898213c16ba46.php 第 155 行.
NOTIC: [2] array_fill(): Number of elements must be positive D:\Software\wamp\www\php34_12\Application\Runtime\Cache\Home\dc21e6da2e1dbcec494898213c16ba46.php 第 421 行.
NOTIC: [2] Invalid argument supplied for foreach() D:\Software\wamp\www\php34_12\Application\Runtime\Cache\Home\dc21e6da2e1dbcec494898213c16ba46.php 第 421 行.
NOTIC: [8] Undefined variable: data D:\Software\wamp\www\php34_12\Application\Runtime\Cache\Home\dc21e6da2e1dbcec494898213c16ba46.php 第 468 行.
INFO: Run Behavior\ParseTemplateBehavior [ RunTime:0.059432s ]
INFO: [ view_parse ] --END-- [ RunTime:0.059639s ]
INFO: [ view_filter ] --START--
INFO: Run Behavior\WriteHtmlCacheBehavior [ RunTime:0.001116s ]
INFO: [ view_filter ] --END-- [ RunTime:0.001302s ]
INFO: [ app_end ] --START--
INFO: Run Behavior\ShowPageTraceBehavior [ RunTime:0.000884s ]
INFO: [ app_end ] --END-- [ RunTime:0.000994s ]

[ 2017-09-20T17:37:09+08:00 ] ::1 /php34_12/index.php/Home/Index/ajaxGetRecentDisGoods.html
INFO: [ app_init ] --START--
INFO: Run Behavior\BuildLiteBehavior [ RunTime:0.000077s ]
INFO: [ app_init ] --END-- [ RunTime:0.001239s ]
INFO: [ app_begin ] --START--
INFO: Run Behavior\ReadHtmlCacheBehavior [ RunTime:0.001425s ]
INFO: [ app_begin ] --END-- [ RunTime:0.001625s ]
INFO: [ app_end ] --START--
INFO: Run Behavior\ShowPageTraceBehavior [ RunTime:0.001185s ]
INFO: [ app_end ] --END-- [ RunTime:0.001342s ]

[ 2017-09-20T17:37:09+08:00 ] ::1 /php34_12/index.php/Home/Member/ajaxChkLogin.html
INFO: [ app_init ] --START--
INFO: Run Behavior\BuildLiteBehavior [ RunTime:0.000052s ]
INFO: [ app_init ] --END-- [ RunTime:0.001202s ]
INFO: [ app_begin ] --START--
INFO: Run Behavior\ReadHtmlCacheBehavior [ RunTime:0.001285s ]
INFO: [ app_begin ] --END-- [ RunTime:0.001474s ]
INFO: [ app_end ] --START--
INFO: Run Behavior\ShowPageTraceBehavior [ RunTime:0.001739s ]
INFO: [ app_end ] --END-- [ RunTime:0.002096s ]

[ 2017-09-20T17:37:09+08:00 ] ::1 /php34_12/index.php/Home/Search/search/cid/14.html
INFO: [ app_init ] --START--
INFO: Run Behavior\BuildLiteBehavior [ RunTime:0.000034s ]
INFO: [ app_init ] --END-- [ RunTime:0.000799s ]
INFO: [ app_begin ] --START--
INFO: Run Behavior\ReadHtmlCacheBehavior [ RunTime:0.001069s ]
INFO: [ app_begin ] --END-- [ RunTime:0.001214s ]
SQL: SHOW COLUMNS FROM `php34_goods` [ RunTime:0.007764s ]
SQL: SHOW COLUMNS FROM `php34_category` [ RunTime:0.006538s ]
SQL: SELECT `search_attr_id` FROM `php34_category` WHERE ( `id` = 14 ) LIMIT 1   [ RunTime:0.000551s ]
SQL: SHOW COLUMNS FROM `php34_attribute` [ RunTime:0.006893s ]
SQL: SELECT `id`,`attr_name` FROM `php34_attribute` WHERE ( `id` IN ('') )  [ RunTime:0.000372s ]
SQL: SHOW COLUMNS FROM `php34_goods_attr` [ RunTime:0.005408s ]
NOTIC: [2] Invalid argument supplied for foreach() D:\Software\wamp\www\php34_12\Application\Home\Controller\SearchController.class.php 第 83 行.
NOTIC: [2] unlink(./Application/Runtime/Temp/dd3ec28a8579ab27da949392ca2f86dc.php): No such file or directory D:\Software\wamp\www\php34_12\ThinkPHP\Library\Think\Cache\Driver\File.class.php 第 157 行.
SQL: SHOW COLUMNS FROM `php34_goods_cat` [ RunTime:0.005576s ]
SQL: SELECT GROUP_CONCAT(DISTINCT goods_id) goods_id FROM `php34_goods_cat` WHERE ( `cat_id` = '14' ) LIMIT 1   [ RunTime:0.000737s ]
SQL: SELECT COUNT(*) AS tp_count FROM php34_goods a WHERE ( a.is_on_sale = 1 ) AND ( a.is_delete = 0 ) AND (  (a.cat_id =14  OR a.id IN(1))  ) LIMIT 1   [ RunTime:0.000587s ]
SQL: SELECT a.id,a.goods_name,`sm_logo`,`shop_price`,IFNULL(SUM(b.goods_number),0) xl,(SELECT count(id) FROM php34_comment c WHERE c.goods_id=a.id) pl FROM php34_goods a LEFT JOIN php34_order_goods b ON (a.id=b.goods_id AND b.order_id IN(SELECT id FROM php34_order WHERE pay_status=1))  WHERE ( a.is_on_sale = 1 ) AND ( a.is_delete = 0 ) AND (  (a.cat_id =14  OR a.id IN(1))  ) GROUP BY a.id ORDER BY xl DESC LIMIT 0,24   [ RunTime:0.001274s ]
INFO: [ view_parse ] --START--
INFO: [ template_filter ] --START--
INFO: Run Behavior\ContentReplaceBehavior [ RunTime:0.000837s ]
INFO: [ template_filter ] --END-- [ RunTime:0.001032s ]
SQL: SHOW COLUMNS FROM `php34_category` [ RunTime:0.008002s ]
SQL: SELECT * FROM `php34_category`  [ RunTime:0.000657s ]
NOTIC: [8] Undefined index: children D:\Software\wamp\www\php34_12\Application\Runtime\Cache\Home\dc21e6da2e1dbcec494898213c16ba46.php 第 155 行.
NOTIC: [2] Invalid argument supplied for foreach() D:\Software\wamp\www\php34_12\Application\Runtime\Cache\Home\dc21e6da2e1dbcec494898213c16ba46.php 第 155 行.
NOTIC: [2] array_fill(): Number of elements must be positive D:\Software\wamp\www\php34_12\Application\Runtime\Cache\Home\dc21e6da2e1dbcec494898213c16ba46.php 第 421 行.
NOTIC: [2] Invalid argument supplied for foreach() D:\Software\wamp\www\php34_12\Application\Runtime\Cache\Home\dc21e6da2e1dbcec494898213c16ba46.php 第 421 行.
NOTIC: [8] Undefined variable: data D:\Software\wamp\www\php34_12\Application\Runtime\Cache\Home\dc21e6da2e1dbcec494898213c16ba46.php 第 468 行.
INFO: Run Behavior\ParseTemplateBehavior [ RunTime:0.059202s ]
INFO: [ view_parse ] --END-- [ RunTime:0.059320s ]
INFO: [ view_filter ] --START--
INFO: Run Behavior\WriteHtmlCacheBehavior [ RunTime:0.000859s ]
INFO: [ view_filter ] --END-- [ RunTime:0.000967s ]
INFO: [ app_end ] --START--
INFO: Run Behavior\ShowPageTraceBehavior [ RunTime:0.000804s ]
INFO: [ app_end ] --END-- [ RunTime:0.000919s ]

[ 2017-09-20T17:37:10+08:00 ] ::1 /php34_12/index.php/Home/Index/ajaxGetRecentDisGoods.html
INFO: [ app_init ] --START--
INFO: Run Behavior\BuildLiteBehavior [ RunTime:0.000055s ]
INFO: [ app_init ] --END-- [ RunTime:0.001204s ]
INFO: [ app_begin ] --START--
INFO: Run Behavior\ReadHtmlCacheBehavior [ RunTime:0.002774s ]
INFO: [ app_begin ] --END-- [ RunTime:0.003094s ]
INFO: [ app_end ] --START--
INFO: Run Behavior\ShowPageTraceBehavior [ RunTime:0.001759s ]
INFO: [ app_end ] --END-- [ RunTime:0.002017s ]

[ 2017-09-20T17:37:10+08:00 ] ::1 /php34_12/index.php/Home/Member/ajaxChkLogin.html
INFO: [ app_init ] --START--
INFO: Run Behavior\BuildLiteBehavior [ RunTime:0.000060s ]
INFO: [ app_init ] --END-- [ RunTime:0.001243s ]
INFO: [ app_begin ] --START--
INFO: Run Behavior\ReadHtmlCacheBehavior [ RunTime:0.001003s ]
INFO: [ app_begin ] --END-- [ RunTime:0.001144s ]
INFO: [ app_end ] --START--
INFO: Run Behavior\ShowPageTraceBehavior [ RunTime:0.002508s ]
INFO: [ app_end ] --END-- [ RunTime:0.002736s ]

[ 2017-09-20T17:37:12+08:00 ] ::1 /php34_12/index.php/Home/Search/search/cid/14.html
INFO: [ app_init ] --START--
INFO: Run Behavior\BuildLiteBehavior [ RunTime:0.000031s ]
INFO: [ app_init ] --END-- [ RunTime:0.000852s ]
INFO: [ app_begin ] --START--
INFO: Run Behavior\ReadHtmlCacheBehavior [ RunTime:0.001053s ]
INFO: [ app_begin ] --END-- [ RunTime:0.001203s ]
SQL: SHOW COLUMNS FROM `php34_goods` [ RunTime:0.005971s ]
SQL: SHOW COLUMNS FROM `php34_category` [ RunTime:0.006357s ]
SQL: SELECT `search_attr_id` FROM `php34_category` WHERE ( `id` = 14 ) LIMIT 1   [ RunTime:0.000466s ]
SQL: SHOW COLUMNS FROM `php34_attribute` [ RunTime:0.006334s ]
SQL: SELECT `id`,`attr_name` FROM `php34_attribute` WHERE ( `id` IN ('') )  [ RunTime:0.000411s ]
SQL: SHOW COLUMNS FROM `php34_goods_attr` [ RunTime:0.005850s ]
NOTIC: [2] Invalid argument supplied for foreach() D:\Software\wamp\www\php34_12\Application\Home\Controller\SearchController.class.php 第 83 行.
NOTIC: [2] unlink(./Application/Runtime/Temp/dd3ec28a8579ab27da949392ca2f86dc.php): No such file or directory D:\Software\wamp\www\php34_12\ThinkPHP\Library\Think\Cache\Driver\File.class.php 第 157 行.
SQL: SHOW COLUMNS FROM `php34_goods_cat` [ RunTime:0.005655s ]
SQL: SELECT GROUP_CONCAT(DISTINCT goods_id) goods_id FROM `php34_goods_cat` WHERE ( `cat_id` = '14' ) LIMIT 1   [ RunTime:0.000849s ]
SQL: SELECT COUNT(*) AS tp_count FROM php34_goods a WHERE ( a.is_on_sale = 1 ) AND ( a.is_delete = 0 ) AND (  (a.cat_id =14  OR a.id IN(1))  ) LIMIT 1   [ RunTime:0.000712s ]
SQL: SELECT a.id,a.goods_name,`sm_logo`,`shop_price`,IFNULL(SUM(b.goods_number),0) xl,(SELECT count(id) FROM php34_comment c WHERE c.goods_id=a.id) pl FROM php34_goods a LEFT JOIN php34_order_goods b ON (a.id=b.goods_id AND b.order_id IN(SELECT id FROM php34_order WHERE pay_status=1))  WHERE ( a.is_on_sale = 1 ) AND ( a.is_delete = 0 ) AND (  (a.cat_id =14  OR a.id IN(1))  ) GROUP BY a.id ORDER BY xl DESC LIMIT 0,24   [ RunTime:0.001231s ]
INFO: [ view_parse ] --START--
INFO: [ template_filter ] --START--
INFO: Run Behavior\ContentReplaceBehavior [ RunTime:0.000264s ]
INFO: [ template_filter ] --END-- [ RunTime:0.000387s ]
SQL: SHOW COLUMNS FROM `php34_category` [ RunTime:0.005764s ]
SQL: SELECT * FROM `php34_category`  [ RunTime:0.000436s ]
NOTIC: [8] Undefined index: children D:\Software\wamp\www\php34_12\Application\Runtime\Cache\Home\dc21e6da2e1dbcec494898213c16ba46.php 第 155 行.
NOTIC: [2] Invalid argument supplied for foreach() D:\Software\wamp\www\php34_12\Application\Runtime\Cache\Home\dc21e6da2e1dbcec494898213c16ba46.php 第 155 行.
NOTIC: [2] array_fill(): Number of elements must be positive D:\Software\wamp\www\php34_12\Application\Runtime\Cache\Home\dc21e6da2e1dbcec494898213c16ba46.php 第 421 行.
NOTIC: [2] Invalid argument supplied for foreach() D:\Software\wamp\www\php34_12\Application\Runtime\Cache\Home\dc21e6da2e1dbcec494898213c16ba46.php 第 421 行.
NOTIC: [8] Undefined variable: data D:\Software\wamp\www\php34_12\Application\Runtime\Cache\Home\dc21e6da2e1dbcec494898213c16ba46.php 第 468 行.
INFO: Run Behavior\ParseTemplateBehavior [ RunTime:0.051852s ]
INFO: [ view_parse ] --END-- [ RunTime:0.052003s ]
INFO: [ view_filter ] --START--
INFO: Run Behavior\WriteHtmlCacheBehavior [ RunTime:0.001026s ]
INFO: [ view_filter ] --END-- [ RunTime:0.001148s ]
INFO: [ app_end ] --START--
INFO: Run Behavior\ShowPageTraceBehavior [ RunTime:0.000942s ]
INFO: [ app_end ] --END-- [ RunTime:0.001060s ]

[ 2017-09-20T17:37:12+08:00 ] ::1 /php34_12/index.php/Home/Index/ajaxGetRecentDisGoods.html
INFO: [ app_init ] --START--
INFO: Run Behavior\BuildLiteBehavior [ RunTime:0.000052s ]
INFO: [ app_init ] --END-- [ RunTime:0.001607s ]
INFO: [ app_begin ] --START--
INFO: Run Behavior\ReadHtmlCacheBehavior [ RunTime:0.001421s ]
INFO: [ app_begin ] --END-- [ RunTime:0.001666s ]
INFO: [ app_end ] --START--
INFO: Run Behavior\ShowPageTraceBehavior [ RunTime:0.002083s ]
INFO: [ app_end ] --END-- [ RunTime:0.002292s ]

[ 2017-09-20T17:37:12+08:00 ] ::1 /php34_12/index.php/Home/Member/ajaxChkLogin.html
INFO: [ app_init ] --START--
INFO: Run Behavior\BuildLiteBehavior [ RunTime:0.000049s ]
INFO: [ app_init ] --END-- [ RunTime:0.001305s ]
INFO: [ app_begin ] --START--
INFO: Run Behavior\ReadHtmlCacheBehavior [ RunTime:0.001429s ]
INFO: [ app_begin ] --END-- [ RunTime:0.001705s ]
INFO: [ app_end ] --START--
INFO: Run Behavior\ShowPageTraceBehavior [ RunTime:0.001141s ]
INFO: [ app_end ] --END-- [ RunTime:0.001287s ]

[ 2017-09-20T17:37:14+08:00 ] ::1 /php34_12/index.php/Home/Search/search/cid/14.html
INFO: [ app_init ] --START--
INFO: Run Behavior\BuildLiteBehavior [ RunTime:0.000033s ]
INFO: [ app_init ] --END-- [ RunTime:0.000796s ]
INFO: [ app_begin ] --START--
INFO: Run Behavior\ReadHtmlCacheBehavior [ RunTime:0.000908s ]
INFO: [ app_begin ] --END-- [ RunTime:0.001061s ]
SQL: SHOW COLUMNS FROM `php34_goods` [ RunTime:0.006841s ]
SQL: SHOW COLUMNS FROM `php34_category` [ RunTime:0.005342s ]
SQL: SELECT `search_attr_id` FROM `php34_category` WHERE ( `id` = 14 ) LIMIT 1   [ RunTime:0.000402s ]
SQL: SHOW COLUMNS FROM `php34_attribute` [ RunTime:0.006509s ]
SQL: SELECT `id`,`attr_name` FROM `php34_attribute` WHERE ( `id` IN ('') )  [ RunTime:0.000553s ]
SQL: SHOW COLUMNS FROM `php34_goods_attr` [ RunTime:0.006328s ]
NOTIC: [2] Invalid argument supplied for foreach() D:\Software\wamp\www\php34_12\Application\Home\Controller\SearchController.class.php 第 83 行.
NOTIC: [2] unlink(./Application/Runtime/Temp/dd3ec28a8579ab27da949392ca2f86dc.php): No such file or directory D:\Software\wamp\www\php34_12\ThinkPHP\Library\Think\Cache\Driver\File.class.php 第 157 行.
SQL: SHOW COLUMNS FROM `php34_goods_cat` [ RunTime:0.006661s ]
SQL: SELECT GROUP_CONCAT(DISTINCT goods_id) goods_id FROM `php34_goods_cat` WHERE ( `cat_id` = '14' ) LIMIT 1   [ RunTime:0.000601s ]
SQL: SELECT COUNT(*) AS tp_count FROM php34_goods a WHERE ( a.is_on_sale = 1 ) AND ( a.is_delete = 0 ) AND (  (a.cat_id =14  OR a.id IN(1))  ) LIMIT 1   [ RunTime:0.000541s ]
SQL: SELECT a.id,a.goods_name,`sm_logo`,`shop_price`,IFNULL(SUM(b.goods_number),0) xl,(SELECT count(id) FROM php34_comment c WHERE c.goods_id=a.id) pl FROM php34_goods a LEFT JOIN php34_order_goods b ON (a.id=b.goods_id AND b.order_id IN(SELECT id FROM php34_order WHERE pay_status=1))  WHERE ( a.is_on_sale = 1 ) AND ( a.is_delete = 0 ) AND (  (a.cat_id =14  OR a.id IN(1))  ) GROUP BY a.id ORDER BY xl DESC LIMIT 0,24   [ RunTime:0.001060s ]
INFO: [ view_parse ] --START--
INFO: [ template_filter ] --START--
INFO: Run Behavior\ContentReplaceBehavior [ RunTime:0.000506s ]
INFO: [ template_filter ] --END-- [ RunTime:0.000722s ]
SQL: SHOW COLUMNS FROM `php34_category` [ RunTime:0.006268s ]
SQL: SELECT * FROM `php34_category`  [ RunTime:0.000412s ]
NOTIC: [8] Undefined index: children D:\Software\wamp\www\php34_12\Application\Runtime\Cache\Home\dc21e6da2e1dbcec494898213c16ba46.php 第 155 行.
NOTIC: [2] Invalid argument supplied for foreach() D:\Software\wamp\www\php34_12\Application\Runtime\Cache\Home\dc21e6da2e1dbcec494898213c16ba46.php 第 155 行.
NOTIC: [2] array_fill(): Number of elements must be positive D:\Software\wamp\www\php34_12\Application\Runtime\Cache\Home\dc21e6da2e1dbcec494898213c16ba46.php 第 421 行.
NOTIC: [2] Invalid argument supplied for foreach() D:\Software\wamp\www\php34_12\Application\Runtime\Cache\Home\dc21e6da2e1dbcec494898213c16ba46.php 第 421 行.
NOTIC: [8] Undefined variable: data D:\Software\wamp\www\php34_12\Application\Runtime\Cache\Home\dc21e6da2e1dbcec494898213c16ba46.php 第 468 行.
INFO: Run Behavior\ParseTemplateBehavior [ RunTime:0.058978s ]
INFO: [ view_parse ] --END-- [ RunTime:0.059101s ]
INFO: [ view_filter ] --START--
INFO: Run Behavior\WriteHtmlCacheBehavior [ RunTime:0.000875s ]
INFO: [ view_filter ] --END-- [ RunTime:0.000987s ]
INFO: [ app_end ] --START--
INFO: Run Behavior\ShowPageTraceBehavior [ RunTime:0.000835s ]
INFO: [ app_end ] --END-- [ RunTime:0.000962s ]

[ 2017-09-20T17:37:14+08:00 ] ::1 /php34_12/index.php/Home/Index/ajaxGetRecentDisGoods.html
INFO: [ app_init ] --START--
INFO: Run Behavior\BuildLiteBehavior [ RunTime:0.000055s ]
INFO: [ app_init ] --END-- [ RunTime:0.001273s ]
INFO: [ app_begin ] --START--
INFO: Run Behavior\ReadHtmlCacheBehavior [ RunTime:0.001435s ]
INFO: [ app_begin ] --END-- [ RunTime:0.001646s ]
INFO: [ app_end ] --START--
INFO: Run Behavior\ShowPageTraceBehavior [ RunTime:0.001564s ]
INFO: [ app_end ] --END-- [ RunTime:0.001790s ]

[ 2017-09-20T17:37:14+08:00 ] ::1 /php34_12/index.php/Home/Member/ajaxChkLogin.html
INFO: [ app_init ] --START--
INFO: Run Behavior\BuildLiteBehavior [ RunTime:0.000063s ]
INFO: [ app_init ] --END-- [ RunTime:0.001340s ]
INFO: [ app_begin ] --START--
INFO: Run Behavior\ReadHtmlCacheBehavior [ RunTime:0.001412s ]
INFO: [ app_begin ] --END-- [ RunTime:0.001578s ]
INFO: [ app_end ] --START--
INFO: Run Behavior\ShowPageTraceBehavior [ RunTime:0.002569s ]
INFO: [ app_end ] --END-- [ RunTime:0.002906s ]

[ 2017-09-20T17:37:31+08:00 ] ::1 /php34_12/index.php/Home/Search/search/cid/14.html
INFO: [ app_init ] --START--
INFO: Run Behavior\BuildLiteBehavior [ RunTime:0.000036s ]
INFO: [ app_init ] --END-- [ RunTime:0.000988s ]
INFO: [ app_begin ] --START--
INFO: Run Behavior\ReadHtmlCacheBehavior [ RunTime:0.001018s ]
INFO: [ app_begin ] --END-- [ RunTime:0.001155s ]
SQL: SHOW COLUMNS FROM `php34_goods` [ RunTime:0.007751s ]
SQL: SHOW COLUMNS FROM `php34_category` [ RunTime:0.010106s ]
SQL: SELECT `search_attr_id` FROM `php34_category` WHERE ( `id` = 14 ) LIMIT 1   [ RunTime:0.000624s ]
SQL: SHOW COLUMNS FROM `php34_attribute` [ RunTime:0.007015s ]
SQL: SELECT `id`,`attr_name` FROM `php34_attribute` WHERE ( `id` IN ('') )  [ RunTime:0.000393s ]
SQL: SHOW COLUMNS FROM `php34_goods_attr` [ RunTime:0.007050s ]
NOTIC: [2] Invalid argument supplied for foreach() D:\Software\wamp\www\php34_12\Application\Home\Controller\SearchController.class.php 第 83 行.
NOTIC: [2] unlink(./Application/Runtime/Temp/dd3ec28a8579ab27da949392ca2f86dc.php): No such file or directory D:\Software\wamp\www\php34_12\ThinkPHP\Library\Think\Cache\Driver\File.class.php 第 157 行.
SQL: SHOW COLUMNS FROM `php34_goods_cat` [ RunTime:0.008112s ]
SQL: SELECT GROUP_CONCAT(DISTINCT goods_id) goods_id FROM `php34_goods_cat` WHERE ( `cat_id` = '14' ) LIMIT 1   [ RunTime:0.000838s ]
SQL: SELECT COUNT(*) AS tp_count FROM php34_goods a WHERE ( a.is_on_sale = 1 ) AND ( a.is_delete = 0 ) AND (  (a.cat_id =14  OR a.id IN(1))  ) LIMIT 1   [ RunTime:0.000795s ]
SQL: SELECT a.id,a.goods_name,`sm_logo`,`shop_price`,IFNULL(SUM(b.goods_number),0) xl,(SELECT count(id) FROM php34_comment c WHERE c.goods_id=a.id) pl FROM php34_goods a LEFT JOIN php34_order_goods b ON (a.id=b.goods_id AND b.order_id IN(SELECT id FROM php34_order WHERE pay_status=1))  WHERE ( a.is_on_sale = 1 ) AND ( a.is_delete = 0 ) AND (  (a.cat_id =14  OR a.id IN(1))  ) GROUP BY a.id ORDER BY xl DESC LIMIT 0,24   [ RunTime:0.001084s ]
INFO: [ view_parse ] --START--
INFO: [ template_filter ] --START--
INFO: Run Behavior\ContentReplaceBehavior [ RunTime:0.000265s ]
INFO: [ template_filter ] --END-- [ RunTime:0.000388s ]
SQL: SHOW COLUMNS FROM `php34_category` [ RunTime:0.005509s ]
SQL: SELECT * FROM `php34_category`  [ RunTime:0.000464s ]
NOTIC: [8] Undefined index: children D:\Software\wamp\www\php34_12\Application\Runtime\Cache\Home\dc21e6da2e1dbcec494898213c16ba46.php 第 155 行.
NOTIC: [2] Invalid argument supplied for foreach() D:\Software\wamp\www\php34_12\Application\Runtime\Cache\Home\dc21e6da2e1dbcec494898213c16ba46.php 第 155 行.
NOTIC: [2] array_fill(): Number of elements must be positive D:\Software\wamp\www\php34_12\Application\Runtime\Cache\Home\dc21e6da2e1dbcec494898213c16ba46.php 第 421 行.
NOTIC: [2] Invalid argument supplied for foreach() D:\Software\wamp\www\php34_12\Application\Runtime\Cache\Home\dc21e6da2e1dbcec494898213c16ba46.php 第 421 行.
NOTIC: [8] Undefined variable: data D:\Software\wamp\www\php34_12\Application\Runtime\Cache\Home\dc21e6da2e1dbcec494898213c16ba46.php 第 468 行.
INFO: Run Behavior\ParseTemplateBehavior [ RunTime:0.052289s ]
INFO: [ view_parse ] --END-- [ RunTime:0.052650s ]
INFO: [ view_filter ] --START--
INFO: Run Behavior\WriteHtmlCacheBehavior [ RunTime:0.001746s ]
INFO: [ view_filter ] --END-- [ RunTime:0.001974s ]
INFO: [ app_end ] --START--
INFO: Run Behavior\ShowPageTraceBehavior [ RunTime:0.001786s ]
INFO: [ app_end ] --END-- [ RunTime:0.001933s ]

[ 2017-09-20T17:37:31+08:00 ] ::1 /php34_12/index.php/Home/Index/ajaxGetRecentDisGoods.html
INFO: [ app_init ] --START--
INFO: Run Behavior\BuildLiteBehavior [ RunTime:0.000057s ]
INFO: [ app_init ] --END-- [ RunTime:0.001650s ]
INFO: [ app_begin ] --START--
INFO: Run Behavior\ReadHtmlCacheBehavior [ RunTime:0.002723s ]
INFO: [ app_begin ] --END-- [ RunTime:0.003097s ]
INFO: [ app_end ] --START--
INFO: Run Behavior\ShowPageTraceBehavior [ RunTime:0.002295s ]
INFO: [ app_end ] --END-- [ RunTime:0.002518s ]

[ 2017-09-20T17:37:32+08:00 ] ::1 /php34_12/index.php/Home/Member/ajaxChkLogin.html
INFO: [ app_init ] --START--
INFO: Run Behavior\BuildLiteBehavior [ RunTime:0.000076s ]
INFO: [ app_init ] --END-- [ RunTime:0.001141s ]
INFO: [ app_begin ] --START--
INFO: Run Behavior\ReadHtmlCacheBehavior [ RunTime:0.001151s ]
INFO: [ app_begin ] --END-- [ RunTime:0.001352s ]
INFO: [ app_end ] --START--
INFO: Run Behavior\ShowPageTraceBehavior [ RunTime:0.001717s ]
INFO: [ app_end ] --END-- [ RunTime:0.001937s ]

[ 2017-09-20T17:37:35+08:00 ] ::1 /php34_12/index.php/Home/Search/search/cid/14.html
INFO: [ app_init ] --START--
INFO: Run Behavior\BuildLiteBehavior [ RunTime:0.000032s ]
INFO: [ app_init ] --END-- [ RunTime:0.000806s ]
INFO: [ app_begin ] --START--
INFO: Run Behavior\ReadHtmlCacheBehavior [ RunTime:0.000978s ]
INFO: [ app_begin ] --END-- [ RunTime:0.001118s ]
SQL: SHOW COLUMNS FROM `php34_goods` [ RunTime:0.005668s ]
SQL: SHOW COLUMNS FROM `php34_category` [ RunTime:0.005852s ]
SQL: SELECT `search_attr_id` FROM `php34_category` WHERE ( `id` = 14 ) LIMIT 1   [ RunTime:0.000392s ]
SQL: SHOW COLUMNS FROM `php34_attribute` [ RunTime:0.005840s ]
SQL: SELECT `id`,`attr_name` FROM `php34_attribute` WHERE ( `id` IN ('') )  [ RunTime:0.000416s ]
SQL: SHOW COLUMNS FROM `php34_goods_attr` [ RunTime:0.005888s ]
NOTIC: [2] Invalid argument supplied for foreach() D:\Software\wamp\www\php34_12\Application\Home\Controller\SearchController.class.php 第 83 行.
NOTIC: [2] unlink(./Application/Runtime/Temp/dd3ec28a8579ab27da949392ca2f86dc.php): No such file or directory D:\Software\wamp\www\php34_12\ThinkPHP\Library\Think\Cache\Driver\File.class.php 第 157 行.
SQL: SHOW COLUMNS FROM `php34_goods_cat` [ RunTime:0.005174s ]
SQL: SELECT GROUP_CONCAT(DISTINCT goods_id) goods_id FROM `php34_goods_cat` WHERE ( `cat_id` = '14' ) LIMIT 1   [ RunTime:0.000651s ]
SQL: SELECT COUNT(*) AS tp_count FROM php34_goods a WHERE ( a.is_on_sale = 1 ) AND ( a.is_delete = 0 ) AND (  (a.cat_id =14  OR a.id IN(1))  ) LIMIT 1   [ RunTime:0.000635s ]
SQL: SELECT a.id,a.goods_name,`sm_logo`,`shop_price`,IFNULL(SUM(b.goods_number),0) xl,(SELECT count(id) FROM php34_comment c WHERE c.goods_id=a.id) pl FROM php34_goods a LEFT JOIN php34_order_goods b ON (a.id=b.goods_id AND b.order_id IN(SELECT id FROM php34_order WHERE pay_status=1))  WHERE ( a.is_on_sale = 1 ) AND ( a.is_delete = 0 ) AND (  (a.cat_id =14  OR a.id IN(1))  ) GROUP BY a.id ORDER BY xl DESC LIMIT 0,24   [ RunTime:0.001222s ]
INFO: [ view_parse ] --START--
INFO: [ template_filter ] --START--
INFO: Run Behavior\ContentReplaceBehavior [ RunTime:0.000313s ]
INFO: [ template_filter ] --END-- [ RunTime:0.000468s ]
SQL: SHOW COLUMNS FROM `php34_category` [ RunTime:0.006126s ]
SQL: SELECT * FROM `php34_category`  [ RunTime:0.000481s ]
NOTIC: [8] Undefined index: children D:\Software\wamp\www\php34_12\Application\Runtime\Cache\Home\dc21e6da2e1dbcec494898213c16ba46.php 第 155 行.
NOTIC: [2] Invalid argument supplied for foreach() D:\Software\wamp\www\php34_12\Application\Runtime\Cache\Home\dc21e6da2e1dbcec494898213c16ba46.php 第 155 行.
NOTIC: [2] array_fill(): Number of elements must be positive D:\Software\wamp\www\php34_12\Application\Runtime\Cache\Home\dc21e6da2e1dbcec494898213c16ba46.php 第 421 行.
NOTIC: [2] Invalid argument supplied for foreach() D:\Software\wamp\www\php34_12\Application\Runtime\Cache\Home\dc21e6da2e1dbcec494898213c16ba46.php 第 421 行.
NOTIC: [8] Undefined variable: data D:\Software\wamp\www\php34_12\Application\Runtime\Cache\Home\dc21e6da2e1dbcec494898213c16ba46.php 第 468 行.
INFO: Run Behavior\ParseTemplateBehavior [ RunTime:0.061249s ]
INFO: [ view_parse ] --END-- [ RunTime:0.061404s ]
INFO: [ view_filter ] --START--
INFO: Run Behavior\WriteHtmlCacheBehavior [ RunTime:0.001248s ]
INFO: [ view_filter ] --END-- [ RunTime:0.001454s ]
INFO: [ app_end ] --START--
INFO: Run Behavior\ShowPageTraceBehavior [ RunTime:0.002128s ]
INFO: [ app_end ] --END-- [ RunTime:0.002404s ]

[ 2017-09-20T17:37:35+08:00 ] ::1 /php34_12/index.php/Home/Index/ajaxGetRecentDisGoods.html
INFO: [ app_init ] --START--
INFO: Run Behavior\BuildLiteBehavior [ RunTime:0.000056s ]
INFO: [ app_init ] --END-- [ RunTime:0.001331s ]
INFO: [ app_begin ] --START--
INFO: Run Behavior\ReadHtmlCacheBehavior [ RunTime:0.001574s ]
INFO: [ app_begin ] --END-- [ RunTime:0.001772s ]
INFO: [ app_end ] --START--
INFO: Run Behavior\ShowPageTraceBehavior [ RunTime:0.001127s ]
INFO: [ app_end ] --END-- [ RunTime:0.001289s ]

[ 2017-09-20T17:37:35+08:00 ] ::1 /php34_12/index.php/Home/Member/ajaxChkLogin.html
INFO: [ app_init ] --START--
INFO: Run Behavior\BuildLiteBehavior [ RunTime:0.000030s ]
INFO: [ app_init ] --END-- [ RunTime:0.001007s ]
INFO: [ app_begin ] --START--
INFO: Run Behavior\ReadHtmlCacheBehavior [ RunTime:0.001194s ]
INFO: [ app_begin ] --END-- [ RunTime:0.001357s ]
INFO: [ app_end ] --START--
INFO: Run Behavior\ShowPageTraceBehavior [ RunTime:0.000980s ]
INFO: [ app_end ] --END-- [ RunTime:0.001134s ]

[ 2017-09-20T17:37:39+08:00 ] ::1 /php34_12/index.php/Home/Search/search/cid/14.html
INFO: [ app_init ] --START--
INFO: Run Behavior\BuildLiteBehavior [ RunTime:0.000083s ]
INFO: [ app_init ] --END-- [ RunTime:0.001172s ]
INFO: [ app_begin ] --START--
INFO: Run Behavior\ReadHtmlCacheBehavior [ RunTime:0.000906s ]
INFO: [ app_begin ] --END-- [ RunTime:0.001035s ]
SQL: SHOW COLUMNS FROM `php34_goods` [ RunTime:0.006801s ]
SQL: SHOW COLUMNS FROM `php34_category` [ RunTime:0.005204s ]
SQL: SELECT `search_attr_id` FROM `php34_category` WHERE ( `id` = 14 ) LIMIT 1   [ RunTime:0.000372s ]
SQL: SHOW COLUMNS FROM `php34_attribute` [ RunTime:0.005425s ]
SQL: SELECT `id`,`attr_name` FROM `php34_attribute` WHERE ( `id` IN ('') )  [ RunTime:0.000347s ]
SQL: SHOW COLUMNS FROM `php34_goods_attr` [ RunTime:0.006030s ]
NOTIC: [2] Invalid argument supplied for foreach() D:\Software\wamp\www\php34_12\Application\Home\Controller\SearchController.class.php 第 83 行.
NOTIC: [2] unlink(./Application/Runtime/Temp/dd3ec28a8579ab27da949392ca2f86dc.php): No such file or directory D:\Software\wamp\www\php34_12\ThinkPHP\Library\Think\Cache\Driver\File.class.php 第 157 行.
SQL: SHOW COLUMNS FROM `php34_goods_cat` [ RunTime:0.005781s ]
SQL: SELECT GROUP_CONCAT(DISTINCT goods_id) goods_id FROM `php34_goods_cat` WHERE ( `cat_id` = '14' ) LIMIT 1   [ RunTime:0.000727s ]
SQL: SELECT COUNT(*) AS tp_count FROM php34_goods a WHERE ( a.is_on_sale = 1 ) AND ( a.is_delete = 0 ) AND (  (a.cat_id =14  OR a.id IN(1))  ) LIMIT 1   [ RunTime:0.000562s ]
SQL: SELECT a.id,a.goods_name,`sm_logo`,`shop_price`,IFNULL(SUM(b.goods_number),0) xl,(SELECT count(id) FROM php34_comment c WHERE c.goods_id=a.id) pl FROM php34_goods a LEFT JOIN php34_order_goods b ON (a.id=b.goods_id AND b.order_id IN(SELECT id FROM php34_order WHERE pay_status=1))  WHERE ( a.is_on_sale = 1 ) AND ( a.is_delete = 0 ) AND (  (a.cat_id =14  OR a.id IN(1))  ) GROUP BY a.id ORDER BY xl DESC LIMIT 0,24   [ RunTime:0.001132s ]
INFO: [ view_parse ] --START--
INFO: [ template_filter ] --START--
INFO: Run Behavior\ContentReplaceBehavior [ RunTime:0.000285s ]
INFO: [ template_filter ] --END-- [ RunTime:0.000416s ]
SQL: SHOW COLUMNS FROM `php34_category` [ RunTime:0.005704s ]
SQL: SELECT * FROM `php34_category`  [ RunTime:0.000488s ]
NOTIC: [8] Undefined index: children D:\Software\wamp\www\php34_12\Application\Runtime\Cache\Home\dc21e6da2e1dbcec494898213c16ba46.php 第 155 行.
NOTIC: [2] Invalid argument supplied for foreach() D:\Software\wamp\www\php34_12\Application\Runtime\Cache\Home\dc21e6da2e1dbcec494898213c16ba46.php 第 155 行.
NOTIC: [2] array_fill(): Number of elements must be positive D:\Software\wamp\www\php34_12\Application\Runtime\Cache\Home\dc21e6da2e1dbcec494898213c16ba46.php 第 421 行.
NOTIC: [2] Invalid argument supplied for foreach() D:\Software\wamp\www\php34_12\Application\Runtime\Cache\Home\dc21e6da2e1dbcec494898213c16ba46.php 第 421 行.
NOTIC: [8] Undefined variable: data D:\Software\wamp\www\php34_12\Application\Runtime\Cache\Home\dc21e6da2e1dbcec494898213c16ba46.php 第 468 行.
INFO: Run Behavior\ParseTemplateBehavior [ RunTime:0.053511s ]
INFO: [ view_parse ] --END-- [ RunTime:0.053630s ]
INFO: [ view_filter ] --START--
INFO: Run Behavior\WriteHtmlCacheBehavior [ RunTime:0.000873s ]
INFO: [ view_filter ] --END-- [ RunTime:0.000988s ]
INFO: [ app_end ] --START--
INFO: Run Behavior\ShowPageTraceBehavior [ RunTime:0.000820s ]
INFO: [ app_end ] --END-- [ RunTime:0.000959s ]

[ 2017-09-20T17:37:39+08:00 ] ::1 /php34_12/index.php/Home/Index/ajaxGetRecentDisGoods.html
INFO: [ app_init ] --START--
INFO: Run Behavior\BuildLiteBehavior [ RunTime:0.000054s ]
INFO: [ app_init ] --END-- [ RunTime:0.001077s ]
INFO: [ app_begin ] --START--
INFO: Run Behavior\ReadHtmlCacheBehavior [ RunTime:0.001526s ]
INFO: [ app_begin ] --END-- [ RunTime:0.001717s ]
INFO: [ app_end ] --START--
INFO: Run Behavior\ShowPageTraceBehavior [ RunTime:0.002954s ]
INFO: [ app_end ] --END-- [ RunTime:0.003267s ]

[ 2017-09-20T17:37:39+08:00 ] ::1 /php34_12/index.php/Home/Member/ajaxChkLogin.html
INFO: [ app_init ] --START--
INFO: Run Behavior\BuildLiteBehavior [ RunTime:0.000044s ]
INFO: [ app_init ] --END-- [ RunTime:0.001062s ]
INFO: [ app_begin ] --START--
INFO: Run Behavior\ReadHtmlCacheBehavior [ RunTime:0.001727s ]
INFO: [ app_begin ] --END-- [ RunTime:0.002937s ]
INFO: [ app_end ] --START--
INFO: Run Behavior\ShowPageTraceBehavior [ RunTime:0.003839s ]
INFO: [ app_end ] --END-- [ RunTime:0.004099s ]

[ 2017-09-20T17:37:40+08:00 ] ::1 /php34_12/index.php/Home/Search/search/cid/14.html
INFO: [ app_init ] --START--
INFO: Run Behavior\BuildLiteBehavior [ RunTime:0.000076s ]
INFO: [ app_init ] --END-- [ RunTime:0.001198s ]
INFO: [ app_begin ] --START--
INFO: Run Behavior\ReadHtmlCacheBehavior [ RunTime:0.000941s ]
INFO: [ app_begin ] --END-- [ RunTime:0.001079s ]
SQL: SHOW COLUMNS FROM `php34_goods` [ RunTime:0.007108s ]
SQL: SHOW COLUMNS FROM `php34_category` [ RunTime:0.007413s ]
SQL: SELECT `search_attr_id` FROM `php34_category` WHERE ( `id` = 14 ) LIMIT 1   [ RunTime:0.000516s ]
SQL: SHOW COLUMNS FROM `php34_attribute` [ RunTime:0.007635s ]
SQL: SELECT `id`,`attr_name` FROM `php34_attribute` WHERE ( `id` IN ('') )  [ RunTime:0.000547s ]
SQL: SHOW COLUMNS FROM `php34_goods_attr` [ RunTime:0.007806s ]
NOTIC: [2] Invalid argument supplied for foreach() D:\Software\wamp\www\php34_12\Application\Home\Controller\SearchController.class.php 第 83 行.
NOTIC: [2] unlink(./Application/Runtime/Temp/dd3ec28a8579ab27da949392ca2f86dc.php): No such file or directory D:\Software\wamp\www\php34_12\ThinkPHP\Library\Think\Cache\Driver\File.class.php 第 157 行.
SQL: SHOW COLUMNS FROM `php34_goods_cat` [ RunTime:0.006084s ]
SQL: SELECT GROUP_CONCAT(DISTINCT goods_id) goods_id FROM `php34_goods_cat` WHERE ( `cat_id` = '14' ) LIMIT 1   [ RunTime:0.000753s ]
SQL: SELECT COUNT(*) AS tp_count FROM php34_goods a WHERE ( a.is_on_sale = 1 ) AND ( a.is_delete = 0 ) AND (  (a.cat_id =14  OR a.id IN(1))  ) LIMIT 1   [ RunTime:0.000673s ]
SQL: SELECT a.id,a.goods_name,`sm_logo`,`shop_price`,IFNULL(SUM(b.goods_number),0) xl,(SELECT count(id) FROM php34_comment c WHERE c.goods_id=a.id) pl FROM php34_goods a LEFT JOIN php34_order_goods b ON (a.id=b.goods_id AND b.order_id IN(SELECT id FROM php34_order WHERE pay_status=1))  WHERE ( a.is_on_sale = 1 ) AND ( a.is_delete = 0 ) AND (  (a.cat_id =14  OR a.id IN(1))  ) GROUP BY a.id ORDER BY xl DESC LIMIT 0,24   [ RunTime:0.001497s ]
INFO: [ view_parse ] --START--
INFO: [ template_filter ] --START--
INFO: Run Behavior\ContentReplaceBehavior [ RunTime:0.000383s ]
INFO: [ template_filter ] --END-- [ RunTime:0.000602s ]
SQL: SHOW COLUMNS FROM `php34_category` [ RunTime:0.006751s ]
SQL: SELECT * FROM `php34_category`  [ RunTime:0.000421s ]
NOTIC: [8] Undefined index: children D:\Software\wamp\www\php34_12\Application\Runtime\Cache\Home\dc21e6da2e1dbcec494898213c16ba46.php 第 155 行.
NOTIC: [2] Invalid argument supplied for foreach() D:\Software\wamp\www\php34_12\Application\Runtime\Cache\Home\dc21e6da2e1dbcec494898213c16ba46.php 第 155 行.
NOTIC: [2] array_fill(): Number of elements must be positive D:\Software\wamp\www\php34_12\Application\Runtime\Cache\Home\dc21e6da2e1dbcec494898213c16ba46.php 第 421 行.
NOTIC: [2] Invalid argument supplied for foreach() D:\Software\wamp\www\php34_12\Application\Runtime\Cache\Home\dc21e6da2e1dbcec494898213c16ba46.php 第 421 行.
NOTIC: [8] Undefined variable: data D:\Software\wamp\www\php34_12\Application\Runtime\Cache\Home\dc21e6da2e1dbcec494898213c16ba46.php 第 468 行.
INFO: Run Behavior\ParseTemplateBehavior [ RunTime:0.063586s ]
INFO: [ view_parse ] --END-- [ RunTime:0.063772s ]
INFO: [ view_filter ] --START--
INFO: Run Behavior\WriteHtmlCacheBehavior [ RunTime:0.000870s ]
INFO: [ view_filter ] --END-- [ RunTime:0.000983s ]
INFO: [ app_end ] --START--
INFO: Run Behavior\ShowPageTraceBehavior [ RunTime:0.000823s ]
INFO: [ app_end ] --END-- [ RunTime:0.000928s ]

[ 2017-09-20T17:37:41+08:00 ] ::1 /php34_12/index.php/Home/Index/ajaxGetRecentDisGoods.html
INFO: [ app_init ] --START--
INFO: Run Behavior\BuildLiteBehavior [ RunTime:0.000053s ]
INFO: [ app_init ] --END-- [ RunTime:0.001257s ]
INFO: [ app_begin ] --START--
INFO: Run Behavior\ReadHtmlCacheBehavior [ RunTime:0.000974s ]
INFO: [ app_begin ] --END-- [ RunTime:0.001100s ]
INFO: [ app_end ] --START--
INFO: Run Behavior\ShowPageTraceBehavior [ RunTime:0.001361s ]
INFO: [ app_end ] --END-- [ RunTime:0.001682s ]

[ 2017-09-20T17:37:41+08:00 ] ::1 /php34_12/index.php/Home/Member/ajaxChkLogin.html
INFO: [ app_init ] --START--
INFO: Run Behavior\BuildLiteBehavior [ RunTime:0.000047s ]
INFO: [ app_init ] --END-- [ RunTime:0.001059s ]
INFO: [ app_begin ] --START--
INFO: Run Behavior\ReadHtmlCacheBehavior [ RunTime:0.000966s ]
INFO: [ app_begin ] --END-- [ RunTime:0.001157s ]
INFO: [ app_end ] --START--
INFO: Run Behavior\ShowPageTraceBehavior [ RunTime:0.001344s ]
INFO: [ app_end ] --END-- [ RunTime:0.001539s ]

[ 2017-09-20T17:37:43+08:00 ] ::1 /php34_12/index.php/Home/Search/search/cid/14.html
INFO: [ app_init ] --START--
INFO: Run Behavior\BuildLiteBehavior [ RunTime:0.000031s ]
INFO: [ app_init ] --END-- [ RunTime:0.000758s ]
INFO: [ app_begin ] --START--
INFO: Run Behavior\ReadHtmlCacheBehavior [ RunTime:0.001353s ]
INFO: [ app_begin ] --END-- [ RunTime:0.001579s ]
SQL: SHOW COLUMNS FROM `php34_goods` [ RunTime:0.006443s ]
SQL: SHOW COLUMNS FROM `php34_category` [ RunTime:0.006323s ]
SQL: SELECT `search_attr_id` FROM `php34_category` WHERE ( `id` = 14 ) LIMIT 1   [ RunTime:0.000403s ]
SQL: SHOW COLUMNS FROM `php34_attribute` [ RunTime:0.005549s ]
SQL: SELECT `id`,`attr_name` FROM `php34_attribute` WHERE ( `id` IN ('') )  [ RunTime:0.000383s ]
SQL: SHOW COLUMNS FROM `php34_goods_attr` [ RunTime:0.006541s ]
NOTIC: [2] Invalid argument supplied for foreach() D:\Software\wamp\www\php34_12\Application\Home\Controller\SearchController.class.php 第 83 行.
NOTIC: [2] unlink(./Application/Runtime/Temp/dd3ec28a8579ab27da949392ca2f86dc.php): No such file or directory D:\Software\wamp\www\php34_12\ThinkPHP\Library\Think\Cache\Driver\File.class.php 第 157 行.
SQL: SHOW COLUMNS FROM `php34_goods_cat` [ RunTime:0.006236s ]
SQL: SELECT GROUP_CONCAT(DISTINCT goods_id) goods_id FROM `php34_goods_cat` WHERE ( `cat_id` = '14' ) LIMIT 1   [ RunTime:0.000788s ]
SQL: SELECT COUNT(*) AS tp_count FROM php34_goods a WHERE ( a.is_on_sale = 1 ) AND ( a.is_delete = 0 ) AND (  (a.cat_id =14  OR a.id IN(1))  ) LIMIT 1   [ RunTime:0.000590s ]
SQL: SELECT a.id,a.goods_name,`sm_logo`,`shop_price`,IFNULL(SUM(b.goods_number),0) xl,(SELECT count(id) FROM php34_comment c WHERE c.goods_id=a.id) pl FROM php34_goods a LEFT JOIN php34_order_goods b ON (a.id=b.goods_id AND b.order_id IN(SELECT id FROM php34_order WHERE pay_status=1))  WHERE ( a.is_on_sale = 1 ) AND ( a.is_delete = 0 ) AND (  (a.cat_id =14  OR a.id IN(1))  ) GROUP BY a.id ORDER BY xl DESC LIMIT 0,24   [ RunTime:0.001415s ]
INFO: [ view_parse ] --START--
INFO: [ template_filter ] --START--
INFO: Run Behavior\ContentReplaceBehavior [ RunTime:0.000273s ]
INFO: [ template_filter ] --END-- [ RunTime:0.000399s ]
SQL: SHOW COLUMNS FROM `php34_category` [ RunTime:0.007712s ]
SQL: SELECT * FROM `php34_category`  [ RunTime:0.000406s ]
NOTIC: [8] Undefined index: children D:\Software\wamp\www\php34_12\Application\Runtime\Cache\Home\dc21e6da2e1dbcec494898213c16ba46.php 第 155 行.
NOTIC: [2] Invalid argument supplied for foreach() D:\Software\wamp\www\php34_12\Application\Runtime\Cache\Home\dc21e6da2e1dbcec494898213c16ba46.php 第 155 行.
NOTIC: [2] array_fill(): Number of elements must be positive D:\Software\wamp\www\php34_12\Application\Runtime\Cache\Home\dc21e6da2e1dbcec494898213c16ba46.php 第 421 行.
NOTIC: [2] Invalid argument supplied for foreach() D:\Software\wamp\www\php34_12\Application\Runtime\Cache\Home\dc21e6da2e1dbcec494898213c16ba46.php 第 421 行.
NOTIC: [8] Undefined variable: data D:\Software\wamp\www\php34_12\Application\Runtime\Cache\Home\dc21e6da2e1dbcec494898213c16ba46.php 第 468 行.
INFO: Run Behavior\ParseTemplateBehavior [ RunTime:0.058262s ]
INFO: [ view_parse ] --END-- [ RunTime:0.058404s ]
INFO: [ view_filter ] --START--
INFO: Run Behavior\WriteHtmlCacheBehavior [ RunTime:0.000891s ]
INFO: [ view_filter ] --END-- [ RunTime:0.000997s ]
INFO: [ app_end ] --START--
INFO: Run Behavior\ShowPageTraceBehavior [ RunTime:0.000847s ]
INFO: [ app_end ] --END-- [ RunTime:0.000955s ]

[ 2017-09-20T17:37:43+08:00 ] ::1 /php34_12/index.php/Home/Index/ajaxGetRecentDisGoods.html
INFO: [ app_init ] --START--
INFO: Run Behavior\BuildLiteBehavior [ RunTime:0.000055s ]
INFO: [ app_init ] --END-- [ RunTime:0.001565s ]
INFO: [ app_begin ] --START--
INFO: Run Behavior\ReadHtmlCacheBehavior [ RunTime:0.002583s ]
INFO: [ app_begin ] --END-- [ RunTime:0.003142s ]
INFO: [ app_end ] --START--
INFO: Run Behavior\ShowPageTraceBehavior [ RunTime:0.002218s ]
INFO: [ app_end ] --END-- [ RunTime:0.002440s ]

[ 2017-09-20T17:37:43+08:00 ] ::1 /php34_12/index.php/Home/Member/ajaxChkLogin.html
INFO: [ app_init ] --START--
INFO: Run Behavior\BuildLiteBehavior [ RunTime:0.000059s ]
INFO: [ app_init ] --END-- [ RunTime:0.001615s ]
INFO: [ app_begin ] --START--
INFO: Run Behavior\ReadHtmlCacheBehavior [ RunTime:0.001612s ]
INFO: [ app_begin ] --END-- [ RunTime:0.001797s ]
INFO: [ app_end ] --START--
INFO: Run Behavior\ShowPageTraceBehavior [ RunTime:0.001437s ]
INFO: [ app_end ] --END-- [ RunTime:0.001651s ]

[ 2017-09-20T17:37:44+08:00 ] ::1 /php34_12/index.php/Home/Search/search/cid/14.html
INFO: [ app_init ] --START--
INFO: Run Behavior\BuildLiteBehavior [ RunTime:0.000048s ]
INFO: [ app_init ] --END-- [ RunTime:0.000811s ]
INFO: [ app_begin ] --START--
INFO: Run Behavior\ReadHtmlCacheBehavior [ RunTime:0.000984s ]
INFO: [ app_begin ] --END-- [ RunTime:0.001153s ]
SQL: SHOW COLUMNS FROM `php34_goods` [ RunTime:0.008579s ]
SQL: SHOW COLUMNS FROM `php34_category` [ RunTime:0.005692s ]
SQL: SELECT `search_attr_id` FROM `php34_category` WHERE ( `id` = 14 ) LIMIT 1   [ RunTime:0.000403s ]
SQL: SHOW COLUMNS FROM `php34_attribute` [ RunTime:0.006014s ]
SQL: SELECT `id`,`attr_name` FROM `php34_attribute` WHERE ( `id` IN ('') )  [ RunTime:0.000691s ]
SQL: SHOW COLUMNS FROM `php34_goods_attr` [ RunTime:0.007100s ]
NOTIC: [2] Invalid argument supplied for foreach() D:\Software\wamp\www\php34_12\Application\Home\Controller\SearchController.class.php 第 83 行.
NOTIC: [2] unlink(./Application/Runtime/Temp/dd3ec28a8579ab27da949392ca2f86dc.php): No such file or directory D:\Software\wamp\www\php34_12\ThinkPHP\Library\Think\Cache\Driver\File.class.php 第 157 行.
SQL: SHOW COLUMNS FROM `php34_goods_cat` [ RunTime:0.007553s ]
SQL: SELECT GROUP_CONCAT(DISTINCT goods_id) goods_id FROM `php34_goods_cat` WHERE ( `cat_id` = '14' ) LIMIT 1   [ RunTime:0.000891s ]
SQL: SELECT COUNT(*) AS tp_count FROM php34_goods a WHERE ( a.is_on_sale = 1 ) AND ( a.is_delete = 0 ) AND (  (a.cat_id =14  OR a.id IN(1))  ) LIMIT 1   [ RunTime:0.000755s ]
SQL: SELECT a.id,a.goods_name,`sm_logo`,`shop_price`,IFNULL(SUM(b.goods_number),0) xl,(SELECT count(id) FROM php34_comment c WHERE c.goods_id=a.id) pl FROM php34_goods a LEFT JOIN php34_order_goods b ON (a.id=b.goods_id AND b.order_id IN(SELECT id FROM php34_order WHERE pay_status=1))  WHERE ( a.is_on_sale = 1 ) AND ( a.is_delete = 0 ) AND (  (a.cat_id =14  OR a.id IN(1))  ) GROUP BY a.id ORDER BY xl DESC LIMIT 0,24   [ RunTime:0.001179s ]
INFO: [ view_parse ] --START--
INFO: [ template_filter ] --START--
INFO: Run Behavior\ContentReplaceBehavior [ RunTime:0.000275s ]
INFO: [ template_filter ] --END-- [ RunTime:0.000401s ]
SQL: SHOW COLUMNS FROM `php34_category` [ RunTime:0.006281s ]
SQL: SELECT * FROM `php34_category`  [ RunTime:0.000369s ]
NOTIC: [8] Undefined index: children D:\Software\wamp\www\php34_12\Application\Runtime\Cache\Home\dc21e6da2e1dbcec494898213c16ba46.php 第 155 行.
NOTIC: [2] Invalid argument supplied for foreach() D:\Software\wamp\www\php34_12\Application\Runtime\Cache\Home\dc21e6da2e1dbcec494898213c16ba46.php 第 155 行.
NOTIC: [2] array_fill(): Number of elements must be positive D:\Software\wamp\www\php34_12\Application\Runtime\Cache\Home\dc21e6da2e1dbcec494898213c16ba46.php 第 421 行.
NOTIC: [2] Invalid argument supplied for foreach() D:\Software\wamp\www\php34_12\Application\Runtime\Cache\Home\dc21e6da2e1dbcec494898213c16ba46.php 第 421 行.
NOTIC: [8] Undefined variable: data D:\Software\wamp\www\php34_12\Application\Runtime\Cache\Home\dc21e6da2e1dbcec494898213c16ba46.php 第 468 行.
INFO: Run Behavior\ParseTemplateBehavior [ RunTime:0.063334s ]
INFO: [ view_parse ] --END-- [ RunTime:0.063508s ]
INFO: [ view_filter ] --START--
INFO: Run Behavior\WriteHtmlCacheBehavior [ RunTime:0.000866s ]
INFO: [ view_filter ] --END-- [ RunTime:0.000972s ]
INFO: [ app_end ] --START--
INFO: Run Behavior\ShowPageTraceBehavior [ RunTime:0.001005s ]
INFO: [ app_end ] --END-- [ RunTime:0.001126s ]

[ 2017-09-20T17:37:44+08:00 ] ::1 /php34_12/index.php/Home/Index/ajaxGetRecentDisGoods.html
INFO: [ app_init ] --START--
INFO: Run Behavior\BuildLiteBehavior [ RunTime:0.000051s ]
INFO: [ app_init ] --END-- [ RunTime:0.001278s ]
INFO: [ app_begin ] --START--
INFO: Run Behavior\ReadHtmlCacheBehavior [ RunTime:0.001527s ]
INFO: [ app_begin ] --END-- [ RunTime:0.001754s ]
INFO: [ app_end ] --START--
INFO: Run Behavior\ShowPageTraceBehavior [ RunTime:0.001280s ]
INFO: [ app_end ] --END-- [ RunTime:0.001482s ]

[ 2017-09-20T17:37:44+08:00 ] ::1 /php34_12/index.php/Home/Member/ajaxChkLogin.html
INFO: [ app_init ] --START--
INFO: Run Behavior\BuildLiteBehavior [ RunTime:0.000033s ]
INFO: [ app_init ] --END-- [ RunTime:0.000824s ]
INFO: [ app_begin ] --START--
INFO: Run Behavior\ReadHtmlCacheBehavior [ RunTime:0.001129s ]
INFO: [ app_begin ] --END-- [ RunTime:0.001293s ]
INFO: [ app_end ] --START--
INFO: Run Behavior\ShowPageTraceBehavior [ RunTime:0.001173s ]
INFO: [ app_end ] --END-- [ RunTime:0.001333s ]

[ 2017-09-20T17:37:48+08:00 ] ::1 /php34_12/index.php/Home/Search/search/cid/14.html
INFO: [ app_init ] --START--
INFO: Run Behavior\BuildLiteBehavior [ RunTime:0.000034s ]
INFO: [ app_init ] --END-- [ RunTime:0.001223s ]
INFO: [ app_begin ] --START--
INFO: Run Behavior\ReadHtmlCacheBehavior [ RunTime:0.001486s ]
INFO: [ app_begin ] --END-- [ RunTime:0.001742s ]
SQL: SHOW COLUMNS FROM `php34_goods` [ RunTime:0.005830s ]
SQL: SHOW COLUMNS FROM `php34_category` [ RunTime:0.005893s ]
SQL: SELECT `search_attr_id` FROM `php34_category` WHERE ( `id` = 14 ) LIMIT 1   [ RunTime:0.000419s ]
SQL: SHOW COLUMNS FROM `php34_attribute` [ RunTime:0.005963s ]
SQL: SELECT `id`,`attr_name` FROM `php34_attribute` WHERE ( `id` IN ('') )  [ RunTime:0.000470s ]
SQL: SHOW COLUMNS FROM `php34_goods_attr` [ RunTime:0.005990s ]
NOTIC: [2] Invalid argument supplied for foreach() D:\Software\wamp\www\php34_12\Application\Home\Controller\SearchController.class.php 第 83 行.
NOTIC: [2] unlink(./Application/Runtime/Temp/dd3ec28a8579ab27da949392ca2f86dc.php): No such file or directory D:\Software\wamp\www\php34_12\ThinkPHP\Library\Think\Cache\Driver\File.class.php 第 157 行.
SQL: SHOW COLUMNS FROM `php34_goods_cat` [ RunTime:0.005333s ]
SQL: SELECT GROUP_CONCAT(DISTINCT goods_id) goods_id FROM `php34_goods_cat` WHERE ( `cat_id` = '14' ) LIMIT 1   [ RunTime:0.000704s ]
SQL: SELECT COUNT(*) AS tp_count FROM php34_goods a WHERE ( a.is_on_sale = 1 ) AND ( a.is_delete = 0 ) AND (  (a.cat_id =14  OR a.id IN(1))  ) LIMIT 1   [ RunTime:0.000813s ]
SQL: SELECT a.id,a.goods_name,`sm_logo`,`shop_price`,IFNULL(SUM(b.goods_number),0) xl,(SELECT count(id) FROM php34_comment c WHERE c.goods_id=a.id) pl FROM php34_goods a LEFT JOIN php34_order_goods b ON (a.id=b.goods_id AND b.order_id IN(SELECT id FROM php34_order WHERE pay_status=1))  WHERE ( a.is_on_sale = 1 ) AND ( a.is_delete = 0 ) AND (  (a.cat_id =14  OR a.id IN(1))  ) GROUP BY a.id ORDER BY xl DESC LIMIT 0,24   [ RunTime:0.001268s ]
INFO: [ view_parse ] --START--
INFO: [ template_filter ] --START--
INFO: Run Behavior\ContentReplaceBehavior [ RunTime:0.000276s ]
INFO: [ template_filter ] --END-- [ RunTime:0.000402s ]
SQL: SHOW COLUMNS FROM `php34_category` [ RunTime:0.006212s ]
SQL: SELECT * FROM `php34_category`  [ RunTime:0.000433s ]
NOTIC: [8] Undefined index: children D:\Software\wamp\www\php34_12\Application\Runtime\Cache\Home\dc21e6da2e1dbcec494898213c16ba46.php 第 155 行.
NOTIC: [2] Invalid argument supplied for foreach() D:\Software\wamp\www\php34_12\Application\Runtime\Cache\Home\dc21e6da2e1dbcec494898213c16ba46.php 第 155 行.
NOTIC: [2] array_fill(): Number of elements must be positive D:\Software\wamp\www\php34_12\Application\Runtime\Cache\Home\dc21e6da2e1dbcec494898213c16ba46.php 第 421 行.
NOTIC: [2] Invalid argument supplied for foreach() D:\Software\wamp\www\php34_12\Application\Runtime\Cache\Home\dc21e6da2e1dbcec494898213c16ba46.php 第 421 行.
NOTIC: [8] Undefined variable: data D:\Software\wamp\www\php34_12\Application\Runtime\Cache\Home\dc21e6da2e1dbcec494898213c16ba46.php 第 468 行.
INFO: Run Behavior\ParseTemplateBehavior [ RunTime:0.055282s ]
INFO: [ view_parse ] --END-- [ RunTime:0.055428s ]
INFO: [ view_filter ] --START--
INFO: Run Behavior\WriteHtmlCacheBehavior [ RunTime:0.001651s ]
INFO: [ view_filter ] --END-- [ RunTime:0.002019s ]
INFO: [ app_end ] --START--
INFO: Run Behavior\ShowPageTraceBehavior [ RunTime:0.001299s ]
INFO: [ app_end ] --END-- [ RunTime:0.001549s ]

[ 2017-09-20T17:37:48+08:00 ] ::1 /php34_12/index.php/Home/Index/ajaxGetRecentDisGoods.html
INFO: [ app_init ] --START--
INFO: Run Behavior\BuildLiteBehavior [ RunTime:0.000063s ]
INFO: [ app_init ] --END-- [ RunTime:0.001343s ]
INFO: [ app_begin ] --START--
INFO: Run Behavior\ReadHtmlCacheBehavior [ RunTime:0.002585s ]
INFO: [ app_begin ] --END-- [ RunTime:0.002793s ]
INFO: [ app_end ] --START--
INFO: Run Behavior\ShowPageTraceBehavior [ RunTime:0.001061s ]
INFO: [ app_end ] --END-- [ RunTime:0.001186s ]

[ 2017-09-20T17:37:48+08:00 ] ::1 /php34_12/index.php/Home/Member/ajaxChkLogin.html
INFO: [ app_init ] --START--
INFO: Run Behavior\BuildLiteBehavior [ RunTime:0.000055s ]
INFO: [ app_init ] --END-- [ RunTime:0.001137s ]
INFO: [ app_begin ] --START--
INFO: Run Behavior\ReadHtmlCacheBehavior [ RunTime:0.001902s ]
INFO: [ app_begin ] --END-- [ RunTime:0.002070s ]
INFO: [ app_end ] --START--
INFO: Run Behavior\ShowPageTraceBehavior [ RunTime:0.001358s ]
INFO: [ app_end ] --END-- [ RunTime:0.001530s ]

[ 2017-09-20T17:37:55+08:00 ] ::1 /php34_12/index.php/Home/Search/search/cid/14.html
INFO: [ app_init ] --START--
INFO: Run Behavior\BuildLiteBehavior [ RunTime:0.000034s ]
INFO: [ app_init ] --END-- [ RunTime:0.001104s ]
INFO: [ app_begin ] --START--
INFO: Run Behavior\ReadHtmlCacheBehavior [ RunTime:0.001287s ]
INFO: [ app_begin ] --END-- [ RunTime:0.001485s ]
SQL: SHOW COLUMNS FROM `php34_goods` [ RunTime:0.006674s ]
SQL: SHOW COLUMNS FROM `php34_category` [ RunTime:0.007206s ]
SQL: SELECT `search_attr_id` FROM `php34_category` WHERE ( `id` = 14 ) LIMIT 1   [ RunTime:0.000509s ]
SQL: SHOW COLUMNS FROM `php34_attribute` [ RunTime:0.006273s ]
SQL: SELECT `id`,`attr_name` FROM `php34_attribute` WHERE ( `id` IN ('') )  [ RunTime:0.000371s ]
SQL: SHOW COLUMNS FROM `php34_goods_attr` [ RunTime:0.006280s ]
NOTIC: [2] Invalid argument supplied for foreach() D:\Software\wamp\www\php34_12\Application\Home\Controller\SearchController.class.php 第 83 行.
NOTIC: [2] unlink(./Application/Runtime/Temp/dd3ec28a8579ab27da949392ca2f86dc.php): No such file or directory D:\Software\wamp\www\php34_12\ThinkPHP\Library\Think\Cache\Driver\File.class.php 第 157 行.
SQL: SHOW COLUMNS FROM `php34_goods_cat` [ RunTime:0.005594s ]
SQL: SELECT GROUP_CONCAT(DISTINCT goods_id) goods_id FROM `php34_goods_cat` WHERE ( `cat_id` = '14' ) LIMIT 1   [ RunTime:0.000616s ]
SQL: SELECT COUNT(*) AS tp_count FROM php34_goods a WHERE ( a.is_on_sale = 1 ) AND ( a.is_delete = 0 ) AND (  (a.cat_id =14  OR a.id IN(1))  ) LIMIT 1   [ RunTime:0.000453s ]
SQL: SELECT a.id,a.goods_name,`sm_logo`,`shop_price`,IFNULL(SUM(b.goods_number),0) xl,(SELECT count(id) FROM php34_comment c WHERE c.goods_id=a.id) pl FROM php34_goods a LEFT JOIN php34_order_goods b ON (a.id=b.goods_id AND b.order_id IN(SELECT id FROM php34_order WHERE pay_status=1))  WHERE ( a.is_on_sale = 1 ) AND ( a.is_delete = 0 ) AND (  (a.cat_id =14  OR a.id IN(1))  ) GROUP BY a.id ORDER BY xl DESC LIMIT 0,24   [ RunTime:0.001039s ]
INFO: [ view_parse ] --START--
INFO: [ template_filter ] --START--
INFO: Run Behavior\ContentReplaceBehavior [ RunTime:0.000262s ]
INFO: [ template_filter ] --END-- [ RunTime:0.000388s ]
SQL: SHOW COLUMNS FROM `php34_category` [ RunTime:0.005699s ]
SQL: SELECT * FROM `php34_category`  [ RunTime:0.000384s ]
NOTIC: [8] Undefined index: children D:\Software\wamp\www\php34_12\Application\Runtime\Cache\Home\dc21e6da2e1dbcec494898213c16ba46.php 第 155 行.
NOTIC: [2] Invalid argument supplied for foreach() D:\Software\wamp\www\php34_12\Application\Runtime\Cache\Home\dc21e6da2e1dbcec494898213c16ba46.php 第 155 行.
NOTIC: [2] array_fill(): Number of elements must be positive D:\Software\wamp\www\php34_12\Application\Runtime\Cache\Home\dc21e6da2e1dbcec494898213c16ba46.php 第 421 行.
NOTIC: [2] Invalid argument supplied for foreach() D:\Software\wamp\www\php34_12\Application\Runtime\Cache\Home\dc21e6da2e1dbcec494898213c16ba46.php 第 421 行.
NOTIC: [8] Undefined variable: data D:\Software\wamp\www\php34_12\Application\Runtime\Cache\Home\dc21e6da2e1dbcec494898213c16ba46.php 第 468 行.
INFO: Run Behavior\ParseTemplateBehavior [ RunTime:0.058337s ]
INFO: [ view_parse ] --END-- [ RunTime:0.058520s ]
INFO: [ view_filter ] --START--
INFO: Run Behavior\WriteHtmlCacheBehavior [ RunTime:0.001093s ]
INFO: [ view_filter ] --END-- [ RunTime:0.001213s ]
INFO: [ app_end ] --START--
INFO: Run Behavior\ShowPageTraceBehavior [ RunTime:0.002055s ]
INFO: [ app_end ] --END-- [ RunTime:0.002233s ]

[ 2017-09-20T17:37:55+08:00 ] ::1 /php34_12/index.php/Home/Index/ajaxGetRecentDisGoods.html
INFO: [ app_init ] --START--
INFO: Run Behavior\BuildLiteBehavior [ RunTime:0.000053s ]
INFO: [ app_init ] --END-- [ RunTime:0.001282s ]
INFO: [ app_begin ] --START--
INFO: Run Behavior\ReadHtmlCacheBehavior [ RunTime:0.003674s ]
INFO: [ app_begin ] --END-- [ RunTime:0.003887s ]
INFO: [ app_end ] --START--
INFO: Run Behavior\ShowPageTraceBehavior [ RunTime:0.001735s ]
INFO: [ app_end ] --END-- [ RunTime:0.001973s ]

[ 2017-09-20T17:37:55+08:00 ] ::1 /php34_12/index.php/Home/Member/ajaxChkLogin.html
INFO: [ app_init ] --START--
INFO: Run Behavior\BuildLiteBehavior [ RunTime:0.000056s ]
INFO: [ app_init ] --END-- [ RunTime:0.007542s ]
INFO: [ app_begin ] --START--
INFO: Run Behavior\ReadHtmlCacheBehavior [ RunTime:0.001405s ]
INFO: [ app_begin ] --END-- [ RunTime:0.001643s ]
INFO: [ app_end ] --START--
INFO: Run Behavior\ShowPageTraceBehavior [ RunTime:0.001112s ]
INFO: [ app_end ] --END-- [ RunTime:0.001297s ]

[ 2017-09-20T17:37:57+08:00 ] ::1 /php34_12/index.php/Home/Member/login.html
INFO: [ app_init ] --START--
INFO: Run Behavior\BuildLiteBehavior [ RunTime:0.000033s ]
INFO: [ app_init ] --END-- [ RunTime:0.000868s ]
INFO: [ app_begin ] --START--
INFO: Run Behavior\ReadHtmlCacheBehavior [ RunTime:0.000889s ]
INFO: [ app_begin ] --END-- [ RunTime:0.001013s ]
INFO: [ view_parse ] --START--
INFO: [ template_filter ] --START--
INFO: Run Behavior\ContentReplaceBehavior [ RunTime:0.000227s ]
INFO: [ template_filter ] --END-- [ RunTime:0.000400s ]
INFO: Run Behavior\ParseTemplateBehavior [ RunTime:0.016966s ]
INFO: [ view_parse ] --END-- [ RunTime:0.017115s ]
INFO: [ view_filter ] --START--
INFO: Run Behavior\WriteHtmlCacheBehavior [ RunTime:0.000737s ]
INFO: [ view_filter ] --END-- [ RunTime:0.000858s ]
INFO: [ app_end ] --START--
INFO: Run Behavior\ShowPageTraceBehavior [ RunTime:0.000825s ]
INFO: [ app_end ] --END-- [ RunTime:0.000933s ]

[ 2017-09-20T17:37:57+08:00 ] ::1 /php34_12/index.php/Home/Member/chkcode.html
INFO: [ app_init ] --START--
INFO: Run Behavior\BuildLiteBehavior [ RunTime:0.000031s ]
INFO: [ app_init ] --END-- [ RunTime:0.000728s ]
INFO: [ app_begin ] --START--
INFO: Run Behavior\ReadHtmlCacheBehavior [ RunTime:0.001118s ]
INFO: [ app_begin ] --END-- [ RunTime:0.001296s ]
INFO: [ app_end ] --START--
INFO: Run Behavior\ShowPageTraceBehavior [ RunTime:0.002684s ]
INFO: [ app_end ] --END-- [ RunTime:0.002899s ]

[ 2017-09-20T17:37:57+08:00 ] ::1 /php34_12/index.php/Home/Member/ajaxChkLogin.html
INFO: [ app_init ] --START--
INFO: Run Behavior\BuildLiteBehavior [ RunTime:0.000057s ]
INFO: [ app_init ] --END-- [ RunTime:0.001400s ]
INFO: [ app_begin ] --START--
INFO: Run Behavior\ReadHtmlCacheBehavior [ RunTime:0.002818s ]
INFO: [ app_begin ] --END-- [ RunTime:0.003073s ]
INFO: [ app_end ] --START--
INFO: Run Behavior\ShowPageTraceBehavior [ RunTime:0.004921s ]
INFO: [ app_end ] --END-- [ RunTime:0.005155s ]

