[ 2017-09-12T14:10:20+08:00 ] 116.247.91.242 /BVCMS/index.php/Index/index
INFO: [ route_check ] --START--
INFO: Run CheckRoute Behavior [ RunTime:0.000667s ]
INFO: [ route_check ] --END-- [ RunTime:0.000786s ]
INFO: [ app_begin ] --START--
INFO: Run ReadHtmlCache Behavior [ RunTime:0.000510s ]
INFO: [ app_begin ] --END-- [ RunTime:0.000562s ]
SQL: SHOW COLUMNS FROM `tp_formal` [ RunTime:0.001642s ]
SQL: SELECT * FROM `tp_formal`  [ RunTime:0.006129s ]
SQL: SELECT COUNT(ID) AS tp_count FROM `tp_formal` LIMIT 1   [ RunTime:0.001156s ]
SQL: SELECT COUNT(*) AS tp_count FROM `tp_formal` WHERE ( `Status` = 'Spare' ) LIMIT 1   [ RunTime:0.001260s ]
INFO: [ view_template ] --START--
INFO: Run LocationTemplate Behavior [ RunTime:0.000506s ]
INFO: [ view_template ] --END-- [ RunTime:0.000558s ]
INFO: [ view_parse ] --START--
INFO: Run ParseTemplate Behavior [ RunTime:0.021903s ]
INFO: [ view_parse ] --END-- [ RunTime:0.022001s ]
INFO: [ view_filter ] --START--
INFO: Run ContentReplace Behavior [ RunTime:0.004437s ]
INFO: Run TokenBuild Behavior [ RunTime:0.001131s ]
INFO: Run WriteHtmlCache Behavior [ RunTime:0.000264s ]
INFO: Run ShowRuntime Behavior [ RunTime:0.001304s ]
INFO: [ view_filter ] --END-- [ RunTime:0.007281s ]
INFO: [ view_end ] --START--
INFO: Run ShowPageTrace Behavior [ RunTime:0.000514s ]
INFO: [ view_end ] --END-- [ RunTime:0.000556s ]

[ 2017-09-12T14:14:03+08:00 ] 116.247.91.242 /BVCMS/index.php/Index/add
INFO: [ route_check ] --START--
INFO: Run CheckRoute Behavior [ RunTime:0.000865s ]
INFO: [ route_check ] --END-- [ RunTime:0.001015s ]
INFO: [ app_begin ] --START--
INFO: Run ReadHtmlCache Behavior [ RunTime:0.000445s ]
INFO: [ app_begin ] --END-- [ RunTime:0.000492s ]
SQL: SHOW COLUMNS FROM `tp_formal` [ RunTime:0.001451s ]
SQL: INSERT INTO `tp_formal` (`Location`,`Model`,`SN`,`ComputerType`,`PurchaseDate`,`ReplaceDate`,`BUCode`,`BUDescription`,`OS`,`Office`,`Snow`,`Monitor`,`EName`,`Staff`,`Dept`,`Cityray`,`CName`,`JobTitle`,`ADAccount`,`WorkLocation`,`N1`,`SBUBL`,`JobFamily`,`Remark`,`AssetNo`,`BarCode`,`time`,`Status`,`PCName`) VALUES ('SHA05','Lenovo M710','PC0NGTZ5','Desktop','2017-08-10','2022-08-10','528','','Win 7','Office','Yes','Yes','ET Lab User','','ËØ∑ÈÄâÊã©ÈÉ®Èó®','','ETÂÆûÈ™åÂÆ\§','','asi\\labuser','‰∏äÊµ∑ Shanghai','Sammy Chen','ÈÄâÊã©SBU','','AUTO','','',1505196843,'InUse','WW7CNSHA0517050') [ RunTime:0.006770s ]
INFO: [ view_template ] --START--
INFO: Run LocationTemplate Behavior [ RunTime:0.000400s ]
INFO: [ view_template ] --END-- [ RunTime:0.000450s ]
INFO: [ view_parse ] --START--
INFO: Run ParseTemplate Behavior [ RunTime:0.006058s ]
INFO: [ view_parse ] --END-- [ RunTime:0.006140s ]
INFO: [ view_filter ] --START--
INFO: Run ContentReplace Behavior [ RunTime:0.000329s ]
INFO: Run TokenBuild Behavior [ RunTime:0.000327s ]
INFO: Run WriteHtmlCache Behavior [ RunTime:0.000285s ]
INFO: Run ShowRuntime Behavior [ RunTime:0.000386s ]
INFO: [ view_filter ] --END-- [ RunTime:0.001460s ]
INFO: [ view_end ] --START--
INFO: Run ShowPageTrace Behavior [ RunTime:0.000535s ]
INFO: [ view_end ] --END-- [ RunTime:0.000577s ]

[ 2017-09-12T14:14:05+08:00 ] 116.247.91.242 /BVCMS/index.php/Index/index
INFO: [ route_check ] --START--
INFO: Run CheckRoute Behavior [ RunTime:0.000759s ]
INFO: [ route_check ] --END-- [ RunTime:0.000876s ]
INFO: [ app_begin ] --START--
INFO: Run ReadHtmlCache Behavior [ RunTime:0.000471s ]
INFO: [ app_begin ] --END-- [ RunTime:0.000524s ]
SQL: SHOW COLUMNS FROM `tp_formal` [ RunTime:0.001545s ]
SQL: SELECT * FROM `tp_formal`  [ RunTime:0.005694s ]
SQL: SELECT COUNT(ID) AS tp_count FROM `tp_formal` LIMIT 1   [ RunTime:0.000806s ]
SQL: SELECT COUNT(*) AS tp_count FROM `tp_formal` WHERE ( `Status` = 'Spare' ) LIMIT 1   [ RunTime:0.001224s ]
INFO: [ view_template ] --START--
INFO: Run LocationTemplate Behavior [ RunTime:0.000506s ]
INFO: [ view_template ] --END-- [ RunTime:0.000558s ]
INFO: [ view_parse ] --START--
INFO: Run ParseTemplate Behavior [ RunTime:0.023616s ]
INFO: [ view_parse ] --END-- [ RunTime:0.023684s ]
INFO: [ view_filter ] --START--
INFO: Run ContentReplace Behavior [ RunTime:0.004508s ]
INFO: Run TokenBuild Behavior [ RunTime:0.001246s ]
INFO: Run WriteHtmlCache Behavior [ RunTime:0.000285s ]
INFO: Run ShowRuntime Behavior [ RunTime:0.001374s ]
INFO: [ view_filter ] --END-- [ RunTime:0.007564s ]
INFO: [ view_end ] --START--
INFO: Run ShowPageTrace Behavior [ RunTime:0.000685s ]
INFO: [ view_end ] --END-- [ RunTime:0.000748s ]

[ 2017-09-12T14:16:39+08:00 ] 116.247.91.242 /BVCMS/index.php/Index/add
INFO: [ route_check ] --START--
INFO: Run CheckRoute Behavior [ RunTime:0.000696s ]
INFO: [ route_check ] --END-- [ RunTime:0.000815s ]
INFO: [ app_begin ] --START--
INFO: Run ReadHtmlCache Behavior [ RunTime:0.000486s ]
INFO: [ app_begin ] --END-- [ RunTime:0.000540s ]
SQL: SHOW COLUMNS FROM `tp_formal` [ RunTime:0.001520s ]
SQL: INSERT INTO `tp_formal` (`Location`,`Model`,`SN`,`ComputerType`,`PurchaseDate`,`ReplaceDate`,`BUCode`,`BUDescription`,`OS`,`Office`,`Snow`,`Monitor`,`EName`,`Staff`,`Dept`,`Cityray`,`CName`,`JobTitle`,`ADAccount`,`WorkLocation`,`N1`,`SBUBL`,`JobFamily`,`Remark`,`AssetNo`,`BarCode`,`time`,`Status`,`PCName`) VALUES ('SHA05','Lenovo L470','PF0TV3RB','Laptop','2017-08-20','2020-08-20','261','','Win 7','WPS','No','No','EMC Test','','Test-EMC','','EMCÈùûÊ†áÊµãËØïÊú\∫','','','‰∏äÊµ∑ Shanghai','Zhaoqian Yu','ÈÄâÊã©SBU','','829-EMC','','',1505196998,'InUse','LW7CNSHA0517051') [ RunTime:0.005311s ]
INFO: [ view_template ] --START--
INFO: Run LocationTemplate Behavior [ RunTime:0.000436s ]
INFO: [ view_template ] --END-- [ RunTime:0.000515s ]
INFO: [ view_parse ] --START--
INFO: Run ParseTemplate Behavior [ RunTime:0.006101s ]
INFO: [ view_parse ] --END-- [ RunTime:0.006156s ]
INFO: [ view_filter ] --START--
INFO: Run ContentReplace Behavior [ RunTime:0.000324s ]
INFO: Run TokenBuild Behavior [ RunTime:0.000323s ]
INFO: Run WriteHtmlCache Behavior [ RunTime:0.000257s ]
INFO: Run ShowRuntime Behavior [ RunTime:0.000466s ]
INFO: [ view_filter ] --END-- [ RunTime:0.001523s ]
INFO: [ view_end ] --START--
INFO: Run ShowPageTrace Behavior [ RunTime:0.000545s ]
INFO: [ view_end ] --END-- [ RunTime:0.000590s ]

[ 2017-09-12T14:16:40+08:00 ] 116.247.91.242 /BVCMS/index.php/Index/index
INFO: [ route_check ] --START--
INFO: Run CheckRoute Behavior [ RunTime:0.000675s ]
INFO: [ route_check ] --END-- [ RunTime:0.000794s ]
INFO: [ app_begin ] --START--
INFO: Run ReadHtmlCache Behavior [ RunTime:0.000479s ]
INFO: [ app_begin ] --END-- [ RunTime:0.000533s ]
SQL: SHOW COLUMNS FROM `tp_formal` [ RunTime:0.001450s ]
SQL: SELECT * FROM `tp_formal`  [ RunTime:0.005372s ]
SQL: SELECT COUNT(ID) AS tp_count FROM `tp_formal` LIMIT 1   [ RunTime:0.000881s ]
SQL: SELECT COUNT(*) AS tp_count FROM `tp_formal` WHERE ( `Status` = 'Spare' ) LIMIT 1   [ RunTime:0.001316s ]
INFO: [ view_template ] --START--
INFO: Run LocationTemplate Behavior [ RunTime:0.000482s ]
INFO: [ view_template ] --END-- [ RunTime:0.000530s ]
INFO: [ view_parse ] --START--
INFO: Run ParseTemplate Behavior [ RunTime:0.022363s ]
INFO: [ view_parse ] --END-- [ RunTime:0.022429s ]
INFO: [ view_filter ] --START--
INFO: Run ContentReplace Behavior [ RunTime:0.004419s ]
INFO: Run TokenBuild Behavior [ RunTime:0.001132s ]
INFO: Run WriteHtmlCache Behavior [ RunTime:0.000282s ]
INFO: Run ShowRuntime Behavior [ RunTime:0.001303s ]
INFO: [ view_filter ] --END-- [ RunTime:0.007280s ]
INFO: [ view_end ] --START--
INFO: Run ShowPageTrace Behavior [ RunTime:0.000522s ]
INFO: [ view_end ] --END-- [ RunTime:0.000564s ]

[ 2017-09-12T14:18:41+08:00 ] 116.247.91.242 /BVCMS/index.php/Index/add
INFO: [ route_check ] --START--
INFO: Run CheckRoute Behavior [ RunTime:0.000680s ]
INFO: [ route_check ] --END-- [ RunTime:0.000819s ]
INFO: [ app_begin ] --START--
INFO: Run ReadHtmlCache Behavior [ RunTime:0.000461s ]
INFO: [ app_begin ] --END-- [ RunTime:0.000517s ]
SQL: SHOW COLUMNS FROM `tp_formal` [ RunTime:0.001505s ]
SQL: INSERT INTO `tp_formal` (`Location`,`Model`,`SN`,`ComputerType`,`PurchaseDate`,`ReplaceDate`,`BUCode`,`BUDescription`,`OS`,`Office`,`Snow`,`Monitor`,`EName`,`Staff`,`Dept`,`Cityray`,`CName`,`JobTitle`,`ADAccount`,`WorkLocation`,`N1`,`SBUBL`,`JobFamily`,`Remark`,`AssetNo`,`BarCode`,`time`,`Status`,`PCName`) VALUES ('SHA04','Lenovo L470','PF0TV3R2','Laptop','2017-08-20','2020-08-20','261','','Win 7','WPS','No','No','EMC Test','','Test-EMC','','EMCÈùûÊ†áÊµãËØïÊú\∫','','','‰∏äÊµ∑ Shanghai','Zhaoqian Yu','ÈÄâÊã©SBU','','829-EMC','','',1505197121,'InUse','LW7CNSHA0417052') [ RunTime:0.004567s ]
INFO: [ view_template ] --START--
INFO: Run LocationTemplate Behavior [ RunTime:0.000406s ]
INFO: [ view_template ] --END-- [ RunTime:0.000455s ]
INFO: [ view_parse ] --START--
INFO: Run ParseTemplate Behavior [ RunTime:0.005950s ]
INFO: [ view_parse ] --END-- [ RunTime:0.006047s ]
INFO: [ view_filter ] --START--
INFO: Run ContentReplace Behavior [ RunTime:0.000320s ]
INFO: Run TokenBuild Behavior [ RunTime:0.000326s ]
INFO: Run WriteHtmlCache Behavior [ RunTime:0.000270s ]
INFO: Run ShowRuntime Behavior [ RunTime:0.000379s ]
INFO: [ view_filter ] --END-- [ RunTime:0.001425s ]
INFO: [ view_end ] --START--
INFO: Run ShowPageTrace Behavior [ RunTime:0.000576s ]
INFO: [ view_end ] --END-- [ RunTime:0.000620s ]

[ 2017-09-12T14:18:44+08:00 ] 116.247.91.242 /BVCMS/index.php/Index/index
INFO: [ route_check ] --START--
INFO: Run CheckRoute Behavior [ RunTime:0.000744s ]
INFO: [ route_check ] --END-- [ RunTime:0.000861s ]
INFO: [ app_begin ] --START--
INFO: Run ReadHtmlCache Behavior [ RunTime:0.000498s ]
INFO: [ app_begin ] --END-- [ RunTime:0.000551s ]
SQL: SHOW COLUMNS FROM `tp_formal` [ RunTime:0.001477s ]
SQL: SELECT * FROM `tp_formal`  [ RunTime:0.007478s ]
SQL: SELECT COUNT(ID) AS tp_count FROM `tp_formal` LIMIT 1   [ RunTime:0.000976s ]
SQL: SELECT COUNT(*) AS tp_count FROM `tp_formal` WHERE ( `Status` = 'Spare' ) LIMIT 1   [ RunTime:0.001364s ]
INFO: [ view_template ] --START--
INFO: Run LocationTemplate Behavior [ RunTime:0.000532s ]
INFO: [ view_template ] --END-- [ RunTime:0.000579s ]
INFO: [ view_parse ] --START--
INFO: Run ParseTemplate Behavior [ RunTime:0.022730s ]
INFO: [ view_parse ] --END-- [ RunTime:0.022799s ]
INFO: [ view_filter ] --START--
INFO: Run ContentReplace Behavior [ RunTime:0.004568s ]
INFO: Run TokenBuild Behavior [ RunTime:0.001156s ]
INFO: Run WriteHtmlCache Behavior [ RunTime:0.000276s ]
INFO: Run ShowRuntime Behavior [ RunTime:0.001402s ]
INFO: [ view_filter ] --END-- [ RunTime:0.007550s ]
INFO: [ view_end ] --START--
INFO: Run ShowPageTrace Behavior [ RunTime:0.000562s ]
INFO: [ view_end ] --END-- [ RunTime:0.000606s ]

[ 2017-09-12T14:18:53+08:00 ] 116.247.91.242 /BVCMS/index.php/Index/modify/id/340
INFO: [ route_check ] --START--
INFO: Run CheckRoute Behavior [ RunTime:0.000688s ]
INFO: [ route_check ] --END-- [ RunTime:0.000811s ]
INFO: [ app_begin ] --START--
INFO: Run ReadHtmlCache Behavior [ RunTime:0.000488s ]
INFO: [ app_begin ] --END-- [ RunTime:0.000541s ]
SQL: SHOW COLUMNS FROM `tp_formal` [ RunTime:0.001436s ]
SQL: SELECT * FROM `tp_formal` WHERE ( `Id` = 340 ) LIMIT 1   [ RunTime:0.000785s ]
INFO: [ view_template ] --START--
INFO: Run LocationTemplate Behavior [ RunTime:0.000410s ]
INFO: [ view_template ] --END-- [ RunTime:0.000482s ]
INFO: [ view_parse ] --START--
INFO: Run ParseTemplate Behavior [ RunTime:0.015208s ]
INFO: [ view_parse ] --END-- [ RunTime:0.015275s ]
INFO: [ view_filter ] --START--
INFO: Run ContentReplace Behavior [ RunTime:0.000468s ]
INFO: Run TokenBuild Behavior [ RunTime:0.000369s ]
INFO: Run WriteHtmlCache Behavior [ RunTime:0.000253s ]
INFO: Run ShowRuntime Behavior [ RunTime:0.000488s ]
INFO: [ view_filter ] --END-- [ RunTime:0.001702s ]
INFO: [ view_end ] --START--
INFO: Run ShowPageTrace Behavior [ RunTime:0.000489s ]
INFO: [ view_end ] --END-- [ RunTime:0.000528s ]

[ 2017-09-12T14:18:58+08:00 ] 116.247.91.242 /BVCMS/index.php/Index/save/id/340
INFO: [ route_check ] --START--
INFO: Run CheckRoute Behavior [ RunTime:0.000668s ]
INFO: [ route_check ] --END-- [ RunTime:0.000784s ]
INFO: [ app_begin ] --START--
INFO: Run ReadHtmlCache Behavior [ RunTime:0.000447s ]
INFO: [ app_begin ] --END-- [ RunTime:0.000500s ]
SQL: SHOW COLUMNS FROM `tp_formal` [ RunTime:0.001496s ]
SQL: UPDATE `tp_formal` SET `Location`='SHA04',`Model`='Lenovo L470',`SN`='PF0TV3RB',`ComputerType`='Laptop',`PurchaseDate`='2017-08-20',`ReplaceDate`='2020-08-20',`BUCode`='261',`BUDescription`='',`OS`='Win 7',`Office`='WPS',`Snow`='No',`Monitor`='No',`EName`='EMC Test',`Staff`='',`Dept`='Test-EMC',`Cityray`='',`CName`='EMCÈùûÊ†áÊµãËØïÊú\∫',`JobTitle`='',`ADAccount`='',`WorkLocation`='‰∏äÊµ∑ Shanghai',`N1`='Zhaoqian Yu',`SBUBL`='ÈÄâÊã©SBU',`JobFamily`='',`Remark`='829-EMC',`AssetNo`='',`BarCode`='',`time`=1505197138,`Status`='InUse',`PCName`='LW7CNSHA0417051' WHERE ( `Id` = 340 ) [ RunTime:0.005665s ]

[ 2017-09-12T14:19:02+08:00 ] 116.247.91.242 /BVCMS/index.php/Index/index
INFO: [ route_check ] --START--
INFO: Run CheckRoute Behavior [ RunTime:0.000732s ]
INFO: [ route_check ] --END-- [ RunTime:0.000859s ]
INFO: [ app_begin ] --START--
INFO: Run ReadHtmlCache Behavior [ RunTime:0.000465s ]
INFO: [ app_begin ] --END-- [ RunTime:0.000519s ]
SQL: SHOW COLUMNS FROM `tp_formal` [ RunTime:0.001535s ]
SQL: SELECT * FROM `tp_formal`  [ RunTime:0.005788s ]
SQL: SELECT COUNT(ID) AS tp_count FROM `tp_formal` LIMIT 1   [ RunTime:0.000767s ]
SQL: SELECT COUNT(*) AS tp_count FROM `tp_formal` WHERE ( `Status` = 'Spare' ) LIMIT 1   [ RunTime:0.001290s ]
INFO: [ view_template ] --START--
INFO: Run LocationTemplate Behavior [ RunTime:0.000553s ]
INFO: [ view_template ] --END-- [ RunTime:0.000601s ]
INFO: [ view_parse ] --START--
INFO: Run ParseTemplate Behavior [ RunTime:0.025260s ]
INFO: [ view_parse ] --END-- [ RunTime:0.025333s ]
INFO: [ view_filter ] --START--
INFO: Run ContentReplace Behavior [ RunTime:0.004712s ]
INFO: Run TokenBuild Behavior [ RunTime:0.001593s ]
INFO: Run WriteHtmlCache Behavior [ RunTime:0.000297s ]
INFO: Run ShowRuntime Behavior [ RunTime:0.001423s ]
INFO: [ view_filter ] --END-- [ RunTime:0.008183s ]
INFO: [ view_end ] --START--
INFO: Run ShowPageTrace Behavior [ RunTime:0.000559s ]
INFO: [ view_end ] --END-- [ RunTime:0.000615s ]

