[ 2017-09-21T15:49:34+08:00 ] 116.247.91.242 /BVCMS/
INFO: [ app_begin ] --START--
INFO: Run ReadHtmlCache Behavior [ RunTime:0.000502s ]
INFO: [ app_begin ] --END-- [ RunTime:0.000635s ]
INFO: [ view_template ] --START--
INFO: Run LocationTemplate Behavior [ RunTime:0.000444s ]
INFO: [ view_template ] --END-- [ RunTime:0.000522s ]
INFO: [ view_parse ] --START--
INFO: Run ParseTemplate Behavior [ RunTime:0.006034s ]
INFO: [ view_parse ] --END-- [ RunTime:0.006093s ]
INFO: [ view_filter ] --START--
INFO: Run ContentReplace Behavior [ RunTime:0.000393s ]
INFO: Run TokenBuild Behavior [ RunTime:0.000363s ]
INFO: Run WriteHtmlCache Behavior [ RunTime:0.000292s ]
INFO: Run ShowRuntime Behavior [ RunTime:0.000445s ]
INFO: [ view_filter ] --END-- [ RunTime:0.001622s ]
INFO: [ view_end ] --START--
INFO: Run ShowPageTrace Behavior [ RunTime:0.000530s ]
INFO: [ view_end ] --END-- [ RunTime:0.000574s ]

[ 2017-09-21T15:49:39+08:00 ] 116.247.91.242 /BVCMS/index.php/Index/index
INFO: [ route_check ] --START--
INFO: Run CheckRoute Behavior [ RunTime:0.000753s ]
INFO: [ route_check ] --END-- [ RunTime:0.000869s ]
INFO: [ app_begin ] --START--
INFO: Run ReadHtmlCache Behavior [ RunTime:0.000522s ]
INFO: [ app_begin ] --END-- [ RunTime:0.000573s ]
SQL: SHOW COLUMNS FROM `tp_formal` [ RunTime:0.001640s ]
SQL: SELECT * FROM `tp_formal`  [ RunTime:0.005733s ]
SQL: SELECT COUNT(ID) AS tp_count FROM `tp_formal` LIMIT 1   [ RunTime:0.000792s ]
SQL: SELECT COUNT(*) AS tp_count FROM `tp_formal` WHERE ( `Status` = 'Spare' ) LIMIT 1   [ RunTime:0.001216s ]
INFO: [ view_template ] --START--
INFO: Run LocationTemplate Behavior [ RunTime:0.000608s ]
INFO: [ view_template ] --END-- [ RunTime:0.000660s ]
INFO: [ view_parse ] --START--
INFO: Run ParseTemplate Behavior [ RunTime:0.023622s ]
INFO: [ view_parse ] --END-- [ RunTime:0.023711s ]
INFO: [ view_filter ] --START--
INFO: Run ContentReplace Behavior [ RunTime:0.005210s ]
INFO: Run TokenBuild Behavior [ RunTime:0.001638s ]
INFO: Run WriteHtmlCache Behavior [ RunTime:0.000436s ]
INFO: Run ShowRuntime Behavior [ RunTime:0.001752s ]
INFO: [ view_filter ] --END-- [ RunTime:0.009240s ]
INFO: [ view_end ] --START--
INFO: Run ShowPageTrace Behavior [ RunTime:0.000554s ]
INFO: [ view_end ] --END-- [ RunTime:0.000599s ]

[ 2017-09-21T15:50:39+08:00 ] 116.247.91.242 /BVCMS/index.php/Index/index
INFO: [ route_check ] --START--
INFO: Run CheckRoute Behavior [ RunTime:0.000696s ]
INFO: [ route_check ] --END-- [ RunTime:0.000822s ]
INFO: [ app_begin ] --START--
INFO: Run ReadHtmlCache Behavior [ RunTime:0.000480s ]
INFO: [ app_begin ] --END-- [ RunTime:0.000534s ]
SQL: SHOW COLUMNS FROM `tp_formal` [ RunTime:0.001498s ]
SQL: SELECT * FROM `tp_formal`  [ RunTime:0.004938s ]
SQL: SELECT COUNT(ID) AS tp_count FROM `tp_formal` LIMIT 1   [ RunTime:0.000523s ]
SQL: SELECT COUNT(*) AS tp_count FROM `tp_formal` WHERE ( `Status` = 'Spare' ) LIMIT 1   [ RunTime:0.000484s ]
INFO: [ view_template ] --START--
INFO: Run LocationTemplate Behavior [ RunTime:0.000458s ]
INFO: [ view_template ] --END-- [ RunTime:0.000527s ]
INFO: [ view_parse ] --START--
INFO: Run ParseTemplate Behavior [ RunTime:0.022148s ]
INFO: [ view_parse ] --END-- [ RunTime:0.022206s ]
INFO: [ view_filter ] --START--
INFO: Run ContentReplace Behavior [ RunTime:0.004679s ]
INFO: Run TokenBuild Behavior [ RunTime:0.001325s ]
INFO: Run WriteHtmlCache Behavior [ RunTime:0.000336s ]
INFO: Run ShowRuntime Behavior [ RunTime:0.001569s ]
INFO: [ view_filter ] --END-- [ RunTime:0.008072s ]
INFO: [ view_end ] --START--
INFO: Run ShowPageTrace Behavior [ RunTime:0.000556s ]
INFO: [ view_end ] --END-- [ RunTime:0.000600s ]

[ 2017-09-21T15:59:00+08:00 ] 116.247.91.242 /BVCMS/index.php/Index/index
INFO: [ route_check ] --START--
INFO: Run CheckRoute Behavior [ RunTime:0.000672s ]
INFO: [ route_check ] --END-- [ RunTime:0.000795s ]
INFO: [ app_begin ] --START--
INFO: Run ReadHtmlCache Behavior [ RunTime:0.000511s ]
INFO: [ app_begin ] --END-- [ RunTime:0.000564s ]
SQL: SHOW COLUMNS FROM `tp_formal` [ RunTime:0.001515s ]
SQL: SELECT * FROM `tp_formal`  [ RunTime:0.004756s ]
SQL: SELECT COUNT(ID) AS tp_count FROM `tp_formal` LIMIT 1   [ RunTime:0.000595s ]
SQL: SELECT COUNT(*) AS tp_count FROM `tp_formal` WHERE ( `Status` = 'Spare' ) LIMIT 1   [ RunTime:0.000522s ]
INFO: [ view_template ] --START--
INFO: Run LocationTemplate Behavior [ RunTime:0.000496s ]
INFO: [ view_template ] --END-- [ RunTime:0.000554s ]
INFO: [ view_parse ] --START--
INFO: Run ParseTemplate Behavior [ RunTime:0.022889s ]
INFO: [ view_parse ] --END-- [ RunTime:0.022962s ]
INFO: [ view_filter ] --START--
INFO: Run ContentReplace Behavior [ RunTime:0.004561s ]
INFO: Run TokenBuild Behavior [ RunTime:0.001216s ]
INFO: Run WriteHtmlCache Behavior [ RunTime:0.000282s ]
INFO: Run ShowRuntime Behavior [ RunTime:0.001437s ]
INFO: [ view_filter ] --END-- [ RunTime:0.007644s ]
INFO: [ view_end ] --START--
INFO: Run ShowPageTrace Behavior [ RunTime:0.000565s ]
INFO: [ view_end ] --END-- [ RunTime:0.000608s ]

[ 2017-09-21T15:59:58+08:00 ] 116.247.91.242 /BVCMS/index.php/Index/index
INFO: [ route_check ] --START--
INFO: Run CheckRoute Behavior [ RunTime:0.000742s ]
INFO: [ route_check ] --END-- [ RunTime:0.000882s ]
INFO: [ app_begin ] --START--
INFO: Run ReadHtmlCache Behavior [ RunTime:0.000531s ]
INFO: [ app_begin ] --END-- [ RunTime:0.000584s ]
SQL: SHOW COLUMNS FROM `tp_formal` [ RunTime:0.001503s ]
SQL: SELECT * FROM `tp_formal`  [ RunTime:0.004598s ]
SQL: SELECT COUNT(ID) AS tp_count FROM `tp_formal` LIMIT 1   [ RunTime:0.000495s ]
SQL: SELECT COUNT(*) AS tp_count FROM `tp_formal` WHERE ( `Status` = 'Spare' ) LIMIT 1   [ RunTime:0.000478s ]
INFO: [ view_template ] --START--
INFO: Run LocationTemplate Behavior [ RunTime:0.000589s ]
INFO: [ view_template ] --END-- [ RunTime:0.000641s ]
INFO: [ view_parse ] --START--
INFO: Run ParseTemplate Behavior [ RunTime:0.023259s ]
INFO: [ view_parse ] --END-- [ RunTime:0.023342s ]
INFO: [ view_filter ] --START--
INFO: Run ContentReplace Behavior [ RunTime:0.004847s ]
INFO: Run TokenBuild Behavior [ RunTime:0.001255s ]
INFO: Run WriteHtmlCache Behavior [ RunTime:0.000296s ]
INFO: Run ShowRuntime Behavior [ RunTime:0.001389s ]
INFO: [ view_filter ] --END-- [ RunTime:0.007950s ]
INFO: [ view_end ] --START--
INFO: Run ShowPageTrace Behavior [ RunTime:0.000554s ]
INFO: [ view_end ] --END-- [ RunTime:0.000598s ]

[ 2017-09-21T16:05:49+08:00 ] 116.247.91.242 /BVCMS/index.php/Index/index
INFO: [ route_check ] --START--
INFO: Run CheckRoute Behavior [ RunTime:0.000696s ]
INFO: [ route_check ] --END-- [ RunTime:0.000814s ]
INFO: [ app_begin ] --START--
INFO: Run ReadHtmlCache Behavior [ RunTime:0.000496s ]
INFO: [ app_begin ] --END-- [ RunTime:0.000548s ]
SQL: SHOW COLUMNS FROM `tp_formal` [ RunTime:0.001699s ]
SQL: SELECT * FROM `tp_formal`  [ RunTime:0.004653s ]
SQL: SELECT COUNT(ID) AS tp_count FROM `tp_formal` LIMIT 1   [ RunTime:0.000534s ]
SQL: SELECT COUNT(*) AS tp_count FROM `tp_formal` WHERE ( `Status` = 'Spare' ) LIMIT 1   [ RunTime:0.000511s ]
INFO: [ view_template ] --START--
INFO: Run LocationTemplate Behavior [ RunTime:0.000480s ]
INFO: [ view_template ] --END-- [ RunTime:0.000527s ]
INFO: [ view_parse ] --START--
INFO: Run ParseTemplate Behavior [ RunTime:0.022237s ]
INFO: [ view_parse ] --END-- [ RunTime:0.022296s ]
INFO: [ view_filter ] --START--
INFO: Run ContentReplace Behavior [ RunTime:0.004655s ]
INFO: Run TokenBuild Behavior [ RunTime:0.001322s ]
INFO: Run WriteHtmlCache Behavior [ RunTime:0.000312s ]
INFO: Run ShowRuntime Behavior [ RunTime:0.001373s ]
INFO: [ view_filter ] --END-- [ RunTime:0.007816s ]
INFO: [ view_end ] --START--
INFO: Run ShowPageTrace Behavior [ RunTime:0.000663s ]
INFO: [ view_end ] --END-- [ RunTime:0.000706s ]

[ 2017-09-21T16:14:02+08:00 ] 116.247.91.242 /BVCMS/index.php/Index/index
INFO: [ route_check ] --START--
INFO: Run CheckRoute Behavior [ RunTime:0.000660s ]
INFO: [ route_check ] --END-- [ RunTime:0.000775s ]
INFO: [ app_begin ] --START--
INFO: Run ReadHtmlCache Behavior [ RunTime:0.000476s ]
INFO: [ app_begin ] --END-- [ RunTime:0.000528s ]
SQL: SHOW COLUMNS FROM `tp_formal` [ RunTime:0.001522s ]
SQL: SELECT * FROM `tp_formal`  [ RunTime:0.005003s ]
SQL: SELECT COUNT(ID) AS tp_count FROM `tp_formal` LIMIT 1   [ RunTime:0.000512s ]
SQL: SELECT COUNT(*) AS tp_count FROM `tp_formal` WHERE ( `Status` = 'Spare' ) LIMIT 1   [ RunTime:0.000497s ]
INFO: [ view_template ] --START--
INFO: Run LocationTemplate Behavior [ RunTime:0.000566s ]
INFO: [ view_template ] --END-- [ RunTime:0.000618s ]
INFO: [ view_parse ] --START--
INFO: Run ParseTemplate Behavior [ RunTime:0.026727s ]
INFO: [ view_parse ] --END-- [ RunTime:0.026808s ]
INFO: [ view_filter ] --START--
INFO: Run ContentReplace Behavior [ RunTime:0.005379s ]
INFO: Run TokenBuild Behavior [ RunTime:0.001576s ]
INFO: Run WriteHtmlCache Behavior [ RunTime:0.000347s ]
INFO: Run ShowRuntime Behavior [ RunTime:0.001589s ]
INFO: [ view_filter ] --END-- [ RunTime:0.009069s ]
INFO: [ view_end ] --START--
INFO: Run ShowPageTrace Behavior [ RunTime:0.000620s ]
INFO: [ view_end ] --END-- [ RunTime:0.000667s ]

[ 2017-09-21T16:15:16+08:00 ] 116.247.91.242 /BVCMS/index.php/Index/index
INFO: [ route_check ] --START--
INFO: Run CheckRoute Behavior [ RunTime:0.000713s ]
INFO: [ route_check ] --END-- [ RunTime:0.000831s ]
INFO: [ app_begin ] --START--
INFO: Run ReadHtmlCache Behavior [ RunTime:0.000508s ]
INFO: [ app_begin ] --END-- [ RunTime:0.000560s ]
SQL: SHOW COLUMNS FROM `tp_formal` [ RunTime:0.001504s ]
SQL: SELECT * FROM `tp_formal`  [ RunTime:0.005213s ]
SQL: SELECT COUNT(ID) AS tp_count FROM `tp_formal` LIMIT 1   [ RunTime:0.000558s ]
SQL: SELECT COUNT(*) AS tp_count FROM `tp_formal` WHERE ( `Status` = 'Spare' ) LIMIT 1   [ RunTime:0.000521s ]
INFO: [ view_template ] --START--
INFO: Run LocationTemplate Behavior [ RunTime:0.000534s ]
INFO: [ view_template ] --END-- [ RunTime:0.000583s ]
INFO: [ view_parse ] --START--
INFO: Run ParseTemplate Behavior [ RunTime:0.022532s ]
INFO: [ view_parse ] --END-- [ RunTime:0.022596s ]
INFO: [ view_filter ] --START--
INFO: Run ContentReplace Behavior [ RunTime:0.004692s ]
INFO: Run TokenBuild Behavior [ RunTime:0.001286s ]
INFO: Run WriteHtmlCache Behavior [ RunTime:0.000293s ]
INFO: Run ShowRuntime Behavior [ RunTime:0.001526s ]
INFO: [ view_filter ] --END-- [ RunTime:0.007943s ]
INFO: [ view_end ] --START--
INFO: Run ShowPageTrace Behavior [ RunTime:0.000547s ]
INFO: [ view_end ] --END-- [ RunTime:0.000591s ]

[ 2017-09-21T17:30:39+08:00 ] 116.247.91.242 /BVCMS/index.php/Index/modify/id/344
INFO: [ route_check ] --START--
INFO: Run CheckRoute Behavior [ RunTime:0.000945s ]
INFO: [ route_check ] --END-- [ RunTime:0.001219s ]
INFO: [ app_begin ] --START--
INFO: Run ReadHtmlCache Behavior [ RunTime:0.000511s ]
INFO: [ app_begin ] --END-- [ RunTime:0.000566s ]
SQL: SHOW COLUMNS FROM `tp_formal` [ RunTime:0.001685s ]
SQL: SELECT * FROM `tp_formal` WHERE ( `Id` = 344 ) LIMIT 1   [ RunTime:0.001041s ]
INFO: [ view_template ] --START--
INFO: Run LocationTemplate Behavior [ RunTime:0.000489s ]
INFO: [ view_template ] --END-- [ RunTime:0.000540s ]
INFO: [ view_parse ] --START--
INFO: Run ParseTemplate Behavior [ RunTime:0.015424s ]
INFO: [ view_parse ] --END-- [ RunTime:0.015480s ]
INFO: [ view_filter ] --START--
INFO: Run ContentReplace Behavior [ RunTime:0.000451s ]
INFO: Run TokenBuild Behavior [ RunTime:0.000398s ]
INFO: Run WriteHtmlCache Behavior [ RunTime:0.000303s ]
INFO: Run ShowRuntime Behavior [ RunTime:0.000496s ]
INFO: [ view_filter ] --END-- [ RunTime:0.001777s ]
INFO: [ view_end ] --START--
INFO: Run ShowPageTrace Behavior [ RunTime:0.000530s ]
INFO: [ view_end ] --END-- [ RunTime:0.000569s ]

[ 2017-09-21T17:31:37+08:00 ] 116.247.91.242 /BVCMS/index.php/Index/save/id/344
INFO: [ route_check ] --START--
INFO: Run CheckRoute Behavior [ RunTime:0.000688s ]
INFO: [ route_check ] --END-- [ RunTime:0.000806s ]
INFO: [ app_begin ] --START--
INFO: Run ReadHtmlCache Behavior [ RunTime:0.000472s ]
INFO: [ app_begin ] --END-- [ RunTime:0.000526s ]
SQL: SHOW COLUMNS FROM `tp_formal` [ RunTime:0.001497s ]
SQL: UPDATE `tp_formal` SET `Location`='SHA05',`Model`='Lenovo M710',`SN`='PC0NGTZ9',`ComputerType`='Desktop',`PurchaseDate`='2017-08-20',`ReplaceDate`='2022-08-20',`BUCode`='TBD',`BUDescription`='',`OS`='Win 7',`Office`='WPS',`Snow`='Yes',`Monitor`='Yes',`EName`='CI 1 Lab',`Staff`='',`Dept`='è¯·é€‰æ‹©éƒ¨é—¨',`Cityray`='',`CName`='CI 1 å®žéªŒå®\¤',`JobTitle`='',`ADAccount`='asi\\yayzhou',`WorkLocation`='ä¸Šæµ· Shanghai',`N1`='James Xu',`SBUBL`='é€‰æ‹©SBU',`JobFamily`='',`Remark`='AUTO 2F CI1 Lab',`AssetNo`='',`BarCode`='',`time`=1505986297,`Status`='InUse',`PCName`='WW7CNSHA0517055' WHERE ( `Id` = 344 ) [ RunTime:0.009472s ]

[ 2017-09-21T17:31:40+08:00 ] 116.247.91.242 /BVCMS/index.php/Index/index
INFO: [ route_check ] --START--
INFO: Run CheckRoute Behavior [ RunTime:0.000665s ]
INFO: [ route_check ] --END-- [ RunTime:0.000826s ]
INFO: [ app_begin ] --START--
INFO: Run ReadHtmlCache Behavior [ RunTime:0.000472s ]
INFO: [ app_begin ] --END-- [ RunTime:0.000523s ]
SQL: SHOW COLUMNS FROM `tp_formal` [ RunTime:0.001488s ]
SQL: SELECT * FROM `tp_formal`  [ RunTime:0.006034s ]
SQL: SELECT COUNT(ID) AS tp_count FROM `tp_formal` LIMIT 1   [ RunTime:0.000722s ]
SQL: SELECT COUNT(*) AS tp_count FROM `tp_formal` WHERE ( `Status` = 'Spare' ) LIMIT 1   [ RunTime:0.001186s ]
INFO: [ view_template ] --START--
INFO: Run LocationTemplate Behavior [ RunTime:0.000507s ]
INFO: [ view_template ] --END-- [ RunTime:0.000554s ]
INFO: [ view_parse ] --START--
INFO: Run ParseTemplate Behavior [ RunTime:0.022277s ]
INFO: [ view_parse ] --END-- [ RunTime:0.022342s ]
INFO: [ view_filter ] --START--
INFO: Run ContentReplace Behavior [ RunTime:0.004535s ]
INFO: Run TokenBuild Behavior [ RunTime:0.001167s ]
INFO: Run WriteHtmlCache Behavior [ RunTime:0.000286s ]
INFO: Run ShowRuntime Behavior [ RunTime:0.001400s ]
INFO: [ view_filter ] --END-- [ RunTime:0.007533s ]
INFO: [ view_end ] --START--
INFO: Run ShowPageTrace Behavior [ RunTime:0.000567s ]
INFO: [ view_end ] --END-- [ RunTime:0.000608s ]

[ 2017-09-21T17:31:48+08:00 ] 116.247.91.242 /BVCMS/index.php/Index/modify/id/344
INFO: [ route_check ] --START--
INFO: Run CheckRoute Behavior [ RunTime:0.000714s ]
INFO: [ route_check ] --END-- [ RunTime:0.000849s ]
INFO: [ app_begin ] --START--
INFO: Run ReadHtmlCache Behavior [ RunTime:0.000501s ]
INFO: [ app_begin ] --END-- [ RunTime:0.000554s ]
SQL: SHOW COLUMNS FROM `tp_formal` [ RunTime:0.001392s ]
SQL: SELECT * FROM `tp_formal` WHERE ( `Id` = 344 ) LIMIT 1   [ RunTime:0.000796s ]
INFO: [ view_template ] --START--
INFO: Run LocationTemplate Behavior [ RunTime:0.000583s ]
INFO: [ view_template ] --END-- [ RunTime:0.000635s ]
INFO: [ view_parse ] --START--
INFO: Run ParseTemplate Behavior [ RunTime:0.015535s ]
INFO: [ view_parse ] --END-- [ RunTime:0.015620s ]
INFO: [ view_filter ] --START--
INFO: Run ContentReplace Behavior [ RunTime:0.000517s ]
INFO: Run TokenBuild Behavior [ RunTime:0.000416s ]
INFO: Run WriteHtmlCache Behavior [ RunTime:0.000292s ]
INFO: Run ShowRuntime Behavior [ RunTime:0.000494s ]
INFO: [ view_filter ] --END-- [ RunTime:0.001854s ]
INFO: [ view_end ] --START--
INFO: Run ShowPageTrace Behavior [ RunTime:0.000544s ]
INFO: [ view_end ] --END-- [ RunTime:0.000586s ]

[ 2017-09-21T17:31:58+08:00 ] 116.247.91.242 /BVCMS/index.php/Index/save/id/344
INFO: [ route_check ] --START--
INFO: Run CheckRoute Behavior [ RunTime:0.000983s ]
INFO: [ route_check ] --END-- [ RunTime:0.001167s ]
INFO: [ app_begin ] --START--
INFO: Run ReadHtmlCache Behavior [ RunTime:0.000508s ]
INFO: [ app_begin ] --END-- [ RunTime:0.000562s ]
SQL: SHOW COLUMNS FROM `tp_formal` [ RunTime:0.001556s ]
SQL: UPDATE `tp_formal` SET `Location`='SHA05',`Model`='Lenovo M710',`SN`='PC0NGTZ9',`ComputerType`='Desktop',`PurchaseDate`='2017-08-20',`ReplaceDate`='2022-08-20',`BUCode`='528',`BUDescription`='',`OS`='Win 7',`Office`='WPS',`Snow`='Yes',`Monitor`='Yes',`EName`='CI 1 Lab',`Staff`='',`Dept`='è¯·é€‰æ‹©éƒ¨é—¨',`Cityray`='',`CName`='CI 1 å®žéªŒå®\¤',`JobTitle`='',`ADAccount`='asi\\yayzhou',`WorkLocation`='ä¸Šæµ· Shanghai',`N1`='James Xu',`SBUBL`='é€‰æ‹©SBU',`JobFamily`='',`Remark`='AUTO 2F CI1 Lab',`AssetNo`='',`BarCode`='',`time`=1505986318,`Status`='InUse',`PCName`='WW7CNSHA0517055' WHERE ( `Id` = 344 ) [ RunTime:0.005591s ]

[ 2017-09-21T17:32:01+08:00 ] 116.247.91.242 /BVCMS/index.php/Index/index
INFO: [ route_check ] --START--
INFO: Run CheckRoute Behavior [ RunTime:0.000709s ]
INFO: [ route_check ] --END-- [ RunTime:0.000841s ]
INFO: [ app_begin ] --START--
INFO: Run ReadHtmlCache Behavior [ RunTime:0.000496s ]
INFO: [ app_begin ] --END-- [ RunTime:0.000549s ]
SQL: SHOW COLUMNS FROM `tp_formal` [ RunTime:0.001464s ]
SQL: SELECT * FROM `tp_formal`  [ RunTime:0.005608s ]
SQL: SELECT COUNT(ID) AS tp_count FROM `tp_formal` LIMIT 1   [ RunTime:0.000732s ]
SQL: SELECT COUNT(*) AS tp_count FROM `tp_formal` WHERE ( `Status` = 'Spare' ) LIMIT 1   [ RunTime:0.001204s ]
INFO: [ view_template ] --START--
INFO: Run LocationTemplate Behavior [ RunTime:0.000508s ]
INFO: [ view_template ] --END-- [ RunTime:0.000559s ]
INFO: [ view_parse ] --START--
INFO: Run ParseTemplate Behavior [ RunTime:0.024090s ]
INFO: [ view_parse ] --END-- [ RunTime:0.024158s ]
INFO: [ view_filter ] --START--
INFO: Run ContentReplace Behavior [ RunTime:0.004553s ]
INFO: Run TokenBuild Behavior [ RunTime:0.001185s ]
INFO: Run WriteHtmlCache Behavior [ RunTime:0.000293s ]
INFO: Run ShowRuntime Behavior [ RunTime:0.001372s ]
INFO: [ view_filter ] --END-- [ RunTime:0.007553s ]
INFO: [ view_end ] --START--
INFO: Run ShowPageTrace Behavior [ RunTime:0.000532s ]
INFO: [ view_end ] --END-- [ RunTime:0.000575s ]

