[ 2017-09-14T13:14:44+08:00 ] 116.247.91.242 /BVCMS/index.php/Index/index
INFO: [ route_check ] --START--
INFO: Run CheckRoute Behavior [ RunTime:0.000688s ]
INFO: [ route_check ] --END-- [ RunTime:0.000811s ]
INFO: [ app_begin ] --START--
INFO: Run ReadHtmlCache Behavior [ RunTime:0.000472s ]
INFO: [ app_begin ] --END-- [ RunTime:0.000526s ]
SQL: SHOW COLUMNS FROM `tp_formal` [ RunTime:0.001706s ]
SQL: SELECT * FROM `tp_formal`  [ RunTime:0.006142s ]
SQL: SELECT COUNT(ID) AS tp_count FROM `tp_formal` LIMIT 1   [ RunTime:0.000708s ]
SQL: SELECT COUNT(*) AS tp_count FROM `tp_formal` WHERE ( `Status` = 'Spare' ) LIMIT 1   [ RunTime:0.001181s ]
INFO: [ view_template ] --START--
INFO: Run LocationTemplate Behavior [ RunTime:0.000530s ]
INFO: [ view_template ] --END-- [ RunTime:0.000582s ]
INFO: [ view_parse ] --START--
INFO: Run ParseTemplate Behavior [ RunTime:0.023738s ]
INFO: [ view_parse ] --END-- [ RunTime:0.023826s ]
INFO: [ view_filter ] --START--
INFO: Run ContentReplace Behavior [ RunTime:0.004530s ]
INFO: Run TokenBuild Behavior [ RunTime:0.001214s ]
INFO: Run WriteHtmlCache Behavior [ RunTime:0.000276s ]
INFO: Run ShowRuntime Behavior [ RunTime:0.001337s ]
INFO: [ view_filter ] --END-- [ RunTime:0.007508s ]
INFO: [ view_end ] --START--
INFO: Run ShowPageTrace Behavior [ RunTime:0.000533s ]
INFO: [ view_end ] --END-- [ RunTime:0.000576s ]

[ 2017-09-14T13:14:59+08:00 ] 116.247.91.242 /BVCMS/index.php/Index/search
INFO: [ route_check ] --START--
INFO: Run CheckRoute Behavior [ RunTime:0.000680s ]
INFO: [ route_check ] --END-- [ RunTime:0.000812s ]
INFO: [ app_begin ] --START--
INFO: Run ReadHtmlCache Behavior [ RunTime:0.000486s ]
INFO: [ app_begin ] --END-- [ RunTime:0.000538s ]
SQL: SHOW COLUMNS FROM `tp_formal` [ RunTime:0.001542s ]
SQL: SELECT * FROM `tp_formal` WHERE ( `PCName` LIKE '%LW7CNSHA0417043%' )  [ RunTime:0.002288s ]
INFO: [ view_template ] --START--
INFO: Run LocationTemplate Behavior [ RunTime:0.000507s ]
INFO: [ view_template ] --END-- [ RunTime:0.000554s ]
INFO: [ view_parse ] --START--
NOTIC: [8] Undefined variable: data_1 /data/home/qxu2309250088/htdocs/BVCMS/Home/Runtime/Cache/7e4848229090366086cc7eeb3bfc0798.php 第 152 行.
NOTIC: [8] Undefined variable: data_2 /data/home/qxu2309250088/htdocs/BVCMS/Home/Runtime/Cache/7e4848229090366086cc7eeb3bfc0798.php 第 153 行.
NOTIC: [8] Undefined variable: data_3 /data/home/qxu2309250088/htdocs/BVCMS/Home/Runtime/Cache/7e4848229090366086cc7eeb3bfc0798.php 第 154 行.
NOTIC: [8] Undefined variable: data_4 /data/home/qxu2309250088/htdocs/BVCMS/Home/Runtime/Cache/7e4848229090366086cc7eeb3bfc0798.php 第 155 行.
NOTIC: [8] Undefined variable: data_5 /data/home/qxu2309250088/htdocs/BVCMS/Home/Runtime/Cache/7e4848229090366086cc7eeb3bfc0798.php 第 156 行.
INFO: Run ParseTemplate Behavior [ RunTime:0.019975s ]
INFO: [ view_parse ] --END-- [ RunTime:0.020034s ]
INFO: [ view_filter ] --START--
INFO: Run ContentReplace Behavior [ RunTime:0.000548s ]
INFO: Run TokenBuild Behavior [ RunTime:0.000368s ]
INFO: Run WriteHtmlCache Behavior [ RunTime:0.000300s ]
INFO: Run ShowRuntime Behavior [ RunTime:0.000574s ]
INFO: [ view_filter ] --END-- [ RunTime:0.001944s ]
INFO: [ view_end ] --START--
INFO: Run ShowPageTrace Behavior [ RunTime:0.000632s ]
INFO: [ view_end ] --END-- [ RunTime:0.000675s ]

[ 2017-09-14T13:17:16+08:00 ] 116.247.91.242 /BVCMS/index.php/Index/search
INFO: [ route_check ] --START--
INFO: Run CheckRoute Behavior [ RunTime:0.000674s ]
INFO: [ route_check ] --END-- [ RunTime:0.000792s ]
INFO: [ app_begin ] --START--
INFO: Run ReadHtmlCache Behavior [ RunTime:0.000456s ]
INFO: [ app_begin ] --END-- [ RunTime:0.000508s ]
SQL: SHOW COLUMNS FROM `tp_formal` [ RunTime:0.001525s ]
SQL: SELECT * FROM `tp_formal` WHERE ( `PCName` LIKE '%LW7CNSHA04170%' )  [ RunTime:0.003475s ]
INFO: [ view_template ] --START--
INFO: Run LocationTemplate Behavior [ RunTime:0.000636s ]
INFO: [ view_template ] --END-- [ RunTime:0.000704s ]
INFO: [ view_parse ] --START--
NOTIC: [8] Undefined variable: data_1 /data/home/qxu2309250088/htdocs/BVCMS/Home/Runtime/Cache/7e4848229090366086cc7eeb3bfc0798.php 第 152 行.
NOTIC: [8] Undefined variable: data_2 /data/home/qxu2309250088/htdocs/BVCMS/Home/Runtime/Cache/7e4848229090366086cc7eeb3bfc0798.php 第 153 行.
NOTIC: [8] Undefined variable: data_3 /data/home/qxu2309250088/htdocs/BVCMS/Home/Runtime/Cache/7e4848229090366086cc7eeb3bfc0798.php 第 154 行.
NOTIC: [8] Undefined variable: data_4 /data/home/qxu2309250088/htdocs/BVCMS/Home/Runtime/Cache/7e4848229090366086cc7eeb3bfc0798.php 第 155 行.
NOTIC: [8] Undefined variable: data_5 /data/home/qxu2309250088/htdocs/BVCMS/Home/Runtime/Cache/7e4848229090366086cc7eeb3bfc0798.php 第 156 行.
INFO: Run ParseTemplate Behavior [ RunTime:0.020360s ]
INFO: [ view_parse ] --END-- [ RunTime:0.020421s ]
INFO: [ view_filter ] --START--
INFO: Run ContentReplace Behavior [ RunTime:0.001015s ]
INFO: Run TokenBuild Behavior [ RunTime:0.000394s ]
INFO: Run WriteHtmlCache Behavior [ RunTime:0.000270s ]
INFO: Run ShowRuntime Behavior [ RunTime:0.000483s ]
INFO: [ view_filter ] --END-- [ RunTime:0.002305s ]
INFO: [ view_end ] --START--
INFO: Run ShowPageTrace Behavior [ RunTime:0.000526s ]
INFO: [ view_end ] --END-- [ RunTime:0.000565s ]

[ 2017-09-14T16:41:41+08:00 ] 124.74.147.6 /BVCMS/
INFO: [ app_begin ] --START--
INFO: Run ReadHtmlCache Behavior [ RunTime:0.000506s ]
INFO: [ app_begin ] --END-- [ RunTime:0.000628s ]
INFO: [ view_template ] --START--
INFO: Run LocationTemplate Behavior [ RunTime:0.000541s ]
INFO: [ view_template ] --END-- [ RunTime:0.000602s ]
INFO: [ view_parse ] --START--
INFO: Run ParseTemplate Behavior [ RunTime:0.006391s ]
INFO: [ view_parse ] --END-- [ RunTime:0.006451s ]
INFO: [ view_filter ] --START--
INFO: Run ContentReplace Behavior [ RunTime:0.000341s ]
INFO: Run TokenBuild Behavior [ RunTime:0.000356s ]
INFO: Run WriteHtmlCache Behavior [ RunTime:0.000261s ]
INFO: Run ShowRuntime Behavior [ RunTime:0.000393s ]
INFO: [ view_filter ] --END-- [ RunTime:0.001483s ]
INFO: [ view_end ] --START--
INFO: Run ShowPageTrace Behavior [ RunTime:0.000532s ]
INFO: [ view_end ] --END-- [ RunTime:0.000575s ]

[ 2017-09-14T16:44:52+08:00 ] 124.74.147.6 /BVCMS/index.php/Index/index
INFO: [ route_check ] --START--
INFO: Run CheckRoute Behavior [ RunTime:0.000693s ]
INFO: [ route_check ] --END-- [ RunTime:0.000811s ]
INFO: [ app_begin ] --START--
INFO: Run ReadHtmlCache Behavior [ RunTime:0.000533s ]
INFO: [ app_begin ] --END-- [ RunTime:0.000587s ]
SQL: SHOW COLUMNS FROM `tp_formal` [ RunTime:0.001728s ]
SQL: SELECT * FROM `tp_formal`  [ RunTime:0.006360s ]
SQL: SELECT COUNT(ID) AS tp_count FROM `tp_formal` LIMIT 1   [ RunTime:0.000906s ]
SQL: SELECT COUNT(*) AS tp_count FROM `tp_formal` WHERE ( `Status` = 'Spare' ) LIMIT 1   [ RunTime:0.001239s ]
INFO: [ view_template ] --START--
INFO: Run LocationTemplate Behavior [ RunTime:0.000451s ]
INFO: [ view_template ] --END-- [ RunTime:0.000498s ]
INFO: [ view_parse ] --START--
INFO: Run ParseTemplate Behavior [ RunTime:0.022665s ]
INFO: [ view_parse ] --END-- [ RunTime:0.022725s ]
INFO: [ view_filter ] --START--
INFO: Run ContentReplace Behavior [ RunTime:0.004593s ]
INFO: Run TokenBuild Behavior [ RunTime:0.001323s ]
INFO: Run WriteHtmlCache Behavior [ RunTime:0.000292s ]
INFO: Run ShowRuntime Behavior [ RunTime:0.001521s ]
INFO: [ view_filter ] --END-- [ RunTime:0.007879s ]
INFO: [ view_end ] --START--
INFO: Run ShowPageTrace Behavior [ RunTime:0.001449s ]
INFO: [ view_end ] --END-- [ RunTime:0.001501s ]

[ 2017-09-14T16:46:10+08:00 ] 124.74.147.6 /BVCMS/index.php/Index/modify/id/337
INFO: [ route_check ] --START--
INFO: Run CheckRoute Behavior [ RunTime:0.000665s ]
INFO: [ route_check ] --END-- [ RunTime:0.000791s ]
INFO: [ app_begin ] --START--
INFO: Run ReadHtmlCache Behavior [ RunTime:0.000469s ]
INFO: [ app_begin ] --END-- [ RunTime:0.000521s ]
SQL: SHOW COLUMNS FROM `tp_formal` [ RunTime:0.001572s ]
SQL: SELECT * FROM `tp_formal` WHERE ( `Id` = 337 ) LIMIT 1   [ RunTime:0.000829s ]
INFO: [ view_template ] --START--
INFO: Run LocationTemplate Behavior [ RunTime:0.000478s ]
INFO: [ view_template ] --END-- [ RunTime:0.000529s ]
INFO: [ view_parse ] --START--
INFO: Run ParseTemplate Behavior [ RunTime:0.098982s ]
INFO: [ view_parse ] --END-- [ RunTime:0.099081s ]
INFO: [ view_filter ] --START--
INFO: Run ContentReplace Behavior [ RunTime:0.000552s ]
INFO: Run TokenBuild Behavior [ RunTime:0.000388s ]
INFO: Run WriteHtmlCache Behavior [ RunTime:0.000298s ]
INFO: Run ShowRuntime Behavior [ RunTime:0.000484s ]
INFO: [ view_filter ] --END-- [ RunTime:0.001863s ]
INFO: [ view_end ] --START--
INFO: Run ShowPageTrace Behavior [ RunTime:0.000628s ]
INFO: [ view_end ] --END-- [ RunTime:0.000685s ]

[ 2017-09-14T16:48:46+08:00 ] 124.74.147.6 /BVCMS/index.php/Index/save/id/337
INFO: [ route_check ] --START--
INFO: Run CheckRoute Behavior [ RunTime:0.000670s ]
INFO: [ route_check ] --END-- [ RunTime:0.000783s ]
INFO: [ app_begin ] --START--
INFO: Run ReadHtmlCache Behavior [ RunTime:0.000743s ]
INFO: [ app_begin ] --END-- [ RunTime:0.000804s ]
SQL: SHOW COLUMNS FROM `tp_formal` [ RunTime:0.001510s ]
SQL: UPDATE `tp_formal` SET `Location`='SHA04',`Model`='Lenovo L470',`SN`='PF0TV3QR',`ComputerType`='Laptop',`PurchaseDate`='2017-08-20',`ReplaceDate`='2020-08-20',`BUCode`='TBD',`BUDescription`='',`OS`='Win 7',`Office`='Office',`Snow`='Yes',`Monitor`='No',`EName`='Wen Zhu',`Staff`='',`Dept`='Test-EMC',`Cityray`='',`CName`='朱闻',`JobTitle`='',`ADAccount`='',`WorkLocation`='上海 Shanghai',`N1`='Zhaoqian Yu',`SBUBL`='选择SBU',`JobFamily`='',`Remark`='829-EMC Office',`AssetNo`='',`BarCode`='',`time`=1505378926,`Status`='InUse',`PCName`='LW7CNSHA0417048' WHERE ( `Id` = 337 ) [ RunTime:0.009248s ]

[ 2017-09-14T16:48:49+08:00 ] 124.74.147.6 /BVCMS/index.php/Index/index
INFO: [ route_check ] --START--
INFO: Run CheckRoute Behavior [ RunTime:0.000652s ]
INFO: [ route_check ] --END-- [ RunTime:0.000808s ]
INFO: [ app_begin ] --START--
INFO: Run ReadHtmlCache Behavior [ RunTime:0.000455s ]
INFO: [ app_begin ] --END-- [ RunTime:0.000509s ]
SQL: SHOW COLUMNS FROM `tp_formal` [ RunTime:0.001524s ]
SQL: SELECT * FROM `tp_formal`  [ RunTime:0.005680s ]
SQL: SELECT COUNT(ID) AS tp_count FROM `tp_formal` LIMIT 1   [ RunTime:0.000768s ]
SQL: SELECT COUNT(*) AS tp_count FROM `tp_formal` WHERE ( `Status` = 'Spare' ) LIMIT 1   [ RunTime:0.001284s ]
INFO: [ view_template ] --START--
INFO: Run LocationTemplate Behavior [ RunTime:0.000488s ]
INFO: [ view_template ] --END-- [ RunTime:0.000536s ]
INFO: [ view_parse ] --START--
INFO: Run ParseTemplate Behavior [ RunTime:0.022286s ]
INFO: [ view_parse ] --END-- [ RunTime:0.022375s ]
INFO: [ view_filter ] --START--
INFO: Run ContentReplace Behavior [ RunTime:0.004536s ]
INFO: Run TokenBuild Behavior [ RunTime:0.001246s ]
INFO: Run WriteHtmlCache Behavior [ RunTime:0.000269s ]
INFO: Run ShowRuntime Behavior [ RunTime:0.001334s ]
INFO: [ view_filter ] --END-- [ RunTime:0.007532s ]
INFO: [ view_end ] --START--
INFO: Run ShowPageTrace Behavior [ RunTime:0.000533s ]
INFO: [ view_end ] --END-- [ RunTime:0.000575s ]

[ 2017-09-14T19:10:52+08:00 ] 116.247.91.242 /BVCMS/index.php/Index/add
INFO: [ route_check ] --START--
INFO: Run CheckRoute Behavior [ RunTime:0.000697s ]
INFO: [ route_check ] --END-- [ RunTime:0.000852s ]
INFO: [ app_begin ] --START--
INFO: Run ReadHtmlCache Behavior [ RunTime:0.000479s ]
INFO: [ app_begin ] --END-- [ RunTime:0.000532s ]
SQL: SHOW COLUMNS FROM `tp_formal` [ RunTime:0.001730s ]
SQL: INSERT INTO `tp_formal` (`Location`,`Model`,`SN`,`ComputerType`,`PurchaseDate`,`ReplaceDate`,`BUCode`,`BUDescription`,`OS`,`Office`,`Snow`,`Monitor`,`EName`,`Staff`,`Dept`,`Cityray`,`CName`,`JobTitle`,`ADAccount`,`WorkLocation`,`N1`,`SBUBL`,`JobFamily`,`Remark`,`AssetNo`,`BarCode`,`time`,`Status`,`PCName`) VALUES ('SHA04','Lenovo M710','PC0NSLJS','Desktop','2017-08-20','2022-08-20','261','','Win 7','Office','Yes','Yes','','','请选择部门','','','','','选择工作地址','','选择SBU','','','','',1505387452,'Spare','WW7CNSHA0417053') [ RunTime:0.006950s ]
INFO: [ view_template ] --START--
INFO: Run LocationTemplate Behavior [ RunTime:0.000456s ]
INFO: [ view_template ] --END-- [ RunTime:0.000507s ]
INFO: [ view_parse ] --START--
INFO: Run ParseTemplate Behavior [ RunTime:0.006597s ]
INFO: [ view_parse ] --END-- [ RunTime:0.006663s ]
INFO: [ view_filter ] --START--
INFO: Run ContentReplace Behavior [ RunTime:0.000387s ]
INFO: Run TokenBuild Behavior [ RunTime:0.000396s ]
INFO: Run WriteHtmlCache Behavior [ RunTime:0.000266s ]
INFO: Run ShowRuntime Behavior [ RunTime:0.000443s ]
INFO: [ view_filter ] --END-- [ RunTime:0.001661s ]
INFO: [ view_end ] --START--
INFO: Run ShowPageTrace Behavior [ RunTime:0.000541s ]
INFO: [ view_end ] --END-- [ RunTime:0.000601s ]

[ 2017-09-14T19:10:54+08:00 ] 116.247.91.242 /BVCMS/index.php/Index/index
INFO: [ route_check ] --START--
INFO: Run CheckRoute Behavior [ RunTime:0.000684s ]
INFO: [ route_check ] --END-- [ RunTime:0.000803s ]
INFO: [ app_begin ] --START--
INFO: Run ReadHtmlCache Behavior [ RunTime:0.000475s ]
INFO: [ app_begin ] --END-- [ RunTime:0.000527s ]
SQL: SHOW COLUMNS FROM `tp_formal` [ RunTime:0.001503s ]
SQL: SELECT * FROM `tp_formal`  [ RunTime:0.005814s ]
SQL: SELECT COUNT(ID) AS tp_count FROM `tp_formal` LIMIT 1   [ RunTime:0.000768s ]
SQL: SELECT COUNT(*) AS tp_count FROM `tp_formal` WHERE ( `Status` = 'Spare' ) LIMIT 1   [ RunTime:0.001279s ]
INFO: [ view_template ] --START--
INFO: Run LocationTemplate Behavior [ RunTime:0.000556s ]
INFO: [ view_template ] --END-- [ RunTime:0.000609s ]
INFO: [ view_parse ] --START--
INFO: Run ParseTemplate Behavior [ RunTime:0.069306s ]
INFO: [ view_parse ] --END-- [ RunTime:0.069404s ]
INFO: [ view_filter ] --START--
INFO: Run ContentReplace Behavior [ RunTime:0.004813s ]
INFO: Run TokenBuild Behavior [ RunTime:0.001330s ]
INFO: Run WriteHtmlCache Behavior [ RunTime:0.000289s ]
INFO: Run ShowRuntime Behavior [ RunTime:0.001362s ]
INFO: [ view_filter ] --END-- [ RunTime:0.007954s ]
INFO: [ view_end ] --START--
INFO: Run ShowPageTrace Behavior [ RunTime:0.000559s ]
INFO: [ view_end ] --END-- [ RunTime:0.000604s ]

[ 2017-09-14T22:28:23+08:00 ] 36.62.150.181 /BVCMS/
INFO: [ app_begin ] --START--
INFO: Run ReadHtmlCache Behavior [ RunTime:0.000509s ]
INFO: [ app_begin ] --END-- [ RunTime:0.000662s ]
INFO: [ view_template ] --START--
INFO: Run LocationTemplate Behavior [ RunTime:0.000452s ]
INFO: [ view_template ] --END-- [ RunTime:0.000506s ]
INFO: [ view_parse ] --START--
INFO: Run ParseTemplate Behavior [ RunTime:0.006338s ]
INFO: [ view_parse ] --END-- [ RunTime:0.006400s ]
INFO: [ view_filter ] --START--
INFO: Run ContentReplace Behavior [ RunTime:0.000385s ]
INFO: Run TokenBuild Behavior [ RunTime:0.000371s ]
INFO: Run WriteHtmlCache Behavior [ RunTime:0.000266s ]
INFO: Run ShowRuntime Behavior [ RunTime:0.000428s ]
INFO: [ view_filter ] --END-- [ RunTime:0.001580s ]
INFO: [ view_end ] --START--
INFO: Run ShowPageTrace Behavior [ RunTime:0.000548s ]
INFO: [ view_end ] --END-- [ RunTime:0.000627s ]

[ 2017-09-14T22:28:27+08:00 ] 36.62.150.181 /BVCMS/index.php/
INFO: [ route_check ] --START--
INFO: Run CheckRoute Behavior [ RunTime:0.000684s ]
INFO: [ route_check ] --END-- [ RunTime:0.000806s ]
INFO: [ app_begin ] --START--
INFO: Run ReadHtmlCache Behavior [ RunTime:0.000460s ]
INFO: [ app_begin ] --END-- [ RunTime:0.000512s ]
INFO: [ view_template ] --START--
INFO: Run LocationTemplate Behavior [ RunTime:0.000419s ]
INFO: [ view_template ] --END-- [ RunTime:0.000478s ]
INFO: [ view_parse ] --START--
INFO: Run ParseTemplate Behavior [ RunTime:0.006239s ]
INFO: [ view_parse ] --END-- [ RunTime:0.006293s ]
INFO: [ view_filter ] --START--
INFO: Run ContentReplace Behavior [ RunTime:0.000358s ]
INFO: Run TokenBuild Behavior [ RunTime:0.000342s ]
INFO: Run WriteHtmlCache Behavior [ RunTime:0.000261s ]
INFO: Run ShowRuntime Behavior [ RunTime:0.000415s ]
INFO: [ view_filter ] --END-- [ RunTime:0.001506s ]
INFO: [ view_end ] --START--
INFO: Run ShowPageTrace Behavior [ RunTime:0.000503s ]
INFO: [ view_end ] --END-- [ RunTime:0.000544s ]

[ 2017-09-14T22:28:32+08:00 ] 36.62.150.181 /BVCMS/index.php/Index/index
INFO: [ route_check ] --START--
INFO: Run CheckRoute Behavior [ RunTime:0.000720s ]
INFO: [ route_check ] --END-- [ RunTime:0.000856s ]
INFO: [ app_begin ] --START--
INFO: Run ReadHtmlCache Behavior [ RunTime:0.000459s ]
INFO: [ app_begin ] --END-- [ RunTime:0.000512s ]
SQL: SHOW COLUMNS FROM `tp_formal` [ RunTime:0.001719s ]
SQL: SELECT * FROM `tp_formal`  [ RunTime:0.005594s ]
SQL: SELECT COUNT(ID) AS tp_count FROM `tp_formal` LIMIT 1   [ RunTime:0.000715s ]
SQL: SELECT COUNT(*) AS tp_count FROM `tp_formal` WHERE ( `Status` = 'Spare' ) LIMIT 1   [ RunTime:0.001169s ]
INFO: [ view_template ] --START--
INFO: Run LocationTemplate Behavior [ RunTime:0.000467s ]
INFO: [ view_template ] --END-- [ RunTime:0.000514s ]
INFO: [ view_parse ] --START--
INFO: Run ParseTemplate Behavior [ RunTime:0.024504s ]
INFO: [ view_parse ] --END-- [ RunTime:0.024568s ]
INFO: [ view_filter ] --START--
INFO: Run ContentReplace Behavior [ RunTime:0.004526s ]
INFO: Run TokenBuild Behavior [ RunTime:0.001270s ]
INFO: Run WriteHtmlCache Behavior [ RunTime:0.000350s ]
INFO: Run ShowRuntime Behavior [ RunTime:0.001463s ]
INFO: [ view_filter ] --END-- [ RunTime:0.007762s ]
INFO: [ view_end ] --START--
INFO: Run ShowPageTrace Behavior [ RunTime:0.000578s ]
INFO: [ view_end ] --END-- [ RunTime:0.000644s ]

[ 2017-09-14T22:28:48+08:00 ] 36.62.150.181 /BVCMS/
INFO: [ app_begin ] --START--
INFO: Run ReadHtmlCache Behavior [ RunTime:0.000483s ]
INFO: [ app_begin ] --END-- [ RunTime:0.000599s ]
INFO: [ view_template ] --START--
INFO: Run LocationTemplate Behavior [ RunTime:0.000400s ]
INFO: [ view_template ] --END-- [ RunTime:0.000454s ]
INFO: [ view_parse ] --START--
INFO: Run ParseTemplate Behavior [ RunTime:0.006139s ]
INFO: [ view_parse ] --END-- [ RunTime:0.006199s ]
INFO: [ view_filter ] --START--
INFO: Run ContentReplace Behavior [ RunTime:0.000343s ]
INFO: Run TokenBuild Behavior [ RunTime:0.000337s ]
INFO: Run WriteHtmlCache Behavior [ RunTime:0.000317s ]
INFO: Run ShowRuntime Behavior [ RunTime:0.000391s ]
INFO: [ view_filter ] --END-- [ RunTime:0.001515s ]
INFO: [ view_end ] --START--
INFO: Run ShowPageTrace Behavior [ RunTime:0.000554s ]
INFO: [ view_end ] --END-- [ RunTime:0.000598s ]

[ 2017-09-14T22:54:37+08:00 ] 36.62.150.181 /BVCMS/index.php/Index/index
INFO: [ route_check ] --START--
INFO: Run CheckRoute Behavior [ RunTime:0.000684s ]
INFO: [ route_check ] --END-- [ RunTime:0.000801s ]
INFO: [ app_begin ] --START--
INFO: Run ReadHtmlCache Behavior [ RunTime:0.000468s ]
INFO: [ app_begin ] --END-- [ RunTime:0.000521s ]
SQL: SHOW COLUMNS FROM `tp_formal` [ RunTime:0.001743s ]
SQL: SELECT * FROM `tp_formal`  [ RunTime:0.005448s ]
SQL: SELECT COUNT(ID) AS tp_count FROM `tp_formal` LIMIT 1   [ RunTime:0.000746s ]
SQL: SELECT COUNT(*) AS tp_count FROM `tp_formal` WHERE ( `Status` = 'Spare' ) LIMIT 1   [ RunTime:0.001230s ]
INFO: [ view_template ] --START--
INFO: Run LocationTemplate Behavior [ RunTime:0.000491s ]
INFO: [ view_template ] --END-- [ RunTime:0.000540s ]
INFO: [ view_parse ] --START--
INFO: Run ParseTemplate Behavior [ RunTime:0.022512s ]
INFO: [ view_parse ] --END-- [ RunTime:0.022577s ]
INFO: [ view_filter ] --START--
INFO: Run ContentReplace Behavior [ RunTime:0.004485s ]
INFO: Run TokenBuild Behavior [ RunTime:0.001174s ]
INFO: Run WriteHtmlCache Behavior [ RunTime:0.000289s ]
INFO: Run ShowRuntime Behavior [ RunTime:0.001354s ]
INFO: [ view_filter ] --END-- [ RunTime:0.007477s ]
INFO: [ view_end ] --START--
INFO: Run ShowPageTrace Behavior [ RunTime:0.000542s ]
INFO: [ view_end ] --END-- [ RunTime:0.000588s ]

[ 2017-09-14T23:14:17+08:00 ] 101.244.20.126 /BVCMS/
INFO: [ app_begin ] --START--
INFO: Run ReadHtmlCache Behavior [ RunTime:0.000494s ]
INFO: [ app_begin ] --END-- [ RunTime:0.000606s ]
INFO: [ view_template ] --START--
INFO: Run LocationTemplate Behavior [ RunTime:0.000423s ]
INFO: [ view_template ] --END-- [ RunTime:0.000477s ]
INFO: [ view_parse ] --START--
INFO: Run ParseTemplate Behavior [ RunTime:0.006165s ]
INFO: [ view_parse ] --END-- [ RunTime:0.006226s ]
INFO: [ view_filter ] --START--
INFO: Run ContentReplace Behavior [ RunTime:0.000354s ]
INFO: Run TokenBuild Behavior [ RunTime:0.000342s ]
INFO: Run WriteHtmlCache Behavior [ RunTime:0.000295s ]
INFO: Run ShowRuntime Behavior [ RunTime:0.000405s ]
INFO: [ view_filter ] --END-- [ RunTime:0.001530s ]
INFO: [ view_end ] --START--
INFO: Run ShowPageTrace Behavior [ RunTime:0.000555s ]
INFO: [ view_end ] --END-- [ RunTime:0.000600s ]

[ 2017-09-14T23:14:24+08:00 ] 101.244.20.126 /BVCMS/index.php/Index/index
INFO: [ route_check ] --START--
INFO: Run CheckRoute Behavior [ RunTime:0.000700s ]
INFO: [ route_check ] --END-- [ RunTime:0.000834s ]
INFO: [ app_begin ] --START--
INFO: Run ReadHtmlCache Behavior [ RunTime:0.000479s ]
INFO: [ app_begin ] --END-- [ RunTime:0.000530s ]
SQL: SHOW COLUMNS FROM `tp_formal` [ RunTime:0.001527s ]
SQL: SELECT * FROM `tp_formal`  [ RunTime:0.005959s ]
SQL: SELECT COUNT(ID) AS tp_count FROM `tp_formal` LIMIT 1   [ RunTime:0.000851s ]
SQL: SELECT COUNT(*) AS tp_count FROM `tp_formal` WHERE ( `Status` = 'Spare' ) LIMIT 1   [ RunTime:0.001262s ]
INFO: [ view_template ] --START--
INFO: Run LocationTemplate Behavior [ RunTime:0.000587s ]
INFO: [ view_template ] --END-- [ RunTime:0.000637s ]
INFO: [ view_parse ] --START--
INFO: Run ParseTemplate Behavior [ RunTime:0.022662s ]
INFO: [ view_parse ] --END-- [ RunTime:0.022745s ]
INFO: [ view_filter ] --START--
INFO: Run ContentReplace Behavior [ RunTime:0.005122s ]
INFO: Run TokenBuild Behavior [ RunTime:0.001458s ]
INFO: Run WriteHtmlCache Behavior [ RunTime:0.000384s ]
INFO: Run ShowRuntime Behavior [ RunTime:0.001638s ]
INFO: [ view_filter ] --END-- [ RunTime:0.008837s ]
INFO: [ view_end ] --START--
INFO: Run ShowPageTrace Behavior [ RunTime:0.000593s ]
INFO: [ view_end ] --END-- [ RunTime:0.000673s ]

[ 2017-09-14T23:14:27+08:00 ] 101.226.65.108 /BVCMS/
INFO: [ app_begin ] --START--
INFO: Run ReadHtmlCache Behavior [ RunTime:0.000595s ]
INFO: [ app_begin ] --END-- [ RunTime:0.000780s ]
INFO: [ view_template ] --START--
INFO: Run LocationTemplate Behavior [ RunTime:0.000460s ]
INFO: [ view_template ] --END-- [ RunTime:0.000519s ]
INFO: [ view_parse ] --START--
INFO: Run ParseTemplate Behavior [ RunTime:0.006247s ]
INFO: [ view_parse ] --END-- [ RunTime:0.006310s ]
INFO: [ view_filter ] --START--
INFO: Run ContentReplace Behavior [ RunTime:0.000386s ]
INFO: Run TokenBuild Behavior [ RunTime:0.000346s ]
INFO: Run WriteHtmlCache Behavior [ RunTime:0.000297s ]
INFO: Run ShowRuntime Behavior [ RunTime:0.000452s ]
INFO: [ view_filter ] --END-- [ RunTime:0.001630s ]
INFO: [ view_end ] --START--
INFO: Run ShowPageTrace Behavior [ RunTime:0.000623s ]
INFO: [ view_end ] --END-- [ RunTime:0.000670s ]

