[ 2017-11-19T10:31:48+08:00 ] 116.247.91.242 /BVCMS/
INFO: [ app_begin ] --START--
INFO: Run ReadHtmlCache Behavior [ RunTime:0.000551s ]
INFO: [ app_begin ] --END-- [ RunTime:0.000657s ]
INFO: [ view_template ] --START--
INFO: Run LocationTemplate Behavior [ RunTime:0.000408s ]
INFO: [ view_template ] --END-- [ RunTime:0.000464s ]
INFO: [ view_parse ] --START--
INFO: Run ParseTemplate Behavior [ RunTime:0.005973s ]
INFO: [ view_parse ] --END-- [ RunTime:0.006033s ]
INFO: [ view_filter ] --START--
INFO: Run ContentReplace Behavior [ RunTime:0.000369s ]
INFO: Run TokenBuild Behavior [ RunTime:0.000331s ]
INFO: Run WriteHtmlCache Behavior [ RunTime:0.000260s ]
INFO: Run ShowRuntime Behavior [ RunTime:0.000417s ]
INFO: [ view_filter ] --END-- [ RunTime:0.001541s ]
INFO: [ view_end ] --START--
INFO: Run ShowPageTrace Behavior [ RunTime:0.000567s ]
INFO: [ view_end ] --END-- [ RunTime:0.000610s ]

[ 2017-11-19T10:32:00+08:00 ] 116.247.91.242 /BVCMS/index.php/Index/index
INFO: [ route_check ] --START--
INFO: Run CheckRoute Behavior [ RunTime:0.000810s ]
INFO: [ route_check ] --END-- [ RunTime:0.000938s ]
INFO: [ app_begin ] --START--
INFO: Run ReadHtmlCache Behavior [ RunTime:0.000541s ]
INFO: [ app_begin ] --END-- [ RunTime:0.000596s ]
SQL: SHOW COLUMNS FROM `tp_formal` [ RunTime:0.001696s ]
SQL: SELECT * FROM `tp_formal`  [ RunTime:0.006634s ]
SQL: SELECT COUNT(ID) AS tp_count FROM `tp_formal` LIMIT 1   [ RunTime:0.000779s ]
SQL: SELECT COUNT(*) AS tp_count FROM `tp_formal` WHERE ( `Status` = 'Spare' ) LIMIT 1   [ RunTime:0.001301s ]
INFO: [ view_template ] --START--
INFO: Run LocationTemplate Behavior [ RunTime:0.000572s ]
INFO: [ view_template ] --END-- [ RunTime:0.000622s ]
INFO: [ view_parse ] --START--
INFO: Run ParseTemplate Behavior [ RunTime:0.023582s ]
INFO: [ view_parse ] --END-- [ RunTime:0.023658s ]
INFO: [ view_filter ] --START--
INFO: Run ContentReplace Behavior [ RunTime:0.005049s ]
INFO: Run TokenBuild Behavior [ RunTime:0.001317s ]
INFO: Run WriteHtmlCache Behavior [ RunTime:0.000295s ]
INFO: Run ShowRuntime Behavior [ RunTime:0.001706s ]
INFO: [ view_filter ] --END-- [ RunTime:0.008654s ]
INFO: [ view_end ] --START--
INFO: Run ShowPageTrace Behavior [ RunTime:0.000552s ]
INFO: [ view_end ] --END-- [ RunTime:0.000596s ]

[ 2017-11-19T10:32:08+08:00 ] 116.247.91.242 /BVCMS/index.php/Index/search
INFO: [ route_check ] --START--
INFO: Run CheckRoute Behavior [ RunTime:0.000668s ]
INFO: [ route_check ] --END-- [ RunTime:0.000797s ]
INFO: [ app_begin ] --START--
INFO: Run ReadHtmlCache Behavior [ RunTime:0.000444s ]
INFO: [ app_begin ] --END-- [ RunTime:0.000494s ]
SQL: SHOW COLUMNS FROM `tp_formal` [ RunTime:0.001562s ]
SQL: SELECT * FROM `tp_formal` WHERE ( `PCName` LIKE '%14052%' )  [ RunTime:0.002310s ]
INFO: [ view_template ] --START--
INFO: Run LocationTemplate Behavior [ RunTime:0.000516s ]
INFO: [ view_template ] --END-- [ RunTime:0.000565s ]
INFO: [ view_parse ] --START--
NOTIC: [8] Undefined variable: data_1 /data/home/qxu2309250088/htdocs/BVCMS/Home/Runtime/Cache/7e4848229090366086cc7eeb3bfc0798.php 第 160 行.
NOTIC: [8] Undefined variable: data_2 /data/home/qxu2309250088/htdocs/BVCMS/Home/Runtime/Cache/7e4848229090366086cc7eeb3bfc0798.php 第 161 行.
NOTIC: [8] Undefined variable: data_3 /data/home/qxu2309250088/htdocs/BVCMS/Home/Runtime/Cache/7e4848229090366086cc7eeb3bfc0798.php 第 162 行.
NOTIC: [8] Undefined variable: data_4 /data/home/qxu2309250088/htdocs/BVCMS/Home/Runtime/Cache/7e4848229090366086cc7eeb3bfc0798.php 第 163 行.
NOTIC: [8] Undefined variable: data_5 /data/home/qxu2309250088/htdocs/BVCMS/Home/Runtime/Cache/7e4848229090366086cc7eeb3bfc0798.php 第 164 行.
INFO: Run ParseTemplate Behavior [ RunTime:0.018751s ]
INFO: [ view_parse ] --END-- [ RunTime:0.018799s ]
INFO: [ view_filter ] --START--
INFO: Run ContentReplace Behavior [ RunTime:0.000471s ]
INFO: Run TokenBuild Behavior [ RunTime:0.000361s ]
INFO: Run WriteHtmlCache Behavior [ RunTime:0.000246s ]
INFO: Run ShowRuntime Behavior [ RunTime:0.000393s ]
INFO: [ view_filter ] --END-- [ RunTime:0.001593s ]
INFO: [ view_end ] --START--
INFO: Run ShowPageTrace Behavior [ RunTime:0.000492s ]
INFO: [ view_end ] --END-- [ RunTime:0.000530s ]

[ 2017-11-19T10:32:37+08:00 ] 116.247.91.242 /BVCMS/index.php/Index/search
INFO: [ route_check ] --START--
INFO: Run CheckRoute Behavior [ RunTime:0.000637s ]
INFO: [ route_check ] --END-- [ RunTime:0.000756s ]
INFO: [ app_begin ] --START--
INFO: Run ReadHtmlCache Behavior [ RunTime:0.000441s ]
INFO: [ app_begin ] --END-- [ RunTime:0.000493s ]
SQL: SHOW COLUMNS FROM `tp_formal` [ RunTime:0.001515s ]
SQL: SELECT * FROM `tp_formal` WHERE ( `PCName` LIKE '%14089%' )  [ RunTime:0.002293s ]
INFO: [ view_template ] --START--
INFO: Run LocationTemplate Behavior [ RunTime:0.000488s ]
INFO: [ view_template ] --END-- [ RunTime:0.000536s ]
INFO: [ view_parse ] --START--
NOTIC: [8] Undefined variable: data_1 /data/home/qxu2309250088/htdocs/BVCMS/Home/Runtime/Cache/7e4848229090366086cc7eeb3bfc0798.php 第 160 行.
NOTIC: [8] Undefined variable: data_2 /data/home/qxu2309250088/htdocs/BVCMS/Home/Runtime/Cache/7e4848229090366086cc7eeb3bfc0798.php 第 161 行.
NOTIC: [8] Undefined variable: data_3 /data/home/qxu2309250088/htdocs/BVCMS/Home/Runtime/Cache/7e4848229090366086cc7eeb3bfc0798.php 第 162 行.
NOTIC: [8] Undefined variable: data_4 /data/home/qxu2309250088/htdocs/BVCMS/Home/Runtime/Cache/7e4848229090366086cc7eeb3bfc0798.php 第 163 行.
NOTIC: [8] Undefined variable: data_5 /data/home/qxu2309250088/htdocs/BVCMS/Home/Runtime/Cache/7e4848229090366086cc7eeb3bfc0798.php 第 164 行.
INFO: Run ParseTemplate Behavior [ RunTime:0.019480s ]
INFO: [ view_parse ] --END-- [ RunTime:0.019540s ]
INFO: [ view_filter ] --START--
INFO: Run ContentReplace Behavior [ RunTime:0.000562s ]
INFO: Run TokenBuild Behavior [ RunTime:0.000352s ]
INFO: Run WriteHtmlCache Behavior [ RunTime:0.000281s ]
INFO: Run ShowRuntime Behavior [ RunTime:0.000420s ]
INFO: [ view_filter ] --END-- [ RunTime:0.001742s ]
INFO: [ view_end ] --START--
INFO: Run ShowPageTrace Behavior [ RunTime:0.000567s ]
INFO: [ view_end ] --END-- [ RunTime:0.000607s ]

[ 2017-11-19T10:33:59+08:00 ] 116.247.91.242 /BVCMS/index.php/Index/search
INFO: [ route_check ] --START--
INFO: Run CheckRoute Behavior [ RunTime:0.000726s ]
INFO: [ route_check ] --END-- [ RunTime:0.000857s ]
INFO: [ app_begin ] --START--
INFO: Run ReadHtmlCache Behavior [ RunTime:0.000476s ]
INFO: [ app_begin ] --END-- [ RunTime:0.000528s ]
SQL: SHOW COLUMNS FROM `tp_formal` [ RunTime:0.001510s ]
SQL: SELECT * FROM `tp_formal` WHERE ( `PCName` LIKE '%16039%' )  [ RunTime:0.002275s ]
INFO: [ view_template ] --START--
INFO: Run LocationTemplate Behavior [ RunTime:0.000638s ]
INFO: [ view_template ] --END-- [ RunTime:0.000697s ]
INFO: [ view_parse ] --START--
NOTIC: [8] Undefined variable: data_1 /data/home/qxu2309250088/htdocs/BVCMS/Home/Runtime/Cache/7e4848229090366086cc7eeb3bfc0798.php 第 160 行.
NOTIC: [8] Undefined variable: data_2 /data/home/qxu2309250088/htdocs/BVCMS/Home/Runtime/Cache/7e4848229090366086cc7eeb3bfc0798.php 第 161 行.
NOTIC: [8] Undefined variable: data_3 /data/home/qxu2309250088/htdocs/BVCMS/Home/Runtime/Cache/7e4848229090366086cc7eeb3bfc0798.php 第 162 行.
NOTIC: [8] Undefined variable: data_4 /data/home/qxu2309250088/htdocs/BVCMS/Home/Runtime/Cache/7e4848229090366086cc7eeb3bfc0798.php 第 163 行.
NOTIC: [8] Undefined variable: data_5 /data/home/qxu2309250088/htdocs/BVCMS/Home/Runtime/Cache/7e4848229090366086cc7eeb3bfc0798.php 第 164 行.
INFO: Run ParseTemplate Behavior [ RunTime:0.020409s ]
INFO: [ view_parse ] --END-- [ RunTime:0.020469s ]
INFO: [ view_filter ] --START--
INFO: Run ContentReplace Behavior [ RunTime:0.000568s ]
INFO: Run TokenBuild Behavior [ RunTime:0.000394s ]
INFO: Run WriteHtmlCache Behavior [ RunTime:0.000290s ]
INFO: Run ShowRuntime Behavior [ RunTime:0.000421s ]
INFO: [ view_filter ] --END-- [ RunTime:0.001810s ]
INFO: [ view_end ] --START--
INFO: Run ShowPageTrace Behavior [ RunTime:0.000565s ]
INFO: [ view_end ] --END-- [ RunTime:0.000605s ]

[ 2017-11-19T10:35:13+08:00 ] 116.247.91.242 /BVCMS/index.php/Index/search
INFO: [ route_check ] --START--
INFO: Run CheckRoute Behavior [ RunTime:0.000629s ]
INFO: [ route_check ] --END-- [ RunTime:0.000749s ]
INFO: [ app_begin ] --START--
INFO: Run ReadHtmlCache Behavior [ RunTime:0.000440s ]
INFO: [ app_begin ] --END-- [ RunTime:0.000490s ]
SQL: SHOW COLUMNS FROM `tp_formal` [ RunTime:0.001526s ]
SQL: SELECT * FROM `tp_formal` WHERE ( `PCName` LIKE '%11072%' )  [ RunTime:0.002359s ]
INFO: [ view_template ] --START--
INFO: Run LocationTemplate Behavior [ RunTime:0.000709s ]
INFO: [ view_template ] --END-- [ RunTime:0.000774s ]
INFO: [ view_parse ] --START--
NOTIC: [8] Undefined variable: data_1 /data/home/qxu2309250088/htdocs/BVCMS/Home/Runtime/Cache/7e4848229090366086cc7eeb3bfc0798.php 第 160 行.
NOTIC: [8] Undefined variable: data_2 /data/home/qxu2309250088/htdocs/BVCMS/Home/Runtime/Cache/7e4848229090366086cc7eeb3bfc0798.php 第 161 行.
NOTIC: [8] Undefined variable: data_3 /data/home/qxu2309250088/htdocs/BVCMS/Home/Runtime/Cache/7e4848229090366086cc7eeb3bfc0798.php 第 162 行.
NOTIC: [8] Undefined variable: data_4 /data/home/qxu2309250088/htdocs/BVCMS/Home/Runtime/Cache/7e4848229090366086cc7eeb3bfc0798.php 第 163 行.
NOTIC: [8] Undefined variable: data_5 /data/home/qxu2309250088/htdocs/BVCMS/Home/Runtime/Cache/7e4848229090366086cc7eeb3bfc0798.php 第 164 行.
INFO: Run ParseTemplate Behavior [ RunTime:0.020523s ]
INFO: [ view_parse ] --END-- [ RunTime:0.020588s ]
INFO: [ view_filter ] --START--
INFO: Run ContentReplace Behavior [ RunTime:0.000510s ]
INFO: Run TokenBuild Behavior [ RunTime:0.000345s ]
INFO: Run WriteHtmlCache Behavior [ RunTime:0.000328s ]
INFO: Run ShowRuntime Behavior [ RunTime:0.000401s ]
INFO: [ view_filter ] --END-- [ RunTime:0.001712s ]
INFO: [ view_end ] --START--
INFO: Run ShowPageTrace Behavior [ RunTime:0.000511s ]
INFO: [ view_end ] --END-- [ RunTime:0.000550s ]

[ 2017-11-19T10:36:14+08:00 ] 116.247.91.242 /BVCMS/index.php/Index/search
INFO: [ route_check ] --START--
INFO: Run CheckRoute Behavior [ RunTime:0.000688s ]
INFO: [ route_check ] --END-- [ RunTime:0.000810s ]
INFO: [ app_begin ] --START--
INFO: Run ReadHtmlCache Behavior [ RunTime:0.000475s ]
INFO: [ app_begin ] --END-- [ RunTime:0.000530s ]
SQL: SHOW COLUMNS FROM `tp_formal` [ RunTime:0.001517s ]
SQL: SELECT * FROM `tp_formal` WHERE ( `PCName` LIKE '%14072%' )  [ RunTime:0.002251s ]
INFO: [ view_template ] --START--
INFO: Run LocationTemplate Behavior [ RunTime:0.000780s ]
INFO: [ view_template ] --END-- [ RunTime:0.000834s ]
INFO: [ view_parse ] --START--
NOTIC: [8] Undefined variable: data_1 /data/home/qxu2309250088/htdocs/BVCMS/Home/Runtime/Cache/7e4848229090366086cc7eeb3bfc0798.php 第 160 行.
NOTIC: [8] Undefined variable: data_2 /data/home/qxu2309250088/htdocs/BVCMS/Home/Runtime/Cache/7e4848229090366086cc7eeb3bfc0798.php 第 161 行.
NOTIC: [8] Undefined variable: data_3 /data/home/qxu2309250088/htdocs/BVCMS/Home/Runtime/Cache/7e4848229090366086cc7eeb3bfc0798.php 第 162 行.
NOTIC: [8] Undefined variable: data_4 /data/home/qxu2309250088/htdocs/BVCMS/Home/Runtime/Cache/7e4848229090366086cc7eeb3bfc0798.php 第 163 行.
NOTIC: [8] Undefined variable: data_5 /data/home/qxu2309250088/htdocs/BVCMS/Home/Runtime/Cache/7e4848229090366086cc7eeb3bfc0798.php 第 164 行.
INFO: Run ParseTemplate Behavior [ RunTime:0.019993s ]
INFO: [ view_parse ] --END-- [ RunTime:0.020053s ]
INFO: [ view_filter ] --START--
INFO: Run ContentReplace Behavior [ RunTime:0.000618s ]
INFO: Run TokenBuild Behavior [ RunTime:0.000489s ]
INFO: Run WriteHtmlCache Behavior [ RunTime:0.000314s ]
INFO: Run ShowRuntime Behavior [ RunTime:0.000432s ]
INFO: [ view_filter ] --END-- [ RunTime:0.002021s ]
INFO: [ view_end ] --START--
INFO: Run ShowPageTrace Behavior [ RunTime:0.000551s ]
INFO: [ view_end ] --END-- [ RunTime:0.000593s ]

[ 2017-11-19T10:36:21+08:00 ] 116.247.91.242 /BVCMS/index.php/Index/modify/id/274
INFO: [ route_check ] --START--
INFO: Run CheckRoute Behavior [ RunTime:0.001053s ]
INFO: [ route_check ] --END-- [ RunTime:0.001205s ]
INFO: [ app_begin ] --START--
INFO: Run ReadHtmlCache Behavior [ RunTime:0.000523s ]
INFO: [ app_begin ] --END-- [ RunTime:0.000582s ]
SQL: SHOW COLUMNS FROM `tp_formal` [ RunTime:0.001607s ]
SQL: SELECT * FROM `tp_formal` WHERE ( `Id` = 274 ) LIMIT 1   [ RunTime:0.000897s ]
INFO: [ view_template ] --START--
INFO: Run LocationTemplate Behavior [ RunTime:0.000769s ]
INFO: [ view_template ] --END-- [ RunTime:0.000849s ]
INFO: [ view_parse ] --START--
INFO: Run ParseTemplate Behavior [ RunTime:0.024940s ]
INFO: [ view_parse ] --END-- [ RunTime:0.025030s ]
INFO: [ view_filter ] --START--
INFO: Run ContentReplace Behavior [ RunTime:0.000516s ]
INFO: Run TokenBuild Behavior [ RunTime:0.000350s ]
INFO: Run WriteHtmlCache Behavior [ RunTime:0.000297s ]
INFO: Run ShowRuntime Behavior [ RunTime:0.000438s ]
INFO: [ view_filter ] --END-- [ RunTime:0.001748s ]
INFO: [ view_end ] --START--
INFO: Run ShowPageTrace Behavior [ RunTime:0.000579s ]
INFO: [ view_end ] --END-- [ RunTime:0.000619s ]

[ 2017-11-19T10:37:13+08:00 ] 116.247.91.242 /BVCMS/index.php/Index/index
INFO: [ route_check ] --START--
INFO: Run CheckRoute Behavior [ RunTime:0.000672s ]
INFO: [ route_check ] --END-- [ RunTime:0.000795s ]
INFO: [ app_begin ] --START--
INFO: Run ReadHtmlCache Behavior [ RunTime:0.000465s ]
INFO: [ app_begin ] --END-- [ RunTime:0.000517s ]
SQL: SHOW COLUMNS FROM `tp_formal` [ RunTime:0.001431s ]
SQL: SELECT * FROM `tp_formal`  [ RunTime:0.005078s ]
SQL: SELECT COUNT(ID) AS tp_count FROM `tp_formal` LIMIT 1   [ RunTime:0.000529s ]
SQL: SELECT COUNT(*) AS tp_count FROM `tp_formal` WHERE ( `Status` = 'Spare' ) LIMIT 1   [ RunTime:0.000473s ]
INFO: [ view_template ] --START--
INFO: Run LocationTemplate Behavior [ RunTime:0.000476s ]
INFO: [ view_template ] --END-- [ RunTime:0.000524s ]
INFO: [ view_parse ] --START--
INFO: Run ParseTemplate Behavior [ RunTime:0.023308s ]
INFO: [ view_parse ] --END-- [ RunTime:0.023394s ]
INFO: [ view_filter ] --START--
INFO: Run ContentReplace Behavior [ RunTime:0.004863s ]
INFO: Run TokenBuild Behavior [ RunTime:0.001246s ]
INFO: Run WriteHtmlCache Behavior [ RunTime:0.000268s ]
INFO: Run ShowRuntime Behavior [ RunTime:0.001390s ]
INFO: [ view_filter ] --END-- [ RunTime:0.007919s ]
INFO: [ view_end ] --START--
INFO: Run ShowPageTrace Behavior [ RunTime:0.000521s ]
INFO: [ view_end ] --END-- [ RunTime:0.000563s ]

[ 2017-11-19T10:37:21+08:00 ] 116.247.91.242 /BVCMS/index.php/Index/search
INFO: [ route_check ] --START--
INFO: Run CheckRoute Behavior [ RunTime:0.001143s ]
INFO: [ route_check ] --END-- [ RunTime:0.001306s ]
INFO: [ app_begin ] --START--
INFO: Run ReadHtmlCache Behavior [ RunTime:0.000692s ]
INFO: [ app_begin ] --END-- [ RunTime:0.000771s ]
SQL: SHOW COLUMNS FROM `tp_formal` [ RunTime:0.001363s ]
SQL: SELECT * FROM `tp_formal` WHERE ( `PCName` LIKE '%13021%' )  [ RunTime:0.002274s ]
INFO: [ view_template ] --START--
INFO: Run LocationTemplate Behavior [ RunTime:0.000496s ]
INFO: [ view_template ] --END-- [ RunTime:0.000544s ]
INFO: [ view_parse ] --START--
NOTIC: [8] Undefined variable: data_1 /data/home/qxu2309250088/htdocs/BVCMS/Home/Runtime/Cache/7e4848229090366086cc7eeb3bfc0798.php 第 160 行.
NOTIC: [8] Undefined variable: data_2 /data/home/qxu2309250088/htdocs/BVCMS/Home/Runtime/Cache/7e4848229090366086cc7eeb3bfc0798.php 第 161 行.
NOTIC: [8] Undefined variable: data_3 /data/home/qxu2309250088/htdocs/BVCMS/Home/Runtime/Cache/7e4848229090366086cc7eeb3bfc0798.php 第 162 行.
NOTIC: [8] Undefined variable: data_4 /data/home/qxu2309250088/htdocs/BVCMS/Home/Runtime/Cache/7e4848229090366086cc7eeb3bfc0798.php 第 163 行.
NOTIC: [8] Undefined variable: data_5 /data/home/qxu2309250088/htdocs/BVCMS/Home/Runtime/Cache/7e4848229090366086cc7eeb3bfc0798.php 第 164 行.
INFO: Run ParseTemplate Behavior [ RunTime:0.019946s ]
INFO: [ view_parse ] --END-- [ RunTime:0.020003s ]
INFO: [ view_filter ] --START--
INFO: Run ContentReplace Behavior [ RunTime:0.000541s ]
INFO: Run TokenBuild Behavior [ RunTime:0.000351s ]
INFO: Run WriteHtmlCache Behavior [ RunTime:0.000253s ]
INFO: Run ShowRuntime Behavior [ RunTime:0.000430s ]
INFO: [ view_filter ] --END-- [ RunTime:0.001703s ]
INFO: [ view_end ] --START--
INFO: Run ShowPageTrace Behavior [ RunTime:0.000650s ]
INFO: [ view_end ] --END-- [ RunTime:0.000705s ]

[ 2017-11-19T10:38:07+08:00 ] 116.247.91.242 /BVCMS/index.php/Index/search
INFO: [ route_check ] --START--
INFO: Run CheckRoute Behavior [ RunTime:0.000641s ]
INFO: [ route_check ] --END-- [ RunTime:0.000762s ]
INFO: [ app_begin ] --START--
INFO: Run ReadHtmlCache Behavior [ RunTime:0.000446s ]
INFO: [ app_begin ] --END-- [ RunTime:0.000500s ]
SQL: SHOW COLUMNS FROM `tp_formal` [ RunTime:0.001540s ]
SQL: SELECT * FROM `tp_formal` WHERE ( `PCName` LIKE '%16047%' )  [ RunTime:0.002286s ]
INFO: [ view_template ] --START--
INFO: Run LocationTemplate Behavior [ RunTime:0.000583s ]
INFO: [ view_template ] --END-- [ RunTime:0.000636s ]
INFO: [ view_parse ] --START--
NOTIC: [8] Undefined variable: data_1 /data/home/qxu2309250088/htdocs/BVCMS/Home/Runtime/Cache/7e4848229090366086cc7eeb3bfc0798.php 第 160 行.
NOTIC: [8] Undefined variable: data_2 /data/home/qxu2309250088/htdocs/BVCMS/Home/Runtime/Cache/7e4848229090366086cc7eeb3bfc0798.php 第 161 行.
NOTIC: [8] Undefined variable: data_3 /data/home/qxu2309250088/htdocs/BVCMS/Home/Runtime/Cache/7e4848229090366086cc7eeb3bfc0798.php 第 162 行.
NOTIC: [8] Undefined variable: data_4 /data/home/qxu2309250088/htdocs/BVCMS/Home/Runtime/Cache/7e4848229090366086cc7eeb3bfc0798.php 第 163 行.
NOTIC: [8] Undefined variable: data_5 /data/home/qxu2309250088/htdocs/BVCMS/Home/Runtime/Cache/7e4848229090366086cc7eeb3bfc0798.php 第 164 行.
INFO: Run ParseTemplate Behavior [ RunTime:0.019471s ]
INFO: [ view_parse ] --END-- [ RunTime:0.019521s ]
INFO: [ view_filter ] --START--
INFO: Run ContentReplace Behavior [ RunTime:0.000536s ]
INFO: Run TokenBuild Behavior [ RunTime:0.000344s ]
INFO: Run WriteHtmlCache Behavior [ RunTime:0.000276s ]
INFO: Run ShowRuntime Behavior [ RunTime:0.000430s ]
INFO: [ view_filter ] --END-- [ RunTime:0.001714s ]
INFO: [ view_end ] --START--
INFO: Run ShowPageTrace Behavior [ RunTime:0.000509s ]
INFO: [ view_end ] --END-- [ RunTime:0.000549s ]

[ 2017-11-19T10:38:33+08:00 ] 116.247.91.242 /BVCMS/index.php/Index/search
INFO: [ route_check ] --START--
INFO: Run CheckRoute Behavior [ RunTime:0.000686s ]
INFO: [ route_check ] --END-- [ RunTime:0.000808s ]
INFO: [ app_begin ] --START--
INFO: Run ReadHtmlCache Behavior [ RunTime:0.000498s ]
INFO: [ app_begin ] --END-- [ RunTime:0.000552s ]
SQL: SHOW COLUMNS FROM `tp_formal` [ RunTime:0.001431s ]
SQL: SELECT * FROM `tp_formal` WHERE ( `PCName` LIKE '%17005%' )  [ RunTime:0.002237s ]
INFO: [ view_template ] --START--
INFO: Run LocationTemplate Behavior [ RunTime:0.000529s ]
INFO: [ view_template ] --END-- [ RunTime:0.000579s ]
INFO: [ view_parse ] --START--
NOTIC: [8] Undefined variable: data_1 /data/home/qxu2309250088/htdocs/BVCMS/Home/Runtime/Cache/7e4848229090366086cc7eeb3bfc0798.php 第 160 行.
NOTIC: [8] Undefined variable: data_2 /data/home/qxu2309250088/htdocs/BVCMS/Home/Runtime/Cache/7e4848229090366086cc7eeb3bfc0798.php 第 161 行.
NOTIC: [8] Undefined variable: data_3 /data/home/qxu2309250088/htdocs/BVCMS/Home/Runtime/Cache/7e4848229090366086cc7eeb3bfc0798.php 第 162 行.
NOTIC: [8] Undefined variable: data_4 /data/home/qxu2309250088/htdocs/BVCMS/Home/Runtime/Cache/7e4848229090366086cc7eeb3bfc0798.php 第 163 行.
NOTIC: [8] Undefined variable: data_5 /data/home/qxu2309250088/htdocs/BVCMS/Home/Runtime/Cache/7e4848229090366086cc7eeb3bfc0798.php 第 164 行.
INFO: Run ParseTemplate Behavior [ RunTime:0.022389s ]
INFO: [ view_parse ] --END-- [ RunTime:0.022453s ]
INFO: [ view_filter ] --START--
INFO: Run ContentReplace Behavior [ RunTime:0.000525s ]
INFO: Run TokenBuild Behavior [ RunTime:0.000383s ]
INFO: Run WriteHtmlCache Behavior [ RunTime:0.000261s ]
INFO: Run ShowRuntime Behavior [ RunTime:0.000454s ]
INFO: [ view_filter ] --END-- [ RunTime:0.001755s ]
INFO: [ view_end ] --START--
INFO: Run ShowPageTrace Behavior [ RunTime:0.000517s ]
INFO: [ view_end ] --END-- [ RunTime:0.000555s ]

[ 2017-11-19T10:38:40+08:00 ] 116.247.91.242 /BVCMS/index.php/Index/modify/id/83
INFO: [ route_check ] --START--
INFO: Run CheckRoute Behavior [ RunTime:0.000699s ]
INFO: [ route_check ] --END-- [ RunTime:0.000828s ]
INFO: [ app_begin ] --START--
INFO: Run ReadHtmlCache Behavior [ RunTime:0.000487s ]
INFO: [ app_begin ] --END-- [ RunTime:0.000541s ]
SQL: SHOW COLUMNS FROM `tp_formal` [ RunTime:0.001534s ]
SQL: SELECT * FROM `tp_formal` WHERE ( `Id` = 83 ) LIMIT 1   [ RunTime:0.000832s ]
INFO: [ view_template ] --START--
INFO: Run LocationTemplate Behavior [ RunTime:0.000457s ]
INFO: [ view_template ] --END-- [ RunTime:0.000510s ]
INFO: [ view_parse ] --START--
INFO: Run ParseTemplate Behavior [ RunTime:0.015194s ]
INFO: [ view_parse ] --END-- [ RunTime:0.015253s ]
INFO: [ view_filter ] --START--
INFO: Run ContentReplace Behavior [ RunTime:0.000445s ]
INFO: Run TokenBuild Behavior [ RunTime:0.000342s ]
INFO: Run WriteHtmlCache Behavior [ RunTime:0.000309s ]
INFO: Run ShowRuntime Behavior [ RunTime:0.000430s ]
INFO: [ view_filter ] --END-- [ RunTime:0.001650s ]
INFO: [ view_end ] --START--
INFO: Run ShowPageTrace Behavior [ RunTime:0.000535s ]
INFO: [ view_end ] --END-- [ RunTime:0.000575s ]

[ 2017-11-19T10:39:00+08:00 ] 116.247.91.242 /BVCMS/index.php/Index/index
INFO: [ route_check ] --START--
INFO: Run CheckRoute Behavior [ RunTime:0.000739s ]
INFO: [ route_check ] --END-- [ RunTime:0.000880s ]
INFO: [ app_begin ] --START--
INFO: Run ReadHtmlCache Behavior [ RunTime:0.000465s ]
INFO: [ app_begin ] --END-- [ RunTime:0.000520s ]
SQL: SHOW COLUMNS FROM `tp_formal` [ RunTime:0.001519s ]
SQL: SELECT * FROM `tp_formal`  [ RunTime:0.005370s ]
SQL: SELECT COUNT(ID) AS tp_count FROM `tp_formal` LIMIT 1   [ RunTime:0.000524s ]
SQL: SELECT COUNT(*) AS tp_count FROM `tp_formal` WHERE ( `Status` = 'Spare' ) LIMIT 1   [ RunTime:0.000472s ]
INFO: [ view_template ] --START--
INFO: Run LocationTemplate Behavior [ RunTime:0.000563s ]
INFO: [ view_template ] --END-- [ RunTime:0.000613s ]
INFO: [ view_parse ] --START--
INFO: Run ParseTemplate Behavior [ RunTime:0.023602s ]
INFO: [ view_parse ] --END-- [ RunTime:0.023672s ]
INFO: [ view_filter ] --START--
INFO: Run ContentReplace Behavior [ RunTime:0.004981s ]
INFO: Run TokenBuild Behavior [ RunTime:0.001253s ]
INFO: Run WriteHtmlCache Behavior [ RunTime:0.000267s ]
INFO: Run ShowRuntime Behavior [ RunTime:0.001482s ]
INFO: [ view_filter ] --END-- [ RunTime:0.008168s ]
INFO: [ view_end ] --START--
INFO: Run ShowPageTrace Behavior [ RunTime:0.000568s ]
INFO: [ view_end ] --END-- [ RunTime:0.000612s ]

[ 2017-11-19T10:39:16+08:00 ] 116.247.91.242 /BVCMS/index.php/Index/search
INFO: [ route_check ] --START--
INFO: Run CheckRoute Behavior [ RunTime:0.000687s ]
INFO: [ route_check ] --END-- [ RunTime:0.000849s ]
INFO: [ app_begin ] --START--
INFO: Run ReadHtmlCache Behavior [ RunTime:0.000472s ]
INFO: [ app_begin ] --END-- [ RunTime:0.000524s ]
SQL: SHOW COLUMNS FROM `tp_formal` [ RunTime:0.001459s ]
SQL: SELECT * FROM `tp_formal` WHERE ( `PCName` LIKE '%vw014%' )  [ RunTime:0.002357s ]
INFO: [ view_template ] --START--
INFO: Run LocationTemplate Behavior [ RunTime:0.000489s ]
INFO: [ view_template ] --END-- [ RunTime:0.000544s ]
INFO: [ view_parse ] --START--
INFO: Run ParseTemplate Behavior [ RunTime:0.006639s ]
INFO: [ view_parse ] --END-- [ RunTime:0.006711s ]
INFO: [ view_filter ] --START--
INFO: Run ContentReplace Behavior [ RunTime:0.000372s ]
INFO: Run TokenBuild Behavior [ RunTime:0.000371s ]
INFO: Run WriteHtmlCache Behavior [ RunTime:0.000301s ]
INFO: Run ShowRuntime Behavior [ RunTime:0.000503s ]
INFO: [ view_filter ] --END-- [ RunTime:0.001702s ]
INFO: [ view_end ] --START--
INFO: Run ShowPageTrace Behavior [ RunTime:0.000824s ]
INFO: [ view_end ] --END-- [ RunTime:0.000894s ]

[ 2017-11-19T10:39:22+08:00 ] 116.247.91.242 /BVCMS/index.php/Index/search
INFO: [ route_check ] --START--
INFO: Run CheckRoute Behavior [ RunTime:0.000696s ]
INFO: [ route_check ] --END-- [ RunTime:0.000840s ]
INFO: [ app_begin ] --START--
INFO: Run ReadHtmlCache Behavior [ RunTime:0.000446s ]
INFO: [ app_begin ] --END-- [ RunTime:0.000498s ]
SQL: SHOW COLUMNS FROM `tp_formal` [ RunTime:0.001576s ]
SQL: SELECT * FROM `tp_formal` WHERE ( `PCName` LIKE '%014%' )  [ RunTime:0.002749s ]
INFO: [ view_template ] --START--
INFO: Run LocationTemplate Behavior [ RunTime:0.000464s ]
INFO: [ view_template ] --END-- [ RunTime:0.000516s ]
INFO: [ view_parse ] --START--
NOTIC: [8] Undefined variable: data_1 /data/home/qxu2309250088/htdocs/BVCMS/Home/Runtime/Cache/7e4848229090366086cc7eeb3bfc0798.php 第 160 行.
NOTIC: [8] Undefined variable: data_2 /data/home/qxu2309250088/htdocs/BVCMS/Home/Runtime/Cache/7e4848229090366086cc7eeb3bfc0798.php 第 161 行.
NOTIC: [8] Undefined variable: data_3 /data/home/qxu2309250088/htdocs/BVCMS/Home/Runtime/Cache/7e4848229090366086cc7eeb3bfc0798.php 第 162 行.
NOTIC: [8] Undefined variable: data_4 /data/home/qxu2309250088/htdocs/BVCMS/Home/Runtime/Cache/7e4848229090366086cc7eeb3bfc0798.php 第 163 行.
NOTIC: [8] Undefined variable: data_5 /data/home/qxu2309250088/htdocs/BVCMS/Home/Runtime/Cache/7e4848229090366086cc7eeb3bfc0798.php 第 164 行.
INFO: Run ParseTemplate Behavior [ RunTime:0.019572s ]
INFO: [ view_parse ] --END-- [ RunTime:0.019620s ]
INFO: [ view_filter ] --START--
INFO: Run ContentReplace Behavior [ RunTime:0.000477s ]
INFO: Run TokenBuild Behavior [ RunTime:0.000376s ]
INFO: Run WriteHtmlCache Behavior [ RunTime:0.000254s ]
INFO: Run ShowRuntime Behavior [ RunTime:0.000436s ]
INFO: [ view_filter ] --END-- [ RunTime:0.001684s ]
INFO: [ view_end ] --START--
INFO: Run ShowPageTrace Behavior [ RunTime:0.000515s ]
INFO: [ view_end ] --END-- [ RunTime:0.000564s ]

[ 2017-11-19T10:40:01+08:00 ] 116.247.91.242 /BVCMS/index.php/Index/search
INFO: [ route_check ] --START--
INFO: Run CheckRoute Behavior [ RunTime:0.001076s ]
INFO: [ route_check ] --END-- [ RunTime:0.001235s ]
INFO: [ app_begin ] --START--
INFO: Run ReadHtmlCache Behavior [ RunTime:0.000457s ]
INFO: [ app_begin ] --END-- [ RunTime:0.000511s ]
SQL: SHOW COLUMNS FROM `tp_formal` [ RunTime:0.001495s ]
SQL: SELECT * FROM `tp_formal` WHERE ( `PCName` LIKE '%11006%' )  [ RunTime:0.002222s ]
INFO: [ view_template ] --START--
INFO: Run LocationTemplate Behavior [ RunTime:0.000384s ]
INFO: [ view_template ] --END-- [ RunTime:0.000435s ]
INFO: [ view_parse ] --START--
INFO: Run ParseTemplate Behavior [ RunTime:0.007434s ]
INFO: [ view_parse ] --END-- [ RunTime:0.007513s ]
INFO: [ view_filter ] --START--
INFO: Run ContentReplace Behavior [ RunTime:0.000359s ]
INFO: Run TokenBuild Behavior [ RunTime:0.000401s ]
INFO: Run WriteHtmlCache Behavior [ RunTime:0.000272s ]
INFO: Run ShowRuntime Behavior [ RunTime:0.000400s ]
INFO: [ view_filter ] --END-- [ RunTime:0.001591s ]
INFO: [ view_end ] --START--
INFO: Run ShowPageTrace Behavior [ RunTime:0.000534s ]
INFO: [ view_end ] --END-- [ RunTime:0.000578s ]

[ 2017-11-19T10:40:42+08:00 ] 116.247.91.242 /BVCMS/index.php/Index/search
INFO: [ route_check ] --START--
INFO: Run CheckRoute Behavior [ RunTime:0.000955s ]
INFO: [ route_check ] --END-- [ RunTime:0.001115s ]
INFO: [ app_begin ] --START--
INFO: Run ReadHtmlCache Behavior [ RunTime:0.000662s ]
INFO: [ app_begin ] --END-- [ RunTime:0.000729s ]
SQL: SHOW COLUMNS FROM `tp_formal` [ RunTime:0.001497s ]
SQL: SELECT * FROM `tp_formal` WHERE ( `PCName` LIKE '%024%' )  [ RunTime:0.002895s ]
INFO: [ view_template ] --START--
INFO: Run LocationTemplate Behavior [ RunTime:0.000538s ]
INFO: [ view_template ] --END-- [ RunTime:0.000592s ]
INFO: [ view_parse ] --START--
NOTIC: [8] Undefined variable: data_1 /data/home/qxu2309250088/htdocs/BVCMS/Home/Runtime/Cache/7e4848229090366086cc7eeb3bfc0798.php 第 160 行.
NOTIC: [8] Undefined variable: data_2 /data/home/qxu2309250088/htdocs/BVCMS/Home/Runtime/Cache/7e4848229090366086cc7eeb3bfc0798.php 第 161 行.
NOTIC: [8] Undefined variable: data_3 /data/home/qxu2309250088/htdocs/BVCMS/Home/Runtime/Cache/7e4848229090366086cc7eeb3bfc0798.php 第 162 行.
NOTIC: [8] Undefined variable: data_4 /data/home/qxu2309250088/htdocs/BVCMS/Home/Runtime/Cache/7e4848229090366086cc7eeb3bfc0798.php 第 163 行.
NOTIC: [8] Undefined variable: data_5 /data/home/qxu2309250088/htdocs/BVCMS/Home/Runtime/Cache/7e4848229090366086cc7eeb3bfc0798.php 第 164 行.
INFO: Run ParseTemplate Behavior [ RunTime:0.019980s ]
INFO: [ view_parse ] --END-- [ RunTime:0.020049s ]
INFO: [ view_filter ] --START--
INFO: Run ContentReplace Behavior [ RunTime:0.000541s ]
INFO: Run TokenBuild Behavior [ RunTime:0.000370s ]
INFO: Run WriteHtmlCache Behavior [ RunTime:0.000256s ]
INFO: Run ShowRuntime Behavior [ RunTime:0.000458s ]
INFO: [ view_filter ] --END-- [ RunTime:0.001751s ]
INFO: [ view_end ] --START--
INFO: Run ShowPageTrace Behavior [ RunTime:0.000502s ]
INFO: [ view_end ] --END-- [ RunTime:0.000540s ]

[ 2017-11-19T10:41:14+08:00 ] 116.247.91.242 /BVCMS/index.php/Index/search
INFO: [ route_check ] --START--
INFO: Run CheckRoute Behavior [ RunTime:0.000707s ]
INFO: [ route_check ] --END-- [ RunTime:0.000828s ]
INFO: [ app_begin ] --START--
INFO: Run ReadHtmlCache Behavior [ RunTime:0.000471s ]
INFO: [ app_begin ] --END-- [ RunTime:0.000523s ]
SQL: SHOW COLUMNS FROM `tp_formal` [ RunTime:0.001588s ]
SQL: SELECT * FROM `tp_formal` WHERE ( `PCName` LIKE '%13083%' )  [ RunTime:0.002338s ]
INFO: [ view_template ] --START--
INFO: Run LocationTemplate Behavior [ RunTime:0.000656s ]
INFO: [ view_template ] --END-- [ RunTime:0.000730s ]
INFO: [ view_parse ] --START--
INFO: Run ParseTemplate Behavior [ RunTime:0.007473s ]
INFO: [ view_parse ] --END-- [ RunTime:0.007545s ]
INFO: [ view_filter ] --START--
INFO: Run ContentReplace Behavior [ RunTime:0.000336s ]
INFO: Run TokenBuild Behavior [ RunTime:0.000363s ]
INFO: Run WriteHtmlCache Behavior [ RunTime:0.000258s ]
INFO: Run ShowRuntime Behavior [ RunTime:0.000393s ]
INFO: [ view_filter ] --END-- [ RunTime:0.001509s ]
INFO: [ view_end ] --START--
INFO: Run ShowPageTrace Behavior [ RunTime:0.000505s ]
INFO: [ view_end ] --END-- [ RunTime:0.000549s ]

[ 2017-11-19T10:43:56+08:00 ] 116.247.91.242 /BVCMS/index.php/Index/search
INFO: [ route_check ] --START--
INFO: Run CheckRoute Behavior [ RunTime:0.000682s ]
INFO: [ route_check ] --END-- [ RunTime:0.000801s ]
INFO: [ app_begin ] --START--
INFO: Run ReadHtmlCache Behavior [ RunTime:0.000456s ]
INFO: [ app_begin ] --END-- [ RunTime:0.000523s ]
SQL: SHOW COLUMNS FROM `tp_formal` [ RunTime:0.001399s ]
SQL: SELECT * FROM `tp_formal` WHERE ( `PCName` LIKE '%17009%' )  [ RunTime:0.002349s ]
INFO: [ view_template ] --START--
INFO: Run LocationTemplate Behavior [ RunTime:0.000568s ]
INFO: [ view_template ] --END-- [ RunTime:0.000619s ]
INFO: [ view_parse ] --START--
NOTIC: [8] Undefined variable: data_1 /data/home/qxu2309250088/htdocs/BVCMS/Home/Runtime/Cache/7e4848229090366086cc7eeb3bfc0798.php 第 160 行.
NOTIC: [8] Undefined variable: data_2 /data/home/qxu2309250088/htdocs/BVCMS/Home/Runtime/Cache/7e4848229090366086cc7eeb3bfc0798.php 第 161 行.
NOTIC: [8] Undefined variable: data_3 /data/home/qxu2309250088/htdocs/BVCMS/Home/Runtime/Cache/7e4848229090366086cc7eeb3bfc0798.php 第 162 行.
NOTIC: [8] Undefined variable: data_4 /data/home/qxu2309250088/htdocs/BVCMS/Home/Runtime/Cache/7e4848229090366086cc7eeb3bfc0798.php 第 163 行.
NOTIC: [8] Undefined variable: data_5 /data/home/qxu2309250088/htdocs/BVCMS/Home/Runtime/Cache/7e4848229090366086cc7eeb3bfc0798.php 第 164 行.
INFO: Run ParseTemplate Behavior [ RunTime:0.019278s ]
INFO: [ view_parse ] --END-- [ RunTime:0.019327s ]
INFO: [ view_filter ] --START--
INFO: Run ContentReplace Behavior [ RunTime:0.000493s ]
INFO: Run TokenBuild Behavior [ RunTime:0.000365s ]
INFO: Run WriteHtmlCache Behavior [ RunTime:0.000247s ]
INFO: Run ShowRuntime Behavior [ RunTime:0.000405s ]
INFO: [ view_filter ] --END-- [ RunTime:0.001633s ]
INFO: [ view_end ] --START--
INFO: Run ShowPageTrace Behavior [ RunTime:0.000499s ]
INFO: [ view_end ] --END-- [ RunTime:0.000538s ]

[ 2017-11-19T10:44:01+08:00 ] 116.247.91.242 /BVCMS/index.php/Index/modify/id/87
INFO: [ route_check ] --START--
INFO: Run CheckRoute Behavior [ RunTime:0.000677s ]
INFO: [ route_check ] --END-- [ RunTime:0.000800s ]
INFO: [ app_begin ] --START--
INFO: Run ReadHtmlCache Behavior [ RunTime:0.000463s ]
INFO: [ app_begin ] --END-- [ RunTime:0.000516s ]
SQL: SHOW COLUMNS FROM `tp_formal` [ RunTime:0.001519s ]
SQL: SELECT * FROM `tp_formal` WHERE ( `Id` = 87 ) LIMIT 1   [ RunTime:0.000878s ]
INFO: [ view_template ] --START--
INFO: Run LocationTemplate Behavior [ RunTime:0.000509s ]
INFO: [ view_template ] --END-- [ RunTime:0.000561s ]
INFO: [ view_parse ] --START--
INFO: Run ParseTemplate Behavior [ RunTime:0.015535s ]
INFO: [ view_parse ] --END-- [ RunTime:0.015598s ]
INFO: [ view_filter ] --START--
INFO: Run ContentReplace Behavior [ RunTime:0.000482s ]
INFO: Run TokenBuild Behavior [ RunTime:0.000339s ]
INFO: Run WriteHtmlCache Behavior [ RunTime:0.000252s ]
INFO: Run ShowRuntime Behavior [ RunTime:0.000424s ]
INFO: [ view_filter ] --END-- [ RunTime:0.001652s ]
INFO: [ view_end ] --START--
INFO: Run ShowPageTrace Behavior [ RunTime:0.000503s ]
INFO: [ view_end ] --END-- [ RunTime:0.000544s ]

[ 2017-11-19T10:45:33+08:00 ] 116.247.91.242 /BVCMS/index.php/Index/index
INFO: [ route_check ] --START--
INFO: Run CheckRoute Behavior [ RunTime:0.000701s ]
INFO: [ route_check ] --END-- [ RunTime:0.000815s ]
INFO: [ app_begin ] --START--
INFO: Run ReadHtmlCache Behavior [ RunTime:0.000443s ]
INFO: [ app_begin ] --END-- [ RunTime:0.000493s ]
SQL: SHOW COLUMNS FROM `tp_formal` [ RunTime:0.001506s ]
SQL: SELECT * FROM `tp_formal`  [ RunTime:0.005242s ]
SQL: SELECT COUNT(ID) AS tp_count FROM `tp_formal` LIMIT 1   [ RunTime:0.000718s ]
SQL: SELECT COUNT(*) AS tp_count FROM `tp_formal` WHERE ( `Status` = 'Spare' ) LIMIT 1   [ RunTime:0.000800s ]
INFO: [ view_template ] --START--
INFO: Run LocationTemplate Behavior [ RunTime:0.000468s ]
INFO: [ view_template ] --END-- [ RunTime:0.000516s ]
INFO: [ view_parse ] --START--
INFO: Run ParseTemplate Behavior [ RunTime:0.022306s ]
INFO: [ view_parse ] --END-- [ RunTime:0.022365s ]
INFO: [ view_filter ] --START--
INFO: Run ContentReplace Behavior [ RunTime:0.004839s ]
INFO: Run TokenBuild Behavior [ RunTime:0.001209s ]
INFO: Run WriteHtmlCache Behavior [ RunTime:0.000277s ]
INFO: Run ShowRuntime Behavior [ RunTime:0.001390s ]
INFO: [ view_filter ] --END-- [ RunTime:0.007863s ]
INFO: [ view_end ] --START--
INFO: Run ShowPageTrace Behavior [ RunTime:0.000524s ]
INFO: [ view_end ] --END-- [ RunTime:0.000568s ]

[ 2017-11-19T14:52:48+08:00 ] 116.247.91.242 /BVCMS/
INFO: [ app_begin ] --START--
INFO: Run ReadHtmlCache Behavior [ RunTime:0.000462s ]
INFO: [ app_begin ] --END-- [ RunTime:0.000573s ]
INFO: [ view_template ] --START--
INFO: Run LocationTemplate Behavior [ RunTime:0.000375s ]
INFO: [ view_template ] --END-- [ RunTime:0.000432s ]
INFO: [ view_parse ] --START--
INFO: Run ParseTemplate Behavior [ RunTime:0.005896s ]
INFO: [ view_parse ] --END-- [ RunTime:0.005957s ]
INFO: [ view_filter ] --START--
INFO: Run ContentReplace Behavior [ RunTime:0.000332s ]
INFO: Run TokenBuild Behavior [ RunTime:0.000391s ]
INFO: Run WriteHtmlCache Behavior [ RunTime:0.000257s ]
INFO: Run ShowRuntime Behavior [ RunTime:0.000406s ]
INFO: [ view_filter ] --END-- [ RunTime:0.001517s ]
INFO: [ view_end ] --START--
INFO: Run ShowPageTrace Behavior [ RunTime:0.000534s ]
INFO: [ view_end ] --END-- [ RunTime:0.000577s ]

[ 2017-11-19T14:52:54+08:00 ] 116.247.91.242 /BVCMS/index.php/Index/index
INFO: [ route_check ] --START--
INFO: Run CheckRoute Behavior [ RunTime:0.001034s ]
INFO: [ route_check ] --END-- [ RunTime:0.001195s ]
INFO: [ app_begin ] --START--
INFO: Run ReadHtmlCache Behavior [ RunTime:0.000587s ]
INFO: [ app_begin ] --END-- [ RunTime:0.000670s ]
SQL: SHOW COLUMNS FROM `tp_formal` [ RunTime:0.001700s ]
SQL: SELECT * FROM `tp_formal`  [ RunTime:0.006231s ]
SQL: SELECT COUNT(ID) AS tp_count FROM `tp_formal` LIMIT 1   [ RunTime:0.000754s ]
SQL: SELECT COUNT(*) AS tp_count FROM `tp_formal` WHERE ( `Status` = 'Spare' ) LIMIT 1   [ RunTime:0.001250s ]
INFO: [ view_template ] --START--
INFO: Run LocationTemplate Behavior [ RunTime:0.000549s ]
INFO: [ view_template ] --END-- [ RunTime:0.000600s ]
INFO: [ view_parse ] --START--
INFO: Run ParseTemplate Behavior [ RunTime:0.022510s ]
INFO: [ view_parse ] --END-- [ RunTime:0.022586s ]
INFO: [ view_filter ] --START--
INFO: Run ContentReplace Behavior [ RunTime:0.004757s ]
INFO: Run TokenBuild Behavior [ RunTime:0.001240s ]
INFO: Run WriteHtmlCache Behavior [ RunTime:0.000265s ]
INFO: Run ShowRuntime Behavior [ RunTime:0.001398s ]
INFO: [ view_filter ] --END-- [ RunTime:0.007807s ]
INFO: [ view_end ] --START--
INFO: Run ShowPageTrace Behavior [ RunTime:0.000537s ]
INFO: [ view_end ] --END-- [ RunTime:0.000579s ]

[ 2017-11-19T14:53:02+08:00 ] 116.247.91.242 /BVCMS/index.php/Index/search
INFO: [ route_check ] --START--
INFO: Run CheckRoute Behavior [ RunTime:0.000725s ]
INFO: [ route_check ] --END-- [ RunTime:0.000854s ]
INFO: [ app_begin ] --START--
INFO: Run ReadHtmlCache Behavior [ RunTime:0.000507s ]
INFO: [ app_begin ] --END-- [ RunTime:0.000559s ]
SQL: SHOW COLUMNS FROM `tp_formal` [ RunTime:0.001506s ]
SQL: SELECT * FROM `tp_formal` WHERE ( `Model` LIKE '%M73%' )  [ RunTime:0.002684s ]
INFO: [ view_template ] --START--
INFO: Run LocationTemplate Behavior [ RunTime:0.000624s ]
INFO: [ view_template ] --END-- [ RunTime:0.000691s ]
INFO: [ view_parse ] --START--
NOTIC: [8] Undefined variable: data_1 /data/home/qxu2309250088/htdocs/BVCMS/Home/Runtime/Cache/7e4848229090366086cc7eeb3bfc0798.php 第 160 行.
NOTIC: [8] Undefined variable: data_2 /data/home/qxu2309250088/htdocs/BVCMS/Home/Runtime/Cache/7e4848229090366086cc7eeb3bfc0798.php 第 161 行.
NOTIC: [8] Undefined variable: data_3 /data/home/qxu2309250088/htdocs/BVCMS/Home/Runtime/Cache/7e4848229090366086cc7eeb3bfc0798.php 第 162 行.
NOTIC: [8] Undefined variable: data_4 /data/home/qxu2309250088/htdocs/BVCMS/Home/Runtime/Cache/7e4848229090366086cc7eeb3bfc0798.php 第 163 行.
NOTIC: [8] Undefined variable: data_5 /data/home/qxu2309250088/htdocs/BVCMS/Home/Runtime/Cache/7e4848229090366086cc7eeb3bfc0798.php 第 164 行.
INFO: Run ParseTemplate Behavior [ RunTime:0.019405s ]
INFO: [ view_parse ] --END-- [ RunTime:0.019468s ]
INFO: [ view_filter ] --START--
INFO: Run ContentReplace Behavior [ RunTime:0.000483s ]
INFO: Run TokenBuild Behavior [ RunTime:0.000347s ]
INFO: Run WriteHtmlCache Behavior [ RunTime:0.000279s ]
INFO: Run ShowRuntime Behavior [ RunTime:0.000418s ]
INFO: [ view_filter ] --END-- [ RunTime:0.001655s ]
INFO: [ view_end ] --START--
INFO: Run ShowPageTrace Behavior [ RunTime:0.000542s ]
INFO: [ view_end ] --END-- [ RunTime:0.000582s ]

[ 2017-11-19T14:54:19+08:00 ] 116.247.91.242 /BVCMS/index.php/Index/search
INFO: [ route_check ] --START--
INFO: Run CheckRoute Behavior [ RunTime:0.000771s ]
INFO: [ route_check ] --END-- [ RunTime:0.000911s ]
INFO: [ app_begin ] --START--
INFO: Run ReadHtmlCache Behavior [ RunTime:0.000533s ]
INFO: [ app_begin ] --END-- [ RunTime:0.000588s ]
SQL: SHOW COLUMNS FROM `tp_formal` [ RunTime:0.001572s ]
SQL: SELECT * FROM `tp_formal` WHERE ( `PCName` LIKE '%052%' )  [ RunTime:0.002746s ]
INFO: [ view_template ] --START--
INFO: Run LocationTemplate Behavior [ RunTime:0.000727s ]
INFO: [ view_template ] --END-- [ RunTime:0.000800s ]
INFO: [ view_parse ] --START--
NOTIC: [8] Undefined variable: data_1 /data/home/qxu2309250088/htdocs/BVCMS/Home/Runtime/Cache/7e4848229090366086cc7eeb3bfc0798.php 第 160 行.
NOTIC: [8] Undefined variable: data_2 /data/home/qxu2309250088/htdocs/BVCMS/Home/Runtime/Cache/7e4848229090366086cc7eeb3bfc0798.php 第 161 行.
NOTIC: [8] Undefined variable: data_3 /data/home/qxu2309250088/htdocs/BVCMS/Home/Runtime/Cache/7e4848229090366086cc7eeb3bfc0798.php 第 162 行.
NOTIC: [8] Undefined variable: data_4 /data/home/qxu2309250088/htdocs/BVCMS/Home/Runtime/Cache/7e4848229090366086cc7eeb3bfc0798.php 第 163 行.
NOTIC: [8] Undefined variable: data_5 /data/home/qxu2309250088/htdocs/BVCMS/Home/Runtime/Cache/7e4848229090366086cc7eeb3bfc0798.php 第 164 行.
INFO: Run ParseTemplate Behavior [ RunTime:0.021366s ]
INFO: [ view_parse ] --END-- [ RunTime:0.021424s ]
INFO: [ view_filter ] --START--
INFO: Run ContentReplace Behavior [ RunTime:0.000551s ]
INFO: Run TokenBuild Behavior [ RunTime:0.000353s ]
INFO: Run WriteHtmlCache Behavior [ RunTime:0.000259s ]
INFO: Run ShowRuntime Behavior [ RunTime:0.000458s ]
INFO: [ view_filter ] --END-- [ RunTime:0.001750s ]
INFO: [ view_end ] --START--
INFO: Run ShowPageTrace Behavior [ RunTime:0.000507s ]
INFO: [ view_end ] --END-- [ RunTime:0.000546s ]

