[ 2017-11-14T13:51:39+08:00 ] 116.247.91.242 /BVCMS/
INFO: [ app_begin ] --START--
INFO: Run ReadHtmlCache Behavior [ RunTime:0.000527s ]
INFO: [ app_begin ] --END-- [ RunTime:0.000636s ]
INFO: [ view_template ] --START--
INFO: Run LocationTemplate Behavior [ RunTime:0.000399s ]
INFO: [ view_template ] --END-- [ RunTime:0.000457s ]
INFO: [ view_parse ] --START--
INFO: Run ParseTemplate Behavior [ RunTime:0.005988s ]
INFO: [ view_parse ] --END-- [ RunTime:0.006048s ]
INFO: [ view_filter ] --START--
INFO: Run ContentReplace Behavior [ RunTime:0.000339s ]
INFO: Run TokenBuild Behavior [ RunTime:0.000320s ]
INFO: Run WriteHtmlCache Behavior [ RunTime:0.000271s ]
INFO: Run ShowRuntime Behavior [ RunTime:0.000393s ]
INFO: [ view_filter ] --END-- [ RunTime:0.001455s ]
INFO: [ view_end ] --START--
INFO: Run ShowPageTrace Behavior [ RunTime:0.000528s ]
INFO: [ view_end ] --END-- [ RunTime:0.000572s ]

[ 2017-11-14T13:51:46+08:00 ] 116.247.91.242 /BVCMS/index.php/Index/index
INFO: [ route_check ] --START--
INFO: Run CheckRoute Behavior [ RunTime:0.000811s ]
INFO: [ route_check ] --END-- [ RunTime:0.000936s ]
INFO: [ app_begin ] --START--
INFO: Run ReadHtmlCache Behavior [ RunTime:0.000573s ]
INFO: [ app_begin ] --END-- [ RunTime:0.000626s ]
SQL: SHOW COLUMNS FROM `tp_formal` [ RunTime:0.001659s ]
SQL: SELECT * FROM `tp_formal`  [ RunTime:0.006343s ]
SQL: SELECT COUNT(ID) AS tp_count FROM `tp_formal` LIMIT 1   [ RunTime:0.000760s ]
SQL: SELECT COUNT(*) AS tp_count FROM `tp_formal` WHERE ( `Status` = 'Spare' ) LIMIT 1   [ RunTime:0.001875s ]
INFO: [ view_template ] --START--
INFO: Run LocationTemplate Behavior [ RunTime:0.000630s ]
INFO: [ view_template ] --END-- [ RunTime:0.000692s ]
INFO: [ view_parse ] --START--
INFO: Run ParseTemplate Behavior [ RunTime:0.023564s ]
INFO: [ view_parse ] --END-- [ RunTime:0.023707s ]
INFO: [ view_filter ] --START--
INFO: Run ContentReplace Behavior [ RunTime:0.004850s ]
INFO: Run TokenBuild Behavior [ RunTime:0.001355s ]
INFO: Run WriteHtmlCache Behavior [ RunTime:0.000270s ]
INFO: Run ShowRuntime Behavior [ RunTime:0.001508s ]
INFO: [ view_filter ] --END-- [ RunTime:0.008157s ]
INFO: [ view_end ] --START--
INFO: Run ShowPageTrace Behavior [ RunTime:0.000569s ]
INFO: [ view_end ] --END-- [ RunTime:0.000617s ]

[ 2017-11-14T13:51:54+08:00 ] 116.247.91.242 /BVCMS/index.php/Index/search
INFO: [ route_check ] --START--
INFO: Run CheckRoute Behavior [ RunTime:0.000832s ]
INFO: [ route_check ] --END-- [ RunTime:0.000963s ]
INFO: [ app_begin ] --START--
INFO: Run ReadHtmlCache Behavior [ RunTime:0.000475s ]
INFO: [ app_begin ] --END-- [ RunTime:0.000528s ]
SQL: SHOW COLUMNS FROM `tp_formal` [ RunTime:0.001475s ]
SQL: SELECT * FROM `tp_formal` WHERE ( `EName` LIKE '%kevin%' )  [ RunTime:0.002218s ]
INFO: [ view_template ] --START--
INFO: Run LocationTemplate Behavior [ RunTime:0.000516s ]
INFO: [ view_template ] --END-- [ RunTime:0.000566s ]
INFO: [ view_parse ] --START--
NOTIC: [8] Undefined variable: data_1 /data/home/qxu2309250088/htdocs/BVCMS/Home/Runtime/Cache/7e4848229090366086cc7eeb3bfc0798.php 第 160 行.
NOTIC: [8] Undefined variable: data_2 /data/home/qxu2309250088/htdocs/BVCMS/Home/Runtime/Cache/7e4848229090366086cc7eeb3bfc0798.php 第 161 行.
NOTIC: [8] Undefined variable: data_3 /data/home/qxu2309250088/htdocs/BVCMS/Home/Runtime/Cache/7e4848229090366086cc7eeb3bfc0798.php 第 162 行.
NOTIC: [8] Undefined variable: data_4 /data/home/qxu2309250088/htdocs/BVCMS/Home/Runtime/Cache/7e4848229090366086cc7eeb3bfc0798.php 第 163 行.
NOTIC: [8] Undefined variable: data_5 /data/home/qxu2309250088/htdocs/BVCMS/Home/Runtime/Cache/7e4848229090366086cc7eeb3bfc0798.php 第 164 行.
INFO: Run ParseTemplate Behavior [ RunTime:0.019690s ]
INFO: [ view_parse ] --END-- [ RunTime:0.019751s ]
INFO: [ view_filter ] --START--
INFO: Run ContentReplace Behavior [ RunTime:0.000586s ]
INFO: Run TokenBuild Behavior [ RunTime:0.000384s ]
INFO: Run WriteHtmlCache Behavior [ RunTime:0.000259s ]
INFO: Run ShowRuntime Behavior [ RunTime:0.000444s ]
INFO: [ view_filter ] --END-- [ RunTime:0.001800s ]
INFO: [ view_end ] --START--
INFO: Run ShowPageTrace Behavior [ RunTime:0.000494s ]
INFO: [ view_end ] --END-- [ RunTime:0.000535s ]

[ 2017-11-14T15:02:00+08:00 ] 116.247.91.242 /BVCMS/index.php/Index/index
INFO: [ route_check ] --START--
INFO: Run CheckRoute Behavior [ RunTime:0.000929s ]
INFO: [ route_check ] --END-- [ RunTime:0.001074s ]
INFO: [ app_begin ] --START--
INFO: Run ReadHtmlCache Behavior [ RunTime:0.000512s ]
INFO: [ app_begin ] --END-- [ RunTime:0.000567s ]
SQL: SHOW COLUMNS FROM `tp_formal` [ RunTime:0.001692s ]
SQL: SELECT * FROM `tp_formal`  [ RunTime:0.006472s ]
SQL: SELECT COUNT(ID) AS tp_count FROM `tp_formal` LIMIT 1   [ RunTime:0.000767s ]
SQL: SELECT COUNT(*) AS tp_count FROM `tp_formal` WHERE ( `Status` = 'Spare' ) LIMIT 1   [ RunTime:0.001253s ]
INFO: [ view_template ] --START--
INFO: Run LocationTemplate Behavior [ RunTime:0.000460s ]
INFO: [ view_template ] --END-- [ RunTime:0.000510s ]
INFO: [ view_parse ] --START--
INFO: Run ParseTemplate Behavior [ RunTime:0.025759s ]
INFO: [ view_parse ] --END-- [ RunTime:0.025871s ]
INFO: [ view_filter ] --START--
INFO: Run ContentReplace Behavior [ RunTime:0.005441s ]
INFO: Run TokenBuild Behavior [ RunTime:0.001406s ]
INFO: Run WriteHtmlCache Behavior [ RunTime:0.000260s ]
INFO: Run ShowRuntime Behavior [ RunTime:0.001537s ]
INFO: [ view_filter ] --END-- [ RunTime:0.008873s ]
INFO: [ view_end ] --START--
INFO: Run ShowPageTrace Behavior [ RunTime:0.000569s ]
INFO: [ view_end ] --END-- [ RunTime:0.000613s ]

[ 2017-11-14T15:03:16+08:00 ] 116.247.91.242 /BVCMS/index.php/Index/add
INFO: [ route_check ] --START--
INFO: Run CheckRoute Behavior [ RunTime:0.000701s ]
INFO: [ route_check ] --END-- [ RunTime:0.000821s ]
INFO: [ app_begin ] --START--
INFO: Run ReadHtmlCache Behavior [ RunTime:0.000517s ]
INFO: [ app_begin ] --END-- [ RunTime:0.000571s ]
SQL: SHOW COLUMNS FROM `tp_formal` [ RunTime:0.001513s ]
SQL: INSERT INTO `tp_formal` (`Location`,`Model`,`SN`,`ComputerType`,`PurchaseDate`,`ReplaceDate`,`BUCode`,`BUDescription`,`OS`,`Office`,`Snow`,`Monitor`,`EName`,`Staff`,`Dept`,`Cityray`,`CName`,`JobTitle`,`ADAccount`,`WorkLocation`,`N1`,`SBUBL`,`JobFamily`,`Remark`,`AssetNo`,`BarCode`,`time`,`Status`,`PCName`) VALUES ('SHA05','Lenovo L470','PF0XTQA1','Laptop','2017-09-18','2022-09-18','528','','Win 7','Office','Yes','No','829AOTU8-3','','请选择部门','','','','','选择工作地址','','选择SBU','','','','',1510642996,'InUse','LW7CNSHA0517077') [ RunTime:0.011230s ]
INFO: [ view_template ] --START--
INFO: Run LocationTemplate Behavior [ RunTime:0.000476s ]
INFO: [ view_template ] --END-- [ RunTime:0.000530s ]
INFO: [ view_parse ] --START--
INFO: Run ParseTemplate Behavior [ RunTime:0.006318s ]
INFO: [ view_parse ] --END-- [ RunTime:0.006376s ]
INFO: [ view_filter ] --START--
INFO: Run ContentReplace Behavior [ RunTime:0.000376s ]
INFO: Run TokenBuild Behavior [ RunTime:0.000314s ]
INFO: Run WriteHtmlCache Behavior [ RunTime:0.000238s ]
INFO: Run ShowRuntime Behavior [ RunTime:0.000437s ]
INFO: [ view_filter ] --END-- [ RunTime:0.001503s ]
INFO: [ view_end ] --START--
INFO: Run ShowPageTrace Behavior [ RunTime:0.000485s ]
INFO: [ view_end ] --END-- [ RunTime:0.000553s ]

[ 2017-11-14T15:03:18+08:00 ] 116.247.91.242 /BVCMS/index.php/Index/index
INFO: [ route_check ] --START--
INFO: Run CheckRoute Behavior [ RunTime:0.000687s ]
INFO: [ route_check ] --END-- [ RunTime:0.000812s ]
INFO: [ app_begin ] --START--
INFO: Run ReadHtmlCache Behavior [ RunTime:0.000490s ]
INFO: [ app_begin ] --END-- [ RunTime:0.000544s ]
SQL: SHOW COLUMNS FROM `tp_formal` [ RunTime:0.001543s ]
SQL: SELECT * FROM `tp_formal`  [ RunTime:0.005863s ]
SQL: SELECT COUNT(ID) AS tp_count FROM `tp_formal` LIMIT 1   [ RunTime:0.000786s ]
SQL: SELECT COUNT(*) AS tp_count FROM `tp_formal` WHERE ( `Status` = 'Spare' ) LIMIT 1   [ RunTime:0.001282s ]
INFO: [ view_template ] --START--
INFO: Run LocationTemplate Behavior [ RunTime:0.000542s ]
INFO: [ view_template ] --END-- [ RunTime:0.000594s ]
INFO: [ view_parse ] --START--
INFO: Run ParseTemplate Behavior [ RunTime:0.024960s ]
INFO: [ view_parse ] --END-- [ RunTime:0.025037s ]
INFO: [ view_filter ] --START--
INFO: Run ContentReplace Behavior [ RunTime:0.004704s ]
INFO: Run TokenBuild Behavior [ RunTime:0.001185s ]
INFO: Run WriteHtmlCache Behavior [ RunTime:0.000276s ]
INFO: Run ShowRuntime Behavior [ RunTime:0.001397s ]
INFO: [ view_filter ] --END-- [ RunTime:0.007721s ]
INFO: [ view_end ] --START--
INFO: Run ShowPageTrace Behavior [ RunTime:0.000542s ]
INFO: [ view_end ] --END-- [ RunTime:0.000585s ]

[ 2017-11-14T15:04:48+08:00 ] 116.247.91.242 /BVCMS/index.php/Index/search
INFO: [ route_check ] --START--
INFO: Run CheckRoute Behavior [ RunTime:0.000631s ]
INFO: [ route_check ] --END-- [ RunTime:0.000770s ]
INFO: [ app_begin ] --START--
INFO: Run ReadHtmlCache Behavior [ RunTime:0.000432s ]
INFO: [ app_begin ] --END-- [ RunTime:0.000483s ]
SQL: SHOW COLUMNS FROM `tp_formal` [ RunTime:0.001420s ]
SQL: SELECT * FROM `tp_formal` WHERE ( `PCName` LIKE '%17024%' )  [ RunTime:0.002239s ]
INFO: [ view_template ] --START--
INFO: Run LocationTemplate Behavior [ RunTime:0.000476s ]
INFO: [ view_template ] --END-- [ RunTime:0.000524s ]
INFO: [ view_parse ] --START--
NOTIC: [8] Undefined variable: data_1 /data/home/qxu2309250088/htdocs/BVCMS/Home/Runtime/Cache/7e4848229090366086cc7eeb3bfc0798.php 第 160 行.
NOTIC: [8] Undefined variable: data_2 /data/home/qxu2309250088/htdocs/BVCMS/Home/Runtime/Cache/7e4848229090366086cc7eeb3bfc0798.php 第 161 行.
NOTIC: [8] Undefined variable: data_3 /data/home/qxu2309250088/htdocs/BVCMS/Home/Runtime/Cache/7e4848229090366086cc7eeb3bfc0798.php 第 162 行.
NOTIC: [8] Undefined variable: data_4 /data/home/qxu2309250088/htdocs/BVCMS/Home/Runtime/Cache/7e4848229090366086cc7eeb3bfc0798.php 第 163 行.
NOTIC: [8] Undefined variable: data_5 /data/home/qxu2309250088/htdocs/BVCMS/Home/Runtime/Cache/7e4848229090366086cc7eeb3bfc0798.php 第 164 行.
INFO: Run ParseTemplate Behavior [ RunTime:0.019086s ]
INFO: [ view_parse ] --END-- [ RunTime:0.019131s ]
INFO: [ view_filter ] --START--
INFO: Run ContentReplace Behavior [ RunTime:0.000487s ]
INFO: Run TokenBuild Behavior [ RunTime:0.000361s ]
INFO: Run WriteHtmlCache Behavior [ RunTime:0.000256s ]
INFO: Run ShowRuntime Behavior [ RunTime:0.000421s ]
INFO: [ view_filter ] --END-- [ RunTime:0.001655s ]
INFO: [ view_end ] --START--
INFO: Run ShowPageTrace Behavior [ RunTime:0.000498s ]
INFO: [ view_end ] --END-- [ RunTime:0.000537s ]

