[ 2017-10-25T09:29:55+08:00 ] 116.247.91.242 /BVCMS/
INFO: [ app_begin ] --START--
INFO: Run ReadHtmlCache Behavior [ RunTime:0.000496s ]
INFO: [ app_begin ] --END-- [ RunTime:0.000621s ]
INFO: [ view_template ] --START--
INFO: Run LocationTemplate Behavior [ RunTime:0.005277s ]
INFO: [ view_template ] --END-- [ RunTime:0.005408s ]
INFO: [ view_parse ] --START--
INFO: Run ParseTemplate Behavior [ RunTime:0.006111s ]
INFO: [ view_parse ] --END-- [ RunTime:0.006173s ]
INFO: [ view_filter ] --START--
INFO: Run ContentReplace Behavior [ RunTime:0.023723s ]
INFO: Run TokenBuild Behavior [ RunTime:0.000418s ]
INFO: Run WriteHtmlCache Behavior [ RunTime:0.000275s ]
INFO: Run ShowRuntime Behavior [ RunTime:0.000469s ]
INFO: [ view_filter ] --END-- [ RunTime:0.025042s ]
INFO: [ view_end ] --START--
INFO: Run ShowPageTrace Behavior [ RunTime:0.000563s ]
INFO: [ view_end ] --END-- [ RunTime:0.000608s ]

[ 2017-10-25T09:30:01+08:00 ] 116.247.91.242 /BVCMS/index.php/Index/index
INFO: [ route_check ] --START--
INFO: Run CheckRoute Behavior [ RunTime:0.000752s ]
INFO: [ route_check ] --END-- [ RunTime:0.000892s ]
INFO: [ app_begin ] --START--
INFO: Run ReadHtmlCache Behavior [ RunTime:0.000546s ]
INFO: [ app_begin ] --END-- [ RunTime:0.000603s ]
SQL: SHOW COLUMNS FROM `tp_formal` [ RunTime:0.001722s ]
SQL: SELECT * FROM `tp_formal`  [ RunTime:0.006211s ]
SQL: SELECT COUNT(ID) AS tp_count FROM `tp_formal` LIMIT 1   [ RunTime:0.000793s ]
SQL: SELECT COUNT(*) AS tp_count FROM `tp_formal` WHERE ( `Status` = 'Spare' ) LIMIT 1   [ RunTime:0.001218s ]
INFO: [ view_template ] --START--
INFO: Run LocationTemplate Behavior [ RunTime:0.000729s ]
INFO: [ view_template ] --END-- [ RunTime:0.000816s ]
INFO: [ view_parse ] --START--
INFO: Run ParseTemplate Behavior [ RunTime:0.041570s ]
INFO: [ view_parse ] --END-- [ RunTime:0.041673s ]
INFO: [ view_filter ] --START--
INFO: Run ContentReplace Behavior [ RunTime:0.004957s ]
INFO: Run TokenBuild Behavior [ RunTime:0.001260s ]
INFO: Run WriteHtmlCache Behavior [ RunTime:0.000319s ]
INFO: Run ShowRuntime Behavior [ RunTime:0.001464s ]
INFO: [ view_filter ] --END-- [ RunTime:0.008178s ]
INFO: [ view_end ] --START--
INFO: Run ShowPageTrace Behavior [ RunTime:0.000583s ]
INFO: [ view_end ] --END-- [ RunTime:0.000628s ]

[ 2017-10-25T09:30:09+08:00 ] 116.247.91.242 /BVCMS/index.php/Index/search
INFO: [ route_check ] --START--
INFO: Run CheckRoute Behavior [ RunTime:0.000878s ]
INFO: [ route_check ] --END-- [ RunTime:0.001039s ]
INFO: [ app_begin ] --START--
INFO: Run ReadHtmlCache Behavior [ RunTime:0.000635s ]
INFO: [ app_begin ] --END-- [ RunTime:0.000710s ]
SQL: SHOW COLUMNS FROM `tp_formal` [ RunTime:0.001488s ]
SQL: SELECT * FROM `tp_formal` WHERE ( `PCName` LIKE '%17059%' )  [ RunTime:0.002326s ]
INFO: [ view_template ] --START--
INFO: Run LocationTemplate Behavior [ RunTime:0.000568s ]
INFO: [ view_template ] --END-- [ RunTime:0.000620s ]
INFO: [ view_parse ] --START--
NOTIC: [8] Undefined variable: data_1 /data/home/qxu2309250088/htdocs/BVCMS/Home/Runtime/Cache/7e4848229090366086cc7eeb3bfc0798.php 第 160 行.
NOTIC: [8] Undefined variable: data_2 /data/home/qxu2309250088/htdocs/BVCMS/Home/Runtime/Cache/7e4848229090366086cc7eeb3bfc0798.php 第 161 行.
NOTIC: [8] Undefined variable: data_3 /data/home/qxu2309250088/htdocs/BVCMS/Home/Runtime/Cache/7e4848229090366086cc7eeb3bfc0798.php 第 162 行.
NOTIC: [8] Undefined variable: data_4 /data/home/qxu2309250088/htdocs/BVCMS/Home/Runtime/Cache/7e4848229090366086cc7eeb3bfc0798.php 第 163 行.
NOTIC: [8] Undefined variable: data_5 /data/home/qxu2309250088/htdocs/BVCMS/Home/Runtime/Cache/7e4848229090366086cc7eeb3bfc0798.php 第 164 行.
INFO: Run ParseTemplate Behavior [ RunTime:0.019309s ]
INFO: [ view_parse ] --END-- [ RunTime:0.019358s ]
INFO: [ view_filter ] --START--
INFO: Run ContentReplace Behavior [ RunTime:0.000529s ]
INFO: Run TokenBuild Behavior [ RunTime:0.000352s ]
INFO: Run WriteHtmlCache Behavior [ RunTime:0.000258s ]
INFO: Run ShowRuntime Behavior [ RunTime:0.000420s ]
INFO: [ view_filter ] --END-- [ RunTime:0.001709s ]
INFO: [ view_end ] --START--
INFO: Run ShowPageTrace Behavior [ RunTime:0.000501s ]
INFO: [ view_end ] --END-- [ RunTime:0.000541s ]

