[ 2017-11-23T16:47:22+08:00 ] 116.247.91.242 /BVCMS/
INFO: [ app_begin ] --START--
INFO: Run ReadHtmlCache Behavior [ RunTime:0.109802s ]
INFO: [ app_begin ] --END-- [ RunTime:0.109983s ]
INFO: [ view_template ] --START--
INFO: Run LocationTemplate Behavior [ RunTime:0.105836s ]
INFO: [ view_template ] --END-- [ RunTime:0.105951s ]
INFO: [ view_parse ] --START--
INFO: Run ParseTemplate Behavior [ RunTime:0.519488s ]
INFO: [ view_parse ] --END-- [ RunTime:0.519602s ]
INFO: [ view_filter ] --START--
INFO: Run ContentReplace Behavior [ RunTime:0.054463s ]
INFO: Run TokenBuild Behavior [ RunTime:0.066914s ]
INFO: Run WriteHtmlCache Behavior [ RunTime:0.054047s ]
INFO: Run ShowRuntime Behavior [ RunTime:0.045357s ]
INFO: [ view_filter ] --END-- [ RunTime:0.221082s ]
INFO: [ view_end ] --START--
INFO: Run ShowPageTrace Behavior [ RunTime:0.063717s ]
INFO: [ view_end ] --END-- [ RunTime:0.063859s ]

[ 2017-11-23T16:48:12+08:00 ] 116.247.91.242 /BVCMS/index.php/Index/index
INFO: [ route_check ] --START--
INFO: Run CheckRoute Behavior [ RunTime:0.022918s ]
INFO: [ route_check ] --END-- [ RunTime:0.023062s ]
INFO: [ app_begin ] --START--
INFO: Run ReadHtmlCache Behavior [ RunTime:0.000512s ]
INFO: [ app_begin ] --END-- [ RunTime:0.000581s ]
SQL: SHOW COLUMNS FROM `tp_formal` [ RunTime:0.001875s ]
SQL: SELECT * FROM `tp_formal`  [ RunTime:0.008353s ]
SQL: SELECT COUNT(ID) AS tp_count FROM `tp_formal` LIMIT 1   [ RunTime:0.000781s ]
SQL: SELECT COUNT(*) AS tp_count FROM `tp_formal` WHERE ( `Status` = 'Spare' ) LIMIT 1   [ RunTime:0.001279s ]
INFO: [ view_template ] --START--
INFO: Run LocationTemplate Behavior [ RunTime:0.000505s ]
INFO: [ view_template ] --END-- [ RunTime:0.000555s ]
INFO: [ view_parse ] --START--
INFO: Run ParseTemplate Behavior [ RunTime:42.753315s ]
INFO: [ view_parse ] --END-- [ RunTime:42.753442s ]
INFO: [ view_filter ] --START--
INFO: Run ContentReplace Behavior [ RunTime:0.008422s ]
INFO: Run TokenBuild Behavior [ RunTime:0.001393s ]
INFO: Run WriteHtmlCache Behavior [ RunTime:0.000269s ]
INFO: Run ShowRuntime Behavior [ RunTime:0.001579s ]
INFO: [ view_filter ] --END-- [ RunTime:0.011861s ]
INFO: [ view_end ] --START--
INFO: Run ShowPageTrace Behavior [ RunTime:0.000562s ]
INFO: [ view_end ] --END-- [ RunTime:0.000605s ]

[ 2017-11-23T17:03:35+08:00 ] 116.247.91.242 /BVCMS/index.php/Index/search
INFO: [ route_check ] --START--
INFO: Run CheckRoute Behavior [ RunTime:0.014860s ]
INFO: [ route_check ] --END-- [ RunTime:0.015003s ]
INFO: [ app_begin ] --START--
INFO: Run ReadHtmlCache Behavior [ RunTime:0.015416s ]
INFO: [ app_begin ] --END-- [ RunTime:0.015482s ]
SQL: SHOW COLUMNS FROM `tp_formal` [ RunTime:0.001684s ]
SQL: SELECT * FROM `tp_formal` WHERE ( `PCName` LIKE '%14051%' )  [ RunTime:0.002974s ]
INFO: [ view_template ] --START--
INFO: Run LocationTemplate Behavior [ RunTime:0.005053s ]
INFO: [ view_template ] --END-- [ RunTime:0.005126s ]
INFO: [ view_parse ] --START--
NOTIC: [8] Undefined variable: data_1 /data/home/qxu2309250088/htdocs/BVCMS/Home/Runtime/Cache/7e4848229090366086cc7eeb3bfc0798.php 第 160 行.
NOTIC: [8] Undefined variable: data_2 /data/home/qxu2309250088/htdocs/BVCMS/Home/Runtime/Cache/7e4848229090366086cc7eeb3bfc0798.php 第 161 行.
NOTIC: [8] Undefined variable: data_3 /data/home/qxu2309250088/htdocs/BVCMS/Home/Runtime/Cache/7e4848229090366086cc7eeb3bfc0798.php 第 162 行.
NOTIC: [8] Undefined variable: data_4 /data/home/qxu2309250088/htdocs/BVCMS/Home/Runtime/Cache/7e4848229090366086cc7eeb3bfc0798.php 第 163 行.
NOTIC: [8] Undefined variable: data_5 /data/home/qxu2309250088/htdocs/BVCMS/Home/Runtime/Cache/7e4848229090366086cc7eeb3bfc0798.php 第 164 行.
INFO: Run ParseTemplate Behavior [ RunTime:0.085416s ]
INFO: [ view_parse ] --END-- [ RunTime:0.085478s ]
INFO: [ view_filter ] --START--
INFO: Run ContentReplace Behavior [ RunTime:0.039288s ]
INFO: Run TokenBuild Behavior [ RunTime:0.003718s ]
INFO: Run WriteHtmlCache Behavior [ RunTime:0.001642s ]
INFO: Run ShowRuntime Behavior [ RunTime:0.001957s ]
INFO: [ view_filter ] --END-- [ RunTime:0.046766s ]
INFO: [ view_end ] --START--
INFO: Run ShowPageTrace Behavior [ RunTime:0.001901s ]
INFO: [ view_end ] --END-- [ RunTime:0.001943s ]

