[ 2017-11-20T09:53:34+08:00 ] 124.74.147.6 /CFC/index.php/Home/Login/login.html
INFO: [ app_init ] --START--
INFO: Run Behavior\BuildLiteBehavior [ RunTime:0.000014s ]
INFO: [ app_init ] --END-- [ RunTime:0.000426s ]
INFO: [ app_begin ] --START--
INFO: Run Behavior\ReadHtmlCacheBehavior [ RunTime:0.000539s ]
INFO: [ app_begin ] --END-- [ RunTime:0.000588s ]
INFO: [ view_parse ] --START--
INFO: [ template_filter ] --START--
INFO: Run Behavior\ContentReplaceBehavior [ RunTime:0.000038s ]
INFO: [ template_filter ] --END-- [ RunTime:0.000102s ]
INFO: Run Behavior\ParseTemplateBehavior [ RunTime:0.008024s ]
INFO: [ view_parse ] --END-- [ RunTime:0.008076s ]
INFO: [ view_filter ] --START--
INFO: Run Behavior\WriteHtmlCacheBehavior [ RunTime:0.000243s ]
INFO: [ view_filter ] --END-- [ RunTime:0.000284s ]
INFO: [ app_end ] --START--
INFO: Run Behavior\ShowPageTraceBehavior [ RunTime:0.000543s ]
INFO: [ app_end ] --END-- [ RunTime:0.000598s ]

[ 2017-11-20T09:53:36+08:00 ] 124.74.147.6 /CFC/index.php/Home/Login/check_login
INFO: [ app_init ] --START--
INFO: Run Behavior\BuildLiteBehavior [ RunTime:0.000014s ]
INFO: [ app_init ] --END-- [ RunTime:0.000399s ]
INFO: [ app_begin ] --START--
INFO: Run Behavior\ReadHtmlCacheBehavior [ RunTime:0.000532s ]
INFO: [ app_begin ] --END-- [ RunTime:0.000583s ]
SQL: SHOW COLUMNS FROM `cfc_admin` [ RunTime:0.001230s ]
SQL: SELECT * FROM `cfc_admin` WHERE ( `username` = 'echosha' ) AND ( `password` = '2601' ) LIMIT 1   [ RunTime:0.000870s ]
INFO: [ view_parse ] --START--
INFO: [ template_filter ] --START--
INFO: Run Behavior\ContentReplaceBehavior [ RunTime:0.000032s ]
INFO: [ template_filter ] --END-- [ RunTime:0.000086s ]
INFO: Run Behavior\ParseTemplateBehavior [ RunTime:0.006326s ]
INFO: [ view_parse ] --END-- [ RunTime:0.006403s ]
INFO: [ view_filter ] --START--
INFO: Run Behavior\WriteHtmlCacheBehavior [ RunTime:0.000246s ]
INFO: [ view_filter ] --END-- [ RunTime:0.000282s ]
INFO: [ app_end ] --START--
INFO: Run Behavior\ShowPageTraceBehavior [ RunTime:0.000572s ]
INFO: [ app_end ] --END-- [ RunTime:0.000623s ]

[ 2017-11-20T09:53:37+08:00 ] 124.74.147.6 /CFC/index.php/Home/Index/index.html
INFO: [ app_init ] --START--
INFO: Run Behavior\BuildLiteBehavior [ RunTime:0.000018s ]
INFO: [ app_init ] --END-- [ RunTime:0.000487s ]
INFO: [ app_begin ] --START--
INFO: Run Behavior\ReadHtmlCacheBehavior [ RunTime:0.000599s ]
INFO: [ app_begin ] --END-- [ RunTime:0.000654s ]
SQL: SHOW COLUMNS FROM `cfc_data` [ RunTime:0.001667s ]
SQL: SELECT * FROM `cfc_data` WHERE ( `action` = 'echosha' )  [ RunTime:0.001103s ]
INFO: [ view_parse ] --START--
INFO: [ template_filter ] --START--
INFO: Run Behavior\ContentReplaceBehavior [ RunTime:0.000079s ]
INFO: [ template_filter ] --END-- [ RunTime:0.000149s ]
NOTIC: [8] Use of undefined constant Processing - assumed 'Processing' /data/home/qxu2309250088/htdocs/CFC/Application/Runtime/Cache/Home/2a94b8bda04ff446dcedd42276fc99ee.php Á¨¨ 173 Ë°å.
NOTIC: [8] Use of undefined constant Processing - assumed 'Processing' /data/home/qxu2309250088/htdocs/CFC/Application/Runtime/Cache/Home/2a94b8bda04ff446dcedd42276fc99ee.php Á¨¨ 173 Ë°å.
NOTIC: [8] Use of undefined constant Processing - assumed 'Processing' /data/home/qxu2309250088/htdocs/CFC/Application/Runtime/Cache/Home/2a94b8bda04ff446dcedd42276fc99ee.php Á¨¨ 173 Ë°å.
NOTIC: [8] Use of undefined constant Processing - assumed 'Processing' /data/home/qxu2309250088/htdocs/CFC/Application/Runtime/Cache/Home/2a94b8bda04ff446dcedd42276fc99ee.php Á¨¨ 173 Ë°å.
INFO: Run Behavior\ParseTemplateBehavior [ RunTime:0.014018s ]
INFO: [ view_parse ] --END-- [ RunTime:0.014113s ]
INFO: [ view_filter ] --START--
INFO: Run Behavior\WriteHtmlCacheBehavior [ RunTime:0.000497s ]
INFO: [ view_filter ] --END-- [ RunTime:0.000544s ]
INFO: [ app_end ] --START--
INFO: Run Behavior\ShowPageTraceBehavior [ RunTime:0.000661s ]
INFO: [ app_end ] --END-- [ RunTime:0.000715s ]

[ 2017-11-20T09:54:00+08:00 ] 124.74.147.6 /CFC/index.php/Home/Index/modify/id/48
INFO: [ app_init ] --START--
INFO: Run Behavior\BuildLiteBehavior [ RunTime:0.000016s ]
INFO: [ app_init ] --END-- [ RunTime:0.000431s ]
INFO: [ app_begin ] --START--
INFO: Run Behavior\ReadHtmlCacheBehavior [ RunTime:0.000782s ]
INFO: [ app_begin ] --END-- [ RunTime:0.000872s ]
SQL: SHOW COLUMNS FROM `cfc_data` [ RunTime:0.001346s ]
SQL: SELECT * FROM `cfc_data` WHERE ( `id` = 48 ) LIMIT 1   [ RunTime:0.000793s ]
INFO: [ view_parse ] --START--
INFO: [ template_filter ] --START--
INFO: Run Behavior\ContentReplaceBehavior [ RunTime:0.000118s ]
INFO: [ template_filter ] --END-- [ RunTime:0.000185s ]
INFO: Run Behavior\ParseTemplateBehavior [ RunTime:0.013601s ]
INFO: [ view_parse ] --END-- [ RunTime:0.013657s ]
INFO: [ view_filter ] --START--
INFO: Run Behavior\WriteHtmlCacheBehavior [ RunTime:0.000274s ]
INFO: [ view_filter ] --END-- [ RunTime:0.000312s ]
INFO: [ app_end ] --START--
INFO: Run Behavior\ShowPageTraceBehavior [ RunTime:0.000935s ]
INFO: [ app_end ] --END-- [ RunTime:0.001016s ]

[ 2017-11-20T09:55:10+08:00 ] 124.74.147.6 /CFC/index.php/Home/Login/login.html
INFO: [ app_init ] --START--
INFO: Run Behavior\BuildLiteBehavior [ RunTime:0.000013s ]
INFO: [ app_init ] --END-- [ RunTime:0.000420s ]
INFO: [ app_begin ] --START--
INFO: Run Behavior\ReadHtmlCacheBehavior [ RunTime:0.000586s ]
INFO: [ app_begin ] --END-- [ RunTime:0.000641s ]
INFO: [ view_parse ] --START--
INFO: [ template_filter ] --START--
INFO: Run Behavior\ContentReplaceBehavior [ RunTime:0.000033s ]
INFO: [ template_filter ] --END-- [ RunTime:0.000082s ]
INFO: Run Behavior\ParseTemplateBehavior [ RunTime:0.006215s ]
INFO: [ view_parse ] --END-- [ RunTime:0.006266s ]
INFO: [ view_filter ] --START--
INFO: Run Behavior\WriteHtmlCacheBehavior [ RunTime:0.000274s ]
INFO: [ view_filter ] --END-- [ RunTime:0.000317s ]
INFO: [ app_end ] --START--
INFO: Run Behavior\ShowPageTraceBehavior [ RunTime:0.000552s ]
INFO: [ app_end ] --END-- [ RunTime:0.000598s ]

[ 2017-11-20T09:55:11+08:00 ] 124.74.147.6 /CFC/index.php/Home/Login/check_login
INFO: [ app_init ] --START--
INFO: Run Behavior\BuildLiteBehavior [ RunTime:0.000016s ]
INFO: [ app_init ] --END-- [ RunTime:0.000485s ]
INFO: [ app_begin ] --START--
INFO: Run Behavior\ReadHtmlCacheBehavior [ RunTime:0.000668s ]
INFO: [ app_begin ] --END-- [ RunTime:0.000734s ]
SQL: SHOW COLUMNS FROM `cfc_admin` [ RunTime:0.001084s ]
SQL: SELECT * FROM `cfc_admin` WHERE ( `username` = 'echosha' ) AND ( `password` = '2601' ) LIMIT 1   [ RunTime:0.000517s ]
INFO: [ view_parse ] --START--
INFO: [ template_filter ] --START--
INFO: Run Behavior\ContentReplaceBehavior [ RunTime:0.000033s ]
INFO: [ template_filter ] --END-- [ RunTime:0.000093s ]
INFO: Run Behavior\ParseTemplateBehavior [ RunTime:0.006410s ]
INFO: [ view_parse ] --END-- [ RunTime:0.006481s ]
INFO: [ view_filter ] --START--
INFO: Run Behavior\WriteHtmlCacheBehavior [ RunTime:0.000269s ]
INFO: [ view_filter ] --END-- [ RunTime:0.000307s ]
INFO: [ app_end ] --START--
INFO: Run Behavior\ShowPageTraceBehavior [ RunTime:0.000585s ]
INFO: [ app_end ] --END-- [ RunTime:0.000634s ]

[ 2017-11-20T09:55:13+08:00 ] 124.74.147.6 /CFC/index.php/Home/Index/index.html
INFO: [ app_init ] --START--
INFO: Run Behavior\BuildLiteBehavior [ RunTime:0.000014s ]
INFO: [ app_init ] --END-- [ RunTime:0.000454s ]
INFO: [ app_begin ] --START--
INFO: Run Behavior\ReadHtmlCacheBehavior [ RunTime:0.000545s ]
INFO: [ app_begin ] --END-- [ RunTime:0.000595s ]
SQL: SHOW COLUMNS FROM `cfc_data` [ RunTime:0.001446s ]
SQL: SELECT * FROM `cfc_data` WHERE ( `action` = 'echosha' )  [ RunTime:0.000656s ]
INFO: [ view_parse ] --START--
INFO: [ template_filter ] --START--
INFO: Run Behavior\ContentReplaceBehavior [ RunTime:0.000071s ]
INFO: [ template_filter ] --END-- [ RunTime:0.000117s ]
NOTIC: [8] Use of undefined constant Processing - assumed 'Processing' /data/home/qxu2309250088/htdocs/CFC/Application/Runtime/Cache/Home/2a94b8bda04ff446dcedd42276fc99ee.php Á¨¨ 173 Ë°å.
NOTIC: [8] Use of undefined constant Processing - assumed 'Processing' /data/home/qxu2309250088/htdocs/CFC/Application/Runtime/Cache/Home/2a94b8bda04ff446dcedd42276fc99ee.php Á¨¨ 173 Ë°å.
NOTIC: [8] Use of undefined constant Processing - assumed 'Processing' /data/home/qxu2309250088/htdocs/CFC/Application/Runtime/Cache/Home/2a94b8bda04ff446dcedd42276fc99ee.php Á¨¨ 173 Ë°å.
NOTIC: [8] Use of undefined constant Processing - assumed 'Processing' /data/home/qxu2309250088/htdocs/CFC/Application/Runtime/Cache/Home/2a94b8bda04ff446dcedd42276fc99ee.php Á¨¨ 173 Ë°å.
INFO: Run Behavior\ParseTemplateBehavior [ RunTime:0.010959s ]
INFO: [ view_parse ] --END-- [ RunTime:0.011006s ]
INFO: [ view_filter ] --START--
INFO: Run Behavior\WriteHtmlCacheBehavior [ RunTime:0.000287s ]
INFO: [ view_filter ] --END-- [ RunTime:0.000325s ]
INFO: [ app_end ] --START--
INFO: Run Behavior\ShowPageTraceBehavior [ RunTime:0.000594s ]
INFO: [ app_end ] --END-- [ RunTime:0.000647s ]

[ 2017-11-20T09:55:14+08:00 ] 124.74.147.6 /CFC/index.php/Home/Index/AddNewOrder
INFO: [ app_init ] --START--
INFO: Run Behavior\BuildLiteBehavior [ RunTime:0.000015s ]
INFO: [ app_init ] --END-- [ RunTime:0.000476s ]
INFO: [ app_begin ] --START--
INFO: Run Behavior\ReadHtmlCacheBehavior [ RunTime:0.000557s ]
INFO: [ app_begin ] --END-- [ RunTime:0.000617s ]
INFO: [ view_parse ] --START--
INFO: [ template_filter ] --START--
INFO: Run Behavior\ContentReplaceBehavior [ RunTime:0.000092s ]
INFO: [ template_filter ] --END-- [ RunTime:0.000143s ]
INFO: Run Behavior\ParseTemplateBehavior [ RunTime:0.010039s ]
INFO: [ view_parse ] --END-- [ RunTime:0.010097s ]
INFO: [ view_filter ] --START--
INFO: Run Behavior\WriteHtmlCacheBehavior [ RunTime:0.000241s ]
INFO: [ view_filter ] --END-- [ RunTime:0.000277s ]
INFO: [ app_end ] --START--
INFO: Run Behavior\ShowPageTraceBehavior [ RunTime:0.000554s ]
INFO: [ app_end ] --END-- [ RunTime:0.000603s ]

[ 2017-11-20T09:58:15+08:00 ] 124.74.147.6 /CFC/index.php/Home/Index/AddCustomerInfor
INFO: [ app_init ] --START--
INFO: Run Behavior\BuildLiteBehavior [ RunTime:0.000014s ]
INFO: [ app_init ] --END-- [ RunTime:0.000411s ]
INFO: [ app_begin ] --START--
INFO: Run Behavior\ReadHtmlCacheBehavior [ RunTime:0.000499s ]
INFO: [ app_begin ] --END-- [ RunTime:0.000553s ]
SQL: SHOW COLUMNS FROM `cfc_data` [ RunTime:0.001471s ]
SQL: INSERT INTO `cfc_data` (`case_number`,`generality`,`customer`,`BU`,`recipients`,`OfferPrice`,`mobile`,`NetPrice`,`address`,`Sales`,`PE`,`remark1`,`action`,`status`,`time`,`addCustomerTime`) VALUES ('170401142','RS','Ë∞¢Âæ∑Â∞îÁ≤æÂØÜÈÉ®‰ª∂ÊπñÂ∑ûÊúâÈôêÂÖ¨Âè\∏ ','528115','Á´†Èáë‰∏\Ω ','2067','0572-2770021 ','1950.00','ÊµôÊ±üÁúÅÊπñÂ∑ûÂ∏ÇÂê¥ÂÖ¥Âå∫ÊóÑÂÑøÊ∏ØË∑\Ø2628Âè\∑ ','Xiaoyue ZHUO','ËØ∑ÈÄâÊã©PE','','echosha','Processing',1511143095,1511143095) [ RunTime:0.008945s ]
INFO: [ view_parse ] --START--
INFO: [ template_filter ] --START--
INFO: Run Behavior\ContentReplaceBehavior [ RunTime:0.000033s ]
INFO: [ template_filter ] --END-- [ RunTime:0.000084s ]
INFO: Run Behavior\ParseTemplateBehavior [ RunTime:0.006275s ]
INFO: [ view_parse ] --END-- [ RunTime:0.006330s ]
INFO: [ view_filter ] --START--
INFO: Run Behavior\WriteHtmlCacheBehavior [ RunTime:0.000248s ]
INFO: [ view_filter ] --END-- [ RunTime:0.000286s ]

[ 2017-11-20T09:58:16+08:00 ] 124.74.147.6 /CFC/index.php/Home/Index/index.html
INFO: [ app_init ] --START--
INFO: Run Behavior\BuildLiteBehavior [ RunTime:0.000015s ]
INFO: [ app_init ] --END-- [ RunTime:0.000437s ]
INFO: [ app_begin ] --START--
INFO: Run Behavior\ReadHtmlCacheBehavior [ RunTime:0.000538s ]
INFO: [ app_begin ] --END-- [ RunTime:0.000593s ]
SQL: SHOW COLUMNS FROM `cfc_data` [ RunTime:0.001445s ]
SQL: SELECT * FROM `cfc_data` WHERE ( `action` = 'echosha' )  [ RunTime:0.001536s ]
INFO: [ view_parse ] --START--
INFO: [ template_filter ] --START--
INFO: Run Behavior\ContentReplaceBehavior [ RunTime:0.000067s ]
INFO: [ template_filter ] --END-- [ RunTime:0.000131s ]
NOTIC: [8] Use of undefined constant Processing - assumed 'Processing' /data/home/qxu2309250088/htdocs/CFC/Application/Runtime/Cache/Home/2a94b8bda04ff446dcedd42276fc99ee.php Á¨¨ 173 Ë°å.
NOTIC: [8] Use of undefined constant Processing - assumed 'Processing' /data/home/qxu2309250088/htdocs/CFC/Application/Runtime/Cache/Home/2a94b8bda04ff446dcedd42276fc99ee.php Á¨¨ 173 Ë°å.
NOTIC: [8] Use of undefined constant Processing - assumed 'Processing' /data/home/qxu2309250088/htdocs/CFC/Application/Runtime/Cache/Home/2a94b8bda04ff446dcedd42276fc99ee.php Á¨¨ 173 Ë°å.
NOTIC: [8] Use of undefined constant Processing - assumed 'Processing' /data/home/qxu2309250088/htdocs/CFC/Application/Runtime/Cache/Home/2a94b8bda04ff446dcedd42276fc99ee.php Á¨¨ 173 Ë°å.
NOTIC: [8] Use of undefined constant Processing - assumed 'Processing' /data/home/qxu2309250088/htdocs/CFC/Application/Runtime/Cache/Home/2a94b8bda04ff446dcedd42276fc99ee.php Á¨¨ 173 Ë°å.
INFO: Run Behavior\ParseTemplateBehavior [ RunTime:0.012215s ]
INFO: [ view_parse ] --END-- [ RunTime:0.012263s ]
INFO: [ view_filter ] --START--
INFO: Run Behavior\WriteHtmlCacheBehavior [ RunTime:0.000252s ]
INFO: [ view_filter ] --END-- [ RunTime:0.000289s ]
INFO: [ app_end ] --START--
INFO: Run Behavior\ShowPageTraceBehavior [ RunTime:0.000555s ]
INFO: [ app_end ] --END-- [ RunTime:0.000608s ]

[ 2017-11-20T09:58:24+08:00 ] 124.74.147.6 /CFC/index.php/Home/Index/modify/id/50
INFO: [ app_init ] --START--
INFO: Run Behavior\BuildLiteBehavior [ RunTime:0.000013s ]
INFO: [ app_init ] --END-- [ RunTime:0.000396s ]
INFO: [ app_begin ] --START--
INFO: Run Behavior\ReadHtmlCacheBehavior [ RunTime:0.000584s ]
INFO: [ app_begin ] --END-- [ RunTime:0.000650s ]
SQL: SHOW COLUMNS FROM `cfc_data` [ RunTime:0.001478s ]
SQL: SELECT * FROM `cfc_data` WHERE ( `id` = 50 ) LIMIT 1   [ RunTime:0.000836s ]
INFO: [ view_parse ] --START--
INFO: [ template_filter ] --START--
INFO: Run Behavior\ContentReplaceBehavior [ RunTime:0.000113s ]
INFO: [ template_filter ] --END-- [ RunTime:0.000162s ]
INFO: Run Behavior\ParseTemplateBehavior [ RunTime:0.011873s ]
INFO: [ view_parse ] --END-- [ RunTime:0.011922s ]
INFO: [ view_filter ] --START--
INFO: Run Behavior\WriteHtmlCacheBehavior [ RunTime:0.000239s ]
INFO: [ view_filter ] --END-- [ RunTime:0.000277s ]
INFO: [ app_end ] --START--
INFO: Run Behavior\ShowPageTraceBehavior [ RunTime:0.000588s ]
INFO: [ app_end ] --END-- [ RunTime:0.000636s ]

[ 2017-11-20T10:08:13+08:00 ] 124.74.147.6 /CFC/index.php/Home/Login/login.html
INFO: [ app_init ] --START--
INFO: Run Behavior\BuildLiteBehavior [ RunTime:0.000015s ]
INFO: [ app_init ] --END-- [ RunTime:0.000444s ]
INFO: [ app_begin ] --START--
INFO: Run Behavior\ReadHtmlCacheBehavior [ RunTime:0.000529s ]
INFO: [ app_begin ] --END-- [ RunTime:0.000602s ]
INFO: [ view_parse ] --START--
INFO: [ template_filter ] --START--
INFO: Run Behavior\ContentReplaceBehavior [ RunTime:0.000034s ]
INFO: [ template_filter ] --END-- [ RunTime:0.000084s ]
INFO: Run Behavior\ParseTemplateBehavior [ RunTime:0.005938s ]
INFO: [ view_parse ] --END-- [ RunTime:0.005987s ]
INFO: [ view_filter ] --START--
INFO: Run Behavior\WriteHtmlCacheBehavior [ RunTime:0.000245s ]
INFO: [ view_filter ] --END-- [ RunTime:0.000286s ]
INFO: [ app_end ] --START--
INFO: Run Behavior\ShowPageTraceBehavior [ RunTime:0.000541s ]
INFO: [ app_end ] --END-- [ RunTime:0.000596s ]

[ 2017-11-20T10:08:17+08:00 ] 124.74.147.6 /CFC/index.php/Home/Login/check_login
INFO: [ app_init ] --START--
INFO: Run Behavior\BuildLiteBehavior [ RunTime:0.000014s ]
INFO: [ app_init ] --END-- [ RunTime:0.000431s ]
INFO: [ app_begin ] --START--
INFO: Run Behavior\ReadHtmlCacheBehavior [ RunTime:0.000514s ]
INFO: [ app_begin ] --END-- [ RunTime:0.000563s ]
SQL: SHOW COLUMNS FROM `cfc_admin` [ RunTime:0.001262s ]
SQL: SELECT * FROM `cfc_admin` WHERE ( `username` = 'leizhelu' ) AND ( `password` = '2630' ) LIMIT 1   [ RunTime:0.000830s ]
INFO: [ view_parse ] --START--
INFO: [ template_filter ] --START--
INFO: Run Behavior\ContentReplaceBehavior [ RunTime:0.000032s ]
INFO: [ template_filter ] --END-- [ RunTime:0.000087s ]
INFO: Run Behavior\ParseTemplateBehavior [ RunTime:0.006168s ]
INFO: [ view_parse ] --END-- [ RunTime:0.006222s ]
INFO: [ view_filter ] --START--
INFO: Run Behavior\WriteHtmlCacheBehavior [ RunTime:0.000249s ]
INFO: [ view_filter ] --END-- [ RunTime:0.000287s ]
INFO: [ app_end ] --START--
INFO: Run Behavior\ShowPageTraceBehavior [ RunTime:0.000583s ]
INFO: [ app_end ] --END-- [ RunTime:0.000632s ]

[ 2017-11-20T10:08:18+08:00 ] 124.74.147.6 /CFC/index.php/Home/Index/index.html
INFO: [ app_init ] --START--
INFO: Run Behavior\BuildLiteBehavior [ RunTime:0.000014s ]
INFO: [ app_init ] --END-- [ RunTime:0.000415s ]
INFO: [ app_begin ] --START--
INFO: Run Behavior\ReadHtmlCacheBehavior [ RunTime:0.000547s ]
INFO: [ app_begin ] --END-- [ RunTime:0.000597s ]
SQL: SHOW COLUMNS FROM `cfc_data` [ RunTime:0.001572s ]
SQL: SELECT * FROM `cfc_data` WHERE ( `action` = 'leizhelu' )  [ RunTime:0.001000s ]
INFO: [ view_parse ] --START--
INFO: [ template_filter ] --START--
INFO: Run Behavior\ContentReplaceBehavior [ RunTime:0.000077s ]
INFO: [ template_filter ] --END-- [ RunTime:0.000126s ]
NOTIC: [8] Use of undefined constant Processing - assumed 'Processing' /data/home/qxu2309250088/htdocs/CFC/Application/Runtime/Cache/Home/2a94b8bda04ff446dcedd42276fc99ee.php Á¨¨ 173 Ë°å.
NOTIC: [8] Use of undefined constant Processing - assumed 'Processing' /data/home/qxu2309250088/htdocs/CFC/Application/Runtime/Cache/Home/2a94b8bda04ff446dcedd42276fc99ee.php Á¨¨ 173 Ë°å.
INFO: Run Behavior\ParseTemplateBehavior [ RunTime:0.010594s ]
INFO: [ view_parse ] --END-- [ RunTime:0.010641s ]
INFO: [ view_filter ] --START--
INFO: Run Behavior\WriteHtmlCacheBehavior [ RunTime:0.000280s ]
INFO: [ view_filter ] --END-- [ RunTime:0.000319s ]
INFO: [ app_end ] --START--
INFO: Run Behavior\ShowPageTraceBehavior [ RunTime:0.000569s ]
INFO: [ app_end ] --END-- [ RunTime:0.000620s ]

[ 2017-11-20T10:08:45+08:00 ] 124.74.147.6 /CFC/index.php/Home/Index/modify/id/45
INFO: [ app_init ] --START--
INFO: Run Behavior\BuildLiteBehavior [ RunTime:0.000014s ]
INFO: [ app_init ] --END-- [ RunTime:0.000399s ]
INFO: [ app_begin ] --START--
INFO: Run Behavior\ReadHtmlCacheBehavior [ RunTime:0.000528s ]
INFO: [ app_begin ] --END-- [ RunTime:0.000578s ]
SQL: SHOW COLUMNS FROM `cfc_data` [ RunTime:0.001446s ]
SQL: SELECT * FROM `cfc_data` WHERE ( `id` = 45 ) LIMIT 1   [ RunTime:0.000870s ]
INFO: [ view_parse ] --START--
INFO: [ template_filter ] --START--
INFO: Run Behavior\ContentReplaceBehavior [ RunTime:0.000138s ]
INFO: [ template_filter ] --END-- [ RunTime:0.000195s ]
INFO: Run Behavior\ParseTemplateBehavior [ RunTime:0.015362s ]
INFO: [ view_parse ] --END-- [ RunTime:0.015423s ]
INFO: [ view_filter ] --START--
INFO: Run Behavior\WriteHtmlCacheBehavior [ RunTime:0.000247s ]
INFO: [ view_filter ] --END-- [ RunTime:0.000287s ]
INFO: [ app_end ] --START--
INFO: Run Behavior\ShowPageTraceBehavior [ RunTime:0.000840s ]
INFO: [ app_end ] --END-- [ RunTime:0.000920s ]

[ 2017-11-20T10:09:44+08:00 ] 124.74.147.6 /CFC/index.php/Home/Index/modify/id/43
INFO: [ app_init ] --START--
INFO: Run Behavior\BuildLiteBehavior [ RunTime:0.000015s ]
INFO: [ app_init ] --END-- [ RunTime:0.000439s ]
INFO: [ app_begin ] --START--
INFO: Run Behavior\ReadHtmlCacheBehavior [ RunTime:0.000530s ]
INFO: [ app_begin ] --END-- [ RunTime:0.000581s ]
SQL: SHOW COLUMNS FROM `cfc_data` [ RunTime:0.001360s ]
SQL: SELECT * FROM `cfc_data` WHERE ( `id` = 43 ) LIMIT 1   [ RunTime:0.000857s ]
INFO: [ view_parse ] --START--
INFO: [ template_filter ] --START--
INFO: Run Behavior\ContentReplaceBehavior [ RunTime:0.000128s ]
INFO: [ template_filter ] --END-- [ RunTime:0.000216s ]
INFO: Run Behavior\ParseTemplateBehavior [ RunTime:0.012894s ]
INFO: [ view_parse ] --END-- [ RunTime:0.012987s ]
INFO: [ view_filter ] --START--
INFO: Run Behavior\WriteHtmlCacheBehavior [ RunTime:0.000289s ]
INFO: [ view_filter ] --END-- [ RunTime:0.000333s ]
INFO: [ app_end ] --START--
INFO: Run Behavior\ShowPageTraceBehavior [ RunTime:0.000743s ]
INFO: [ app_end ] --END-- [ RunTime:0.000830s ]

[ 2017-11-20T11:08:34+08:00 ] 124.74.147.6 /CFC/index.php/Home/Login/login.html
INFO: [ app_init ] --START--
INFO: Run Behavior\BuildLiteBehavior [ RunTime:0.000017s ]
INFO: [ app_init ] --END-- [ RunTime:0.000546s ]
INFO: [ app_begin ] --START--
INFO: Run Behavior\ReadHtmlCacheBehavior [ RunTime:0.000747s ]
INFO: [ app_begin ] --END-- [ RunTime:0.000813s ]
INFO: [ view_parse ] --START--
INFO: [ template_filter ] --START--
INFO: Run Behavior\ContentReplaceBehavior [ RunTime:0.000037s ]
INFO: [ template_filter ] --END-- [ RunTime:0.000089s ]
INFO: Run Behavior\ParseTemplateBehavior [ RunTime:0.006250s ]
INFO: [ view_parse ] --END-- [ RunTime:0.006310s ]
INFO: [ view_filter ] --START--
INFO: Run Behavior\WriteHtmlCacheBehavior [ RunTime:0.000239s ]
INFO: [ view_filter ] --END-- [ RunTime:0.000281s ]
INFO: [ app_end ] --START--
INFO: Run Behavior\ShowPageTraceBehavior [ RunTime:0.000562s ]
INFO: [ app_end ] --END-- [ RunTime:0.000616s ]

[ 2017-11-20T11:08:43+08:00 ] 124.74.147.6 /CFC/index.php/Home/Login/check_login
INFO: [ app_init ] --START--
INFO: Run Behavior\BuildLiteBehavior [ RunTime:0.000014s ]
INFO: [ app_init ] --END-- [ RunTime:0.000409s ]
INFO: [ app_begin ] --START--
INFO: Run Behavior\ReadHtmlCacheBehavior [ RunTime:0.000505s ]
INFO: [ app_begin ] --END-- [ RunTime:0.000582s ]
SQL: SHOW COLUMNS FROM `cfc_admin` [ RunTime:0.001240s ]
SQL: SELECT * FROM `cfc_admin` WHERE ( `username` = 'echosha' ) AND ( `password` = '2601' ) LIMIT 1   [ RunTime:0.000875s ]
INFO: [ view_parse ] --START--
INFO: [ template_filter ] --START--
INFO: Run Behavior\ContentReplaceBehavior [ RunTime:0.000032s ]
INFO: [ template_filter ] --END-- [ RunTime:0.000085s ]
INFO: Run Behavior\ParseTemplateBehavior [ RunTime:0.006138s ]
INFO: [ view_parse ] --END-- [ RunTime:0.006203s ]
INFO: [ view_filter ] --START--
INFO: Run Behavior\WriteHtmlCacheBehavior [ RunTime:0.000246s ]
INFO: [ view_filter ] --END-- [ RunTime:0.000284s ]
INFO: [ app_end ] --START--
INFO: Run Behavior\ShowPageTraceBehavior [ RunTime:0.000551s ]
INFO: [ app_end ] --END-- [ RunTime:0.000602s ]

[ 2017-11-20T11:08:44+08:00 ] 124.74.147.6 /CFC/index.php/Home/Index/index.html
INFO: [ app_init ] --START--
INFO: Run Behavior\BuildLiteBehavior [ RunTime:0.000019s ]
INFO: [ app_init ] --END-- [ RunTime:0.000533s ]
INFO: [ app_begin ] --START--
INFO: Run Behavior\ReadHtmlCacheBehavior [ RunTime:0.000554s ]
INFO: [ app_begin ] --END-- [ RunTime:0.000603s ]
SQL: SHOW COLUMNS FROM `cfc_data` [ RunTime:0.001581s ]
SQL: SELECT * FROM `cfc_data` WHERE ( `action` = 'echosha' )  [ RunTime:0.001568s ]
INFO: [ view_parse ] --START--
INFO: [ template_filter ] --START--
INFO: Run Behavior\ContentReplaceBehavior [ RunTime:0.000062s ]
INFO: [ template_filter ] --END-- [ RunTime:0.000126s ]
NOTIC: [8] Use of undefined constant Processing - assumed 'Processing' /data/home/qxu2309250088/htdocs/CFC/Application/Runtime/Cache/Home/2a94b8bda04ff446dcedd42276fc99ee.php Á¨¨ 173 Ë°å.
NOTIC: [8] Use of undefined constant Processing - assumed 'Processing' /data/home/qxu2309250088/htdocs/CFC/Application/Runtime/Cache/Home/2a94b8bda04ff446dcedd42276fc99ee.php Á¨¨ 173 Ë°å.
NOTIC: [8] Use of undefined constant Processing - assumed 'Processing' /data/home/qxu2309250088/htdocs/CFC/Application/Runtime/Cache/Home/2a94b8bda04ff446dcedd42276fc99ee.php Á¨¨ 173 Ë°å.
NOTIC: [8] Use of undefined constant Processing - assumed 'Processing' /data/home/qxu2309250088/htdocs/CFC/Application/Runtime/Cache/Home/2a94b8bda04ff446dcedd42276fc99ee.php Á¨¨ 173 Ë°å.
NOTIC: [8] Use of undefined constant Processing - assumed 'Processing' /data/home/qxu2309250088/htdocs/CFC/Application/Runtime/Cache/Home/2a94b8bda04ff446dcedd42276fc99ee.php Á¨¨ 173 Ë°å.
INFO: Run Behavior\ParseTemplateBehavior [ RunTime:0.011179s ]
INFO: [ view_parse ] --END-- [ RunTime:0.011228s ]
INFO: [ view_filter ] --START--
INFO: Run Behavior\WriteHtmlCacheBehavior [ RunTime:0.000258s ]
INFO: [ view_filter ] --END-- [ RunTime:0.000297s ]
INFO: [ app_end ] --START--
INFO: Run Behavior\ShowPageTraceBehavior [ RunTime:0.000569s ]
INFO: [ app_end ] --END-- [ RunTime:0.000620s ]

[ 2017-11-20T11:08:53+08:00 ] 124.74.147.6 /CFC/index.php/Home/Index/AddNewOrder
INFO: [ app_init ] --START--
INFO: Run Behavior\BuildLiteBehavior [ RunTime:0.000017s ]
INFO: [ app_init ] --END-- [ RunTime:0.000441s ]
INFO: [ app_begin ] --START--
INFO: Run Behavior\ReadHtmlCacheBehavior [ RunTime:0.000563s ]
INFO: [ app_begin ] --END-- [ RunTime:0.000633s ]
INFO: [ view_parse ] --START--
INFO: [ template_filter ] --START--
INFO: Run Behavior\ContentReplaceBehavior [ RunTime:0.000125s ]
INFO: [ template_filter ] --END-- [ RunTime:0.000197s ]
INFO: Run Behavior\ParseTemplateBehavior [ RunTime:0.011208s ]
INFO: [ view_parse ] --END-- [ RunTime:0.011278s ]
INFO: [ view_filter ] --START--
INFO: Run Behavior\WriteHtmlCacheBehavior [ RunTime:0.000499s ]
INFO: [ view_filter ] --END-- [ RunTime:0.000560s ]
INFO: [ app_end ] --START--
INFO: Run Behavior\ShowPageTraceBehavior [ RunTime:0.000925s ]
INFO: [ app_end ] --END-- [ RunTime:0.000998s ]

[ 2017-11-20T11:10:51+08:00 ] 124.74.147.6 /CFC/index.php/Home/Index/AddCustomerInfor
INFO: [ app_init ] --START--
INFO: Run Behavior\BuildLiteBehavior [ RunTime:0.000013s ]
INFO: [ app_init ] --END-- [ RunTime:0.000415s ]
INFO: [ app_begin ] --START--
INFO: Run Behavior\ReadHtmlCacheBehavior [ RunTime:0.000563s ]
INFO: [ app_begin ] --END-- [ RunTime:0.000618s ]
SQL: SHOW COLUMNS FROM `cfc_data` [ RunTime:0.001469s ]
SQL: INSERT INTO `cfc_data` (`case_number`,`generality`,`customer`,`BU`,`recipients`,`OfferPrice`,`mobile`,`NetPrice`,`address`,`Sales`,`PE`,`remark1`,`action`,`status`,`time`,`addCustomerTime`) VALUES ('170903372','RS','‰∏äÊµ∑ÂèãË°∑ÁßëÊäÄÊúâÈôêÂÖ¨Âè∏','528115','ÊòìÂç´Êû\ó ','9116','130-6268-0607','8600.00','‰∏äÊµ∑Â∏ÇÂæêÊ±áÂå∫Áî∞ÊûóË∑\Ø200Âè∑A1Ê†\ã701ÂÆ\§','Frank YU','ËØ∑ÈÄâÊã©PE','','echosha','Processing',1511147451,1511147451) [ RunTime:0.005759s ]
INFO: [ view_parse ] --START--
INFO: [ template_filter ] --START--
INFO: Run Behavior\ContentReplaceBehavior [ RunTime:0.000031s ]
INFO: [ template_filter ] --END-- [ RunTime:0.000079s ]
INFO: Run Behavior\ParseTemplateBehavior [ RunTime:0.006002s ]
INFO: [ view_parse ] --END-- [ RunTime:0.006054s ]
INFO: [ view_filter ] --START--
INFO: Run Behavior\WriteHtmlCacheBehavior [ RunTime:0.000323s ]
INFO: [ view_filter ] --END-- [ RunTime:0.000375s ]

[ 2017-11-20T11:10:52+08:00 ] 124.74.147.6 /CFC/index.php/Home/Index/index.html
INFO: [ app_init ] --START--
INFO: Run Behavior\BuildLiteBehavior [ RunTime:0.000015s ]
INFO: [ app_init ] --END-- [ RunTime:0.000417s ]
INFO: [ app_begin ] --START--
INFO: Run Behavior\ReadHtmlCacheBehavior [ RunTime:0.000549s ]
INFO: [ app_begin ] --END-- [ RunTime:0.000598s ]
SQL: SHOW COLUMNS FROM `cfc_data` [ RunTime:0.001483s ]
SQL: SELECT * FROM `cfc_data` WHERE ( `action` = 'echosha' )  [ RunTime:0.001325s ]
INFO: [ view_parse ] --START--
INFO: [ template_filter ] --START--
INFO: Run Behavior\ContentReplaceBehavior [ RunTime:0.000068s ]
INFO: [ template_filter ] --END-- [ RunTime:0.000137s ]
NOTIC: [8] Use of undefined constant Processing - assumed 'Processing' /data/home/qxu2309250088/htdocs/CFC/Application/Runtime/Cache/Home/2a94b8bda04ff446dcedd42276fc99ee.php Á¨¨ 173 Ë°å.
NOTIC: [8] Use of undefined constant Processing - assumed 'Processing' /data/home/qxu2309250088/htdocs/CFC/Application/Runtime/Cache/Home/2a94b8bda04ff446dcedd42276fc99ee.php Á¨¨ 173 Ë°å.
NOTIC: [8] Use of undefined constant Processing - assumed 'Processing' /data/home/qxu2309250088/htdocs/CFC/Application/Runtime/Cache/Home/2a94b8bda04ff446dcedd42276fc99ee.php Á¨¨ 173 Ë°å.
NOTIC: [8] Use of undefined constant Processing - assumed 'Processing' /data/home/qxu2309250088/htdocs/CFC/Application/Runtime/Cache/Home/2a94b8bda04ff446dcedd42276fc99ee.php Á¨¨ 173 Ë°å.
NOTIC: [8] Use of undefined constant Processing - assumed 'Processing' /data/home/qxu2309250088/htdocs/CFC/Application/Runtime/Cache/Home/2a94b8bda04ff446dcedd42276fc99ee.php Á¨¨ 173 Ë°å.
NOTIC: [8] Use of undefined constant Processing - assumed 'Processing' /data/home/qxu2309250088/htdocs/CFC/Application/Runtime/Cache/Home/2a94b8bda04ff446dcedd42276fc99ee.php Á¨¨ 173 Ë°å.
INFO: Run Behavior\ParseTemplateBehavior [ RunTime:0.011409s ]
INFO: [ view_parse ] --END-- [ RunTime:0.011458s ]
INFO: [ view_filter ] --START--
INFO: Run Behavior\WriteHtmlCacheBehavior [ RunTime:0.000281s ]
INFO: [ view_filter ] --END-- [ RunTime:0.000321s ]
INFO: [ app_end ] --START--
INFO: Run Behavior\ShowPageTraceBehavior [ RunTime:0.000643s ]
INFO: [ app_end ] --END-- [ RunTime:0.000718s ]

[ 2017-11-20T12:13:13+08:00 ] 116.247.91.242 /CFC/index.php
INFO: [ app_init ] --START--
INFO: Run Behavior\BuildLiteBehavior [ RunTime:0.000013s ]
INFO: [ app_init ] --END-- [ RunTime:0.000401s ]
INFO: [ app_begin ] --START--
INFO: Run Behavior\ReadHtmlCacheBehavior [ RunTime:0.000605s ]
INFO: [ app_begin ] --END-- [ RunTime:0.000666s ]

[ 2017-11-20T12:13:13+08:00 ] 116.247.91.242 /CFC/index.php/Home/Login/login.html
INFO: [ app_init ] --START--
INFO: Run Behavior\BuildLiteBehavior [ RunTime:0.000013s ]
INFO: [ app_init ] --END-- [ RunTime:0.000403s ]
INFO: [ app_begin ] --START--
INFO: Run Behavior\ReadHtmlCacheBehavior [ RunTime:0.000539s ]
INFO: [ app_begin ] --END-- [ RunTime:0.000588s ]
INFO: [ view_parse ] --START--
INFO: [ template_filter ] --START--
INFO: Run Behavior\ContentReplaceBehavior [ RunTime:0.000036s ]
INFO: [ template_filter ] --END-- [ RunTime:0.000084s ]
INFO: Run Behavior\ParseTemplateBehavior [ RunTime:0.005912s ]
INFO: [ view_parse ] --END-- [ RunTime:0.005962s ]
INFO: [ view_filter ] --START--
INFO: Run Behavior\WriteHtmlCacheBehavior [ RunTime:0.000264s ]
INFO: [ view_filter ] --END-- [ RunTime:0.000306s ]
INFO: [ app_end ] --START--
INFO: Run Behavior\ShowPageTraceBehavior [ RunTime:0.000567s ]
INFO: [ app_end ] --END-- [ RunTime:0.000620s ]

[ 2017-11-20T12:13:24+08:00 ] 116.247.91.242 /CFC/index.php/Home/Login/check_login
INFO: [ app_init ] --START--
INFO: Run Behavior\BuildLiteBehavior [ RunTime:0.000014s ]
INFO: [ app_init ] --END-- [ RunTime:0.000433s ]
INFO: [ app_begin ] --START--
INFO: Run Behavior\ReadHtmlCacheBehavior [ RunTime:0.000618s ]
INFO: [ app_begin ] --END-- [ RunTime:0.000669s ]
SQL: SHOW COLUMNS FROM `cfc_admin` [ RunTime:0.001243s ]
SQL: SELECT * FROM `cfc_admin` WHERE ( `username` = 'admin' ) AND ( `password` = 'admin' ) LIMIT 1   [ RunTime:0.000881s ]
INFO: [ view_parse ] --START--
INFO: [ template_filter ] --START--
INFO: Run Behavior\ContentReplaceBehavior [ RunTime:0.000037s ]
INFO: [ template_filter ] --END-- [ RunTime:0.000109s ]
INFO: Run Behavior\ParseTemplateBehavior [ RunTime:0.006597s ]
INFO: [ view_parse ] --END-- [ RunTime:0.006653s ]
INFO: [ view_filter ] --START--
INFO: Run Behavior\WriteHtmlCacheBehavior [ RunTime:0.000256s ]
INFO: [ view_filter ] --END-- [ RunTime:0.000294s ]
INFO: [ app_end ] --START--
INFO: Run Behavior\ShowPageTraceBehavior [ RunTime:0.000619s ]
INFO: [ app_end ] --END-- [ RunTime:0.000670s ]

[ 2017-11-20T12:13:25+08:00 ] 116.247.91.242 /CFC/index.php/Home/Index/index.html
INFO: [ app_init ] --START--
INFO: Run Behavior\BuildLiteBehavior [ RunTime:0.000014s ]
INFO: [ app_init ] --END-- [ RunTime:0.000432s ]
INFO: [ app_begin ] --START--
INFO: Run Behavior\ReadHtmlCacheBehavior [ RunTime:0.000509s ]
INFO: [ app_begin ] --END-- [ RunTime:0.000561s ]
SQL: SHOW COLUMNS FROM `cfc_data` [ RunTime:0.001589s ]
SQL: SELECT * FROM `cfc_data`  [ RunTime:0.001498s ]
INFO: [ view_parse ] --START--
INFO: [ template_filter ] --START--
INFO: Run Behavior\ContentReplaceBehavior [ RunTime:0.000064s ]
INFO: [ template_filter ] --END-- [ RunTime:0.000129s ]
NOTIC: [8] Use of undefined constant Processing - assumed 'Processing' /data/home/qxu2309250088/htdocs/CFC/Application/Runtime/Cache/Home/2a94b8bda04ff446dcedd42276fc99ee.php Á¨¨ 173 Ë°å.
NOTIC: [8] Use of undefined constant Processing - assumed 'Processing' /data/home/qxu2309250088/htdocs/CFC/Application/Runtime/Cache/Home/2a94b8bda04ff446dcedd42276fc99ee.php Á¨¨ 173 Ë°å.
NOTIC: [8] Use of undefined constant Processing - assumed 'Processing' /data/home/qxu2309250088/htdocs/CFC/Application/Runtime/Cache/Home/2a94b8bda04ff446dcedd42276fc99ee.php Á¨¨ 173 Ë°å.
NOTIC: [8] Use of undefined constant Processing - assumed 'Processing' /data/home/qxu2309250088/htdocs/CFC/Application/Runtime/Cache/Home/2a94b8bda04ff446dcedd42276fc99ee.php Á¨¨ 173 Ë°å.
NOTIC: [8] Use of undefined constant Processing - assumed 'Processing' /data/home/qxu2309250088/htdocs/CFC/Application/Runtime/Cache/Home/2a94b8bda04ff446dcedd42276fc99ee.php Á¨¨ 173 Ë°å.
NOTIC: [8] Use of undefined constant Processing - assumed 'Processing' /data/home/qxu2309250088/htdocs/CFC/Application/Runtime/Cache/Home/2a94b8bda04ff446dcedd42276fc99ee.php Á¨¨ 173 Ë°å.
NOTIC: [8] Use of undefined constant Processing - assumed 'Processing' /data/home/qxu2309250088/htdocs/CFC/Application/Runtime/Cache/Home/2a94b8bda04ff446dcedd42276fc99ee.php Á¨¨ 173 Ë°å.
NOTIC: [8] Use of undefined constant Processing - assumed 'Processing' /data/home/qxu2309250088/htdocs/CFC/Application/Runtime/Cache/Home/2a94b8bda04ff446dcedd42276fc99ee.php Á¨¨ 173 Ë°å.
NOTIC: [8] Use of undefined constant Processing - assumed 'Processing' /data/home/qxu2309250088/htdocs/CFC/Application/Runtime/Cache/Home/2a94b8bda04ff446dcedd42276fc99ee.php Á¨¨ 173 Ë°å.
NOTIC: [8] Use of undefined constant Processing - assumed 'Processing' /data/home/qxu2309250088/htdocs/CFC/Application/Runtime/Cache/Home/2a94b8bda04ff446dcedd42276fc99ee.php Á¨¨ 173 Ë°å.
NOTIC: [8] Use of undefined constant Processing - assumed 'Processing' /data/home/qxu2309250088/htdocs/CFC/Application/Runtime/Cache/Home/2a94b8bda04ff446dcedd42276fc99ee.php Á¨¨ 173 Ë°å.
NOTIC: [8] Use of undefined constant Processing - assumed 'Processing' /data/home/qxu2309250088/htdocs/CFC/Application/Runtime/Cache/Home/2a94b8bda04ff446dcedd42276fc99ee.php Á¨¨ 173 Ë°å.
NOTIC: [8] Use of undefined constant Processing - assumed 'Processing' /data/home/qxu2309250088/htdocs/CFC/Application/Runtime/Cache/Home/2a94b8bda04ff446dcedd42276fc99ee.php Á¨¨ 173 Ë°å.
NOTIC: [8] Use of undefined constant Processing - assumed 'Processing' /data/home/qxu2309250088/htdocs/CFC/Application/Runtime/Cache/Home/2a94b8bda04ff446dcedd42276fc99ee.php Á¨¨ 173 Ë°å.
INFO: Run Behavior\ParseTemplateBehavior [ RunTime:0.010928s ]
INFO: [ view_parse ] --END-- [ RunTime:0.010978s ]
INFO: [ view_filter ] --START--
INFO: Run Behavior\WriteHtmlCacheBehavior [ RunTime:0.000252s ]
INFO: [ view_filter ] --END-- [ RunTime:0.000291s ]
INFO: [ app_end ] --START--
INFO: Run Behavior\ShowPageTraceBehavior [ RunTime:0.000561s ]
INFO: [ app_end ] --END-- [ RunTime:0.000612s ]

[ 2017-11-20T14:15:21+08:00 ] 124.74.147.6 /CFC/index.php/Home/Login/login.html
INFO: [ app_init ] --START--
INFO: Run Behavior\BuildLiteBehavior [ RunTime:0.000013s ]
INFO: [ app_init ] --END-- [ RunTime:0.000432s ]
INFO: [ app_begin ] --START--
INFO: Run Behavior\ReadHtmlCacheBehavior [ RunTime:0.000517s ]
INFO: [ app_begin ] --END-- [ RunTime:0.000568s ]
INFO: [ view_parse ] --START--
INFO: [ template_filter ] --START--
INFO: Run Behavior\ContentReplaceBehavior [ RunTime:0.000035s ]
INFO: [ template_filter ] --END-- [ RunTime:0.000085s ]
INFO: Run Behavior\ParseTemplateBehavior [ RunTime:0.006324s ]
INFO: [ view_parse ] --END-- [ RunTime:0.006375s ]
INFO: [ view_filter ] --START--
INFO: Run Behavior\WriteHtmlCacheBehavior [ RunTime:0.000235s ]
INFO: [ view_filter ] --END-- [ RunTime:0.000284s ]
INFO: [ app_end ] --START--
INFO: Run Behavior\ShowPageTraceBehavior [ RunTime:0.000558s ]
INFO: [ app_end ] --END-- [ RunTime:0.000605s ]

[ 2017-11-20T14:15:23+08:00 ] 124.74.147.6 /CFC/index.php/Home/Login/check_login
INFO: [ app_init ] --START--
INFO: Run Behavior\BuildLiteBehavior [ RunTime:0.000014s ]
INFO: [ app_init ] --END-- [ RunTime:0.000433s ]
INFO: [ app_begin ] --START--
INFO: Run Behavior\ReadHtmlCacheBehavior [ RunTime:0.000594s ]
INFO: [ app_begin ] --END-- [ RunTime:0.000644s ]
SQL: SHOW COLUMNS FROM `cfc_admin` [ RunTime:0.001242s ]
SQL: SELECT * FROM `cfc_admin` WHERE ( `username` = 'echosha' ) AND ( `password` = '2601' ) LIMIT 1   [ RunTime:0.001325s ]
INFO: [ view_parse ] --START--
INFO: [ template_filter ] --START--
INFO: Run Behavior\ContentReplaceBehavior [ RunTime:0.000029s ]
INFO: [ template_filter ] --END-- [ RunTime:0.000106s ]
INFO: Run Behavior\ParseTemplateBehavior [ RunTime:0.006168s ]
INFO: [ view_parse ] --END-- [ RunTime:0.006222s ]
INFO: [ view_filter ] --START--
INFO: Run Behavior\WriteHtmlCacheBehavior [ RunTime:0.000267s ]
INFO: [ view_filter ] --END-- [ RunTime:0.000305s ]
INFO: [ app_end ] --START--
INFO: Run Behavior\ShowPageTraceBehavior [ RunTime:0.000569s ]
INFO: [ app_end ] --END-- [ RunTime:0.000621s ]

[ 2017-11-20T14:15:24+08:00 ] 124.74.147.6 /CFC/index.php/Home/Index/index.html
INFO: [ app_init ] --START--
INFO: Run Behavior\BuildLiteBehavior [ RunTime:0.000018s ]
INFO: [ app_init ] --END-- [ RunTime:0.000422s ]
INFO: [ app_begin ] --START--
INFO: Run Behavior\ReadHtmlCacheBehavior [ RunTime:0.000527s ]
INFO: [ app_begin ] --END-- [ RunTime:0.000576s ]
SQL: SHOW COLUMNS FROM `cfc_data` [ RunTime:0.001609s ]
SQL: SELECT * FROM `cfc_data` WHERE ( `action` = 'echosha' )  [ RunTime:0.001471s ]
INFO: [ view_parse ] --START--
INFO: [ template_filter ] --START--
INFO: Run Behavior\ContentReplaceBehavior [ RunTime:0.000070s ]
INFO: [ template_filter ] --END-- [ RunTime:0.000139s ]
NOTIC: [8] Use of undefined constant Processing - assumed 'Processing' /data/home/qxu2309250088/htdocs/CFC/Application/Runtime/Cache/Home/2a94b8bda04ff446dcedd42276fc99ee.php Á¨¨ 173 Ë°å.
NOTIC: [8] Use of undefined constant Processing - assumed 'Processing' /data/home/qxu2309250088/htdocs/CFC/Application/Runtime/Cache/Home/2a94b8bda04ff446dcedd42276fc99ee.php Á¨¨ 173 Ë°å.
NOTIC: [8] Use of undefined constant Processing - assumed 'Processing' /data/home/qxu2309250088/htdocs/CFC/Application/Runtime/Cache/Home/2a94b8bda04ff446dcedd42276fc99ee.php Á¨¨ 173 Ë°å.
NOTIC: [8] Use of undefined constant Processing - assumed 'Processing' /data/home/qxu2309250088/htdocs/CFC/Application/Runtime/Cache/Home/2a94b8bda04ff446dcedd42276fc99ee.php Á¨¨ 173 Ë°å.
NOTIC: [8] Use of undefined constant Processing - assumed 'Processing' /data/home/qxu2309250088/htdocs/CFC/Application/Runtime/Cache/Home/2a94b8bda04ff446dcedd42276fc99ee.php Á¨¨ 173 Ë°å.
NOTIC: [8] Use of undefined constant Processing - assumed 'Processing' /data/home/qxu2309250088/htdocs/CFC/Application/Runtime/Cache/Home/2a94b8bda04ff446dcedd42276fc99ee.php Á¨¨ 173 Ë°å.
INFO: Run Behavior\ParseTemplateBehavior [ RunTime:0.011690s ]
INFO: [ view_parse ] --END-- [ RunTime:0.011738s ]
INFO: [ view_filter ] --START--
INFO: Run Behavior\WriteHtmlCacheBehavior [ RunTime:0.000267s ]
INFO: [ view_filter ] --END-- [ RunTime:0.000306s ]
INFO: [ app_end ] --START--
INFO: Run Behavior\ShowPageTraceBehavior [ RunTime:0.000609s ]
INFO: [ app_end ] --END-- [ RunTime:0.000662s ]

[ 2017-11-20T14:15:33+08:00 ] 124.74.147.6 /CFC/index.php/Home/Index/AddNewOrder
INFO: [ app_init ] --START--
INFO: Run Behavior\BuildLiteBehavior [ RunTime:0.000016s ]
INFO: [ app_init ] --END-- [ RunTime:0.000417s ]
INFO: [ app_begin ] --START--
INFO: Run Behavior\ReadHtmlCacheBehavior [ RunTime:0.000514s ]
INFO: [ app_begin ] --END-- [ RunTime:0.000563s ]
INFO: [ view_parse ] --START--
INFO: [ template_filter ] --START--
INFO: Run Behavior\ContentReplaceBehavior [ RunTime:0.000092s ]
INFO: [ template_filter ] --END-- [ RunTime:0.000146s ]
INFO: Run Behavior\ParseTemplateBehavior [ RunTime:0.009794s ]
INFO: [ view_parse ] --END-- [ RunTime:0.009856s ]
INFO: [ view_filter ] --START--
INFO: Run Behavior\WriteHtmlCacheBehavior [ RunTime:0.000239s ]
INFO: [ view_filter ] --END-- [ RunTime:0.000277s ]
INFO: [ app_end ] --START--
INFO: Run Behavior\ShowPageTraceBehavior [ RunTime:0.000599s ]
INFO: [ app_end ] --END-- [ RunTime:0.000643s ]

[ 2017-11-20T14:17:11+08:00 ] 124.74.147.6 /CFC/index.php/Home/Index/AddCustomerInfor
INFO: [ app_init ] --START--
INFO: Run Behavior\BuildLiteBehavior [ RunTime:0.000013s ]
INFO: [ app_init ] --END-- [ RunTime:0.000419s ]
INFO: [ app_begin ] --START--
INFO: Run Behavior\ReadHtmlCacheBehavior [ RunTime:0.000530s ]
INFO: [ app_begin ] --END-- [ RunTime:0.000580s ]
SQL: SHOW COLUMNS FROM `cfc_data` [ RunTime:0.001464s ]
SQL: INSERT INTO `cfc_data` (`case_number`,`generality`,`customer`,`BU`,`recipients`,`OfferPrice`,`mobile`,`NetPrice`,`address`,`Sales`,`PE`,`remark1`,`action`,`status`,`time`,`addCustomerTime`) VALUES ('15172870002','RS','ÊµôÊ±üÈì≠ÂçöÊ±ΩËΩ¶ÈÉ®‰ª∂ËÇ°‰ªΩÊúâÈôêÂÖ¨Âè∏','528115','Êà¥ÈáëÊõ\º','477','13736317209','450.00','ÊµôÊ±üÁúÅÊ∏©Â∑ûÁëûÂÆâÂ∏ÇÂ°ò‰∏ãÈïá‰∏áÊôØË∑Ø767Âè\∑','Wesley LIN','ËØ∑ÈÄâÊã©PE','','echosha','Processing',1511158631,1511158631) [ RunTime:0.004994s ]
INFO: [ view_parse ] --START--
INFO: [ template_filter ] --START--
INFO: Run Behavior\ContentReplaceBehavior [ RunTime:0.000046s ]
INFO: [ template_filter ] --END-- [ RunTime:0.000123s ]
INFO: Run Behavior\ParseTemplateBehavior [ RunTime:0.007337s ]
INFO: [ view_parse ] --END-- [ RunTime:0.007398s ]
INFO: [ view_filter ] --START--
INFO: Run Behavior\WriteHtmlCacheBehavior [ RunTime:0.000383s ]
INFO: [ view_filter ] --END-- [ RunTime:0.000444s ]

[ 2017-11-20T14:17:12+08:00 ] 124.74.147.6 /CFC/index.php/Home/Index/index.html
INFO: [ app_init ] --START--
INFO: Run Behavior\BuildLiteBehavior [ RunTime:0.000013s ]
INFO: [ app_init ] --END-- [ RunTime:0.000395s ]
INFO: [ app_begin ] --START--
INFO: Run Behavior\ReadHtmlCacheBehavior [ RunTime:0.000531s ]
INFO: [ app_begin ] --END-- [ RunTime:0.000581s ]
SQL: SHOW COLUMNS FROM `cfc_data` [ RunTime:0.001486s ]
SQL: SELECT * FROM `cfc_data` WHERE ( `action` = 'echosha' )  [ RunTime:0.001377s ]
INFO: [ view_parse ] --START--
INFO: [ template_filter ] --START--
INFO: Run Behavior\ContentReplaceBehavior [ RunTime:0.000067s ]
INFO: [ template_filter ] --END-- [ RunTime:0.000141s ]
NOTIC: [8] Use of undefined constant Processing - assumed 'Processing' /data/home/qxu2309250088/htdocs/CFC/Application/Runtime/Cache/Home/2a94b8bda04ff446dcedd42276fc99ee.php Á¨¨ 173 Ë°å.
NOTIC: [8] Use of undefined constant Processing - assumed 'Processing' /data/home/qxu2309250088/htdocs/CFC/Application/Runtime/Cache/Home/2a94b8bda04ff446dcedd42276fc99ee.php Á¨¨ 173 Ë°å.
NOTIC: [8] Use of undefined constant Processing - assumed 'Processing' /data/home/qxu2309250088/htdocs/CFC/Application/Runtime/Cache/Home/2a94b8bda04ff446dcedd42276fc99ee.php Á¨¨ 173 Ë°å.
NOTIC: [8] Use of undefined constant Processing - assumed 'Processing' /data/home/qxu2309250088/htdocs/CFC/Application/Runtime/Cache/Home/2a94b8bda04ff446dcedd42276fc99ee.php Á¨¨ 173 Ë°å.
NOTIC: [8] Use of undefined constant Processing - assumed 'Processing' /data/home/qxu2309250088/htdocs/CFC/Application/Runtime/Cache/Home/2a94b8bda04ff446dcedd42276fc99ee.php Á¨¨ 173 Ë°å.
NOTIC: [8] Use of undefined constant Processing - assumed 'Processing' /data/home/qxu2309250088/htdocs/CFC/Application/Runtime/Cache/Home/2a94b8bda04ff446dcedd42276fc99ee.php Á¨¨ 173 Ë°å.
NOTIC: [8] Use of undefined constant Processing - assumed 'Processing' /data/home/qxu2309250088/htdocs/CFC/Application/Runtime/Cache/Home/2a94b8bda04ff446dcedd42276fc99ee.php Á¨¨ 173 Ë°å.
INFO: Run Behavior\ParseTemplateBehavior [ RunTime:0.010406s ]
INFO: [ view_parse ] --END-- [ RunTime:0.010451s ]
INFO: [ view_filter ] --START--
INFO: Run Behavior\WriteHtmlCacheBehavior [ RunTime:0.000244s ]
INFO: [ view_filter ] --END-- [ RunTime:0.000283s ]
INFO: [ app_end ] --START--
INFO: Run Behavior\ShowPageTraceBehavior [ RunTime:0.000576s ]
INFO: [ app_end ] --END-- [ RunTime:0.000629s ]

[ 2017-11-20T14:17:18+08:00 ] 124.74.147.6 /CFC/index.php/Home/Index/AddNewOrder
INFO: [ app_init ] --START--
INFO: Run Behavior\BuildLiteBehavior [ RunTime:0.000016s ]
INFO: [ app_init ] --END-- [ RunTime:0.000437s ]
INFO: [ app_begin ] --START--
INFO: Run Behavior\ReadHtmlCacheBehavior [ RunTime:0.000565s ]
INFO: [ app_begin ] --END-- [ RunTime:0.000618s ]
INFO: [ view_parse ] --START--
INFO: [ template_filter ] --START--
INFO: Run Behavior\ContentReplaceBehavior [ RunTime:0.000087s ]
INFO: [ template_filter ] --END-- [ RunTime:0.000138s ]
INFO: Run Behavior\ParseTemplateBehavior [ RunTime:0.010829s ]
INFO: [ view_parse ] --END-- [ RunTime:0.010890s ]
INFO: [ view_filter ] --START--
INFO: Run Behavior\WriteHtmlCacheBehavior [ RunTime:0.000242s ]
INFO: [ view_filter ] --END-- [ RunTime:0.000278s ]
INFO: [ app_end ] --START--
INFO: Run Behavior\ShowPageTraceBehavior [ RunTime:0.000522s ]
INFO: [ app_end ] --END-- [ RunTime:0.000582s ]

[ 2017-11-20T14:18:33+08:00 ] 124.74.147.6 /CFC/index.php/Home/Index/AddCustomerInfor
INFO: [ app_init ] --START--
INFO: Run Behavior\BuildLiteBehavior [ RunTime:0.000014s ]
INFO: [ app_init ] --END-- [ RunTime:0.000425s ]
INFO: [ app_begin ] --START--
INFO: Run Behavior\ReadHtmlCacheBehavior [ RunTime:0.000505s ]
INFO: [ app_begin ] --END-- [ RunTime:0.000565s ]
SQL: SHOW COLUMNS FROM `cfc_data` [ RunTime:0.001476s ]
SQL: INSERT INTO `cfc_data` (`case_number`,`generality`,`customer`,`BU`,`recipients`,`OfferPrice`,`mobile`,`NetPrice`,`address`,`Sales`,`PE`,`remark1`,`action`,`status`,`time`,`addCustomerTime`) VALUES ('15172930001','RS','ÊµôÊ±üÈì≠ÂçöÊ±ΩËΩ¶ÈÉ®‰ª∂ËÇ°‰ªΩÊúâÈôêÂÖ¨Âè∏','528115','ËµµÁîüÂÜ\õ','1590','13695815138','1500.00','ÊµôÊ±üÁúÅÊ∏©Â∑ûÁëûÂÆâÂ∏ÇÂ°ò‰∏ãÈïá‰∏áÊôØË∑Ø767Âè\∑','Wesley LIN','ËØ∑ÈÄâÊã©PE','','echosha','Processing',1511158713,1511158713) [ RunTime:0.005620s ]
INFO: [ view_parse ] --START--
INFO: [ template_filter ] --START--
INFO: Run Behavior\ContentReplaceBehavior [ RunTime:0.000032s ]
INFO: [ template_filter ] --END-- [ RunTime:0.000086s ]
INFO: Run Behavior\ParseTemplateBehavior [ RunTime:0.006530s ]
INFO: [ view_parse ] --END-- [ RunTime:0.006589s ]
INFO: [ view_filter ] --START--
INFO: Run Behavior\WriteHtmlCacheBehavior [ RunTime:0.000261s ]
INFO: [ view_filter ] --END-- [ RunTime:0.000299s ]

[ 2017-11-20T14:18:34+08:00 ] 124.74.147.6 /CFC/index.php/Home/Index/index.html
INFO: [ app_init ] --START--
INFO: Run Behavior\BuildLiteBehavior [ RunTime:0.000016s ]
INFO: [ app_init ] --END-- [ RunTime:0.000438s ]
INFO: [ app_begin ] --START--
INFO: Run Behavior\ReadHtmlCacheBehavior [ RunTime:0.000541s ]
INFO: [ app_begin ] --END-- [ RunTime:0.000590s ]
SQL: SHOW COLUMNS FROM `cfc_data` [ RunTime:0.001513s ]
SQL: SELECT * FROM `cfc_data` WHERE ( `action` = 'echosha' )  [ RunTime:0.001519s ]
INFO: [ view_parse ] --START--
INFO: [ template_filter ] --START--
INFO: Run Behavior\ContentReplaceBehavior [ RunTime:0.000066s ]
INFO: [ template_filter ] --END-- [ RunTime:0.000111s ]
NOTIC: [8] Use of undefined constant Processing - assumed 'Processing' /data/home/qxu2309250088/htdocs/CFC/Application/Runtime/Cache/Home/2a94b8bda04ff446dcedd42276fc99ee.php Á¨¨ 173 Ë°å.
NOTIC: [8] Use of undefined constant Processing - assumed 'Processing' /data/home/qxu2309250088/htdocs/CFC/Application/Runtime/Cache/Home/2a94b8bda04ff446dcedd42276fc99ee.php Á¨¨ 173 Ë°å.
NOTIC: [8] Use of undefined constant Processing - assumed 'Processing' /data/home/qxu2309250088/htdocs/CFC/Application/Runtime/Cache/Home/2a94b8bda04ff446dcedd42276fc99ee.php Á¨¨ 173 Ë°å.
NOTIC: [8] Use of undefined constant Processing - assumed 'Processing' /data/home/qxu2309250088/htdocs/CFC/Application/Runtime/Cache/Home/2a94b8bda04ff446dcedd42276fc99ee.php Á¨¨ 173 Ë°å.
NOTIC: [8] Use of undefined constant Processing - assumed 'Processing' /data/home/qxu2309250088/htdocs/CFC/Application/Runtime/Cache/Home/2a94b8bda04ff446dcedd42276fc99ee.php Á¨¨ 173 Ë°å.
NOTIC: [8] Use of undefined constant Processing - assumed 'Processing' /data/home/qxu2309250088/htdocs/CFC/Application/Runtime/Cache/Home/2a94b8bda04ff446dcedd42276fc99ee.php Á¨¨ 173 Ë°å.
NOTIC: [8] Use of undefined constant Processing - assumed 'Processing' /data/home/qxu2309250088/htdocs/CFC/Application/Runtime/Cache/Home/2a94b8bda04ff446dcedd42276fc99ee.php Á¨¨ 173 Ë°å.
NOTIC: [8] Use of undefined constant Processing - assumed 'Processing' /data/home/qxu2309250088/htdocs/CFC/Application/Runtime/Cache/Home/2a94b8bda04ff446dcedd42276fc99ee.php Á¨¨ 173 Ë°å.
INFO: Run Behavior\ParseTemplateBehavior [ RunTime:0.010516s ]
INFO: [ view_parse ] --END-- [ RunTime:0.010562s ]
INFO: [ view_filter ] --START--
INFO: Run Behavior\WriteHtmlCacheBehavior [ RunTime:0.000246s ]
INFO: [ view_filter ] --END-- [ RunTime:0.000284s ]
INFO: [ app_end ] --START--
INFO: Run Behavior\ShowPageTraceBehavior [ RunTime:0.000579s ]
INFO: [ app_end ] --END-- [ RunTime:0.000628s ]

[ 2017-11-20T14:26:58+08:00 ] 223.112.69.58 /CFC/
INFO: [ app_init ] --START--
INFO: Run Behavior\BuildLiteBehavior [ RunTime:0.000013s ]
INFO: [ app_init ] --END-- [ RunTime:0.000394s ]
INFO: [ app_begin ] --START--
INFO: Run Behavior\ReadHtmlCacheBehavior [ RunTime:0.000562s ]
INFO: [ app_begin ] --END-- [ RunTime:0.000618s ]

[ 2017-11-20T14:26:58+08:00 ] 223.112.69.58 /CFC/index.php/Home/Login/login.html
INFO: [ app_init ] --START--
INFO: Run Behavior\BuildLiteBehavior [ RunTime:0.000013s ]
INFO: [ app_init ] --END-- [ RunTime:0.000399s ]
INFO: [ app_begin ] --START--
INFO: Run Behavior\ReadHtmlCacheBehavior [ RunTime:0.000532s ]
INFO: [ app_begin ] --END-- [ RunTime:0.000582s ]
INFO: [ view_parse ] --START--
INFO: [ template_filter ] --START--
INFO: Run Behavior\ContentReplaceBehavior [ RunTime:0.000037s ]
INFO: [ template_filter ] --END-- [ RunTime:0.000089s ]
INFO: Run Behavior\ParseTemplateBehavior [ RunTime:0.005944s ]
INFO: [ view_parse ] --END-- [ RunTime:0.005993s ]
INFO: [ view_filter ] --START--
INFO: Run Behavior\WriteHtmlCacheBehavior [ RunTime:0.000266s ]
INFO: [ view_filter ] --END-- [ RunTime:0.000304s ]
INFO: [ app_end ] --START--
INFO: Run Behavior\ShowPageTraceBehavior [ RunTime:0.000570s ]
INFO: [ app_end ] --END-- [ RunTime:0.000623s ]

[ 2017-11-20T14:26:59+08:00 ] 223.112.69.58 /CFC/index.php/Home/Login/check_login
INFO: [ app_init ] --START--
INFO: Run Behavior\BuildLiteBehavior [ RunTime:0.000014s ]
INFO: [ app_init ] --END-- [ RunTime:0.000411s ]
INFO: [ app_begin ] --START--
INFO: Run Behavior\ReadHtmlCacheBehavior [ RunTime:0.000533s ]
INFO: [ app_begin ] --END-- [ RunTime:0.000586s ]
SQL: SHOW COLUMNS FROM `cfc_admin` [ RunTime:0.001087s ]
SQL: SELECT * FROM `cfc_admin` WHERE ( `username` = 'admin' ) AND ( `password` = 'admin' ) LIMIT 1   [ RunTime:0.000720s ]
INFO: [ view_parse ] --START--
INFO: [ template_filter ] --START--
INFO: Run Behavior\ContentReplaceBehavior [ RunTime:0.000031s ]
INFO: [ template_filter ] --END-- [ RunTime:0.000087s ]
INFO: Run Behavior\ParseTemplateBehavior [ RunTime:0.006114s ]
INFO: [ view_parse ] --END-- [ RunTime:0.006168s ]
INFO: [ view_filter ] --START--
INFO: Run Behavior\WriteHtmlCacheBehavior [ RunTime:0.000258s ]
INFO: [ view_filter ] --END-- [ RunTime:0.000295s ]
INFO: [ app_end ] --START--
INFO: Run Behavior\ShowPageTraceBehavior [ RunTime:0.000580s ]
INFO: [ app_end ] --END-- [ RunTime:0.000633s ]

[ 2017-11-20T14:27:01+08:00 ] 223.112.69.58 /CFC/index.php/Home/Index/index.html
INFO: [ app_init ] --START--
INFO: Run Behavior\BuildLiteBehavior [ RunTime:0.000037s ]
INFO: [ app_init ] --END-- [ RunTime:0.000431s ]
INFO: [ app_begin ] --START--
INFO: Run Behavior\ReadHtmlCacheBehavior [ RunTime:0.000564s ]
INFO: [ app_begin ] --END-- [ RunTime:0.000615s ]
SQL: SHOW COLUMNS FROM `cfc_data` [ RunTime:0.001480s ]
SQL: SELECT * FROM `cfc_data`  [ RunTime:0.001378s ]
INFO: [ view_parse ] --START--
INFO: [ template_filter ] --START--
INFO: Run Behavior\ContentReplaceBehavior [ RunTime:0.000064s ]
INFO: [ template_filter ] --END-- [ RunTime:0.000112s ]
NOTIC: [8] Use of undefined constant Processing - assumed 'Processing' /data/home/qxu2309250088/htdocs/CFC/Application/Runtime/Cache/Home/2a94b8bda04ff446dcedd42276fc99ee.php Á¨¨ 173 Ë°å.
NOTIC: [8] Use of undefined constant Processing - assumed 'Processing' /data/home/qxu2309250088/htdocs/CFC/Application/Runtime/Cache/Home/2a94b8bda04ff446dcedd42276fc99ee.php Á¨¨ 173 Ë°å.
NOTIC: [8] Use of undefined constant Processing - assumed 'Processing' /data/home/qxu2309250088/htdocs/CFC/Application/Runtime/Cache/Home/2a94b8bda04ff446dcedd42276fc99ee.php Á¨¨ 173 Ë°å.
NOTIC: [8] Use of undefined constant Processing - assumed 'Processing' /data/home/qxu2309250088/htdocs/CFC/Application/Runtime/Cache/Home/2a94b8bda04ff446dcedd42276fc99ee.php Á¨¨ 173 Ë°å.
NOTIC: [8] Use of undefined constant Processing - assumed 'Processing' /data/home/qxu2309250088/htdocs/CFC/Application/Runtime/Cache/Home/2a94b8bda04ff446dcedd42276fc99ee.php Á¨¨ 173 Ë°å.
NOTIC: [8] Use of undefined constant Processing - assumed 'Processing' /data/home/qxu2309250088/htdocs/CFC/Application/Runtime/Cache/Home/2a94b8bda04ff446dcedd42276fc99ee.php Á¨¨ 173 Ë°å.
NOTIC: [8] Use of undefined constant Processing - assumed 'Processing' /data/home/qxu2309250088/htdocs/CFC/Application/Runtime/Cache/Home/2a94b8bda04ff446dcedd42276fc99ee.php Á¨¨ 173 Ë°å.
NOTIC: [8] Use of undefined constant Processing - assumed 'Processing' /data/home/qxu2309250088/htdocs/CFC/Application/Runtime/Cache/Home/2a94b8bda04ff446dcedd42276fc99ee.php Á¨¨ 173 Ë°å.
NOTIC: [8] Use of undefined constant Processing - assumed 'Processing' /data/home/qxu2309250088/htdocs/CFC/Application/Runtime/Cache/Home/2a94b8bda04ff446dcedd42276fc99ee.php Á¨¨ 173 Ë°å.
NOTIC: [8] Use of undefined constant Processing - assumed 'Processing' /data/home/qxu2309250088/htdocs/CFC/Application/Runtime/Cache/Home/2a94b8bda04ff446dcedd42276fc99ee.php Á¨¨ 173 Ë°å.
NOTIC: [8] Use of undefined constant Processing - assumed 'Processing' /data/home/qxu2309250088/htdocs/CFC/Application/Runtime/Cache/Home/2a94b8bda04ff446dcedd42276fc99ee.php Á¨¨ 173 Ë°å.
NOTIC: [8] Use of undefined constant Processing - assumed 'Processing' /data/home/qxu2309250088/htdocs/CFC/Application/Runtime/Cache/Home/2a94b8bda04ff446dcedd42276fc99ee.php Á¨¨ 173 Ë°å.
NOTIC: [8] Use of undefined constant Processing - assumed 'Processing' /data/home/qxu2309250088/htdocs/CFC/Application/Runtime/Cache/Home/2a94b8bda04ff446dcedd42276fc99ee.php Á¨¨ 173 Ë°å.
NOTIC: [8] Use of undefined constant Processing - assumed 'Processing' /data/home/qxu2309250088/htdocs/CFC/Application/Runtime/Cache/Home/2a94b8bda04ff446dcedd42276fc99ee.php Á¨¨ 173 Ë°å.
NOTIC: [8] Use of undefined constant Processing - assumed 'Processing' /data/home/qxu2309250088/htdocs/CFC/Application/Runtime/Cache/Home/2a94b8bda04ff446dcedd42276fc99ee.php Á¨¨ 173 Ë°å.
NOTIC: [8] Use of undefined constant Processing - assumed 'Processing' /data/home/qxu2309250088/htdocs/CFC/Application/Runtime/Cache/Home/2a94b8bda04ff446dcedd42276fc99ee.php Á¨¨ 173 Ë°å.
INFO: Run Behavior\ParseTemplateBehavior [ RunTime:0.012948s ]
INFO: [ view_parse ] --END-- [ RunTime:0.013007s ]
INFO: [ view_filter ] --START--
INFO: Run Behavior\WriteHtmlCacheBehavior [ RunTime:0.000249s ]
INFO: [ view_filter ] --END-- [ RunTime:0.000288s ]
INFO: [ app_end ] --START--
INFO: Run Behavior\ShowPageTraceBehavior [ RunTime:0.000565s ]
INFO: [ app_end ] --END-- [ RunTime:0.000613s ]

[ 2017-11-20T14:27:35+08:00 ] 223.112.69.58 /CFC/index.php/Home/Index/index/condition/addCustomerTime
INFO: [ app_init ] --START--
INFO: Run Behavior\BuildLiteBehavior [ RunTime:0.000014s ]
INFO: [ app_init ] --END-- [ RunTime:0.000421s ]
INFO: [ app_begin ] --START--
INFO: Run Behavior\ReadHtmlCacheBehavior [ RunTime:0.000527s ]
INFO: [ app_begin ] --END-- [ RunTime:0.000576s ]
SQL: SHOW COLUMNS FROM `cfc_data` [ RunTime:0.001519s ]
SQL: SELECT * FROM `cfc_data` ORDER BY addCustomerTime desc  [ RunTime:0.001661s ]
INFO: [ view_parse ] --START--
INFO: [ template_filter ] --START--
INFO: Run Behavior\ContentReplaceBehavior [ RunTime:0.000063s ]
INFO: [ template_filter ] --END-- [ RunTime:0.000111s ]
NOTIC: [8] Use of undefined constant Processing - assumed 'Processing' /data/home/qxu2309250088/htdocs/CFC/Application/Runtime/Cache/Home/2a94b8bda04ff446dcedd42276fc99ee.php Á¨¨ 173 Ë°å.
NOTIC: [8] Use of undefined constant Processing - assumed 'Processing' /data/home/qxu2309250088/htdocs/CFC/Application/Runtime/Cache/Home/2a94b8bda04ff446dcedd42276fc99ee.php Á¨¨ 173 Ë°å.
NOTIC: [8] Use of undefined constant Processing - assumed 'Processing' /data/home/qxu2309250088/htdocs/CFC/Application/Runtime/Cache/Home/2a94b8bda04ff446dcedd42276fc99ee.php Á¨¨ 173 Ë°å.
NOTIC: [8] Use of undefined constant Processing - assumed 'Processing' /data/home/qxu2309250088/htdocs/CFC/Application/Runtime/Cache/Home/2a94b8bda04ff446dcedd42276fc99ee.php Á¨¨ 173 Ë°å.
NOTIC: [8] Use of undefined constant Processing - assumed 'Processing' /data/home/qxu2309250088/htdocs/CFC/Application/Runtime/Cache/Home/2a94b8bda04ff446dcedd42276fc99ee.php Á¨¨ 173 Ë°å.
NOTIC: [8] Use of undefined constant Processing - assumed 'Processing' /data/home/qxu2309250088/htdocs/CFC/Application/Runtime/Cache/Home/2a94b8bda04ff446dcedd42276fc99ee.php Á¨¨ 173 Ë°å.
NOTIC: [8] Use of undefined constant Processing - assumed 'Processing' /data/home/qxu2309250088/htdocs/CFC/Application/Runtime/Cache/Home/2a94b8bda04ff446dcedd42276fc99ee.php Á¨¨ 173 Ë°å.
NOTIC: [8] Use of undefined constant Processing - assumed 'Processing' /data/home/qxu2309250088/htdocs/CFC/Application/Runtime/Cache/Home/2a94b8bda04ff446dcedd42276fc99ee.php Á¨¨ 173 Ë°å.
NOTIC: [8] Use of undefined constant Processing - assumed 'Processing' /data/home/qxu2309250088/htdocs/CFC/Application/Runtime/Cache/Home/2a94b8bda04ff446dcedd42276fc99ee.php Á¨¨ 173 Ë°å.
NOTIC: [8] Use of undefined constant Processing - assumed 'Processing' /data/home/qxu2309250088/htdocs/CFC/Application/Runtime/Cache/Home/2a94b8bda04ff446dcedd42276fc99ee.php Á¨¨ 173 Ë°å.
NOTIC: [8] Use of undefined constant Processing - assumed 'Processing' /data/home/qxu2309250088/htdocs/CFC/Application/Runtime/Cache/Home/2a94b8bda04ff446dcedd42276fc99ee.php Á¨¨ 173 Ë°å.
NOTIC: [8] Use of undefined constant Processing - assumed 'Processing' /data/home/qxu2309250088/htdocs/CFC/Application/Runtime/Cache/Home/2a94b8bda04ff446dcedd42276fc99ee.php Á¨¨ 173 Ë°å.
NOTIC: [8] Use of undefined constant Processing - assumed 'Processing' /data/home/qxu2309250088/htdocs/CFC/Application/Runtime/Cache/Home/2a94b8bda04ff446dcedd42276fc99ee.php Á¨¨ 173 Ë°å.
NOTIC: [8] Use of undefined constant Processing - assumed 'Processing' /data/home/qxu2309250088/htdocs/CFC/Application/Runtime/Cache/Home/2a94b8bda04ff446dcedd42276fc99ee.php Á¨¨ 173 Ë°å.
NOTIC: [8] Use of undefined constant Processing - assumed 'Processing' /data/home/qxu2309250088/htdocs/CFC/Application/Runtime/Cache/Home/2a94b8bda04ff446dcedd42276fc99ee.php Á¨¨ 173 Ë°å.
NOTIC: [8] Use of undefined constant Processing - assumed 'Processing' /data/home/qxu2309250088/htdocs/CFC/Application/Runtime/Cache/Home/2a94b8bda04ff446dcedd42276fc99ee.php Á¨¨ 173 Ë°å.
INFO: Run Behavior\ParseTemplateBehavior [ RunTime:0.010431s ]
INFO: [ view_parse ] --END-- [ RunTime:0.010478s ]
INFO: [ view_filter ] --START--
INFO: Run Behavior\WriteHtmlCacheBehavior [ RunTime:0.000240s ]
INFO: [ view_filter ] --END-- [ RunTime:0.000279s ]
INFO: [ app_end ] --START--
INFO: Run Behavior\ShowPageTraceBehavior [ RunTime:0.000542s ]
INFO: [ app_end ] --END-- [ RunTime:0.000591s ]

[ 2017-11-20T14:27:42+08:00 ] 223.112.69.58 /CFC/index.php/Home/Index/index
INFO: [ app_init ] --START--
INFO: Run Behavior\BuildLiteBehavior [ RunTime:0.000014s ]
INFO: [ app_init ] --END-- [ RunTime:0.000414s ]
INFO: [ app_begin ] --START--
INFO: Run Behavior\ReadHtmlCacheBehavior [ RunTime:0.000538s ]
INFO: [ app_begin ] --END-- [ RunTime:0.000588s ]
SQL: SHOW COLUMNS FROM `cfc_data` [ RunTime:0.001443s ]
SQL: SELECT * FROM `cfc_data`  [ RunTime:0.001115s ]
INFO: [ view_parse ] --START--
INFO: [ template_filter ] --START--
INFO: Run Behavior\ContentReplaceBehavior [ RunTime:0.000061s ]
INFO: [ template_filter ] --END-- [ RunTime:0.000106s ]
NOTIC: [8] Use of undefined constant Processing - assumed 'Processing' /data/home/qxu2309250088/htdocs/CFC/Application/Runtime/Cache/Home/2a94b8bda04ff446dcedd42276fc99ee.php Á¨¨ 173 Ë°å.
NOTIC: [8] Use of undefined constant Processing - assumed 'Processing' /data/home/qxu2309250088/htdocs/CFC/Application/Runtime/Cache/Home/2a94b8bda04ff446dcedd42276fc99ee.php Á¨¨ 173 Ë°å.
NOTIC: [8] Use of undefined constant Processing - assumed 'Processing' /data/home/qxu2309250088/htdocs/CFC/Application/Runtime/Cache/Home/2a94b8bda04ff446dcedd42276fc99ee.php Á¨¨ 173 Ë°å.
NOTIC: [8] Use of undefined constant Processing - assumed 'Processing' /data/home/qxu2309250088/htdocs/CFC/Application/Runtime/Cache/Home/2a94b8bda04ff446dcedd42276fc99ee.php Á¨¨ 173 Ë°å.
NOTIC: [8] Use of undefined constant Processing - assumed 'Processing' /data/home/qxu2309250088/htdocs/CFC/Application/Runtime/Cache/Home/2a94b8bda04ff446dcedd42276fc99ee.php Á¨¨ 173 Ë°å.
NOTIC: [8] Use of undefined constant Processing - assumed 'Processing' /data/home/qxu2309250088/htdocs/CFC/Application/Runtime/Cache/Home/2a94b8bda04ff446dcedd42276fc99ee.php Á¨¨ 173 Ë°å.
NOTIC: [8] Use of undefined constant Processing - assumed 'Processing' /data/home/qxu2309250088/htdocs/CFC/Application/Runtime/Cache/Home/2a94b8bda04ff446dcedd42276fc99ee.php Á¨¨ 173 Ë°å.
NOTIC: [8] Use of undefined constant Processing - assumed 'Processing' /data/home/qxu2309250088/htdocs/CFC/Application/Runtime/Cache/Home/2a94b8bda04ff446dcedd42276fc99ee.php Á¨¨ 173 Ë°å.
NOTIC: [8] Use of undefined constant Processing - assumed 'Processing' /data/home/qxu2309250088/htdocs/CFC/Application/Runtime/Cache/Home/2a94b8bda04ff446dcedd42276fc99ee.php Á¨¨ 173 Ë°å.
NOTIC: [8] Use of undefined constant Processing - assumed 'Processing' /data/home/qxu2309250088/htdocs/CFC/Application/Runtime/Cache/Home/2a94b8bda04ff446dcedd42276fc99ee.php Á¨¨ 173 Ë°å.
NOTIC: [8] Use of undefined constant Processing - assumed 'Processing' /data/home/qxu2309250088/htdocs/CFC/Application/Runtime/Cache/Home/2a94b8bda04ff446dcedd42276fc99ee.php Á¨¨ 173 Ë°å.
NOTIC: [8] Use of undefined constant Processing - assumed 'Processing' /data/home/qxu2309250088/htdocs/CFC/Application/Runtime/Cache/Home/2a94b8bda04ff446dcedd42276fc99ee.php Á¨¨ 173 Ë°å.
NOTIC: [8] Use of undefined constant Processing - assumed 'Processing' /data/home/qxu2309250088/htdocs/CFC/Application/Runtime/Cache/Home/2a94b8bda04ff446dcedd42276fc99ee.php Á¨¨ 173 Ë°å.
NOTIC: [8] Use of undefined constant Processing - assumed 'Processing' /data/home/qxu2309250088/htdocs/CFC/Application/Runtime/Cache/Home/2a94b8bda04ff446dcedd42276fc99ee.php Á¨¨ 173 Ë°å.
NOTIC: [8] Use of undefined constant Processing - assumed 'Processing' /data/home/qxu2309250088/htdocs/CFC/Application/Runtime/Cache/Home/2a94b8bda04ff446dcedd42276fc99ee.php Á¨¨ 173 Ë°å.
NOTIC: [8] Use of undefined constant Processing - assumed 'Processing' /data/home/qxu2309250088/htdocs/CFC/Application/Runtime/Cache/Home/2a94b8bda04ff446dcedd42276fc99ee.php Á¨¨ 173 Ë°å.
INFO: Run Behavior\ParseTemplateBehavior [ RunTime:0.010496s ]
INFO: [ view_parse ] --END-- [ RunTime:0.010542s ]
INFO: [ view_filter ] --START--
INFO: Run Behavior\WriteHtmlCacheBehavior [ RunTime:0.000248s ]
INFO: [ view_filter ] --END-- [ RunTime:0.000289s ]
INFO: [ app_end ] --START--
INFO: Run Behavior\ShowPageTraceBehavior [ RunTime:0.000872s ]
INFO: [ app_end ] --END-- [ RunTime:0.001000s ]

[ 2017-11-20T14:28:01+08:00 ] 223.112.69.58 /CFC/index.php/Home/Index/index
INFO: [ app_init ] --START--
INFO: Run Behavior\BuildLiteBehavior [ RunTime:0.000023s ]
INFO: [ app_init ] --END-- [ RunTime:0.000729s ]
INFO: [ app_begin ] --START--
INFO: Run Behavior\ReadHtmlCacheBehavior [ RunTime:0.000562s ]
INFO: [ app_begin ] --END-- [ RunTime:0.000616s ]
SQL: SHOW COLUMNS FROM `cfc_data` [ RunTime:0.001483s ]
SQL: SELECT * FROM `cfc_data` WHERE ( `case_number` = '15172930001' )  [ RunTime:0.000898s ]
INFO: [ view_parse ] --START--
INFO: [ template_filter ] --START--
INFO: Run Behavior\ContentReplaceBehavior [ RunTime:0.000064s ]
INFO: [ template_filter ] --END-- [ RunTime:0.000114s ]
NOTIC: [8] Use of undefined constant Processing - assumed 'Processing' /data/home/qxu2309250088/htdocs/CFC/Application/Runtime/Cache/Home/2a94b8bda04ff446dcedd42276fc99ee.php Á¨¨ 173 Ë°å.
INFO: Run Behavior\ParseTemplateBehavior [ RunTime:0.010608s ]
INFO: [ view_parse ] --END-- [ RunTime:0.010664s ]
INFO: [ view_filter ] --START--
INFO: Run Behavior\WriteHtmlCacheBehavior [ RunTime:0.000246s ]
INFO: [ view_filter ] --END-- [ RunTime:0.000284s ]
INFO: [ app_end ] --START--
INFO: Run Behavior\ShowPageTraceBehavior [ RunTime:0.000846s ]
INFO: [ app_end ] --END-- [ RunTime:0.000934s ]

[ 2017-11-20T14:28:10+08:00 ] 223.112.69.58 /CFC/index.php/Home/Index/index/condition/Sales
INFO: [ app_init ] --START--
INFO: Run Behavior\BuildLiteBehavior [ RunTime:0.000016s ]
INFO: [ app_init ] --END-- [ RunTime:0.000430s ]
INFO: [ app_begin ] --START--
INFO: Run Behavior\ReadHtmlCacheBehavior [ RunTime:0.000540s ]
INFO: [ app_begin ] --END-- [ RunTime:0.000614s ]
SQL: SHOW COLUMNS FROM `cfc_data` [ RunTime:0.001501s ]
SQL: SELECT * FROM `cfc_data` ORDER BY addCustomerTime desc  [ RunTime:0.001255s ]
INFO: [ view_parse ] --START--
INFO: [ template_filter ] --START--
INFO: Run Behavior\ContentReplaceBehavior [ RunTime:0.000064s ]
INFO: [ template_filter ] --END-- [ RunTime:0.000115s ]
NOTIC: [8] Use of undefined constant Processing - assumed 'Processing' /data/home/qxu2309250088/htdocs/CFC/Application/Runtime/Cache/Home/2a94b8bda04ff446dcedd42276fc99ee.php Á¨¨ 173 Ë°å.
NOTIC: [8] Use of undefined constant Processing - assumed 'Processing' /data/home/qxu2309250088/htdocs/CFC/Application/Runtime/Cache/Home/2a94b8bda04ff446dcedd42276fc99ee.php Á¨¨ 173 Ë°å.
NOTIC: [8] Use of undefined constant Processing - assumed 'Processing' /data/home/qxu2309250088/htdocs/CFC/Application/Runtime/Cache/Home/2a94b8bda04ff446dcedd42276fc99ee.php Á¨¨ 173 Ë°å.
NOTIC: [8] Use of undefined constant Processing - assumed 'Processing' /data/home/qxu2309250088/htdocs/CFC/Application/Runtime/Cache/Home/2a94b8bda04ff446dcedd42276fc99ee.php Á¨¨ 173 Ë°å.
NOTIC: [8] Use of undefined constant Processing - assumed 'Processing' /data/home/qxu2309250088/htdocs/CFC/Application/Runtime/Cache/Home/2a94b8bda04ff446dcedd42276fc99ee.php Á¨¨ 173 Ë°å.
NOTIC: [8] Use of undefined constant Processing - assumed 'Processing' /data/home/qxu2309250088/htdocs/CFC/Application/Runtime/Cache/Home/2a94b8bda04ff446dcedd42276fc99ee.php Á¨¨ 173 Ë°å.
NOTIC: [8] Use of undefined constant Processing - assumed 'Processing' /data/home/qxu2309250088/htdocs/CFC/Application/Runtime/Cache/Home/2a94b8bda04ff446dcedd42276fc99ee.php Á¨¨ 173 Ë°å.
NOTIC: [8] Use of undefined constant Processing - assumed 'Processing' /data/home/qxu2309250088/htdocs/CFC/Application/Runtime/Cache/Home/2a94b8bda04ff446dcedd42276fc99ee.php Á¨¨ 173 Ë°å.
NOTIC: [8] Use of undefined constant Processing - assumed 'Processing' /data/home/qxu2309250088/htdocs/CFC/Application/Runtime/Cache/Home/2a94b8bda04ff446dcedd42276fc99ee.php Á¨¨ 173 Ë°å.
NOTIC: [8] Use of undefined constant Processing - assumed 'Processing' /data/home/qxu2309250088/htdocs/CFC/Application/Runtime/Cache/Home/2a94b8bda04ff446dcedd42276fc99ee.php Á¨¨ 173 Ë°å.
NOTIC: [8] Use of undefined constant Processing - assumed 'Processing' /data/home/qxu2309250088/htdocs/CFC/Application/Runtime/Cache/Home/2a94b8bda04ff446dcedd42276fc99ee.php Á¨¨ 173 Ë°å.
NOTIC: [8] Use of undefined constant Processing - assumed 'Processing' /data/home/qxu2309250088/htdocs/CFC/Application/Runtime/Cache/Home/2a94b8bda04ff446dcedd42276fc99ee.php Á¨¨ 173 Ë°å.
NOTIC: [8] Use of undefined constant Processing - assumed 'Processing' /data/home/qxu2309250088/htdocs/CFC/Application/Runtime/Cache/Home/2a94b8bda04ff446dcedd42276fc99ee.php Á¨¨ 173 Ë°å.
NOTIC: [8] Use of undefined constant Processing - assumed 'Processing' /data/home/qxu2309250088/htdocs/CFC/Application/Runtime/Cache/Home/2a94b8bda04ff446dcedd42276fc99ee.php Á¨¨ 173 Ë°å.
NOTIC: [8] Use of undefined constant Processing - assumed 'Processing' /data/home/qxu2309250088/htdocs/CFC/Application/Runtime/Cache/Home/2a94b8bda04ff446dcedd42276fc99ee.php Á¨¨ 173 Ë°å.
NOTIC: [8] Use of undefined constant Processing - assumed 'Processing' /data/home/qxu2309250088/htdocs/CFC/Application/Runtime/Cache/Home/2a94b8bda04ff446dcedd42276fc99ee.php Á¨¨ 173 Ë°å.
INFO: Run Behavior\ParseTemplateBehavior [ RunTime:0.010645s ]
INFO: [ view_parse ] --END-- [ RunTime:0.010693s ]
INFO: [ view_filter ] --START--
INFO: Run Behavior\WriteHtmlCacheBehavior [ RunTime:0.000248s ]
INFO: [ view_filter ] --END-- [ RunTime:0.000286s ]
INFO: [ app_end ] --START--
INFO: Run Behavior\ShowPageTraceBehavior [ RunTime:0.000566s ]
INFO: [ app_end ] --END-- [ RunTime:0.000616s ]

[ 2017-11-20T14:28:16+08:00 ] 223.112.69.58 /CFC/index.php/Home/Index/index/condition/action
INFO: [ app_init ] --START--
INFO: Run Behavior\BuildLiteBehavior [ RunTime:0.000045s ]
INFO: [ app_init ] --END-- [ RunTime:0.000507s ]
INFO: [ app_begin ] --START--
INFO: Run Behavior\ReadHtmlCacheBehavior [ RunTime:0.000523s ]
INFO: [ app_begin ] --END-- [ RunTime:0.000574s ]
SQL: SHOW COLUMNS FROM `cfc_data` [ RunTime:0.001499s ]
SQL: SELECT * FROM `cfc_data` ORDER BY addCustomerTime desc  [ RunTime:0.001185s ]
INFO: [ view_parse ] --START--
INFO: [ template_filter ] --START--
INFO: Run Behavior\ContentReplaceBehavior [ RunTime:0.000070s ]
INFO: [ template_filter ] --END-- [ RunTime:0.000134s ]
NOTIC: [8] Use of undefined constant Processing - assumed 'Processing' /data/home/qxu2309250088/htdocs/CFC/Application/Runtime/Cache/Home/2a94b8bda04ff446dcedd42276fc99ee.php Á¨¨ 173 Ë°å.
NOTIC: [8] Use of undefined constant Processing - assumed 'Processing' /data/home/qxu2309250088/htdocs/CFC/Application/Runtime/Cache/Home/2a94b8bda04ff446dcedd42276fc99ee.php Á¨¨ 173 Ë°å.
NOTIC: [8] Use of undefined constant Processing - assumed 'Processing' /data/home/qxu2309250088/htdocs/CFC/Application/Runtime/Cache/Home/2a94b8bda04ff446dcedd42276fc99ee.php Á¨¨ 173 Ë°å.
NOTIC: [8] Use of undefined constant Processing - assumed 'Processing' /data/home/qxu2309250088/htdocs/CFC/Application/Runtime/Cache/Home/2a94b8bda04ff446dcedd42276fc99ee.php Á¨¨ 173 Ë°å.
NOTIC: [8] Use of undefined constant Processing - assumed 'Processing' /data/home/qxu2309250088/htdocs/CFC/Application/Runtime/Cache/Home/2a94b8bda04ff446dcedd42276fc99ee.php Á¨¨ 173 Ë°å.
NOTIC: [8] Use of undefined constant Processing - assumed 'Processing' /data/home/qxu2309250088/htdocs/CFC/Application/Runtime/Cache/Home/2a94b8bda04ff446dcedd42276fc99ee.php Á¨¨ 173 Ë°å.
NOTIC: [8] Use of undefined constant Processing - assumed 'Processing' /data/home/qxu2309250088/htdocs/CFC/Application/Runtime/Cache/Home/2a94b8bda04ff446dcedd42276fc99ee.php Á¨¨ 173 Ë°å.
NOTIC: [8] Use of undefined constant Processing - assumed 'Processing' /data/home/qxu2309250088/htdocs/CFC/Application/Runtime/Cache/Home/2a94b8bda04ff446dcedd42276fc99ee.php Á¨¨ 173 Ë°å.
NOTIC: [8] Use of undefined constant Processing - assumed 'Processing' /data/home/qxu2309250088/htdocs/CFC/Application/Runtime/Cache/Home/2a94b8bda04ff446dcedd42276fc99ee.php Á¨¨ 173 Ë°å.
NOTIC: [8] Use of undefined constant Processing - assumed 'Processing' /data/home/qxu2309250088/htdocs/CFC/Application/Runtime/Cache/Home/2a94b8bda04ff446dcedd42276fc99ee.php Á¨¨ 173 Ë°å.
NOTIC: [8] Use of undefined constant Processing - assumed 'Processing' /data/home/qxu2309250088/htdocs/CFC/Application/Runtime/Cache/Home/2a94b8bda04ff446dcedd42276fc99ee.php Á¨¨ 173 Ë°å.
NOTIC: [8] Use of undefined constant Processing - assumed 'Processing' /data/home/qxu2309250088/htdocs/CFC/Application/Runtime/Cache/Home/2a94b8bda04ff446dcedd42276fc99ee.php Á¨¨ 173 Ë°å.
NOTIC: [8] Use of undefined constant Processing - assumed 'Processing' /data/home/qxu2309250088/htdocs/CFC/Application/Runtime/Cache/Home/2a94b8bda04ff446dcedd42276fc99ee.php Á¨¨ 173 Ë°å.
NOTIC: [8] Use of undefined constant Processing - assumed 'Processing' /data/home/qxu2309250088/htdocs/CFC/Application/Runtime/Cache/Home/2a94b8bda04ff446dcedd42276fc99ee.php Á¨¨ 173 Ë°å.
NOTIC: [8] Use of undefined constant Processing - assumed 'Processing' /data/home/qxu2309250088/htdocs/CFC/Application/Runtime/Cache/Home/2a94b8bda04ff446dcedd42276fc99ee.php Á¨¨ 173 Ë°å.
NOTIC: [8] Use of undefined constant Processing - assumed 'Processing' /data/home/qxu2309250088/htdocs/CFC/Application/Runtime/Cache/Home/2a94b8bda04ff446dcedd42276fc99ee.php Á¨¨ 173 Ë°å.
INFO: Run Behavior\ParseTemplateBehavior [ RunTime:0.011197s ]
INFO: [ view_parse ] --END-- [ RunTime:0.011246s ]
INFO: [ view_filter ] --START--
INFO: Run Behavior\WriteHtmlCacheBehavior [ RunTime:0.000254s ]
INFO: [ view_filter ] --END-- [ RunTime:0.000294s ]
INFO: [ app_end ] --START--
INFO: Run Behavior\ShowPageTraceBehavior [ RunTime:0.000583s ]
INFO: [ app_end ] --END-- [ RunTime:0.000655s ]

[ 2017-11-20T14:28:24+08:00 ] 223.112.69.58 /CFC/index.php/Home/Index/index/condition/action
INFO: [ app_init ] --START--
INFO: Run Behavior\BuildLiteBehavior [ RunTime:0.000013s ]
INFO: [ app_init ] --END-- [ RunTime:0.000417s ]
INFO: [ app_begin ] --START--
INFO: Run Behavior\ReadHtmlCacheBehavior [ RunTime:0.000497s ]
INFO: [ app_begin ] --END-- [ RunTime:0.000546s ]
SQL: SHOW COLUMNS FROM `cfc_data` [ RunTime:0.001482s ]
SQL: SELECT * FROM `cfc_data` ORDER BY addCustomerTime desc  [ RunTime:0.001223s ]
INFO: [ view_parse ] --START--
INFO: [ template_filter ] --START--
INFO: Run Behavior\ContentReplaceBehavior [ RunTime:0.000069s ]
INFO: [ template_filter ] --END-- [ RunTime:0.000133s ]
NOTIC: [8] Use of undefined constant Processing - assumed 'Processing' /data/home/qxu2309250088/htdocs/CFC/Application/Runtime/Cache/Home/2a94b8bda04ff446dcedd42276fc99ee.php Á¨¨ 173 Ë°å.
NOTIC: [8] Use of undefined constant Processing - assumed 'Processing' /data/home/qxu2309250088/htdocs/CFC/Application/Runtime/Cache/Home/2a94b8bda04ff446dcedd42276fc99ee.php Á¨¨ 173 Ë°å.
NOTIC: [8] Use of undefined constant Processing - assumed 'Processing' /data/home/qxu2309250088/htdocs/CFC/Application/Runtime/Cache/Home/2a94b8bda04ff446dcedd42276fc99ee.php Á¨¨ 173 Ë°å.
NOTIC: [8] Use of undefined constant Processing - assumed 'Processing' /data/home/qxu2309250088/htdocs/CFC/Application/Runtime/Cache/Home/2a94b8bda04ff446dcedd42276fc99ee.php Á¨¨ 173 Ë°å.
NOTIC: [8] Use of undefined constant Processing - assumed 'Processing' /data/home/qxu2309250088/htdocs/CFC/Application/Runtime/Cache/Home/2a94b8bda04ff446dcedd42276fc99ee.php Á¨¨ 173 Ë°å.
NOTIC: [8] Use of undefined constant Processing - assumed 'Processing' /data/home/qxu2309250088/htdocs/CFC/Application/Runtime/Cache/Home/2a94b8bda04ff446dcedd42276fc99ee.php Á¨¨ 173 Ë°å.
NOTIC: [8] Use of undefined constant Processing - assumed 'Processing' /data/home/qxu2309250088/htdocs/CFC/Application/Runtime/Cache/Home/2a94b8bda04ff446dcedd42276fc99ee.php Á¨¨ 173 Ë°å.
NOTIC: [8] Use of undefined constant Processing - assumed 'Processing' /data/home/qxu2309250088/htdocs/CFC/Application/Runtime/Cache/Home/2a94b8bda04ff446dcedd42276fc99ee.php Á¨¨ 173 Ë°å.
NOTIC: [8] Use of undefined constant Processing - assumed 'Processing' /data/home/qxu2309250088/htdocs/CFC/Application/Runtime/Cache/Home/2a94b8bda04ff446dcedd42276fc99ee.php Á¨¨ 173 Ë°å.
NOTIC: [8] Use of undefined constant Processing - assumed 'Processing' /data/home/qxu2309250088/htdocs/CFC/Application/Runtime/Cache/Home/2a94b8bda04ff446dcedd42276fc99ee.php Á¨¨ 173 Ë°å.
NOTIC: [8] Use of undefined constant Processing - assumed 'Processing' /data/home/qxu2309250088/htdocs/CFC/Application/Runtime/Cache/Home/2a94b8bda04ff446dcedd42276fc99ee.php Á¨¨ 173 Ë°å.
NOTIC: [8] Use of undefined constant Processing - assumed 'Processing' /data/home/qxu2309250088/htdocs/CFC/Application/Runtime/Cache/Home/2a94b8bda04ff446dcedd42276fc99ee.php Á¨¨ 173 Ë°å.
NOTIC: [8] Use of undefined constant Processing - assumed 'Processing' /data/home/qxu2309250088/htdocs/CFC/Application/Runtime/Cache/Home/2a94b8bda04ff446dcedd42276fc99ee.php Á¨¨ 173 Ë°å.
NOTIC: [8] Use of undefined constant Processing - assumed 'Processing' /data/home/qxu2309250088/htdocs/CFC/Application/Runtime/Cache/Home/2a94b8bda04ff446dcedd42276fc99ee.php Á¨¨ 173 Ë°å.
NOTIC: [8] Use of undefined constant Processing - assumed 'Processing' /data/home/qxu2309250088/htdocs/CFC/Application/Runtime/Cache/Home/2a94b8bda04ff446dcedd42276fc99ee.php Á¨¨ 173 Ë°å.
NOTIC: [8] Use of undefined constant Processing - assumed 'Processing' /data/home/qxu2309250088/htdocs/CFC/Application/Runtime/Cache/Home/2a94b8bda04ff446dcedd42276fc99ee.php Á¨¨ 173 Ë°å.
INFO: Run Behavior\ParseTemplateBehavior [ RunTime:0.011021s ]
INFO: [ view_parse ] --END-- [ RunTime:0.011082s ]
INFO: [ view_filter ] --START--
INFO: Run Behavior\WriteHtmlCacheBehavior [ RunTime:0.000260s ]
INFO: [ view_filter ] --END-- [ RunTime:0.000301s ]
INFO: [ app_end ] --START--
INFO: Run Behavior\ShowPageTraceBehavior [ RunTime:0.000598s ]
INFO: [ app_end ] --END-- [ RunTime:0.000651s ]

[ 2017-11-20T14:28:28+08:00 ] 223.112.69.58 /CFC/index.php/Home/Index/index/condition/addCustomerTime
INFO: [ app_init ] --START--
INFO: Run Behavior\BuildLiteBehavior [ RunTime:0.000016s ]
INFO: [ app_init ] --END-- [ RunTime:0.000454s ]
INFO: [ app_begin ] --START--
INFO: Run Behavior\ReadHtmlCacheBehavior [ RunTime:0.000545s ]
INFO: [ app_begin ] --END-- [ RunTime:0.000594s ]
SQL: SHOW COLUMNS FROM `cfc_data` [ RunTime:0.001453s ]
SQL: SELECT * FROM `cfc_data` ORDER BY addCustomerTime desc  [ RunTime:0.001153s ]
INFO: [ view_parse ] --START--
INFO: [ template_filter ] --START--
INFO: Run Behavior\ContentReplaceBehavior [ RunTime:0.000066s ]
INFO: [ template_filter ] --END-- [ RunTime:0.000119s ]
NOTIC: [8] Use of undefined constant Processing - assumed 'Processing' /data/home/qxu2309250088/htdocs/CFC/Application/Runtime/Cache/Home/2a94b8bda04ff446dcedd42276fc99ee.php Á¨¨ 173 Ë°å.
NOTIC: [8] Use of undefined constant Processing - assumed 'Processing' /data/home/qxu2309250088/htdocs/CFC/Application/Runtime/Cache/Home/2a94b8bda04ff446dcedd42276fc99ee.php Á¨¨ 173 Ë°å.
NOTIC: [8] Use of undefined constant Processing - assumed 'Processing' /data/home/qxu2309250088/htdocs/CFC/Application/Runtime/Cache/Home/2a94b8bda04ff446dcedd42276fc99ee.php Á¨¨ 173 Ë°å.
NOTIC: [8] Use of undefined constant Processing - assumed 'Processing' /data/home/qxu2309250088/htdocs/CFC/Application/Runtime/Cache/Home/2a94b8bda04ff446dcedd42276fc99ee.php Á¨¨ 173 Ë°å.
NOTIC: [8] Use of undefined constant Processing - assumed 'Processing' /data/home/qxu2309250088/htdocs/CFC/Application/Runtime/Cache/Home/2a94b8bda04ff446dcedd42276fc99ee.php Á¨¨ 173 Ë°å.
NOTIC: [8] Use of undefined constant Processing - assumed 'Processing' /data/home/qxu2309250088/htdocs/CFC/Application/Runtime/Cache/Home/2a94b8bda04ff446dcedd42276fc99ee.php Á¨¨ 173 Ë°å.
NOTIC: [8] Use of undefined constant Processing - assumed 'Processing' /data/home/qxu2309250088/htdocs/CFC/Application/Runtime/Cache/Home/2a94b8bda04ff446dcedd42276fc99ee.php Á¨¨ 173 Ë°å.
NOTIC: [8] Use of undefined constant Processing - assumed 'Processing' /data/home/qxu2309250088/htdocs/CFC/Application/Runtime/Cache/Home/2a94b8bda04ff446dcedd42276fc99ee.php Á¨¨ 173 Ë°å.
NOTIC: [8] Use of undefined constant Processing - assumed 'Processing' /data/home/qxu2309250088/htdocs/CFC/Application/Runtime/Cache/Home/2a94b8bda04ff446dcedd42276fc99ee.php Á¨¨ 173 Ë°å.
NOTIC: [8] Use of undefined constant Processing - assumed 'Processing' /data/home/qxu2309250088/htdocs/CFC/Application/Runtime/Cache/Home/2a94b8bda04ff446dcedd42276fc99ee.php Á¨¨ 173 Ë°å.
NOTIC: [8] Use of undefined constant Processing - assumed 'Processing' /data/home/qxu2309250088/htdocs/CFC/Application/Runtime/Cache/Home/2a94b8bda04ff446dcedd42276fc99ee.php Á¨¨ 173 Ë°å.
NOTIC: [8] Use of undefined constant Processing - assumed 'Processing' /data/home/qxu2309250088/htdocs/CFC/Application/Runtime/Cache/Home/2a94b8bda04ff446dcedd42276fc99ee.php Á¨¨ 173 Ë°å.
NOTIC: [8] Use of undefined constant Processing - assumed 'Processing' /data/home/qxu2309250088/htdocs/CFC/Application/Runtime/Cache/Home/2a94b8bda04ff446dcedd42276fc99ee.php Á¨¨ 173 Ë°å.
NOTIC: [8] Use of undefined constant Processing - assumed 'Processing' /data/home/qxu2309250088/htdocs/CFC/Application/Runtime/Cache/Home/2a94b8bda04ff446dcedd42276fc99ee.php Á¨¨ 173 Ë°å.
NOTIC: [8] Use of undefined constant Processing - assumed 'Processing' /data/home/qxu2309250088/htdocs/CFC/Application/Runtime/Cache/Home/2a94b8bda04ff446dcedd42276fc99ee.php Á¨¨ 173 Ë°å.
NOTIC: [8] Use of undefined constant Processing - assumed 'Processing' /data/home/qxu2309250088/htdocs/CFC/Application/Runtime/Cache/Home/2a94b8bda04ff446dcedd42276fc99ee.php Á¨¨ 173 Ë°å.
INFO: Run Behavior\ParseTemplateBehavior [ RunTime:0.010850s ]
INFO: [ view_parse ] --END-- [ RunTime:0.010899s ]
INFO: [ view_filter ] --START--
INFO: Run Behavior\WriteHtmlCacheBehavior [ RunTime:0.000271s ]
INFO: [ view_filter ] --END-- [ RunTime:0.000311s ]
INFO: [ app_end ] --START--
INFO: Run Behavior\ShowPageTraceBehavior [ RunTime:0.000568s ]
INFO: [ app_end ] --END-- [ RunTime:0.000616s ]

[ 2017-11-20T14:28:32+08:00 ] 223.112.69.58 /CFC/index.php/Home/Index/inde
INFO: [ app_init ] --START--
INFO: Run Behavior\BuildLiteBehavior [ RunTime:0.000015s ]
INFO: [ app_init ] --END-- [ RunTime:0.000428s ]
INFO: [ app_begin ] --START--
INFO: Run Behavior\ReadHtmlCacheBehavior [ RunTime:0.000528s ]
INFO: [ app_begin ] --END-- [ RunTime:0.000580s ]
ERR: ÈùûÊ≥ïÊìç‰Ωú:inde

[ 2017-11-20T14:28:36+08:00 ] 223.112.69.58 /CFC/index.php/Home/Index/index
INFO: [ app_init ] --START--
INFO: Run Behavior\BuildLiteBehavior [ RunTime:0.000016s ]
INFO: [ app_init ] --END-- [ RunTime:0.000471s ]
INFO: [ app_begin ] --START--
INFO: Run Behavior\ReadHtmlCacheBehavior [ RunTime:0.000514s ]
INFO: [ app_begin ] --END-- [ RunTime:0.000588s ]
SQL: SHOW COLUMNS FROM `cfc_data` [ RunTime:0.001438s ]
SQL: SELECT * FROM `cfc_data`  [ RunTime:0.004250s ]
INFO: [ view_parse ] --START--
INFO: [ template_filter ] --START--
INFO: Run Behavior\ContentReplaceBehavior [ RunTime:0.000081s ]
INFO: [ template_filter ] --END-- [ RunTime:0.000140s ]
NOTIC: [8] Use of undefined constant Processing - assumed 'Processing' /data/home/qxu2309250088/htdocs/CFC/Application/Runtime/Cache/Home/2a94b8bda04ff446dcedd42276fc99ee.php Á¨¨ 173 Ë°å.
NOTIC: [8] Use of undefined constant Processing - assumed 'Processing' /data/home/qxu2309250088/htdocs/CFC/Application/Runtime/Cache/Home/2a94b8bda04ff446dcedd42276fc99ee.php Á¨¨ 173 Ë°å.
NOTIC: [8] Use of undefined constant Processing - assumed 'Processing' /data/home/qxu2309250088/htdocs/CFC/Application/Runtime/Cache/Home/2a94b8bda04ff446dcedd42276fc99ee.php Á¨¨ 173 Ë°å.
NOTIC: [8] Use of undefined constant Processing - assumed 'Processing' /data/home/qxu2309250088/htdocs/CFC/Application/Runtime/Cache/Home/2a94b8bda04ff446dcedd42276fc99ee.php Á¨¨ 173 Ë°å.
NOTIC: [8] Use of undefined constant Processing - assumed 'Processing' /data/home/qxu2309250088/htdocs/CFC/Application/Runtime/Cache/Home/2a94b8bda04ff446dcedd42276fc99ee.php Á¨¨ 173 Ë°å.
NOTIC: [8] Use of undefined constant Processing - assumed 'Processing' /data/home/qxu2309250088/htdocs/CFC/Application/Runtime/Cache/Home/2a94b8bda04ff446dcedd42276fc99ee.php Á¨¨ 173 Ë°å.
NOTIC: [8] Use of undefined constant Processing - assumed 'Processing' /data/home/qxu2309250088/htdocs/CFC/Application/Runtime/Cache/Home/2a94b8bda04ff446dcedd42276fc99ee.php Á¨¨ 173 Ë°å.
NOTIC: [8] Use of undefined constant Processing - assumed 'Processing' /data/home/qxu2309250088/htdocs/CFC/Application/Runtime/Cache/Home/2a94b8bda04ff446dcedd42276fc99ee.php Á¨¨ 173 Ë°å.
NOTIC: [8] Use of undefined constant Processing - assumed 'Processing' /data/home/qxu2309250088/htdocs/CFC/Application/Runtime/Cache/Home/2a94b8bda04ff446dcedd42276fc99ee.php Á¨¨ 173 Ë°å.
NOTIC: [8] Use of undefined constant Processing - assumed 'Processing' /data/home/qxu2309250088/htdocs/CFC/Application/Runtime/Cache/Home/2a94b8bda04ff446dcedd42276fc99ee.php Á¨¨ 173 Ë°å.
NOTIC: [8] Use of undefined constant Processing - assumed 'Processing' /data/home/qxu2309250088/htdocs/CFC/Application/Runtime/Cache/Home/2a94b8bda04ff446dcedd42276fc99ee.php Á¨¨ 173 Ë°å.
NOTIC: [8] Use of undefined constant Processing - assumed 'Processing' /data/home/qxu2309250088/htdocs/CFC/Application/Runtime/Cache/Home/2a94b8bda04ff446dcedd42276fc99ee.php Á¨¨ 173 Ë°å.
NOTIC: [8] Use of undefined constant Processing - assumed 'Processing' /data/home/qxu2309250088/htdocs/CFC/Application/Runtime/Cache/Home/2a94b8bda04ff446dcedd42276fc99ee.php Á¨¨ 173 Ë°å.
NOTIC: [8] Use of undefined constant Processing - assumed 'Processing' /data/home/qxu2309250088/htdocs/CFC/Application/Runtime/Cache/Home/2a94b8bda04ff446dcedd42276fc99ee.php Á¨¨ 173 Ë°å.
NOTIC: [8] Use of undefined constant Processing - assumed 'Processing' /data/home/qxu2309250088/htdocs/CFC/Application/Runtime/Cache/Home/2a94b8bda04ff446dcedd42276fc99ee.php Á¨¨ 173 Ë°å.
NOTIC: [8] Use of undefined constant Processing - assumed 'Processing' /data/home/qxu2309250088/htdocs/CFC/Application/Runtime/Cache/Home/2a94b8bda04ff446dcedd42276fc99ee.php Á¨¨ 173 Ë°å.
INFO: Run Behavior\ParseTemplateBehavior [ RunTime:0.011744s ]
INFO: [ view_parse ] --END-- [ RunTime:0.011793s ]
INFO: [ view_filter ] --START--
INFO: Run Behavior\WriteHtmlCacheBehavior [ RunTime:0.000263s ]
INFO: [ view_filter ] --END-- [ RunTime:0.000302s ]
INFO: [ app_end ] --START--
INFO: Run Behavior\ShowPageTraceBehavior [ RunTime:0.000580s ]
INFO: [ app_end ] --END-- [ RunTime:0.000639s ]

[ 2017-11-20T14:33:11+08:00 ] 61.244.118.157 /CFC/index.php/Home/Login/login.html
INFO: [ app_init ] --START--
INFO: Run Behavior\BuildLiteBehavior [ RunTime:0.000015s ]
INFO: [ app_init ] --END-- [ RunTime:0.000430s ]
INFO: [ app_begin ] --START--
INFO: Run Behavior\ReadHtmlCacheBehavior [ RunTime:0.000715s ]
INFO: [ app_begin ] --END-- [ RunTime:0.000796s ]
INFO: [ view_parse ] --START--
INFO: [ template_filter ] --START--
INFO: Run Behavior\ContentReplaceBehavior [ RunTime:0.000041s ]
INFO: [ template_filter ] --END-- [ RunTime:0.000102s ]
INFO: Run Behavior\ParseTemplateBehavior [ RunTime:0.006484s ]
INFO: [ view_parse ] --END-- [ RunTime:0.006548s ]
INFO: [ view_filter ] --START--
INFO: Run Behavior\WriteHtmlCacheBehavior [ RunTime:0.000257s ]
INFO: [ view_filter ] --END-- [ RunTime:0.000303s ]
INFO: [ app_end ] --START--
INFO: Run Behavior\ShowPageTraceBehavior [ RunTime:0.000605s ]
INFO: [ app_end ] --END-- [ RunTime:0.000654s ]

[ 2017-11-20T14:33:29+08:00 ] 61.244.118.157 /CFC/index.php/Home/Login/check_login
INFO: [ app_init ] --START--
INFO: Run Behavior\BuildLiteBehavior [ RunTime:0.000014s ]
INFO: [ app_init ] --END-- [ RunTime:0.000412s ]
INFO: [ app_begin ] --START--
INFO: Run Behavior\ReadHtmlCacheBehavior [ RunTime:0.000509s ]
INFO: [ app_begin ] --END-- [ RunTime:0.000583s ]
SQL: SHOW COLUMNS FROM `cfc_admin` [ RunTime:0.001082s ]
SQL: SELECT * FROM `cfc_admin` WHERE ( `username` = 'jiayuwang' ) AND ( `password` = '1644' ) LIMIT 1   [ RunTime:0.000687s ]
INFO: [ view_parse ] --START--
INFO: [ template_filter ] --START--
INFO: Run Behavior\ContentReplaceBehavior [ RunTime:0.000032s ]
INFO: [ template_filter ] --END-- [ RunTime:0.000083s ]
INFO: Run Behavior\ParseTemplateBehavior [ RunTime:0.006032s ]
INFO: [ view_parse ] --END-- [ RunTime:0.006085s ]
INFO: [ view_filter ] --START--
INFO: Run Behavior\WriteHtmlCacheBehavior [ RunTime:0.000272s ]
INFO: [ view_filter ] --END-- [ RunTime:0.000310s ]
INFO: [ app_end ] --START--
INFO: Run Behavior\ShowPageTraceBehavior [ RunTime:0.000579s ]
INFO: [ app_end ] --END-- [ RunTime:0.000630s ]

[ 2017-11-20T14:33:30+08:00 ] 61.244.118.157 /CFC/index.php/Home/Index/index.html
INFO: [ app_init ] --START--
INFO: Run Behavior\BuildLiteBehavior [ RunTime:0.000015s ]
INFO: [ app_init ] --END-- [ RunTime:0.000420s ]
INFO: [ app_begin ] --START--
INFO: Run Behavior\ReadHtmlCacheBehavior [ RunTime:0.000544s ]
INFO: [ app_begin ] --END-- [ RunTime:0.000595s ]
SQL: SHOW COLUMNS FROM `cfc_data` [ RunTime:0.001383s ]
SQL: SELECT * FROM `cfc_data`  [ RunTime:0.001111s ]
INFO: [ view_parse ] --START--
INFO: [ template_filter ] --START--
INFO: Run Behavior\ContentReplaceBehavior [ RunTime:0.000064s ]
INFO: [ template_filter ] --END-- [ RunTime:0.000114s ]
NOTIC: [8] Use of undefined constant Processing - assumed 'Processing' /data/home/qxu2309250088/htdocs/CFC/Application/Runtime/Cache/Home/2a94b8bda04ff446dcedd42276fc99ee.php Á¨¨ 173 Ë°å.
NOTIC: [8] Use of undefined constant Processing - assumed 'Processing' /data/home/qxu2309250088/htdocs/CFC/Application/Runtime/Cache/Home/2a94b8bda04ff446dcedd42276fc99ee.php Á¨¨ 173 Ë°å.
NOTIC: [8] Use of undefined constant Processing - assumed 'Processing' /data/home/qxu2309250088/htdocs/CFC/Application/Runtime/Cache/Home/2a94b8bda04ff446dcedd42276fc99ee.php Á¨¨ 173 Ë°å.
NOTIC: [8] Use of undefined constant Processing - assumed 'Processing' /data/home/qxu2309250088/htdocs/CFC/Application/Runtime/Cache/Home/2a94b8bda04ff446dcedd42276fc99ee.php Á¨¨ 173 Ë°å.
NOTIC: [8] Use of undefined constant Processing - assumed 'Processing' /data/home/qxu2309250088/htdocs/CFC/Application/Runtime/Cache/Home/2a94b8bda04ff446dcedd42276fc99ee.php Á¨¨ 173 Ë°å.
NOTIC: [8] Use of undefined constant Processing - assumed 'Processing' /data/home/qxu2309250088/htdocs/CFC/Application/Runtime/Cache/Home/2a94b8bda04ff446dcedd42276fc99ee.php Á¨¨ 173 Ë°å.
NOTIC: [8] Use of undefined constant Processing - assumed 'Processing' /data/home/qxu2309250088/htdocs/CFC/Application/Runtime/Cache/Home/2a94b8bda04ff446dcedd42276fc99ee.php Á¨¨ 173 Ë°å.
NOTIC: [8] Use of undefined constant Processing - assumed 'Processing' /data/home/qxu2309250088/htdocs/CFC/Application/Runtime/Cache/Home/2a94b8bda04ff446dcedd42276fc99ee.php Á¨¨ 173 Ë°å.
NOTIC: [8] Use of undefined constant Processing - assumed 'Processing' /data/home/qxu2309250088/htdocs/CFC/Application/Runtime/Cache/Home/2a94b8bda04ff446dcedd42276fc99ee.php Á¨¨ 173 Ë°å.
NOTIC: [8] Use of undefined constant Processing - assumed 'Processing' /data/home/qxu2309250088/htdocs/CFC/Application/Runtime/Cache/Home/2a94b8bda04ff446dcedd42276fc99ee.php Á¨¨ 173 Ë°å.
NOTIC: [8] Use of undefined constant Processing - assumed 'Processing' /data/home/qxu2309250088/htdocs/CFC/Application/Runtime/Cache/Home/2a94b8bda04ff446dcedd42276fc99ee.php Á¨¨ 173 Ë°å.
NOTIC: [8] Use of undefined constant Processing - assumed 'Processing' /data/home/qxu2309250088/htdocs/CFC/Application/Runtime/Cache/Home/2a94b8bda04ff446dcedd42276fc99ee.php Á¨¨ 173 Ë°å.
NOTIC: [8] Use of undefined constant Processing - assumed 'Processing' /data/home/qxu2309250088/htdocs/CFC/Application/Runtime/Cache/Home/2a94b8bda04ff446dcedd42276fc99ee.php Á¨¨ 173 Ë°å.
NOTIC: [8] Use of undefined constant Processing - assumed 'Processing' /data/home/qxu2309250088/htdocs/CFC/Application/Runtime/Cache/Home/2a94b8bda04ff446dcedd42276fc99ee.php Á¨¨ 173 Ë°å.
NOTIC: [8] Use of undefined constant Processing - assumed 'Processing' /data/home/qxu2309250088/htdocs/CFC/Application/Runtime/Cache/Home/2a94b8bda04ff446dcedd42276fc99ee.php Á¨¨ 173 Ë°å.
NOTIC: [8] Use of undefined constant Processing - assumed 'Processing' /data/home/qxu2309250088/htdocs/CFC/Application/Runtime/Cache/Home/2a94b8bda04ff446dcedd42276fc99ee.php Á¨¨ 173 Ë°å.
INFO: Run Behavior\ParseTemplateBehavior [ RunTime:0.010853s ]
INFO: [ view_parse ] --END-- [ RunTime:0.010903s ]
INFO: [ view_filter ] --START--
INFO: Run Behavior\WriteHtmlCacheBehavior [ RunTime:0.000246s ]
INFO: [ view_filter ] --END-- [ RunTime:0.000286s ]
INFO: [ app_end ] --START--
INFO: Run Behavior\ShowPageTraceBehavior [ RunTime:0.000590s ]
INFO: [ app_end ] --END-- [ RunTime:0.000639s ]

[ 2017-11-20T17:29:30+08:00 ] 223.112.69.58 /CFC/
INFO: [ app_init ] --START--
INFO: Run Behavior\BuildLiteBehavior [ RunTime:0.000013s ]
INFO: [ app_init ] --END-- [ RunTime:0.000418s ]
INFO: [ app_begin ] --START--
INFO: Run Behavior\ReadHtmlCacheBehavior [ RunTime:0.000635s ]
INFO: [ app_begin ] --END-- [ RunTime:0.000695s ]
SQL: SHOW COLUMNS FROM `cfc_data` [ RunTime:0.001682s ]
SQL: SELECT * FROM `cfc_data`  [ RunTime:0.001531s ]
INFO: [ view_parse ] --START--
INFO: [ template_filter ] --START--
INFO: Run Behavior\ContentReplaceBehavior [ RunTime:0.000072s ]
INFO: [ template_filter ] --END-- [ RunTime:0.000139s ]
NOTIC: [8] Use of undefined constant Processing - assumed 'Processing' /data/home/qxu2309250088/htdocs/CFC/Application/Runtime/Cache/Home/2a94b8bda04ff446dcedd42276fc99ee.php Á¨¨ 173 Ë°å.
NOTIC: [8] Use of undefined constant Processing - assumed 'Processing' /data/home/qxu2309250088/htdocs/CFC/Application/Runtime/Cache/Home/2a94b8bda04ff446dcedd42276fc99ee.php Á¨¨ 173 Ë°å.
NOTIC: [8] Use of undefined constant Processing - assumed 'Processing' /data/home/qxu2309250088/htdocs/CFC/Application/Runtime/Cache/Home/2a94b8bda04ff446dcedd42276fc99ee.php Á¨¨ 173 Ë°å.
NOTIC: [8] Use of undefined constant Processing - assumed 'Processing' /data/home/qxu2309250088/htdocs/CFC/Application/Runtime/Cache/Home/2a94b8bda04ff446dcedd42276fc99ee.php Á¨¨ 173 Ë°å.
NOTIC: [8] Use of undefined constant Processing - assumed 'Processing' /data/home/qxu2309250088/htdocs/CFC/Application/Runtime/Cache/Home/2a94b8bda04ff446dcedd42276fc99ee.php Á¨¨ 173 Ë°å.
NOTIC: [8] Use of undefined constant Processing - assumed 'Processing' /data/home/qxu2309250088/htdocs/CFC/Application/Runtime/Cache/Home/2a94b8bda04ff446dcedd42276fc99ee.php Á¨¨ 173 Ë°å.
NOTIC: [8] Use of undefined constant Processing - assumed 'Processing' /data/home/qxu2309250088/htdocs/CFC/Application/Runtime/Cache/Home/2a94b8bda04ff446dcedd42276fc99ee.php Á¨¨ 173 Ë°å.
NOTIC: [8] Use of undefined constant Processing - assumed 'Processing' /data/home/qxu2309250088/htdocs/CFC/Application/Runtime/Cache/Home/2a94b8bda04ff446dcedd42276fc99ee.php Á¨¨ 173 Ë°å.
NOTIC: [8] Use of undefined constant Processing - assumed 'Processing' /data/home/qxu2309250088/htdocs/CFC/Application/Runtime/Cache/Home/2a94b8bda04ff446dcedd42276fc99ee.php Á¨¨ 173 Ë°å.
NOTIC: [8] Use of undefined constant Processing - assumed 'Processing' /data/home/qxu2309250088/htdocs/CFC/Application/Runtime/Cache/Home/2a94b8bda04ff446dcedd42276fc99ee.php Á¨¨ 173 Ë°å.
NOTIC: [8] Use of undefined constant Processing - assumed 'Processing' /data/home/qxu2309250088/htdocs/CFC/Application/Runtime/Cache/Home/2a94b8bda04ff446dcedd42276fc99ee.php Á¨¨ 173 Ë°å.
NOTIC: [8] Use of undefined constant Processing - assumed 'Processing' /data/home/qxu2309250088/htdocs/CFC/Application/Runtime/Cache/Home/2a94b8bda04ff446dcedd42276fc99ee.php Á¨¨ 173 Ë°å.
NOTIC: [8] Use of undefined constant Processing - assumed 'Processing' /data/home/qxu2309250088/htdocs/CFC/Application/Runtime/Cache/Home/2a94b8bda04ff446dcedd42276fc99ee.php Á¨¨ 173 Ë°å.
NOTIC: [8] Use of undefined constant Processing - assumed 'Processing' /data/home/qxu2309250088/htdocs/CFC/Application/Runtime/Cache/Home/2a94b8bda04ff446dcedd42276fc99ee.php Á¨¨ 173 Ë°å.
NOTIC: [8] Use of undefined constant Processing - assumed 'Processing' /data/home/qxu2309250088/htdocs/CFC/Application/Runtime/Cache/Home/2a94b8bda04ff446dcedd42276fc99ee.php Á¨¨ 173 Ë°å.
NOTIC: [8] Use of undefined constant Processing - assumed 'Processing' /data/home/qxu2309250088/htdocs/CFC/Application/Runtime/Cache/Home/2a94b8bda04ff446dcedd42276fc99ee.php Á¨¨ 173 Ë°å.
INFO: Run Behavior\ParseTemplateBehavior [ RunTime:0.011744s ]
INFO: [ view_parse ] --END-- [ RunTime:0.011794s ]
INFO: [ view_filter ] --START--
INFO: Run Behavior\WriteHtmlCacheBehavior [ RunTime:0.000250s ]
INFO: [ view_filter ] --END-- [ RunTime:0.000289s ]
INFO: [ app_end ] --START--
INFO: Run Behavior\ShowPageTraceBehavior [ RunTime:0.000846s ]
INFO: [ app_end ] --END-- [ RunTime:0.000909s ]

[ 2017-11-20T17:29:36+08:00 ] 223.112.69.58 /CFC/
INFO: [ app_init ] --START--
INFO: Run Behavior\BuildLiteBehavior [ RunTime:0.000034s ]
INFO: [ app_init ] --END-- [ RunTime:0.000414s ]
INFO: [ app_begin ] --START--
INFO: Run Behavior\ReadHtmlCacheBehavior [ RunTime:0.000519s ]
INFO: [ app_begin ] --END-- [ RunTime:0.000566s ]
SQL: SHOW COLUMNS FROM `cfc_data` [ RunTime:0.001494s ]
SQL: SELECT * FROM `cfc_data`  [ RunTime:0.001102s ]
INFO: [ view_parse ] --START--
INFO: [ template_filter ] --START--
INFO: Run Behavior\ContentReplaceBehavior [ RunTime:0.000065s ]
INFO: [ template_filter ] --END-- [ RunTime:0.000114s ]
NOTIC: [8] Use of undefined constant Processing - assumed 'Processing' /data/home/qxu2309250088/htdocs/CFC/Application/Runtime/Cache/Home/2a94b8bda04ff446dcedd42276fc99ee.php Á¨¨ 173 Ë°å.
NOTIC: [8] Use of undefined constant Processing - assumed 'Processing' /data/home/qxu2309250088/htdocs/CFC/Application/Runtime/Cache/Home/2a94b8bda04ff446dcedd42276fc99ee.php Á¨¨ 173 Ë°å.
NOTIC: [8] Use of undefined constant Processing - assumed 'Processing' /data/home/qxu2309250088/htdocs/CFC/Application/Runtime/Cache/Home/2a94b8bda04ff446dcedd42276fc99ee.php Á¨¨ 173 Ë°å.
NOTIC: [8] Use of undefined constant Processing - assumed 'Processing' /data/home/qxu2309250088/htdocs/CFC/Application/Runtime/Cache/Home/2a94b8bda04ff446dcedd42276fc99ee.php Á¨¨ 173 Ë°å.
NOTIC: [8] Use of undefined constant Processing - assumed 'Processing' /data/home/qxu2309250088/htdocs/CFC/Application/Runtime/Cache/Home/2a94b8bda04ff446dcedd42276fc99ee.php Á¨¨ 173 Ë°å.
NOTIC: [8] Use of undefined constant Processing - assumed 'Processing' /data/home/qxu2309250088/htdocs/CFC/Application/Runtime/Cache/Home/2a94b8bda04ff446dcedd42276fc99ee.php Á¨¨ 173 Ë°å.
NOTIC: [8] Use of undefined constant Processing - assumed 'Processing' /data/home/qxu2309250088/htdocs/CFC/Application/Runtime/Cache/Home/2a94b8bda04ff446dcedd42276fc99ee.php Á¨¨ 173 Ë°å.
NOTIC: [8] Use of undefined constant Processing - assumed 'Processing' /data/home/qxu2309250088/htdocs/CFC/Application/Runtime/Cache/Home/2a94b8bda04ff446dcedd42276fc99ee.php Á¨¨ 173 Ë°å.
NOTIC: [8] Use of undefined constant Processing - assumed 'Processing' /data/home/qxu2309250088/htdocs/CFC/Application/Runtime/Cache/Home/2a94b8bda04ff446dcedd42276fc99ee.php Á¨¨ 173 Ë°å.
NOTIC: [8] Use of undefined constant Processing - assumed 'Processing' /data/home/qxu2309250088/htdocs/CFC/Application/Runtime/Cache/Home/2a94b8bda04ff446dcedd42276fc99ee.php Á¨¨ 173 Ë°å.
NOTIC: [8] Use of undefined constant Processing - assumed 'Processing' /data/home/qxu2309250088/htdocs/CFC/Application/Runtime/Cache/Home/2a94b8bda04ff446dcedd42276fc99ee.php Á¨¨ 173 Ë°å.
NOTIC: [8] Use of undefined constant Processing - assumed 'Processing' /data/home/qxu2309250088/htdocs/CFC/Application/Runtime/Cache/Home/2a94b8bda04ff446dcedd42276fc99ee.php Á¨¨ 173 Ë°å.
NOTIC: [8] Use of undefined constant Processing - assumed 'Processing' /data/home/qxu2309250088/htdocs/CFC/Application/Runtime/Cache/Home/2a94b8bda04ff446dcedd42276fc99ee.php Á¨¨ 173 Ë°å.
NOTIC: [8] Use of undefined constant Processing - assumed 'Processing' /data/home/qxu2309250088/htdocs/CFC/Application/Runtime/Cache/Home/2a94b8bda04ff446dcedd42276fc99ee.php Á¨¨ 173 Ë°å.
NOTIC: [8] Use of undefined constant Processing - assumed 'Processing' /data/home/qxu2309250088/htdocs/CFC/Application/Runtime/Cache/Home/2a94b8bda04ff446dcedd42276fc99ee.php Á¨¨ 173 Ë°å.
NOTIC: [8] Use of undefined constant Processing - assumed 'Processing' /data/home/qxu2309250088/htdocs/CFC/Application/Runtime/Cache/Home/2a94b8bda04ff446dcedd42276fc99ee.php Á¨¨ 173 Ë°å.
INFO: Run Behavior\ParseTemplateBehavior [ RunTime:0.010595s ]
INFO: [ view_parse ] --END-- [ RunTime:0.010642s ]
INFO: [ view_filter ] --START--
INFO: Run Behavior\WriteHtmlCacheBehavior [ RunTime:0.000267s ]
INFO: [ view_filter ] --END-- [ RunTime:0.000305s ]
INFO: [ app_end ] --START--
INFO: Run Behavior\ShowPageTraceBehavior [ RunTime:0.000524s ]
INFO: [ app_end ] --END-- [ RunTime:0.000596s ]

