[ 2017-11-18T14:03:18+08:00 ] 223.112.69.58 /CFC/
INFO: [ app_init ] --START--
INFO: Run Behavior\BuildLiteBehavior [ RunTime:0.000014s ]
INFO: [ app_init ] --END-- [ RunTime:0.000472s ]
INFO: [ app_begin ] --START--
INFO: Run Behavior\ReadHtmlCacheBehavior [ RunTime:0.000570s ]
INFO: [ app_begin ] --END-- [ RunTime:0.000620s ]

[ 2017-11-18T14:03:18+08:00 ] 223.112.69.58 /CFC/index.php/Home/Login/login.html
INFO: [ app_init ] --START--
INFO: Run Behavior\BuildLiteBehavior [ RunTime:0.000014s ]
INFO: [ app_init ] --END-- [ RunTime:0.000403s ]
INFO: [ app_begin ] --START--
INFO: Run Behavior\ReadHtmlCacheBehavior [ RunTime:0.000534s ]
INFO: [ app_begin ] --END-- [ RunTime:0.000585s ]
INFO: [ view_parse ] --START--
INFO: [ template_filter ] --START--
INFO: Run Behavior\ContentReplaceBehavior [ RunTime:0.000046s ]
INFO: [ template_filter ] --END-- [ RunTime:0.000122s ]
INFO: Run Behavior\ParseTemplateBehavior [ RunTime:0.007550s ]
INFO: [ view_parse ] --END-- [ RunTime:0.007615s ]
INFO: [ view_filter ] --START--
INFO: Run Behavior\WriteHtmlCacheBehavior [ RunTime:0.000278s ]
INFO: [ view_filter ] --END-- [ RunTime:0.000320s ]
INFO: [ app_end ] --START--
INFO: Run Behavior\ShowPageTraceBehavior [ RunTime:0.000623s ]
INFO: [ app_end ] --END-- [ RunTime:0.000674s ]

[ 2017-11-18T14:03:19+08:00 ] 223.112.69.58 /CFC/index.php/Home/Login/check_login
INFO: [ app_init ] --START--
INFO: Run Behavior\BuildLiteBehavior [ RunTime:0.000017s ]
INFO: [ app_init ] --END-- [ RunTime:0.000442s ]
INFO: [ app_begin ] --START--
INFO: Run Behavior\ReadHtmlCacheBehavior [ RunTime:0.000513s ]
INFO: [ app_begin ] --END-- [ RunTime:0.000568s ]
SQL: SHOW COLUMNS FROM `cfc_admin` [ RunTime:0.001271s ]
SQL: SELECT * FROM `cfc_admin` WHERE ( `username` = 'admin' ) AND ( `password` = 'admin' ) LIMIT 1   [ RunTime:0.000956s ]
INFO: [ view_parse ] --START--
INFO: [ template_filter ] --START--
INFO: Run Behavior\ContentReplaceBehavior [ RunTime:0.000031s ]
INFO: [ template_filter ] --END-- [ RunTime:0.000085s ]
INFO: Run Behavior\ParseTemplateBehavior [ RunTime:0.006174s ]
INFO: [ view_parse ] --END-- [ RunTime:0.006247s ]
INFO: [ view_filter ] --START--
INFO: Run Behavior\WriteHtmlCacheBehavior [ RunTime:0.000250s ]
INFO: [ view_filter ] --END-- [ RunTime:0.000286s ]
INFO: [ app_end ] --START--
INFO: Run Behavior\ShowPageTraceBehavior [ RunTime:0.000583s ]
INFO: [ app_end ] --END-- [ RunTime:0.000633s ]

[ 2017-11-18T14:03:21+08:00 ] 223.112.69.58 /CFC/index.php/Home/Index/index.html
INFO: [ app_init ] --START--
INFO: Run Behavior\BuildLiteBehavior [ RunTime:0.000013s ]
INFO: [ app_init ] --END-- [ RunTime:0.000414s ]
INFO: [ app_begin ] --START--
INFO: Run Behavior\ReadHtmlCacheBehavior [ RunTime:0.000529s ]
INFO: [ app_begin ] --END-- [ RunTime:0.000585s ]
SQL: SHOW COLUMNS FROM `cfc_data` [ RunTime:0.001595s ]
SQL: SELECT * FROM `cfc_data`  [ RunTime:0.001474s ]
INFO: [ view_parse ] --START--
INFO: [ template_filter ] --START--
INFO: Run Behavior\ContentReplaceBehavior [ RunTime:0.000061s ]
INFO: [ template_filter ] --END-- [ RunTime:0.000109s ]
NOTIC: [8] Use of undefined constant Processing - assumed 'Processing' /data/home/qxu2309250088/htdocs/CFC/Application/Runtime/Cache/Home/2a94b8bda04ff446dcedd42276fc99ee.php 第 173 行.
NOTIC: [8] Use of undefined constant Processing - assumed 'Processing' /data/home/qxu2309250088/htdocs/CFC/Application/Runtime/Cache/Home/2a94b8bda04ff446dcedd42276fc99ee.php 第 173 行.
NOTIC: [8] Use of undefined constant Processing - assumed 'Processing' /data/home/qxu2309250088/htdocs/CFC/Application/Runtime/Cache/Home/2a94b8bda04ff446dcedd42276fc99ee.php 第 173 行.
NOTIC: [8] Use of undefined constant Processing - assumed 'Processing' /data/home/qxu2309250088/htdocs/CFC/Application/Runtime/Cache/Home/2a94b8bda04ff446dcedd42276fc99ee.php 第 173 行.
NOTIC: [8] Use of undefined constant Processing - assumed 'Processing' /data/home/qxu2309250088/htdocs/CFC/Application/Runtime/Cache/Home/2a94b8bda04ff446dcedd42276fc99ee.php 第 173 行.
NOTIC: [8] Use of undefined constant Processing - assumed 'Processing' /data/home/qxu2309250088/htdocs/CFC/Application/Runtime/Cache/Home/2a94b8bda04ff446dcedd42276fc99ee.php 第 173 行.
NOTIC: [8] Use of undefined constant Processing - assumed 'Processing' /data/home/qxu2309250088/htdocs/CFC/Application/Runtime/Cache/Home/2a94b8bda04ff446dcedd42276fc99ee.php 第 173 行.
NOTIC: [8] Use of undefined constant Processing - assumed 'Processing' /data/home/qxu2309250088/htdocs/CFC/Application/Runtime/Cache/Home/2a94b8bda04ff446dcedd42276fc99ee.php 第 173 行.
NOTIC: [8] Use of undefined constant Processing - assumed 'Processing' /data/home/qxu2309250088/htdocs/CFC/Application/Runtime/Cache/Home/2a94b8bda04ff446dcedd42276fc99ee.php 第 173 行.
NOTIC: [8] Use of undefined constant Processing - assumed 'Processing' /data/home/qxu2309250088/htdocs/CFC/Application/Runtime/Cache/Home/2a94b8bda04ff446dcedd42276fc99ee.php 第 173 行.
NOTIC: [8] Use of undefined constant Processing - assumed 'Processing' /data/home/qxu2309250088/htdocs/CFC/Application/Runtime/Cache/Home/2a94b8bda04ff446dcedd42276fc99ee.php 第 173 行.
NOTIC: [8] Use of undefined constant Processing - assumed 'Processing' /data/home/qxu2309250088/htdocs/CFC/Application/Runtime/Cache/Home/2a94b8bda04ff446dcedd42276fc99ee.php 第 173 行.
INFO: Run Behavior\ParseTemplateBehavior [ RunTime:0.010644s ]
INFO: [ view_parse ] --END-- [ RunTime:0.010691s ]
INFO: [ view_filter ] --START--
INFO: Run Behavior\WriteHtmlCacheBehavior [ RunTime:0.000245s ]
INFO: [ view_filter ] --END-- [ RunTime:0.000283s ]
INFO: [ app_end ] --START--
INFO: Run Behavior\ShowPageTraceBehavior [ RunTime:0.000551s ]
INFO: [ app_end ] --END-- [ RunTime:0.000603s ]

[ 2017-11-18T14:03:24+08:00 ] 223.112.69.58 /CFC/index.php/Home/Index/index.html
INFO: [ app_init ] --START--
INFO: Run Behavior\BuildLiteBehavior [ RunTime:0.000014s ]
INFO: [ app_init ] --END-- [ RunTime:0.000451s ]
INFO: [ app_begin ] --START--
INFO: Run Behavior\ReadHtmlCacheBehavior [ RunTime:0.000537s ]
INFO: [ app_begin ] --END-- [ RunTime:0.000587s ]
SQL: SHOW COLUMNS FROM `cfc_data` [ RunTime:0.001526s ]
SQL: SELECT * FROM `cfc_data`  [ RunTime:0.001079s ]
INFO: [ view_parse ] --START--
INFO: [ template_filter ] --START--
INFO: Run Behavior\ContentReplaceBehavior [ RunTime:0.000068s ]
INFO: [ template_filter ] --END-- [ RunTime:0.000121s ]
NOTIC: [8] Use of undefined constant Processing - assumed 'Processing' /data/home/qxu2309250088/htdocs/CFC/Application/Runtime/Cache/Home/2a94b8bda04ff446dcedd42276fc99ee.php 第 173 行.
NOTIC: [8] Use of undefined constant Processing - assumed 'Processing' /data/home/qxu2309250088/htdocs/CFC/Application/Runtime/Cache/Home/2a94b8bda04ff446dcedd42276fc99ee.php 第 173 行.
NOTIC: [8] Use of undefined constant Processing - assumed 'Processing' /data/home/qxu2309250088/htdocs/CFC/Application/Runtime/Cache/Home/2a94b8bda04ff446dcedd42276fc99ee.php 第 173 行.
NOTIC: [8] Use of undefined constant Processing - assumed 'Processing' /data/home/qxu2309250088/htdocs/CFC/Application/Runtime/Cache/Home/2a94b8bda04ff446dcedd42276fc99ee.php 第 173 行.
NOTIC: [8] Use of undefined constant Processing - assumed 'Processing' /data/home/qxu2309250088/htdocs/CFC/Application/Runtime/Cache/Home/2a94b8bda04ff446dcedd42276fc99ee.php 第 173 行.
NOTIC: [8] Use of undefined constant Processing - assumed 'Processing' /data/home/qxu2309250088/htdocs/CFC/Application/Runtime/Cache/Home/2a94b8bda04ff446dcedd42276fc99ee.php 第 173 行.
NOTIC: [8] Use of undefined constant Processing - assumed 'Processing' /data/home/qxu2309250088/htdocs/CFC/Application/Runtime/Cache/Home/2a94b8bda04ff446dcedd42276fc99ee.php 第 173 行.
NOTIC: [8] Use of undefined constant Processing - assumed 'Processing' /data/home/qxu2309250088/htdocs/CFC/Application/Runtime/Cache/Home/2a94b8bda04ff446dcedd42276fc99ee.php 第 173 行.
NOTIC: [8] Use of undefined constant Processing - assumed 'Processing' /data/home/qxu2309250088/htdocs/CFC/Application/Runtime/Cache/Home/2a94b8bda04ff446dcedd42276fc99ee.php 第 173 行.
NOTIC: [8] Use of undefined constant Processing - assumed 'Processing' /data/home/qxu2309250088/htdocs/CFC/Application/Runtime/Cache/Home/2a94b8bda04ff446dcedd42276fc99ee.php 第 173 行.
NOTIC: [8] Use of undefined constant Processing - assumed 'Processing' /data/home/qxu2309250088/htdocs/CFC/Application/Runtime/Cache/Home/2a94b8bda04ff446dcedd42276fc99ee.php 第 173 行.
NOTIC: [8] Use of undefined constant Processing - assumed 'Processing' /data/home/qxu2309250088/htdocs/CFC/Application/Runtime/Cache/Home/2a94b8bda04ff446dcedd42276fc99ee.php 第 173 行.
INFO: Run Behavior\ParseTemplateBehavior [ RunTime:0.010587s ]
INFO: [ view_parse ] --END-- [ RunTime:0.010671s ]
INFO: [ view_filter ] --START--
INFO: Run Behavior\WriteHtmlCacheBehavior [ RunTime:0.000243s ]
INFO: [ view_filter ] --END-- [ RunTime:0.000281s ]
INFO: [ app_end ] --START--
INFO: Run Behavior\ShowPageTraceBehavior [ RunTime:0.000533s ]
INFO: [ app_end ] --END-- [ RunTime:0.000586s ]

